-------------------------------------------------------------------------------
Test set: br.com.realize.tests.fase01.API_ComunsInternas.BackofficeOutages.tests.PostBackoffideOutagesTest
-------------------------------------------------------------------------------
Tests run: 6, Failures: 2, Errors: 0, Skipped: 0, Time elapsed: 0.217 s <<< FAILURE! - in br.com.realize.tests.fase01.API_ComunsInternas.BackofficeOutages.tests.PostBackoffideOutagesTest
testIncluirIndisponibilidadeDataInferiorAtual(br.com.realize.tests.fase01.API_ComunsInternas.BackofficeOutages.tests.PostBackoffideOutagesTest)  Time elapsed: 0.07 s  <<< FAILURE!
java.lang.AssertionError: 
1 expectation failed.
Expected status code <400> but was <200>.

	at br.com.realize.tests.fase01.API_ComunsInternas.BackofficeOutages.tests.PostBackoffideOutagesTest.testIncluirIndisponibilidadeDataInferiorAtual(PostBackoffideOutagesTest.java:50)

testIncluirIndisponibilidadeCampoObrigatorioNaoPreenchido(br.com.realize.tests.fase01.API_ComunsInternas.BackofficeOutages.tests.PostBackoffideOutagesTest)  Time elapsed: 0.073 s  <<< FAILURE!
java.lang.AssertionError: 
1 expectation failed.
Expected status code <400> but was <200>.

	at br.com.realize.tests.fase01.API_ComunsInternas.BackofficeOutages.tests.PostBackoffideOutagesTest.testIncluirIndisponibilidadeCampoObrigatorioNaoPreenchido(PostBackoffideOutagesTest.java:70)

