-------------------------------------------------------------------------------
Test set: br.com.realize.tests.fase01.CanaisAtendimento.CorrespondentesBancarios.tests.GetCorrespondentesBancariosTest
-------------------------------------------------------------------------------
Tests run: 14, Failures: 1, Errors: 0, Skipped: 0, Time elapsed: 10.967 s <<< FAILURE! - in br.com.realize.tests.fase01.CanaisAtendimento.CorrespondentesBancarios.tests.GetCorrespondentesBancariosTest
testGarantirContratosCorrespondentesBancarios(br.com.realize.tests.fase01.CanaisAtendimento.CorrespondentesBancarios.tests.GetCorrespondentesBancariosTest)  Time elapsed: 6.271 s  <<< FAILURE!
java.lang.AssertionError: 
1 expectation failed.
Response body doesn't match expectation.
Expected: The content to match the given JSON schema.
error: object has missing required properties (["brand"])
    level: "error"
    schema: {"loadingURI":"#","pointer":"/properties/data"}
    instance: {"pointer":"/data"}
    domain: "validation"
    keyword: "required"
    required: ["brand"]
    missing: ["brand"]

  Actual: {"data":{"name":"REALIZE CFI S.A.","companies":[{"name":"REALIZE CRÉDITO, FINANCIAMENTO E INVESTIMENTO S.A.","cnpjNumber":"27351731","contractors":[{"name":"REALIZE CRÉDITO, FINANCIAMENTO E INVESTIMENTO S.A.","cnpjNumber":"27351731000138","bankingAgents":[{"identification":{"corporationName":"LOJAS RENNER S.A.-LOJA NATAL SHOPPING","groupName":"LOJAS RENNER S.A.","cnpjNumber":"92754738025904","isUnderestablishment":false},"locations":[{"postalAddress":{"address":"AVENIDA SENADOR SALGADO FILHO, 2234, (ESPAÇO COMERCIAL Nº 368)","districtName":"NATAL SHOPPING","townName":"NATAL","countrySubDivision":"RN","postCode":"59064900","country":"Brasil","countryCode":"BRA"},"phones":[{"type":"FIXO","countryCallingCode":"55","areaCode":"85","number":"33043847"}],"availability":{"standards":[{"weekday":"DOMINGO"},{"weekday":"SEGUNDA_FEIRA"},{"weekday":"TERCA_FEIRA"},{"weekday":"QUARTA_FEIRA"},{"weekday":"QUINTA_FEIRA"},{"weekday":"SEXTA_FEIRA"},{"weekday":"SABADO"}],"exception":"Exceto em datas festivas de Ano Novo, Dia das Mães, Dia dos Pais e Natal"}}],"services":[{"name":"RECEBIMENTOS_PAGAMENTOS_QUALQUER_NATUREZA_OUTRAS_ATIVIDADES_DECORRENTES_EXECUCAO_CONTRATOS_CONVENIOS_PRESTACAO_SERVICOS","code":"RECEBIMENTOS_PAGAMENTOS_QUALQUER_NATUREZA_EXECUCAO_CONTRATOS_CONVENIO"},{"name":"EXECUCAO_ATIVA_PASSIVA_ORDENS_PAGAMENTO_CURSADAS_INTERMEDIO_INSTITUICAO_CONTRATANTE_SOLICITACAO_CLIENTES_USUARIOS","code":"EXECUCAO_ATIVA_PASSIVA_ORDENS_PAGAMENTO"},{"name":"RECEPCAO_ENCAMINHAMENTO_PROPOSTAS_FORNECIMENTO_CARTAO_CREDITO_RESPONSABILIDADE_INSTITUICAO_CONTRATANTE","code":"RECEBE_ENCAMINHA_PROPOSTAS_FORNECIMENTO_CARTAO_CREDITO"},{"name":"RECEPCAO_ENCAMINHAMENTO_PROPOSTAS_OPERACAO_CREDITO_ARRENDAMENTO_MERCANTIL_CONCESSAO_INSTITUICAO_CONTRATANTE","code":"RECEBE_ENCAMINHA_PROPOSTAS_CREDITO_ARRENDAMENTO_MERCANTIL"}]},{"identification":{"corporationName":"LOJAS RENNER S.A.-LOJA SHOPPING MONTSERRAT","groupName":"LOJAS RENNER S.A.","cnpjNumber":"92754738027605","isUnderestablishment":false},"locations":[{"postalAddress":{"address":"AVENIDA ELDES SCHERRER SOUZA, Nº 2162, (SUC Nº 103M – PISO L-1)","districtName":"PLANALTO DE CARAPINA","townName":"SERRA","countrySubDivision":"ES","postCode":"29162741","country":"Brasil","countryCode":"BRA"},"phones":[{"type":"FIXO","countryCallingCode":"55","areaCode":"85","number":"33043848"}],"availability":{"standards":[{"weekday":"DOMINGO"},{"weekday":"SEGUNDA_FEIRA"},{"weekday":"TERCA_FEIRA"},{"weekday":"QUARTA_FEIRA"},{"weekday":"QUINTA_FEIRA"},{"weekday":"SEXTA_FEIRA"},{"weekday":"SABADO"}],"exception":"Exceto em datas festivas de Ano Novo, Dia das Mães, Dia dos Pais e Natal"}}],"services":[{"name":"RECEBIMENTOS_PAGAMENTOS_QUALQUER_NATUREZA_OUTRAS_ATIVIDADES_DECORRENTES_EXECUCAO_CONTRATOS_CONVENIOS_PRESTACAO_SERVICOS","code":"RECEBIMENTOS_PAGAMENTOS_QUALQUER_NATUREZA_EXECUCAO_CONTRATOS_CONVENIO"},{"name":"EXECUCAO_ATIVA_PASSIVA_ORDENS_PAGAMENTO_CURSADAS_INTERMEDIO_INSTITUICAO_CONTRATANTE_SOLICITACAO_CLIENTES_USUARIOS","code":"EXECUCAO_ATIVA_PASSIVA_ORDENS_PAGAMENTO"},{"name":"RECEPCAO_ENCAMINHAMENTO_PROPOSTAS_FORNECIMENTO_CARTAO_CREDITO_RESPONSABILIDADE_INSTITUICAO_CONTRATANTE","code":"RECEBE_ENCAMINHA_PROPOSTAS_FORNECIMENTO_CARTAO_CREDITO"},{"name":"RECEPCAO_ENCAMINHAMENTO_PROPOSTAS_OPERACAO_CREDITO_ARRENDAMENTO_MERCANTIL_CONCESSAO_INSTITUICAO_CONTRATANTE","code":"RECEBE_ENCAMINHA_PROPOSTAS_CREDITO_ARRENDAMENTO_MERCANTIL"}]},{"identification":{"corporationName":"LOJAS RENNER S.A.-LOJA SHOPPING VALE DO AÇO","groupName":"LOJAS RENNER S.A.","cnpjNumber":"92754738030070","isUnderestablishment":false},"locations":[{"postalAddress":{"address":"AVENIDA PEDRO LINHARES GOMES, Nº 3900, (LOJA Nº 153 NO 1º PISO E Nº 262 NO 2º PISO)","districtName":"INDUSTRIAL","townName":"IPATINGA","countrySubDivision":"MG","postCode":"35160290","country":"Brasil","countryCode":"BRA"},"phones":[{"type":"FIXO","countryCallingCode":"55","areaCode":"85","number":"33043849"}],"availability":{"standards":[{"weekday":"DOMINGO"},{"weekday":"SEGUNDA_FEIRA"},{"weekday":"TERCA_FEIRA"},{"weekday":"QUARTA_FEIRA"},{"weekday":"QUINTA_FEIRA"},{"weekday":"SEXTA_FEIRA"},{"weekday":"SABADO"}],"exception":"Exceto em datas festivas de Ano Novo, Dia das Mães, Dia dos Pais e Natal"}}],"services":[{"name":"RECEBIMENTOS_PAGAMENTOS_QUALQUER_NATUREZA_OUTRAS_ATIVIDADES_DECORRENTES_EXECUCAO_CONTRATOS_CONVENIOS_PRESTACAO_SERVICOS","code":"RECEBIMENTOS_PAGAMENTOS_QUALQUER_NATUREZA_EXECUCAO_CONTRATOS_CONVENIO"},{"name":"EXECUCAO_ATIVA_PASSIVA_ORDENS_PAGAMENTO_CURSADAS_INTERMEDIO_INSTITUICAO_CONTRATANTE_SOLICITACAO_CLIENTES_USUARIOS","code":"EXECUCAO_ATIVA_PASSIVA_ORDENS_PAGAMENTO"},{"name":"RECEPCAO_ENCAMINHAMENTO_PROPOSTAS_FORNECIMENTO_CARTAO_CREDITO_RESPONSABILIDADE_INSTITUICAO_CONTRATANTE","code":"RECEBE_ENCAMINHA_PROPOSTAS_FORNECIMENTO_CARTAO_CREDITO"},{"name":"RECEPCAO_ENCAMINHAMENTO_PROPOSTAS_OPERACAO_CREDITO_ARRENDAMENTO_MERCANTIL_CONCESSAO_INSTITUICAO_CONTRATANTE","code":"RECEBE_ENCAMINHA_PROPOSTAS_CREDITO_ARRENDAMENTO_MERCANTIL"}]},{"identification":{"corporationName":"LOJAS RENNER S.A.-LOJA SHOPPING PRAÇA NOVA ARAÇATUBA","groupName":"LOJAS RENNER S.A.","cnpjNumber":"92754738027796","isUnderestablishment":false},"locations":[{"postalAddress":{"address":"AVENIDA GOVERNADOR MARIO COVAS, Nº 6001, (EUC Nº51 - PISO TÉRREO)","districtName":"SHOPPING PRAÇA NOVA ARAÇATUBA","townName":"ARACATUBA","countrySubDivision":"SP","postCode":"16071245","country":"Brasil","countryCode":"BRA"},"phones":[{"type":"FIXO","countryCallingCode":"55","areaCode":"85","number":"33043850"}],"availability":{"standards":[{"weekday":"DOMINGO"},{"weekday":"SEGUNDA_FEIRA"},{"weekday":"TERCA_FEIRA"},{"weekday":"QUARTA_FEIRA"},{"weekday":"QUINTA_FEIRA"},{"weekday":"SEXTA_FEIRA"},{"weekday":"SABADO"}],"exception":"Exceto em datas festivas de Ano Novo, Dia das Mães, Dia dos Pais e Natal"}}],"services":[{"name":"RECEBIMENTOS_PAGAMENTOS_QUALQUER_NATUREZA_OUTRAS_ATIVIDADES_DECORRENTES_EXECUCAO_CONTRATOS_CONVENIOS_PRESTACAO_SERVICOS","code":"RECEBIMENTOS_PAGAMENTOS_QUALQUER_NATUREZA_EXECUCAO_CONTRATOS_CONVENIO"},{"name":"EXECUCAO_ATIVA_PASSIVA_ORDENS_PAGAMENTO_CURSADAS_INTERMEDIO_INSTITUICAO_CONTRATANTE_SOLICITACAO_CLIENTES_USUARIOS","code":"EXECUCAO_ATIVA_PASSIVA_ORDENS_PAGAMENTO"},{"name":"RECEPCAO_ENCAMINHAMENTO_PROPOSTAS_FORNECIMENTO_CARTAO_CREDITO_RESPONSABILIDADE_INSTITUICAO_CONTRATANTE","code":"RECEBE_ENCAMINHA_PROPOSTAS_FORNECIMENTO_CARTAO_CREDITO"},{"name":"RECEPCAO_ENCAMINHAMENTO_PROPOSTAS_OPERACAO_CREDITO_ARRENDAMENTO_MERCANTIL_CONCESSAO_INSTITUICAO_CONTRATANTE","code":"RECEBE_ENCAMINHA_PROPOSTAS_CREDITO_ARRENDAMENTO_MERCANTIL"}]},{"identification":{"corporationName":"LOJAS RENNER S.A.-LOJA BURITÍ SHOPPING RIO VERDE","groupName":"LOJAS RENNER S.A.","cnpjNumber":"92754738029306","isUnderestablishment":false},"locations":[{"postalAddress":{"address":"RUA O, S/N, QUADRA 14, LOTE 6, LUC'S Nº 156/157/158/159","districtName":"SETOR JARDIM CAMPESTRE","townName":"RIO VERDE","countrySubDivision":"GO","postCode":"75907681","country":"Brasil","countryCode":"BRA"},"phones":[{"type":"FIXO","countryCallingCode":"55","areaCode":"85","number":"33043851"}],"availability":{"standards":[{"weekday":"DOMINGO"},{"weekday":"SEGUNDA_FEIRA"},{"weekday":"TERCA_FEIRA"},{"weekday":"QUARTA_FEIRA"},{"weekday":"QUINTA_FEIRA"},{"weekday":"SEXTA_FEIRA"},{"weekday":"SABADO"}],"exception":"Exceto em datas festivas de Ano Novo, Dia das Mães, Dia dos Pais e Natal"}}],"services":[{"name":"RECEBIMENTOS_PAGAMENTOS_QUALQUER_NATUREZA_OUTRAS_ATIVIDADES_DECORRENTES_EXECUCAO_CONTRATOS_CONVENIOS_PRESTACAO_SERVICOS","code":"RECEBIMENTOS_PAGAMENTOS_QUALQUER_NATUREZA_EXECUCAO_CONTRATOS_CONVENIO"},{"name":"EXECUCAO_ATIVA_PASSIVA_ORDENS_PAGAMENTO_CURSADAS_INTERMEDIO_INSTITUICAO_CONTRATANTE_SOLICITACAO_CLIENTES_USUARIOS","code":"EXECUCAO_ATIVA_PASSIVA_ORDENS_PAGAMENTO"},{"name":"RECEPCAO_ENCAMINHAMENTO_PROPOSTAS_FORNECIMENTO_CARTAO_CREDITO_RESPONSABILIDADE_INSTITUICAO_CONTRATANTE","code":"RECEBE_ENCAMINHA_PROPOSTAS_FORNECIMENTO_CARTAO_CREDITO"},{"name":"RECEPCAO_ENCAMINHAMENTO_PROPOSTAS_OPERACAO_CREDITO_ARRENDAMENTO_MERCANTIL_CONCESSAO_INSTITUICAO_CONTRATANTE","code":"RECEBE_ENCAMINHA_PROPOSTAS_CREDITO_ARRENDAMENTO_MERCANTIL"}]},{"identification":{"corporationName":"LOJAS RENNER S.A.-LOJA SÃO LUÍS SHOPPING","groupName":"LOJAS RENNER S.A.","cnpjNumber":"92754738028920","isUnderestablishment":false},"locations":[{"postalAddress":{"address":"AVENIDA PROFESSOR CARLOS CUNHA, Nº 1.000 (LUC 301 ÂNCORA - 1 - PISO L1)","districtName":"JARACATY","townName":"SAO LUIS","countrySubDivision":"MA","postCode":"65076820","country":"Brasil","countryCode":"BRA"},"phones":[{"type":"FIXO","countryCallingCode":"55","areaCode":"85","number":"33043852"}],"availability":{"standards":[{"weekday":"DOMINGO"},{"weekday":"SEGUNDA_FEIRA"},{"weekday":"TERCA_FEIRA"},{"weekday":"QUARTA_FEIRA"},{"weekday":"QUINTA_FEIRA"},{"weekday":"SEXTA_FEIRA"},{"weekday":"SABADO"}],"exception":"Exceto em datas festivas de Ano Novo, Dia das Mães, Dia dos Pais e Natal"}}],"services":[{"name":"RECEBIMENTOS_PAGAMENTOS_QUALQUER_NATUREZA_OUTRAS_ATIVIDADES_DECORRENTES_EXECUCAO_CONTRATOS_CONVENIOS_PRESTACAO_SERVICOS","code":"RECEBIMENTOS_PAGAMENTOS_QUALQUER_NATUREZA_EXECUCAO_CONTRATOS_CONVENIO"},{"name":"EXECUCAO_ATIVA_PASSIVA_ORDENS_PAGAMENTO_CURSADAS_INTERMEDIO_INSTITUICAO_CONTRATANTE_SOLICITACAO_CLIENTES_USUARIOS","code":"EXECUCAO_ATIVA_PASSIVA_ORDENS_PAGAMENTO"},{"name":"RECEPCAO_ENCAMINHAMENTO_PROPOSTAS_FORNECIMENTO_CARTAO_CREDITO_RESPONSABILIDADE_INSTITUICAO_CONTRATANTE","code":"RECEBE_ENCAMINHA_PROPOSTAS_FORNECIMENTO_CARTAO_CREDITO"},{"name":"RECEPCAO_ENCAMINHAMENTO_PROPOSTAS_OPERACAO_CREDITO_ARRENDAMENTO_MERCANTIL_CONCESSAO_INSTITUICAO_CONTRATANTE","code":"RECEBE_ENCAMINHA_PROPOSTAS_CREDITO_ARRENDAMENTO_MERCANTIL"}]},{"identification":{"corporationName":"LOJAS RENNER S.A.-LOJA MOXUARA SHOPPING","groupName":"LOJAS RENNER S.A.","cnpjNumber":"92754738025661","isUnderestablishment":false},"locations":[{"postalAddress":{"address":"AVENIDA MARIO GURGEL, N° 5353, LOJA 307JKLMQ, PISO L3","districtName":"SÃO FRANCISCO","townName":"CARIACICA","countrySubDivision":"ES","postCode":"29145910","country":"Brasil","countryCode":"BRA"},"phones":[{"type":"FIXO","countryCallingCode":"55","areaCode":"85","number":"33043853"}],"availability":{"standards":[{"weekday":"DOMINGO"},{"weekday":"SEGUNDA_FEIRA"},{"weekday":"TERCA_FEIRA"},{"weekday":"QUARTA_FEIRA"},{"weekday":"QUINTA_FEIRA"},{"weekday":"SEXTA_FEIRA"},{"weekday":"SABADO"}],"exception":"Exceto em datas festivas de Ano Novo, Dia das Mães, Dia dos Pais e Natal"}}],"services":[{"name":"RECEBIMENTOS_PAGAMENTOS_QUALQUER_NATUREZA_OUTRAS_ATIVIDADES_DECORRENTES_EXECUCAO_CONTRATOS_CONVENIOS_PRESTACAO_SERVICOS","code":"RECEBIMENTOS_PAGAMENTOS_QUALQUER_NATUREZA_EXECUCAO_CONTRATOS_CONVENIO"},{"name":"EXECUCAO_ATIVA_PASSIVA_ORDENS_PAGAMENTO_CURSADAS_INTERMEDIO_INSTITUICAO_CONTRATANTE_SOLICITACAO_CLIENTES_USUARIOS","code":"EXECUCAO_ATIVA_PASSIVA_ORDENS_PAGAMENTO"},{"name":"RECEPCAO_ENCAMINHAMENTO_PROPOSTAS_FORNECIMENTO_CARTAO_CREDITO_RESPONSABILIDADE_INSTITUICAO_CONTRATANTE","code":"RECEBE_ENCAMINHA_PROPOSTAS_FORNECIMENTO_CARTAO_CREDITO"},{"name":"RECEPCAO_ENCAMINHAMENTO_PROPOSTAS_OPERACAO_CREDITO_ARRENDAMENTO_MERCANTIL_CONCESSAO_INSTITUICAO_CONTRATANTE","code":"RECEBE_ENCAMINHA_PROPOSTAS_CREDITO_ARRENDAMENTO_MERCANTIL"}]},{"identification":{"corporationName":"LOJAS RENNER S.A.-LOJA MOSSORÓ WEST SHOPPING","groupName":"LOJAS RENNER S.A.","cnpjNumber":"92754738028504","isUnderestablishment":false},"locations":[{"postalAddress":{"address":"AVENIDA JOÃO DA ESCOSSIA, Nº 1515 (EUC N° 001C – ÂNCORA 02 – PISO TÉRREO)","districtName":"NOVA BETÂNIA","townName":"MOSSORO","countrySubDivision":"RN","postCode":"59607330","country":"Brasil","countryCode":"BRA"},"phones":[{"type":"FIXO","countryCallingCode":"55","areaCode":"85","number":"33043854"}],"availability":{"standards":[{"weekday":"DOMINGO"},{"weekday":"SEGUNDA_FEIRA"},{"weekday":"TERCA_FEIRA"},{"weekday":"QUARTA_FEIRA"},{"weekday":"QUINTA_FEIRA"},{"weekday":"SEXTA_FEIRA"},{"weekday":"SABADO"}],"exception":"Exceto em datas festivas de Ano Novo, Dia das Mães, Dia dos Pais e Natal"}}],"services":[{"name":"RECEBIMENTOS_PAGAMENTOS_QUALQUER_NATUREZA_OUTRAS_ATIVIDADES_DECORRENTES_EXECUCAO_CONTRATOS_CONVENIOS_PRESTACAO_SERVICOS","code":"RECEBIMENTOS_PAGAMENTOS_QUALQUER_NATUREZA_EXECUCAO_CONTRATOS_CONVENIO"},{"name":"EXECUCAO_ATIVA_PASSIVA_ORDENS_PAGAMENTO_CURSADAS_INTERMEDIO_INSTITUICAO_CONTRATANTE_SOLICITACAO_CLIENTES_USUARIOS","code":"EXECUCAO_ATIVA_PASSIVA_ORDENS_PAGAMENTO"},{"name":"RECEPCAO_ENCAMINHAMENTO_PROPOSTAS_FORNECIMENTO_CARTAO_CREDITO_RESPONSABILIDADE_INSTITUICAO_CONTRATANTE","code":"RECEBE_ENCAMINHA_PROPOSTAS_FORNECIMENTO_CARTAO_CREDITO"},{"name":"RECEPCAO_ENCAMINHAMENTO_PROPOSTAS_OPERACAO_CREDITO_ARRENDAMENTO_MERCANTIL_CONCESSAO_INSTITUICAO_CONTRATANTE","code":"RECEBE_ENCAMINHA_PROPOSTAS_CREDITO_ARRENDAMENTO_MERCANTIL"}]},{"identification":{"corporationName":"LOJAS RENNER S.A.-LOJA SHOPPING VILA VELHA","groupName":"LOJAS RENNER S.A.","cnpjNumber":"92754738029497","isUnderestablishment":false},"locations":[{"postalAddress":{"address":"RUA LUCIANO DAS NEVES, Nº 2418 (LUC 1001 - PISO L1)","districtName":"DIVINO ESPÍRITO SANTO","townName":"VILA VELHA","countrySubDivision":"ES","postCode":"29107900","country":"Brasil","countryCode":"BRA"},"phones":[{"type":"FIXO","countryCallingCode":"55","areaCode":"85","number":"33043855"}],"availability":{"standards":[{"weekday":"DOMINGO"},{"weekday":"SEGUNDA_FEIRA"},{"weekday":"TERCA_FEIRA"},{"weekday":"QUARTA_FEIRA"},{"weekday":"QUINTA_FEIRA"},{"weekday":"SEXTA_FEIRA"},{"weekday":"SABADO"}],"exception":"Exceto em datas festivas de Ano Novo, Dia das Mães, Dia dos Pais e Natal"}}],"services":[{"name":"RECEBIMENTOS_PAGAMENTOS_QUALQUER_NATUREZA_OUTRAS_ATIVIDADES_DECORRENTES_EXECUCAO_CONTRATOS_CONVENIOS_PRESTACAO_SERVICOS","code":"RECEBIMENTOS_PAGAMENTOS_QUALQUER_NATUREZA_EXECUCAO_CONTRATOS_CONVENIO"},{"name":"EXECUCAO_ATIVA_PASSIVA_ORDENS_PAGAMENTO_CURSADAS_INTERMEDIO_INSTITUICAO_CONTRATANTE_SOLICITACAO_CLIENTES_USUARIOS","code":"EXECUCAO_ATIVA_PASSIVA_ORDENS_PAGAMENTO"},{"name":"RECEPCAO_ENCAMINHAMENTO_PROPOSTAS_FORNECIMENTO_CARTAO_CREDITO_RESPONSABILIDADE_INSTITUICAO_CONTRATANTE","code":"RECEBE_ENCAMINHA_PROPOSTAS_FORNECIMENTO_CARTAO_CREDITO"},{"name":"RECEPCAO_ENCAMINHAMENTO_PROPOSTAS_OPERACAO_CREDITO_ARRENDAMENTO_MERCANTIL_CONCESSAO_INSTITUICAO_CONTRATANTE","code":"RECEBE_ENCAMINHA_PROPOSTAS_CREDITO_ARRENDAMENTO_MERCANTIL"}]},{"identification":{"corporationName":"LOJAS RENNER S.A.-LOJA PARQUE SHOPPING MAIA","groupName":"LOJAS RENNER S.A.","cnpjNumber":"92754738028334","isUnderestablishment":false},"locations":[{"postalAddress":{"address":"BARTHOLOMEU DE CARLOS, 0, (LUC 2033), SÍTIO TABATINGA","districtName":"JARDIM FLOR DA MONTANHA","townName":"GUARULHOS","countrySubDivision":"SP","postCode":"07097420","country":"Brasil","countryCode":"BRA"},"phones":[{"type":"FIXO","countryCallingCode":"55","areaCode":"85","number":"33043856"}],"availability":{"standards":[{"weekday":"DOMINGO"},{"weekday":"SEGUNDA_FEIRA"},{"weekday":"TERCA_FEIRA"},{"weekday":"QUARTA_FEIRA"},{"weekday":"QUINTA_FEIRA"},{"weekday":"SEXTA_FEIRA"},{"weekday":"SABADO"}],"exception":"Exceto em datas festivas de Ano Novo, Dia das Mães, Dia dos Pais e Natal"}}],"services":[{"name":"RECEBIMENTOS_PAGAMENTOS_QUALQUER_NATUREZA_OUTRAS_ATIVIDADES_DECORRENTES_EXECUCAO_CONTRATOS_CONVENIOS_PRESTACAO_SERVICOS","code":"RECEBIMENTOS_PAGAMENTOS_QUALQUER_NATUREZA_EXECUCAO_CONTRATOS_CONVENIO"},{"name":"EXECUCAO_ATIVA_PASSIVA_ORDENS_PAGAMENTO_CURSADAS_INTERMEDIO_INSTITUICAO_CONTRATANTE_SOLICITACAO_CLIENTES_USUARIOS","code":"EXECUCAO_ATIVA_PASSIVA_ORDENS_PAGAMENTO"},{"name":"RECEPCAO_ENCAMINHAMENTO_PROPOSTAS_FORNECIMENTO_CARTAO_CREDITO_RESPONSABILIDADE_INSTITUICAO_CONTRATANTE","code":"RECEBE_ENCAMINHA_PROPOSTAS_FORNECIMENTO_CARTAO_CREDITO"},{"name":"RECEPCAO_ENCAMINHAMENTO_PROPOSTAS_OPERACAO_CREDITO_ARRENDAMENTO_MERCANTIL_CONCESSAO_INSTITUICAO_CONTRATANTE","code":"RECEBE_ENCAMINHA_PROPOSTAS_CREDITO_ARRENDAMENTO_MERCANTIL"}]},{"identification":{"corporationName":"LOJAS RENNER S.A.-LOJA SHOPPING PÁTIO RORAIMA","groupName":"LOJAS RENNER S.A.","cnpjNumber":"92754738029225","isUnderestablishment":false},"locations":[{"postalAddress":{"address":"AVENIDA JOÃO ALENCAR, Nº 2181, ESPAÇO COMERCIAL Nº 201 - O","districtName":"AEROPORTO","townName":"BOA VISTA","countrySubDivision":"RR","postCode":"69310065","country":"Brasil","countryCode":"BRA"},"phones":[{"type":"FIXO","countryCallingCode":"55","areaCode":"85","number":"33043857"}],"availability":{"standards":[{"weekday":"DOMINGO"},{"weekday":"SEGUNDA_FEIRA"},{"weekday":"TERCA_FEIRA"},{"weekday":"QUARTA_FEIRA"},{"weekday":"QUINTA_FEIRA"},{"weekday":"SEXTA_FEIRA"},{"weekday":"SABADO"}],"exception":"Exceto em datas festivas de Ano Novo, Dia das Mães, Dia dos Pais e Natal"}}],"services":[{"name":"RECEBIMENTOS_PAGAMENTOS_QUALQUER_NATUREZA_OUTRAS_ATIVIDADES_DECORRENTES_EXECUCAO_CONTRATOS_CONVENIOS_PRESTACAO_SERVICOS","code":"RECEBIMENTOS_PAGAMENTOS_QUALQUER_NATUREZA_EXECUCAO_CONTRATOS_CONVENIO"},{"name":"EXECUCAO_ATIVA_PASSIVA_ORDENS_PAGAMENTO_CURSADAS_INTERMEDIO_INSTITUICAO_CONTRATANTE_SOLICITACAO_CLIENTES_USUARIOS","code":"EXECUCAO_ATIVA_PASSIVA_ORDENS_PAGAMENTO"},{"name":"RECEPCAO_ENCAMINHAMENTO_PROPOSTAS_FORNECIMENTO_CARTAO_CREDITO_RESPONSABILIDADE_INSTITUICAO_CONTRATANTE","code":"RECEBE_ENCAMINHA_PROPOSTAS_FORNECIMENTO_CARTAO_CREDITO"},{"name":"RECEPCAO_ENCAMINHAMENTO_PROPOSTAS_OPERACAO_CREDITO_ARRENDAMENTO_MERCANTIL_CONCESSAO_INSTITUICAO_CONTRATANTE","code":"RECEBE_ENCAMINHA_PROPOSTAS_CREDITO_ARRENDAMENTO_MERCANTIL"}]},{"identification":{"corporationName":"LOJAS RENNER S.A.-LOJA 7 DE SETEMBRO","groupName":"LOJAS RENNER S.A.","cnpjNumber":"92754738028091","isUnderestablishment":false},"locations":[{"postalAddress":{"address":"RUA SETE DE SETEMBRO, 111 (LOJA 111-A)'","districtName":"CENTRO","townName":"RIO DE JANEIRO","countrySubDivision":"RJ","postCode":"20050006","country":"Brasil","countryCode":"BRA"},"phones":[{"type":"FIXO","countryCallingCode":"55","areaCode":"85","number":"33043858"}],"availability":{"standards":[{"weekday":"SEGUNDA_FEIRA"},{"weekday":"TERCA_FEIRA"},{"weekday":"QUARTA_FEIRA"},{"weekday":"QUINTA_FEIRA"},{"weekday":"SEXTA_FEIRA"},{"weekday":"SABADO"}],"exception":"Exceto feriados municipais, estaduais e nacionais"}}],"services":[{"name":"RECEBIMENTOS_PAGAMENTOS_QUALQUER_NATUREZA_OUTRAS_ATIVIDADES_DECORRENTES_EXECUCAO_CONTRATOS_CONVENIOS_PRESTACAO_SERVICOS","code":"RECEBIMENTOS_PAGAMENTOS_QUALQUER_NATUREZA_EXECUCAO_CONTRATOS_CONVENIO"},{"name":"EXECUCAO_ATIVA_PASSIVA_ORDENS_PAGAMENTO_CURSADAS_INTERMEDIO_INSTITUICAO_CONTRATANTE_SOLICITACAO_CLIENTES_USUARIOS","code":"EXECUCAO_ATIVA_PASSIVA_ORDENS_PAGAMENTO"},{"name":"RECEPCAO_ENCAMINHAMENTO_PROPOSTAS_FORNECIMENTO_CARTAO_CREDITO_RESPONSABILIDADE_INSTITUICAO_CONTRATANTE","code":"RECEBE_ENCAMINHA_PROPOSTAS_FORNECIMENTO_CARTAO_CREDITO"},{"name":"RECEPCAO_ENCAMINHAMENTO_PROPOSTAS_OPERACAO_CREDITO_ARRENDAMENTO_MERCANTIL_CONCESSAO_INSTITUICAO_CONTRATANTE","code":"RECEBE_ENCAMINHA_PROPOSTAS_CREDITO_ARRENDAMENTO_MERCANTIL"}]},{"identification":{"corporationName":"LOJAS RENNER S.A.-LOJA SHOPPING JARAGUA ARARAQUARA","groupName":"LOJAS RENNER S.A.","cnpjNumber":"92754738031041","isUnderestablishment":false},"locations":[{"postalAddress":{"address":"AVENIDA ALBERTO BENASSI, Nº 2270, LOJA 100, PISO TÉRREO","districtName":"JARDIM BANDEIRANTES","townName":"ARARAQUARA","countrySubDivision":"SP","postCode":"14804300","country":"Brasil","countryCode":"BRA"},"phones":[{"type":"FIXO","countryCallingCode":"55","areaCode":"85","number":"33043859"}],"availability":{"standards":[{"weekday":"DOMINGO"},{"weekday":"SEGUNDA_FEIRA"},{"weekday":"TERCA_FEIRA"},{"weekday":"QUARTA_FEIRA"},{"weekday":"QUINTA_FEIRA"},{"weekday":"SEXTA_FEIRA"},{"weekday":"SABADO"}],"exception":"Exceto em datas festivas de Ano Novo, Dia das Mães, Dia dos Pais e Natal"}}],"services":[{"name":"RECEBIMENTOS_PAGAMENTOS_QUALQUER_NATUREZA_OUTRAS_ATIVIDADES_DECORRENTES_EXECUCAO_CONTRATOS_CONVENIOS_PRESTACAO_SERVICOS","code":"RECEBIMENTOS_PAGAMENTOS_QUALQUER_NATUREZA_EXECUCAO_CONTRATOS_CONVENIO"},{"name":"EXECUCAO_ATIVA_PASSIVA_ORDENS_PAGAMENTO_CURSADAS_INTERMEDIO_INSTITUICAO_CONTRATANTE_SOLICITACAO_CLIENTES_USUARIOS","code":"EXECUCAO_ATIVA_PASSIVA_ORDENS_PAGAMENTO"},{"name":"RECEPCAO_ENCAMINHAMENTO_PROPOSTAS_FORNECIMENTO_CARTAO_CREDITO_RESPONSABILIDADE_INSTITUICAO_CONTRATANTE","code":"RECEBE_ENCAMINHA_PROPOSTAS_FORNECIMENTO_CARTAO_CREDITO"},{"name":"RECEPCAO_ENCAMINHAMENTO_PROPOSTAS_OPERACAO_CREDITO_ARRENDAMENTO_MERCANTIL_CONCESSAO_INSTITUICAO_CONTRATANTE","code":"RECEBE_ENCAMINHA_PROPOSTAS_CREDITO_ARRENDAMENTO_MERCANTIL"}]},{"identification":{"corporationName":"LOJAS RENNER S.A.-LOJA SHOPPING RIO CLARO","groupName":"LOJAS RENNER S.A.","cnpjNumber":"92754738028849","isUnderestablishment":false},"locations":[{"postalAddress":{"address":"AVENIDA CONDE FRANCISCO MATARAZZO JUNIOR, Nº 205 (LUC NºS A, 90, 91 E 92)","districtName":"VILA PAULISTA","townName":"RIO CLARO","countrySubDivision":"SP","postCode":"13506845","country":"Brasil","countryCode":"BRA"},"phones":[{"type":"FIXO","countryCallingCode":"55","areaCode":"85","number":"33043860"}],"availability":{"standards":[{"weekday":"DOMINGO"},{"weekday":"SEGUNDA_FEIRA"},{"weekday":"TERCA_FEIRA"},{"weekday":"QUARTA_FEIRA"},{"weekday":"QUINTA_FEIRA"},{"weekday":"SEXTA_FEIRA"},{"weekday":"SABADO"}],"exception":"Exceto em datas festivas de Ano Novo, Dia das Mães, Dia dos Pais e Natal"}}],"services":[{"name":"RECEBIMENTOS_PAGAMENTOS_QUALQUER_NATUREZA_OUTRAS_ATIVIDADES_DECORRENTES_EXECUCAO_CONTRATOS_CONVENIOS_PRESTACAO_SERVICOS","code":"RECEBIMENTOS_PAGAMENTOS_QUALQUER_NATUREZA_EXECUCAO_CONTRATOS_CONVENIO"},{"name":"EXECUCAO_ATIVA_PASSIVA_ORDENS_PAGAMENTO_CURSADAS_INTERMEDIO_INSTITUICAO_CONTRATANTE_SOLICITACAO_CLIENTES_USUARIOS","code":"EXECUCAO_ATIVA_PASSIVA_ORDENS_PAGAMENTO"},{"name":"RECEPCAO_ENCAMINHAMENTO_PROPOSTAS_FORNECIMENTO_CARTAO_CREDITO_RESPONSABILIDADE_INSTITUICAO_CONTRATANTE","code":"RECEBE_ENCAMINHA_PROPOSTAS_FORNECIMENTO_CARTAO_CREDITO"},{"name":"RECEPCAO_ENCAMINHAMENTO_PROPOSTAS_OPERACAO_CREDITO_ARRENDAMENTO_MERCANTIL_CONCESSAO_INSTITUICAO_CONTRATANTE","code":"RECEBE_ENCAMINHA_PROPOSTAS_CREDITO_ARRENDAMENTO_MERCANTIL"}]},{"identification":{"corporationName":"LOJAS RENNER S.A.-LOJA SHOPPING MANAUS VIA NORTE","groupName":"LOJAS RENNER S.A.","cnpjNumber":"92754738029144","isUnderestablishment":false},"locations":[{"postalAddress":{"address":"AVENIDA ARQUITETO JOSÉ HENRIQUE BENTO RODRIGUES, Nº 3760, ESPAÇO COMERCIAL Nº 202J","districtName":"MONTE DAS OLIVEIRAS","townName":"MANAUS","countrySubDivision":"AM","postCode":"69093149","country":"Brasil","countryCode":"BRA"},"phones":[{"type":"FIXO","countryCallingCode":"55","areaCode":"85","number":"33043861"}],"availability":{"standards":[{"weekday":"DOMINGO"},{"weekday":"SEGUNDA_FEIRA"},{"weekday":"TERCA_FEIRA"},{"weekday":"QUARTA_FEIRA"},{"weekday":"QUINTA_FEIRA"},{"weekday":"SEXTA_FEIRA"},{"weekday":"SABADO"}],"exception":"Exceto em datas festivas de Ano Novo, Dia das Mães, Dia dos Pais e Natal"}}],"services":[{"name":"RECEBIMENTOS_PAGAMENTOS_QUALQUER_NATUREZA_OUTRAS_ATIVIDADES_DECORRENTES_EXECUCAO_CONTRATOS_CONVENIOS_PRESTACAO_SERVICOS","code":"RECEBIMENTOS_PAGAMENTOS_QUALQUER_NATUREZA_EXECUCAO_CONTRATOS_CONVENIO"},{"name":"EXECUCAO_ATIVA_PASSIVA_ORDENS_PAGAMENTO_CURSADAS_INTERMEDIO_INSTITUICAO_CONTRATANTE_SOLICITACAO_CLIENTES_USUARIOS","code":"EXECUCAO_ATIVA_PASSIVA_ORDENS_PAGAMENTO"},{"name":"RECEPCAO_ENCAMINHAMENTO_PROPOSTAS_FORNECIMENTO_CARTAO_CREDITO_RESPONSABILIDADE_INSTITUICAO_CONTRATANTE","code":"RECEBE_ENCAMINHA_PROPOSTAS_FORNECIMENTO_CARTAO_CREDITO"},{"name":"RECEPCAO_ENCAMINHAMENTO_PROPOSTAS_OPERACAO_CREDITO_ARRENDAMENTO_MERCANTIL_CONCESSAO_INSTITUICAO_CONTRATANTE","code":"RECEBE_ENCAMINHA_PROPOSTAS_CREDITO_ARRENDAMENTO_MERCANTIL"}]},{"identification":{"corporationName":"LOJAS RENNER S.A.-LOJA AV. IBIRAPUERA","groupName":"LOJAS RENNER S.A.","cnpjNumber":"92754738029578","isUnderestablishment":false},"locations":[{"postalAddress":{"address":"AVENIDA IBIRAPUERA, Nº 2.601","districtName":"INDIANÓPOLIS","townName":"SAO PAULO","countrySubDivision":"SP","postCode":"04029200","country":"Brasil","countryCode":"BRA"},"phones":[{"type":"FIXO","countryCallingCode":"55","areaCode":"85","number":"33043862"}],"availability":{"standards":[{"weekday":"SEGUNDA_FEIRA"},{"weekday":"TERCA_FEIRA"},{"weekday":"QUARTA_FEIRA"},{"weekday":"QUINTA_FEIRA"},{"weekday":"SEXTA_FEIRA"},{"weekday":"SABADO"}],"exception":"Exceto feriados municipais, estaduais e nacionais"}}],"services":[{"name":"RECEBIMENTOS_PAGAMENTOS_QUALQUER_NATUREZA_OUTRAS_ATIVIDADES_DECORRENTES_EXECUCAO_CONTRATOS_CONVENIOS_PRESTACAO_SERVICOS","code":"RECEBIMENTOS_PAGAMENTOS_QUALQUER_NATUREZA_EXECUCAO_CONTRATOS_CONVENIO"},{"name":"EXECUCAO_ATIVA_PASSIVA_ORDENS_PAGAMENTO_CURSADAS_INTERMEDIO_INSTITUICAO_CONTRATANTE_SOLICITACAO_CLIENTES_USUARIOS","code":"EXECUCAO_ATIVA_PASSIVA_ORDENS_PAGAMENTO"},{"name":"RECEPCAO_ENCAMINHAMENTO_PROPOSTAS_FORNECIMENTO_CARTAO_CREDITO_RESPONSABILIDADE_INSTITUICAO_CONTRATANTE","code":"RECEBE_ENCAMINHA_PROPOSTAS_FORNECIMENTO_CARTAO_CREDITO"},{"name":"RECEPCAO_ENCAMINHAMENTO_PROPOSTAS_OPERACAO_CREDITO_ARRENDAMENTO_MERCANTIL_CONCESSAO_INSTITUICAO_CONTRATANTE","code":"RECEBE_ENCAMINHA_PROPOSTAS_CREDITO_ARRENDAMENTO_MERCANTIL"}]},{"identification":{"corporationName":"LOJAS RENNER S.A.-LOJA SHOPPING TERRAÇO","groupName":"LOJAS RENNER S.A.","cnpjNumber":"92754738029810","isUnderestablishment":false},"locations":[{"postalAddress":{"address":"SHC/AOS EA 02/08, LOTE 05, LOJAS 107, 108, 109, 110 E 111 TÉRREO","districtName":"OCTOGONAL","townName":"BRASILIA","countrySubDivision":"DF","postCode":"70660090","country":"Brasil","countryCode":"BRA"},"phones":[{"type":"FIXO","countryCallingCode":"55","areaCode":"85","number":"33043864"}],"availability":{"standards":[{"weekday":"DOMINGO"},{"weekday":"SEGUNDA_FEIRA"},{"weekday":"TERCA_FEIRA"},{"weekday":"QUARTA_FEIRA"},{"weekday":"QUINTA_FEIRA"},{"weekday":"SEXTA_FEIRA"},{"weekday":"SABADO"}],"exception":"Exceto em datas festivas de Ano Novo, Dia das Mães, Dia dos Pais e Natal"}}],"services":[{"name":"RECEBIMENTOS_PAGAMENTOS_QUALQUER_NATUREZA_OUTRAS_ATIVIDADES_DECORRENTES_EXECUCAO_CONTRATOS_CONVENIOS_PRESTACAO_SERVICOS","code":"RECEBIMENTOS_PAGAMENTOS_QUALQUER_NATUREZA_EXECUCAO_CONTRATOS_CONVENIO"},{"name":"EXECUCAO_ATIVA_PASSIVA_ORDENS_PAGAMENTO_CURSADAS_INTERMEDIO_INSTITUICAO_CONTRATANTE_SOLICITACAO_CLIENTES_USUARIOS","code":"EXECUCAO_ATIVA_PASSIVA_ORDENS_PAGAMENTO"},{"name":"RECEPCAO_ENCAMINHAMENTO_PROPOSTAS_FORNECIMENTO_CARTAO_CREDITO_RESPONSABILIDADE_INSTITUICAO_CONTRATANTE","code":"RECEBE_ENCAMINHA_PROPOSTAS_FORNECIMENTO_CARTAO_CREDITO"},{"name":"RECEPCAO_ENCAMINHAMENTO_PROPOSTAS_OPERACAO_CREDITO_ARRENDAMENTO_MERCANTIL_CONCESSAO_INSTITUICAO_CONTRATANTE","code":"RECEBE_ENCAMINHA_PROPOSTAS_CREDITO_ARRENDAMENTO_MERCANTIL"}]},{"identification":{"corporationName":"LOJAS RENNER S.A.-LOJA LARGO DO MACHADO","groupName":"LOJAS RENNER S.A.","cnpjNumber":"92754738030150","isUnderestablishment":false},"locations":[{"postalAddress":{"address":"RUA DO CATETE, Nº 359","districtName":"CETETE","townName":"RIO DE JANEIRO","countrySubDivision":"RJ","postCode":"22220001","country":"Brasil","countryCode":"BRA"},"phones":[{"type":"FIXO","countryCallingCode":"55","areaCode":"85","number":"33043865"}],"availability":{"standards":[{"weekday":"SEGUNDA_FEIRA"},{"weekday":"TERCA_FEIRA"},{"weekday":"QUARTA_FEIRA"},{"weekday":"QUINTA_FEIRA"},{"weekday":"SEXTA_FEIRA"},{"weekday":"SABADO"}],"exception":"Exceto feriados municipais, estaduais e nacionais"}}],"services":[{"name":"RECEBIMENTOS_PAGAMENTOS_QUALQUER_NATUREZA_OUTRAS_ATIVIDADES_DECORRENTES_EXECUCAO_CONTRATOS_CONVENIOS_PRESTACAO_SERVICOS","code":"RECEBIMENTOS_PAGAMENTOS_QUALQUER_NATUREZA_EXECUCAO_CONTRATOS_CONVENIO"},{"name":"EXECUCAO_ATIVA_PASSIVA_ORDENS_PAGAMENTO_CURSADAS_INTERMEDIO_INSTITUICAO_CONTRATANTE_SOLICITACAO_CLIENTES_USUARIOS","code":"EXECUCAO_ATIVA_PASSIVA_ORDENS_PAGAMENTO"},{"name":"RECEPCAO_ENCAMINHAMENTO_PROPOSTAS_FORNECIMENTO_CARTAO_CREDITO_RESPONSABILIDADE_INSTITUICAO_CONTRATANTE","code":"RECEBE_ENCAMINHA_PROPOSTAS_FORNECIMENTO_CARTAO_CREDITO"},{"name":"RECEPCAO_ENCAMINHAMENTO_PROPOSTAS_OPERACAO_CREDITO_ARRENDAMENTO_MERCANTIL_CONCESSAO_INSTITUICAO_CONTRATANTE","code":"RECEBE_ENCAMINHA_PROPOSTAS_CREDITO_ARRENDAMENTO_MERCANTIL"}]},{"identification":{"corporationName":"LOJAS RENNER S.A.-LOJA BOSQUE GRÃO PARÁ","groupName":"LOJAS RENNER S.A.","cnpjNumber":"92754738032285","isUnderestablishment":false},"locations":[{"postalAddress":{"address":"RODOVIA DOS TRABALHADORES, S/N, LOJAS 0001A, 0008A, 0008B - PISO TÉRREO","districtName":"PARQUE VERDE","townName":"BELEM","countrySubDivision":"PA","postCode":"66635894","country":"Brasil","countryCode":"BRA"},"phones":[{"type":"FIXO","countryCallingCode":"55","areaCode":"85","number":"33043866"}],"availability":{"standards":[{"weekday":"SEGUNDA_FEIRA"},{"weekday":"TERCA_FEIRA"},{"weekday":"QUARTA_FEIRA"},{"weekday":"QUINTA_FEIRA"},{"weekday":"SEXTA_FEIRA"},{"weekday":"SABADO"}],"exception":"Exceto feriados municipais, estaduais e nacionais"}}],"services":[{"name":"RECEBIMENTOS_PAGAMENTOS_QUALQUER_NATUREZA_OUTRAS_ATIVIDADES_DECORRENTES_EXECUCAO_CONTRATOS_CONVENIOS_PRESTACAO_SERVICOS","code":"RECEBIMENTOS_PAGAMENTOS_QUALQUER_NATUREZA_EXECUCAO_CONTRATOS_CONVENIO"},{"name":"EXECUCAO_ATIVA_PASSIVA_ORDENS_PAGAMENTO_CURSADAS_INTERMEDIO_INSTITUICAO_CONTRATANTE_SOLICITACAO_CLIENTES_USUARIOS","code":"EXECUCAO_ATIVA_PASSIVA_ORDENS_PAGAMENTO"},{"name":"RECEPCAO_ENCAMINHAMENTO_PROPOSTAS_FORNECIMENTO_CARTAO_CREDITO_RESPONSABILIDADE_INSTITUICAO_CONTRATANTE","code":"RECEBE_ENCAMINHA_PROPOSTAS_FORNECIMENTO_CARTAO_CREDITO"},{"name":"RECEPCAO_ENCAMINHAMENTO_PROPOSTAS_OPERACAO_CREDITO_ARRENDAMENTO_MERCANTIL_CONCESSAO_INSTITUICAO_CONTRATANTE","code":"RECEBE_ENCAMINHA_PROPOSTAS_CREDITO_ARRENDAMENTO_MERCANTIL"}]},{"identification":{"corporationName":"LOJAS RENNER S.A.-LOJA SHOPPING SUL","groupName":"LOJAS RENNER S.A.","cnpjNumber":"92754738033419","isUnderestablishment":false},"locations":[{"postalAddress":{"address":"QUADRA 1, S/N, BR 040, KM 12, GLEBA F, LOTE 1, LOJA 270","districtName":"PARQUE ESPLANADA III","townName":"VALPARAISO DE GOIAS","countrySubDivision":"GO","postCode":"72876902","country":"Brasil","countryCode":"BRA"},"phones":[{"type":"FIXO","countryCallingCode":"55","areaCode":"85","number":"33043867"}],"availability":{"standards":[{"weekday":"DOMINGO"},{"weekday":"SEGUNDA_FEIRA"},{"weekday":"TERCA_FEIRA"},{"weekday":"QUARTA_FEIRA"},{"weekday":"QUINTA_FEIRA"},{"weekday":"SEXTA_FEIRA"},{"weekday":"SABADO"}],"exception":"Exceto em datas festivas de Ano Novo, Dia das Mães, Dia dos Pais e Natal"}}],"services":[{"name":"RECEBIMENTOS_PAGAMENTOS_QUALQUER_NATUREZA_OUTRAS_ATIVIDADES_DECORRENTES_EXECUCAO_CONTRATOS_CONVENIOS_PRESTACAO_SERVICOS","code":"RECEBIMENTOS_PAGAMENTOS_QUALQUER_NATUREZA_EXECUCAO_CONTRATOS_CONVENIO"},{"name":"EXECUCAO_ATIVA_PASSIVA_ORDENS_PAGAMENTO_CURSADAS_INTERMEDIO_INSTITUICAO_CONTRATANTE_SOLICITACAO_CLIENTES_USUARIOS","code":"EXECUCAO_ATIVA_PASSIVA_ORDENS_PAGAMENTO"},{"name":"RECEPCAO_ENCAMINHAMENTO_PROPOSTAS_FORNECIMENTO_CARTAO_CREDITO_RESPONSABILIDADE_INSTITUICAO_CONTRATANTE","code":"RECEBE_ENCAMINHA_PROPOSTAS_FORNECIMENTO_CARTAO_CREDITO"},{"name":"RECEPCAO_ENCAMINHAMENTO_PROPOSTAS_OPERACAO_CREDITO_ARRENDAMENTO_MERCANTIL_CONCESSAO_INSTITUICAO_CONTRATANTE","code":"RECEBE_ENCAMINHA_PROPOSTAS_CREDITO_ARRENDAMENTO_MERCANTIL"}]},{"identification":{"corporationName":"LOJAS RENNER S.A.-LOJA SHOPPING RIO POTY","groupName":"LOJAS RENNER S.A.","cnpjNumber":"92754738029659","isUnderestablishment":false},"locations":[{"postalAddress":{"address":"AVENIDA MARECHAL CASTELO BRANCO, Nº 911 (SUC Nº 204AB - PISO L2)","districtName":"PORENQUANTO","townName":"TERESINA","countrySubDivision":"PI","postCode":"64000810","country":"Brasil","countryCode":"BRA"},"phones":[{"type":"FIXO","countryCallingCode":"55","areaCode":"85","number":"33043868"}],"availability":{"standards":[{"weekday":"DOMINGO"},{"weekday":"SEGUNDA_FEIRA"},{"weekday":"TERCA_FEIRA"},{"weekday":"QUARTA_FEIRA"},{"weekday":"QUINTA_FEIRA"},{"weekday":"SEXTA_FEIRA"},{"weekday":"SABADO"}],"exception":"Exceto em datas festivas de Ano Novo, Dia das Mães, Dia dos Pais e Natal"}}],"services":[{"name":"RECEBIMENTOS_PAGAMENTOS_QUALQUER_NATUREZA_OUTRAS_ATIVIDADES_DECORRENTES_EXECUCAO_CONTRATOS_CONVENIOS_PRESTACAO_SERVICOS","code":"RECEBIMENTOS_PAGAMENTOS_QUALQUER_NATUREZA_EXECUCAO_CONTRATOS_CONVENIO"},{"name":"EXECUCAO_ATIVA_PASSIVA_ORDENS_PAGAMENTO_CURSADAS_INTERMEDIO_INSTITUICAO_CONTRATANTE_SOLICITACAO_CLIENTES_USUARIOS","code":"EXECUCAO_ATIVA_PASSIVA_ORDENS_PAGAMENTO"},{"name":"RECEPCAO_ENCAMINHAMENTO_PROPOSTAS_FORNECIMENTO_CARTAO_CREDITO_RESPONSABILIDADE_INSTITUICAO_CONTRATANTE","code":"RECEBE_ENCAMINHA_PROPOSTAS_FORNECIMENTO_CARTAO_CREDITO"},{"name":"RECEPCAO_ENCAMINHAMENTO_PROPOSTAS_OPERACAO_CREDITO_ARRENDAMENTO_MERCANTIL_CONCESSAO_INSTITUICAO_CONTRATANTE","code":"RECEBE_ENCAMINHA_PROPOSTAS_CREDITO_ARRENDAMENTO_MERCANTIL"}]},{"identification":{"corporationName":"LOJAS RENNER S.A.-LOJA VÁRZEA GRANDE SHOPPING","groupName":"LOJAS RENNER S.A.","cnpjNumber":"92754738029063","isUnderestablishment":false},"locations":[{"postalAddress":{"address":"RUA PRESIDENTE ARTHUR BERNARDES, ESQUINA COM  A RUA FILINTO MULLER, S/Nº, (AN03 - 1º PAVIMENTO)","districtName":"JARDIM AEROPORTO","townName":"VARZEA GRANDE","countrySubDivision":"MT","postCode":"78125100","country":"Brasil","countryCode":"BRA"},"phones":[{"type":"FIXO","countryCallingCode":"55","areaCode":"85","number":"33043869"}],"availability":{"standards":[{"weekday":"DOMINGO"},{"weekday":"SEGUNDA_FEIRA"},{"weekday":"TERCA_FEIRA"},{"weekday":"QUARTA_FEIRA"},{"weekday":"QUINTA_FEIRA"},{"weekday":"SEXTA_FEIRA"},{"weekday":"SABADO"}],"exception":"Exceto em datas festivas de Ano Novo, Dia das Mães, Dia dos Pais e Natal"}}],"services":[{"name":"RECEBIMENTOS_PAGAMENTOS_QUALQUER_NATUREZA_OUTRAS_ATIVIDADES_DECORRENTES_EXECUCAO_CONTRATOS_CONVENIOS_PRESTACAO_SERVICOS","code":"RECEBIMENTOS_PAGAMENTOS_QUALQUER_NATUREZA_EXECUCAO_CONTRATOS_CONVENIO"},{"name":"EXECUCAO_ATIVA_PASSIVA_ORDENS_PAGAMENTO_CURSADAS_INTERMEDIO_INSTITUICAO_CONTRATANTE_SOLICITACAO_CLIENTES_USUARIOS","code":"EXECUCAO_ATIVA_PASSIVA_ORDENS_PAGAMENTO"},{"name":"RECEPCAO_ENCAMINHAMENTO_PROPOSTAS_FORNECIMENTO_CARTAO_CREDITO_RESPONSABILIDADE_INSTITUICAO_CONTRATANTE","code":"RECEBE_ENCAMINHA_PROPOSTAS_FORNECIMENTO_CARTAO_CREDITO"},{"name":"RECEPCAO_ENCAMINHAMENTO_PROPOSTAS_OPERACAO_CREDITO_ARRENDAMENTO_MERCANTIL_CONCESSAO_INSTITUICAO_CONTRATANTE","code":"RECEBE_ENCAMINHA_PROPOSTAS_CREDITO_ARRENDAMENTO_MERCANTIL"}]},{"identification":{"corporationName":"LOJAS RENNER S.A.-LOJA RIOMAR SHOPPING FORTALEZA","groupName":"LOJAS RENNER S.A.","cnpjNumber":"92754738028415","isUnderestablishment":false},"locations":[{"postalAddress":{"address":"RUA DESEMBARGADOR LAURO NOGUEIRA, Nº 1355 (SALÃO COMERCIAL Nº 2007 - PISO L2)","districtName":"RIOMAR SHOPPING FORTALEZA","townName":"FORTALEZA","countrySubDivision":"CE","postCode":"60175055","country":"Brasil","countryCode":"BRA"},"phones":[{"type":"FIXO","countryCallingCode":"55","areaCode":"85","number":"33043870"}],"availability":{"standards":[{"weekday":"DOMINGO"},{"weekday":"SEGUNDA_FEIRA"},{"weekday":"TERCA_FEIRA"},{"weekday":"QUARTA_FEIRA"},{"weekday":"QUINTA_FEIRA"},{"weekday":"SEXTA_FEIRA"},{"weekday":"SABADO"}],"exception":"Exceto em datas festivas de Ano Novo, Dia das Mães, Dia dos Pais e Natal"}}],"services":[{"name":"RECEBIMENTOS_PAGAMENTOS_QUALQUER_NATUREZA_OUTRAS_ATIVIDADES_DECORRENTES_EXECUCAO_CONTRATOS_CONVENIOS_PRESTACAO_SERVICOS","code":"RECEBIMENTOS_PAGAMENTOS_QUALQUER_NATUREZA_EXECUCAO_CONTRATOS_CONVENIO"},{"name":"EXECUCAO_ATIVA_PASSIVA_ORDENS_PAGAMENTO_CURSADAS_INTERMEDIO_INSTITUICAO_CONTRATANTE_SOLICITACAO_CLIENTES_USUARIOS","code":"EXECUCAO_ATIVA_PASSIVA_ORDENS_PAGAMENTO"},{"name":"RECEPCAO_ENCAMINHAMENTO_PROPOSTAS_FORNECIMENTO_CARTAO_CREDITO_RESPONSABILIDADE_INSTITUICAO_CONTRATANTE","code":"RECEBE_ENCAMINHA_PROPOSTAS_FORNECIMENTO_CARTAO_CREDITO"},{"name":"RECEPCAO_ENCAMINHAMENTO_PROPOSTAS_OPERACAO_CREDITO_ARRENDAMENTO_MERCANTIL_CONCESSAO_INSTITUICAO_CONTRATANTE","code":"RECEBE_ENCAMINHA_PROPOSTAS_CREDITO_ARRENDAMENTO_MERCANTIL"}]},{"identification":{"corporationName":"LOJAS RENNER S.A.-LOJA SHOPPING JARDIM NORTE JUIZ DE FORA","groupName":"LOJAS RENNER S.A.","cnpjNumber":"92754738032528","isUnderestablishment":false},"locations":[{"postalAddress":{"address":"AVENIDA BRASIL, Nº 6345, LOJAS 1024 / 2012, PISOS 1 E 2","districtName":"MARIANO PROCÓPIO","townName":"JUIZ DE FORA","countrySubDivision":"MG","postCode":"36080060","country":"Brasil","countryCode":"BRA"},"phones":[{"type":"FIXO","countryCallingCode":"55","areaCode":"85","number":"33043871"}],"availability":{"standards":[{"weekday":"DOMINGO"},{"weekday":"SEGUNDA_FEIRA"},{"weekday":"TERCA_FEIRA"},{"weekday":"QUARTA_FEIRA"},{"weekday":"QUINTA_FEIRA"},{"weekday":"SEXTA_FEIRA"},{"weekday":"SABADO"}],"exception":"Exceto em datas festivas de Ano Novo, Dia das Mães, Dia dos Pais e Natal"}}],"services":[{"name":"RECEBIMENTOS_PAGAMENTOS_QUALQUER_NATUREZA_OUTRAS_ATIVIDADES_DECORRENTES_EXECUCAO_CONTRATOS_CONVENIOS_PRESTACAO_SERVICOS","code":"RECEBIMENTOS_PAGAMENTOS_QUALQUER_NATUREZA_EXECUCAO_CONTRATOS_CONVENIO"},{"name":"EXECUCAO_ATIVA_PASSIVA_ORDENS_PAGAMENTO_CURSADAS_INTERMEDIO_INSTITUICAO_CONTRATANTE_SOLICITACAO_CLIENTES_USUARIOS","code":"EXECUCAO_ATIVA_PASSIVA_ORDENS_PAGAMENTO"},{"name":"RECEPCAO_ENCAMINHAMENTO_PROPOSTAS_FORNECIMENTO_CARTAO_CREDITO_RESPONSABILIDADE_INSTITUICAO_CONTRATANTE","code":"RECEBE_ENCAMINHA_PROPOSTAS_FORNECIMENTO_CARTAO_CREDITO"},{"name":"RECEPCAO_ENCAMINHAMENTO_PROPOSTAS_OPERACAO_CREDITO_ARRENDAMENTO_MERCANTIL_CONCESSAO_INSTITUICAO_CONTRATANTE","code":"RECEBE_ENCAMINHA_PROPOSTAS_CREDITO_ARRENDAMENTO_MERCANTIL"}]},{"identification":{"corporationName":"LOJAS RENNER S.A.-LOJA PLAZA SHOPPING AVENIDA","groupName":"LOJAS RENNER S.A.","cnpjNumber":"92754738030231","isUnderestablishment":false},"locations":[{"postalAddress":{"address":"AVENIDA JOSÉ MUNIA, Nº 4775, PISO TÉRREO, LOJAS T012/L141","districtName":"JARDIM REDENTOR","townName":"SAO JOSE DO RIO PRETO","countrySubDivision":"SP","postCode":"15085350","country":"Brasil","countryCode":"BRA"},"phones":[{"type":"FIXO","countryCallingCode":"55","areaCode":"85","number":"33043872"}],"availability":{"standards":[{"weekday":"DOMINGO"},{"weekday":"SEGUNDA_FEIRA"},{"weekday":"TERCA_FEIRA"},{"weekday":"QUARTA_FEIRA"},{"weekday":"QUINTA_FEIRA"},{"weekday":"SEXTA_FEIRA"},{"weekday":"SABADO"}],"exception":"Exceto em datas festivas de Ano Novo, Dia das Mães, Dia dos Pais e Natal"}}],"services":[{"name":"RECEBIMENTOS_PAGAMENTOS_QUALQUER_NATUREZA_OUTRAS_ATIVIDADES_DECORRENTES_EXECUCAO_CONTRATOS_CONVENIOS_PRESTACAO_SERVICOS","code":"RECEBIMENTOS_PAGAMENTOS_QUALQUER_NATUREZA_EXECUCAO_CONTRATOS_CONVENIO"},{"name":"EXECUCAO_ATIVA_PASSIVA_ORDENS_PAGAMENTO_CURSADAS_INTERMEDIO_INSTITUICAO_CONTRATANTE_SOLICITACAO_CLIENTES_USUARIOS","code":"EXECUCAO_ATIVA_PASSIVA_ORDENS_PAGAMENTO"},{"name":"RECEPCAO_ENCAMINHAMENTO_PROPOSTAS_FORNECIMENTO_CARTAO_CREDITO_RESPONSABILIDADE_INSTITUICAO_CONTRATANTE","code":"RECEBE_ENCAMINHA_PROPOSTAS_FORNECIMENTO_CARTAO_CREDITO"},{"name":"RECEPCAO_ENCAMINHAMENTO_PROPOSTAS_OPERACAO_CREDITO_ARRENDAMENTO_MERCANTIL_CONCESSAO_INSTITUICAO_CONTRATANTE","code":"RECEBE_ENCAMINHA_PROPOSTAS_CREDITO_ARRENDAMENTO_MERCANTIL"}]}]}]}]},"links":{"self":"http://10.120.192.16/open-banking/channels/v1/banking-agents?page=10&page-size=25","first":"http://10.120.192.16/open-banking/channels/v1/banking-agents?page=1&page-size=25","prev":"http://10.120.192.16/open-banking/channels/v1/banking-agents?page=9&page-size=25","next":"http://10.120.192.16/open-banking/channels/v1/banking-agents?page=11&page-size=25","last":"http://10.120.192.16/open-banking/channels/v1/banking-agents?page=15&page-size=25"},"meta":{"totalRecords":366,"totalPages":15}}

	at br.com.realize.tests.fase01.CanaisAtendimento.CorrespondentesBancarios.tests.GetCorrespondentesBancariosTest.testGarantirContratosCorrespondentesBancarios(GetCorrespondentesBancariosTest.java:108)

