-------------------------------------------------------------------------------
Test set: br.com.realize.tests.fase01.CanaisAtendimento.AtendimentoTelefonico.tests.GetAtendimentoTelefonicoTest
-------------------------------------------------------------------------------
Tests run: 14, Failures: 1, Errors: 0, Skipped: 0, Time elapsed: 1.801 s <<< FAILURE! - in br.com.realize.tests.fase01.CanaisAtendimento.AtendimentoTelefonico.tests.GetAtendimentoTelefonicoTest
testGarantirContratosInformacoesConta(br.com.realize.tests.fase01.CanaisAtendimento.AtendimentoTelefonico.tests.GetAtendimentoTelefonicoTest)  Time elapsed: 0.431 s  <<< FAILURE!
java.lang.AssertionError: 
1 expectation failed.
Response body doesn't match expectation.
Expected: The content to match the given JSON schema.
error: object has missing required properties (["brand"])
    level: "error"
    schema: {"loadingURI":"#","pointer":"/properties/data"}
    instance: {"pointer":"/data"}
    domain: "validation"
    keyword: "required"
    required: ["brand"]
    missing: ["brand"]

  Actual: {"data":{"name":"REALIZE CFI S.A.","companies":[{"name":"REALIZE CRÉDITO, FINANCIAMENTO E INVESTIMENTO S.A.","cnpjNumber":"27351731","phoneChannels":[{"identification":{"type":"CENTRAL_TELEFONICA","additionalInfo":"Central de atendimento","phones":[{"countryCallingCode":"55","areaCode":"NA","number":"30045060"},{"countryCallingCode":"NA","areaCode":"NA","number":"0800 073 6637"},{"countryCallingCode":"55","areaCode":"NA","number":"40042900"},{"countryCallingCode":"55","areaCode":"51","number":"39215464"},{"countryCallingCode":"NA","areaCode":"NA","number":"0800 727 9505"},{"countryCallingCode":"NA","areaCode":"NA","number":"0800 722 9855"}]},"services":[{"name":"CARTAO_CREDITO","code":"CARTAO_CREDITO"},{"name":"SEGUROS","code":"SEGUROS"}]},{"identification":{"type":"SAC","additionalInfo":"Canal exclusivo para reclamações, informações e cancelamentos.","phones":[{"countryCallingCode":"NA","areaCode":"NA","number":"0800 600 6601"}]},"services":[{"name":"RECLAMACOES","code":"RECLAMACOES"},{"name":"INFORMACOES","code":"INFORMACOES"},{"name":"CANCELAMENTO","code":"CANCELAMENTO"}]},{"identification":{"type":"OUVIDORIA","additionalInfo":"Atuação na mediação de conflitos.","phones":[{"countryCallingCode":"NA","areaCode":"NA","number":"0800 727 0127"}]},"services":[{"name":"CARTAO_CREDITO","code":"CARTAO_CREDITO"}]},{"identification":{"type":"OUTROS","additionalInfo":"Assitente virtual cartões RENNER","phones":[{"countryCallingCode":"55","areaCode":"51","number":"39214004"}]},"services":[{"name":"CARTAO_CREDITO","code":"CARTAO_CREDITO","additionalInfo":"Verificação de saldos, carnês e faturas e geração de boletos para pagamento via WhatsApp."}]}]}]},"links":{"self":"http://10.120.192.16/open-banking/channels/v1/phone-channels?page=1&page-size=25","first":null,"prev":null,"next":null,"last":null},"meta":{"totalRecords":4,"totalPages":1}}

	at br.com.realize.tests.fase01.CanaisAtendimento.AtendimentoTelefonico.tests.GetAtendimentoTelefonicoTest.testGarantirContratosInformacoesConta(GetAtendimentoTelefonicoTest.java:117)

