-------------------------------------------------------------------------------
Test set: br.com.realize.tests.fase02.Contas.Limites.tests.GetLimiteTest
-------------------------------------------------------------------------------
Tests run: 5, Failures: 1, Errors: 0, Skipped: 0, Time elapsed: 30.051 s <<< FAILURE! - in br.com.realize.tests.fase02.Contas.Limites.tests.GetLimiteTest
testGarantirContratosLimitesConta(br.com.realize.tests.fase02.Contas.Limites.tests.GetLimiteTest)  Time elapsed: 7.22 s  <<< FAILURE!
java.lang.AssertionError: 
1 expectation failed.
Response body doesn't match expectation.
Expected: The content to match the given JSON schema.
error: instance type (null) does not match any allowed primitive type (allowed: ["string"])
    level: "error"
    schema: {"loadingURI":"#","pointer":"/properties/links/properties/first"}
    instance: {"pointer":"/links/first"}
    domain: "validation"
    keyword: "type"
    found: "null"
    expected: ["string"]
error: instance type (null) does not match any allowed primitive type (allowed: ["string"])
    level: "error"
    schema: {"loadingURI":"#","pointer":"/properties/links/properties/last"}
    instance: {"pointer":"/links/last"}
    domain: "validation"
    keyword: "type"
    found: "null"
    expected: ["string"]
error: instance type (null) does not match any allowed primitive type (allowed: ["string"])
    level: "error"
    schema: {"loadingURI":"#","pointer":"/properties/links/properties/next"}
    instance: {"pointer":"/links/next"}
    domain: "validation"
    keyword: "type"
    found: "null"
    expected: ["string"]
error: instance type (null) does not match any allowed primitive type (allowed: ["string"])
    level: "error"
    schema: {"loadingURI":"#","pointer":"/properties/links/properties/prev"}
    instance: {"pointer":"/links/prev"}
    domain: "validation"
    keyword: "type"
    found: "null"
    expected: ["string"]

  Actual: {"data":{"overdraftContractedLimit":0,"overdraftContractedLimitCurrency":"BRL","overdraftUsedLimit":0,"overdraftUsedLimitCurrency":"BRL","unarrangedOverdraftAmount":0,"unarrangedOverdraftAmountCurrency":"BRL"},"links":{"self":"http://10.120.192.16/open-banking/accounts/v1/accounts/e92c51df-b68c-4faa-9cbc-4cb1b232781f/overdraft-limits","first":null,"prev":null,"next":null,"last":null},"meta":{"totalRecords":1,"totalPages":1,"requestDateTime":[2021,6,18,23,40,31,126629000]}}

	at br.com.realize.tests.fase02.Contas.Limites.tests.GetLimiteTest.testGarantirContratosLimitesConta(GetLimiteTest.java:92)

