-------------------------------------------------------------------------------
Test set: br.com.realize.tests.fase02.Contas.IdentificacaoConta.tests.GetIdentificacaoContaTest
-------------------------------------------------------------------------------
Tests run: 5, Failures: 1, Errors: 0, Skipped: 0, Time elapsed: 31.386 s <<< FAILURE! - in br.com.realize.tests.fase02.Contas.IdentificacaoConta.tests.GetIdentificacaoContaTest
testGarantirContratosInformacoesConta(br.com.realize.tests.fase02.Contas.IdentificacaoConta.tests.GetIdentificacaoContaTest)  Time elapsed: 3.003 s  <<< FAILURE!
java.lang.AssertionError: 
1 expectation failed.
Response body doesn't match expectation.
Expected: The content to match the given JSON schema.
error: instance type (null) does not match any allowed primitive type (allowed: ["string"])
    level: "error"
    schema: {"loadingURI":"#","pointer":"/properties/links/properties/first"}
    instance: {"pointer":"/links/first"}
    domain: "validation"
    keyword: "type"
    found: "null"
    expected: ["string"]
error: instance type (null) does not match any allowed primitive type (allowed: ["string"])
    level: "error"
    schema: {"loadingURI":"#","pointer":"/properties/links/properties/last"}
    instance: {"pointer":"/links/last"}
    domain: "validation"
    keyword: "type"
    found: "null"
    expected: ["string"]
error: instance type (null) does not match any allowed primitive type (allowed: ["string"])
    level: "error"
    schema: {"loadingURI":"#","pointer":"/properties/links/properties/next"}
    instance: {"pointer":"/links/next"}
    domain: "validation"
    keyword: "type"
    found: "null"
    expected: ["string"]
error: instance type (null) does not match any allowed primitive type (allowed: ["string"])
    level: "error"
    schema: {"loadingURI":"#","pointer":"/properties/links/properties/prev"}
    instance: {"pointer":"/links/prev"}
    domain: "validation"
    keyword: "type"
    found: "null"
    expected: ["string"]

  Actual: {"data":{"compeCode":"374","branchCode":"0001","number":"681819020","checkDigit":"6","type":"CONTA_PAGAMENTO_PRE_PAGA","subtype":"INDIVIDUAL","currency":"BRL"},"links":{"self":"http://10.120.192.16/open-banking/accounts/v1/accounts/28ef66f8-8e67-4d66-9420-9ce873f78214","first":null,"prev":null,"next":null,"last":null},"meta":{"totalRecords":1,"totalPages":1,"requestDateTime":[2021,6,18,23,40,23,799384000]}}

	at br.com.realize.tests.fase02.Contas.IdentificacaoConta.tests.GetIdentificacaoContaTest.testGarantirContratosInformacoesConta(GetIdentificacaoContaTest.java:56)

