-------------------------------------------------------------------------------
Test set: br.com.realize.tests.fase02.CartaoCredito.LimitesCreditoContaPosPago.tests.GetLimiteCartaoCreditoTest
-------------------------------------------------------------------------------
Tests run: 7, Failures: 1, Errors: 0, Skipped: 0, Time elapsed: 6.777 s <<< FAILURE! - in br.com.realize.tests.fase02.CartaoCredito.LimitesCreditoContaPosPago.tests.GetLimiteCartaoCreditoTest
testCpfSemCartaoCredito(br.com.realize.tests.fase02.CartaoCredito.LimitesCreditoContaPosPago.tests.GetLimiteCartaoCreditoTest)  Time elapsed: 0.251 s  <<< FAILURE!
java.lang.AssertionError: 
1 expectation failed.
Expected status code <404> but was <500>.

	at br.com.realize.tests.fase02.CartaoCredito.LimitesCreditoContaPosPago.tests.GetLimiteCartaoCreditoTest.testCpfSemCartaoCredito(GetLimiteCartaoCreditoTest.java:81)

