-------------------------------------------------------------------------------
Test set: br.com.realize.tests.fase02.DadosCadastrais.QualificacaoPessoaNatural.tests.GetQualificacaoPessoaNaturalTest
-------------------------------------------------------------------------------
Tests run: 4, Failures: 3, Errors: 0, Skipped: 0, Time elapsed: 0.318 s <<< FAILURE! - in br.com.realize.tests.fase02.DadosCadastrais.QualificacaoPessoaNatural.tests.GetQualificacaoPessoaNaturalTest
testGarantirContratosIdentificacaoPessoaNatural(br.com.realize.tests.fase02.DadosCadastrais.QualificacaoPessoaNatural.tests.GetQualificacaoPessoaNaturalTest)  Time elapsed: 0.081 s  <<< FAILURE!
java.lang.AssertionError: 
1 expectation failed.
Expected status code <200> but was <500>.

	at br.com.realize.tests.fase02.DadosCadastrais.QualificacaoPessoaNatural.tests.GetQualificacaoPessoaNaturalTest.testGarantirContratosIdentificacaoPessoaNatural(GetQualificacaoPessoaNaturalTest.java:56)

testMetodoNaoSuportado(br.com.realize.tests.fase02.DadosCadastrais.QualificacaoPessoaNatural.tests.GetQualificacaoPessoaNaturalTest)  Time elapsed: 0.081 s  <<< FAILURE!
java.lang.AssertionError: 
1 expectation failed.
Expected status code <405> but was <500>.

	at br.com.realize.tests.fase02.DadosCadastrais.QualificacaoPessoaNatural.tests.GetQualificacaoPessoaNaturalTest.testMetodoNaoSuportado(GetQualificacaoPessoaNaturalTest.java:79)

testValidarIdentificacaoPessoaNatural(br.com.realize.tests.fase02.DadosCadastrais.QualificacaoPessoaNatural.tests.GetQualificacaoPessoaNaturalTest)  Time elapsed: 0.107 s  <<< FAILURE!
java.lang.AssertionError: 
1 expectation failed.
Expected status code <200> but was <500>.

	at br.com.realize.tests.fase02.DadosCadastrais.QualificacaoPessoaNatural.tests.GetQualificacaoPessoaNaturalTest.testValidarIdentificacaoPessoaNatural(GetQualificacaoPessoaNaturalTest.java:38)

