-------------------------------------------------------------------------------
Test set: br.com.realize.tests.fase01.ProdutosServicos.CartaoCreditoPessoaNatural.tests.GetCartaoCreditoPessoaNaturalTest
-------------------------------------------------------------------------------
Tests run: 13, Failures: 1, Errors: 0, Skipped: 0, Time elapsed: 5.32 s <<< FAILURE! - in br.com.realize.tests.fase01.ProdutosServicos.CartaoCreditoPessoaNatural.tests.GetCartaoCreditoPessoaNaturalTest
testGarantirContratosCreditoPessoaNatural(br.com.realize.tests.fase01.ProdutosServicos.CartaoCreditoPessoaNatural.tests.GetCartaoCreditoPessoaNaturalTest)  Time elapsed: 5.31 s  <<< FAILURE!
java.lang.AssertionError: 
1 expectation failed.
Response body doesn't match expectation.
Expected: The content to match the given JSON schema.
error: object has missing required properties (["brand"])
    level: "error"
    schema: {"loadingURI":"#","pointer":"/properties/data"}
    instance: {"pointer":"/data"}
    domain: "validation"
    keyword: "required"
    required: ["brand"]
    missing: ["brand"]

  Actual: {"data":{"name":"REALIZE CFI S.A.","companies":[{"name":"REALIZE CRÉDITO, FINANCIAMENTO E INVESTIMENTO S.A.","cnpjNumber":"27351731","personalCreditCards":[{"name":"MEU CARTAO","identification":{"product":{"type":"STANDARD_INTERNACIONAL"},"creditCard":{"network":"VISA"}},"rewardsProgram":{"hasRewardProgram":false},"fees":{"services":[{"name":"ANUIDADE_CARTAO_BASICO_NACIONAL","code":"ANUIDADE_NACIONAL","chargingTriggerInfo":"Não se aplica.","prices":[{"interval":"1_FAIXA","value":"NA","currency":"BRL","customers":{"rate":"NA"}},{"interval":"2_FAIXA","value":"NA","currency":"BRL","customers":{"rate":"NA"}},{"interval":"3_FAIXA","value":"NA","currency":"BRL","customers":{"rate":"NA"}},{"interval":"4_FAIXA","value":"NA","currency":"BRL","customers":{"rate":"NA"}}],"minimum":{"value":"NA","currency":"BRL"},"maximum":{"value":"NA","currency":"BRL"}},{"name":"ANUIDADE_CARTAO_BASICO_INTERNACIONAL","code":"ANUIDADE_INTERNACIONAL","chargingTriggerInfo":"Disponibilização de rede de estabelecimentos afiliados, instalada no país e no exterior, para pagamentos de bens e serviços, cobrada no máximo uma vez a cada 12 (doze) meses, admitido o parcelamento da cobrança.","prices":[{"interval":"1_FAIXA","value":"142.80","currency":"BRL","customers":{"rate":"1.0000"}},{"interval":"2_FAIXA","value":"0.00","currency":"BRL","customers":{"rate":"0.0000"}},{"interval":"3_FAIXA","value":"0.00","currency":"BRL","customers":{"rate":"0.0000"}},{"interval":"4_FAIXA","value":"0.00","currency":"BRL","customers":{"rate":"0.0000"}}],"minimum":{"value":"142.80","currency":"BRL"},"maximum":{"value":"142.80","currency":"BRL"}},{"name":"ANUIDADE_DIFERENCIADA","code":"ANUIDADE_DIFERENCIADA","chargingTriggerInfo":"Disponibilização de rede de estabelecimentos afiliados, instalada no país e no exterior, para pagamentos de bens e serviços, cobrada no máximo uma vez a cada 12 (doze) meses, admitido o parcelamento da cobrança.","prices":[{"interval":"1_FAIXA","value":"NA","currency":"BRL","customers":{"rate":"NA"}},{"interval":"2_FAIXA","value":"NA","currency":"BRL","customers":{"rate":"NA"}},{"interval":"3_FAIXA","value":"NA","currency":"BRL","customers":{"rate":"NA"}},{"interval":"4_FAIXA","value":"NA","currency":"BRL","customers":{"rate":"NA"}}],"minimum":{"value":"NA","currency":"BRL"},"maximum":{"value":"NA","currency":"BRL"}},{"name":"UTILIZACAO_CANAIS_ATENDIMENTO_RETIRADA_ESPECIE_BRASIL","code":"SAQUE_CARTAO_BRASIL","chargingTriggerInfo":"Disponibilização e utilização pelo cliente de canais de atendimento disponíveis no país para retirada em espécie na função crédito.","prices":[{"interval":"1_FAIXA","value":"14.90","currency":"BRL","customers":{"rate":"1.0000"}},{"interval":"2_FAIXA","value":"0.00","currency":"BRL","customers":{"rate":"0.0000"}},{"interval":"3_FAIXA","value":"0.00","currency":"BRL","customers":{"rate":"0.0000"}},{"interval":"4_FAIXA","value":"0.00","currency":"BRL","customers":{"rate":"0.0000"}}],"minimum":{"value":"14.90","currency":"BRL"},"maximum":{"value":"14.90","currency":"BRL"}},{"name":"UTILIZACAO_CANAIS_ATENDIMENTO_RETIRADA_ESPECIE_EXTERIOR","code":"SAQUE_CARTAO_EXTERIOR","chargingTriggerInfo":"Disponibilização e utilização pelo cliente de canais de atendimento disponíveis no exterior para retirada em espécie na função crédito ou débito.","prices":[{"interval":"1_FAIXA","value":"14.90","currency":"BRL","customers":{"rate":"1.0000"}},{"interval":"2_FAIXA","value":"0.00","currency":"BRL","customers":{"rate":"0.0000"}},{"interval":"3_FAIXA","value":"0.00","currency":"BRL","customers":{"rate":"0.0000"}},{"interval":"4_FAIXA","value":"0.00","currency":"BRL","customers":{"rate":"0.0000"}}],"minimum":{"value":"14.90","currency":"BRL"},"maximum":{"value":"14.90","currency":"BRL"}},{"name":"AVALIACAO_EMERGENCIAL_CREDITO","code":"AVALIACAO_EMERGENCIAL_CREDITO","chargingTriggerInfo":"Avaliação de viabilidade e de riscos para a concessão de crédito em caráter emergencial, a pedido do cliente, por meio de atendimento pessoal, para realização de despesa acima do limite do cartão, cobrada no máximo uma vez nos últimos 30 (trinta) dias.","prices":[{"interval":"1_FAIXA","value":"18.90","currency":"BRL","customers":{"rate":"1.000"}},{"interval":"2_FAIXA","value":"0.00","currency":"BRL","customers":{"rate":"0.0000"}},{"interval":"3_FAIXA","value":"0.00","currency":"BRL","customers":{"rate":"0.0000"}},{"interval":"4_FAIXA","value":"0.00","currency":"BRL","customers":{"rate":"0.0000"}}],"minimum":{"value":"18.90","currency":"BRL"},"maximum":{"value":"18.90","currency":"BRL"}},{"name":"FORNECIMENTO_SEGUNDA_VIA_FUNCAO_CREDITO","code":"EMISSAO_SEGUNDA_VIA","chargingTriggerInfo":"Confecção e emissão de novo cartão com função credito, restrito a casos de pedidos de reposição formulados pelo detentor do cartão, decorrente de perda, roubo, furto, danificação e outros motives não imputáveis instituição emitente.","prices":[{"interval":"1_FAIXA","value":"14.99","currency":"BRL","customers":{"rate":"1.0000"}},{"interval":"2_FAIXA","value":"0.00","currency":"BRL","customers":{"rate":"0.0000"}},{"interval":"3_FAIXA","value":"0.00","currency":"BRL","customers":{"rate":"0.0000"}},{"interval":"4_FAIXA","value":"0.00","currency":"BRL","customers":{"rate":"0.0000"}}],"minimum":{"value":"14.99","currency":"BRL"},"maximum":{"value":"14.99","currency":"BRL"}},{"name":"PAGAMENTO_CONTAS_UTILIZANDO_FUNCAO_CREDITO","code":"TARIFA_PAGAMENTO_CONTAS","chargingTriggerInfo":"Não se aplica.","prices":[{"interval":"1_FAIXA","value":"NA","currency":"BRL","customers":{"rate":"NA"}},{"interval":"2_FAIXA","value":"NA","currency":"BRL","customers":{"rate":"NA"}},{"interval":"3_FAIXA","value":"NA","currency":"BRL","customers":{"rate":"NA"}},{"interval":"4_FAIXA","value":"NA","currency":"BRL","customers":{"rate":"NA"}}],"minimum":{"value":"NA","currency":"BRL"},"maximum":{"value":"NA","currency":"BRL"}},{"name":"SMS","code":"SMS","chargingTriggerInfo":"Envio de mensagem automática relativa à movimentação ou ao lançamento no cartão de crédito.","prices":[{"interval":"1_FAIXA","value":"3.90","currency":"BRL","customers":{"rate":"1.000"}},{"interval":"2_FAIXA","value":"0.00","currency":"BRL","customers":{"rate":"0.0000"}},{"interval":"3_FAIXA","value":"0.00","currency":"BRL","customers":{"rate":"0.0000"}},{"interval":"4_FAIXA","value":"0.00","currency":"BRL","customers":{"rate":"0.0000"}}],"minimum":{"value":"3.90","currency":"BRL"},"maximum":{"value":"3.90","currency":"BRL"}}]},"interest":{"rates":[{"referentialRateIndexer":"PRE_FIXADO","rate":"NA","applications":[{"interval":"1_FAIXA","indexer":{"rate":"0.1460"},"customers":{"rate":"1.0000"}},{"interval":"2_FAIXA","indexer":{"rate":"0.0000"},"customers":{"rate":"0.0000"}},{"interval":"3_FAIXA","indexer":{"rate":"0.0000"},"customers":{"rate":"0.0000"}},{"interval":"4_FAIXA","indexer":{"rate":"0.0000"},"customers":{"rate":"0.0000"}}],"minimumRate":"0.1460","maximumRate":"0.1460"}],"instalmentRates":[{"referentialRateIndexer":"PRE_FIXADO","rate":"NA","applications":[{"interval":"1_FAIXA","indexer":{"rate":"0.1460"},"customers":{"rate":"1.0000"}},{"interval":"2_FAIXA","indexer":{"rate":"0.0000"},"customers":{"rate":"0.0000"}},{"interval":"3_FAIXA","indexer":{"rate":"0.0000"},"customers":{"rate":"0.0000"}},{"interval":"4_FAIXA","indexer":{"rate":"0.0000"},"customers":{"rate":"0.0000"}}],"minimumRate":"0.1460","maximumRate":"0.1460"}],"otherCredits":[{"code":"SAQUE_A_CREDITO"}]},"termsConditions":{"minimumFeeRate":"0.10","additionalInfo":"O valor do pagamento mínimo será composto pelo saldo devedor das faturas anteriores + 10% das compras existentes na fatura atual + tarifas + encargos do mês + seguros + parcelas de parcelamentos (saque rápido e parcelamentos) + saques + 10% do saldo credor da fatura anterior + 10% de estornos.","elegibilityCriteriaInfo":"Ter idade mínima de 18 anos, CPF regular na Receita Federal e renda mínima maior ou igual ao salário mínimo.","closingProcessInfo":"1) Quando você quiser cancelar: Deve nos avisar através da Central de Atendimento ou nas Lojas Renner S.A., sendo o Meu Cartão imediatamente cancelado. O contrato, porém, permanecerá eficaz até o pagamento de todos os valores ainda devidos. \n 2) Quando a gente pode cancelar este contrato: Na ocorrência de qualquer uma das hipóteses abaixo, nós poderemos encerrar o contrato, comunicando você com antecedência de 5 (cinco) dias corridos, caso em que este contrato será considerado vencido antecipadamente e exigiremos que você pague de imediato o que nos for devido: \n -> você deixe de cumprir qualquer de suas obrigações, sofra legítimo protesto de título, tenha a sua insolvência ou falência decretada, tenha incluído seu nome no CCF, ou, ainda, tenha emitido cheque sem suficiente provisão de fundos contra a gente; \n -> você tenha restrições cadastrais ao longo da vigência deste contrato; \n -> você deixe de pagar os valores devidos na respectiva data de vencimento; \n -> você exceda os limites de crédito que lhe forem atribuídos; \n -> alguma informação de cadastro que não seja verdadeira; \n -> ocorra algum evento que afete nossas garantias ou direitos creditórios, ou dos bancos que outorgam crédito. \n -> ocorrência de fraude, suspeitas de lavagem de dinheiro, desacordo comercial ou qualquer ilícito."}},{"name":"MEU CARTAO","identification":{"product":{"type":"STANDARD_INTERNACIONAL"},"creditCard":{"network":"MASTERCARD"}},"rewardsProgram":{"hasRewardProgram":false},"fees":{"services":[{"name":"ANUIDADE_CARTAO_BASICO_NACIONAL","code":"ANUIDADE_NACIONAL","chargingTriggerInfo":"Não se aplica.","prices":[{"interval":"1_FAIXA","value":"NA","currency":"BRL","customers":{"rate":"NA"}},{"interval":"2_FAIXA","value":"NA","currency":"BRL","customers":{"rate":"NA"}},{"interval":"3_FAIXA","value":"NA","currency":"BRL","customers":{"rate":"NA"}},{"interval":"4_FAIXA","value":"NA","currency":"BRL","customers":{"rate":"NA"}}],"minimum":{"value":"NA","currency":"BRL"},"maximum":{"value":"NA","currency":"BRL"}},{"name":"ANUIDADE_CARTAO_BASICO_INTERNACIONAL","code":"ANUIDADE_INTERNACIONAL","chargingTriggerInfo":"Disponibilização de rede de estabelecimentos afiliados, instalada no país e no exterior, para pagamentos de bens e serviços, cobrada no máximo uma vez a cada 12 (doze) meses, admitido o parcelamento da cobrança.","prices":[{"interval":"1_FAIXA","value":"142.80","currency":"BRL","customers":{"rate":"1.0000"}},{"interval":"2_FAIXA","value":"0.00","currency":"BRL","customers":{"rate":"0.0000"}},{"interval":"3_FAIXA","value":"0.00","currency":"BRL","customers":{"rate":"0.0000"}},{"interval":"4_FAIXA","value":"0.00","currency":"BRL","customers":{"rate":"0.0000"}}],"minimum":{"value":"142.80","currency":"BRL"},"maximum":{"value":"142.80","currency":"BRL"}},{"name":"ANUIDADE_DIFERENCIADA","code":"ANUIDADE_DIFERENCIADA","chargingTriggerInfo":"Disponibilização de rede de estabelecimentos afiliados, instalada no país e no exterior, para pagamentos de bens e serviços, cobrada no máximo uma vez a cada 12 (doze) meses, admitido o parcelamento da cobrança.","prices":[{"interval":"1_FAIXA","value":"NA","currency":"BRL","customers":{"rate":"NA"}},{"interval":"2_FAIXA","value":"NA","currency":"BRL","customers":{"rate":"NA"}},{"interval":"3_FAIXA","value":"NA","currency":"BRL","customers":{"rate":"NA"}},{"interval":"4_FAIXA","value":"NA","currency":"BRL","customers":{"rate":"NA"}}],"minimum":{"value":"NA","currency":"BRL"},"maximum":{"value":"NA","currency":"BRL"}},{"name":"UTILIZACAO_CANAIS_ATENDIMENTO_RETIRADA_ESPECIE_BRASIL","code":"SAQUE_CARTAO_BRASIL","chargingTriggerInfo":"Disponibilização e utilização pelo cliente de canais de atendimento disponíveis no país para retirada em espécie na função crédito.","prices":[{"interval":"1_FAIXA","value":"14.90","currency":"BRL","customers":{"rate":"1.0000"}},{"interval":"2_FAIXA","value":"0.00","currency":"BRL","customers":{"rate":"0.0000"}},{"interval":"3_FAIXA","value":"0.00","currency":"BRL","customers":{"rate":"0.0000"}},{"interval":"4_FAIXA","value":"0.00","currency":"BRL","customers":{"rate":"0.0000"}}],"minimum":{"value":"14.90","currency":"BRL"},"maximum":{"value":"14.90","currency":"BRL"}},{"name":"UTILIZACAO_CANAIS_ATENDIMENTO_RETIRADA_ESPECIE_EXTERIOR","code":"SAQUE_CARTAO_EXTERIOR","chargingTriggerInfo":"Disponibilização e utilização pelo cliente de canais de atendimento disponíveis no exterior para retirada em espécie na função crédito ou débito.","prices":[{"interval":"1_FAIXA","value":"14.90","currency":"BRL","customers":{"rate":"1.0000"}},{"interval":"2_FAIXA","value":"0.00","currency":"BRL","customers":{"rate":"0.0000"}},{"interval":"3_FAIXA","value":"0.00","currency":"BRL","customers":{"rate":"0.0000"}},{"interval":"4_FAIXA","value":"0.00","currency":"BRL","customers":{"rate":"0.0000"}}],"minimum":{"value":"14.90","currency":"BRL"},"maximum":{"value":"14.90","currency":"BRL"}},{"name":"AVALIACAO_EMERGENCIAL_CREDITO","code":"AVALIACAO_EMERGENCIAL_CREDITO","chargingTriggerInfo":"Avaliação de viabilidade e de riscos para a concessão de crédito em caráter emergencial, a pedido do cliente, por meio de atendimento pessoal, para realização de despesa acima do limite do cartão, cobrada no máximo uma vez nos últimos 30 (trinta) dias.","prices":[{"interval":"1_FAIXA","value":"18.90","currency":"BRL","customers":{"rate":"1.000"}},{"interval":"2_FAIXA","value":"0.00","currency":"BRL","customers":{"rate":"0.0000"}},{"interval":"3_FAIXA","value":"0.00","currency":"BRL","customers":{"rate":"0.0000"}},{"interval":"4_FAIXA","value":"0.00","currency":"BRL","customers":{"rate":"0.0000"}}],"minimum":{"value":"18.90","currency":"BRL"},"maximum":{"value":"18.90","currency":"BRL"}},{"name":"FORNECIMENTO_SEGUNDA_VIA_FUNCAO_CREDITO","code":"EMISSAO_SEGUNDA_VIA","chargingTriggerInfo":"Confecção e emissão de novo cartão com função credito, restrito a casos de pedidos de reposição formulados pelo detentor do cartão, decorrente de perda, roubo, furto, danificação e outros motives não imputáveis instituição emitente.","prices":[{"interval":"1_FAIXA","value":"14.99","currency":"BRL","customers":{"rate":"1.0000"}},{"interval":"2_FAIXA","value":"0.00","currency":"BRL","customers":{"rate":"0.0000"}},{"interval":"3_FAIXA","value":"0.00","currency":"BRL","customers":{"rate":"0.0000"}},{"interval":"4_FAIXA","value":"0.00","currency":"BRL","customers":{"rate":"0.0000"}}],"minimum":{"value":"14.99","currency":"BRL"},"maximum":{"value":"14.99","currency":"BRL"}},{"name":"PAGAMENTO_CONTAS_UTILIZANDO_FUNCAO_CREDITO","code":"TARIFA_PAGAMENTO_CONTAS","chargingTriggerInfo":"Não se aplica.","prices":[{"interval":"1_FAIXA","value":"NA","currency":"BRL","customers":{"rate":"NA"}},{"interval":"2_FAIXA","value":"NA","currency":"BRL","customers":{"rate":"NA"}},{"interval":"3_FAIXA","value":"NA","currency":"BRL","customers":{"rate":"NA"}},{"interval":"4_FAIXA","value":"NA","currency":"BRL","customers":{"rate":"NA"}}],"minimum":{"value":"NA","currency":"BRL"},"maximum":{"value":"NA","currency":"BRL"}},{"name":"SMS","code":"SMS","chargingTriggerInfo":"Envio de mensagem automática relativa à movimentação ou ao lançamento no cartão de crédito.","prices":[{"interval":"1_FAIXA","value":"3.90","currency":"BRL","customers":{"rate":"1.000"}},{"interval":"2_FAIXA","value":"0.00","currency":"BRL","customers":{"rate":"0.0000"}},{"interval":"3_FAIXA","value":"0.00","currency":"BRL","customers":{"rate":"0.0000"}},{"interval":"4_FAIXA","value":"0.00","currency":"BRL","customers":{"rate":"0.0000"}}],"minimum":{"value":"3.90","currency":"BRL"},"maximum":{"value":"3.90","currency":"BRL"}}]},"interest":{"rates":[{"referentialRateIndexer":"PRE_FIXADO","rate":"NA","applications":[{"interval":"1_FAIXA","indexer":{"rate":"0.1460"},"customers":{"rate":"1.0000"}},{"interval":"2_FAIXA","indexer":{"rate":"0.0000"},"customers":{"rate":"0.0000"}},{"interval":"3_FAIXA","indexer":{"rate":"0.0000"},"customers":{"rate":"0.0000"}},{"interval":"4_FAIXA","indexer":{"rate":"0.0000"},"customers":{"rate":"0.0000"}}],"minimumRate":"0.1460","maximumRate":"0.1460"}],"instalmentRates":[{"referentialRateIndexer":"PRE_FIXADO","rate":"NA","applications":[{"interval":"1_FAIXA","indexer":{"rate":"0.1460"},"customers":{"rate":"1.0000"}},{"interval":"2_FAIXA","indexer":{"rate":"0.0000"},"customers":{"rate":"0.0000"}},{"interval":"3_FAIXA","indexer":{"rate":"0.0000"},"customers":{"rate":"0.0000"}},{"interval":"4_FAIXA","indexer":{"rate":"0.0000"},"customers":{"rate":"0.0000"}}],"minimumRate":"0.1460","maximumRate":"0.1460"}],"otherCredits":[{"code":"SAQUE_A_CREDITO"}]},"termsConditions":{"minimumFeeRate":"0.10","additionalInfo":"O valor do pagamento mínimo será composto pelo saldo devedor das faturas anteriores + 10% das compras existentes na fatura atual + tarifas + encargos do mês + seguros + parcelas de parcelamentos (saque rápido e parcelamentos) + saques + 10% do saldo credor da fatura anterior + 10% de estornos.","elegibilityCriteriaInfo":"Ter idade mínima de 18 anos, CPF regular na Receita Federal e renda mínima maior ou igual ao salário mínimo.","closingProcessInfo":"1) Quando você quiser cancelar: Deve nos avisar através da Central de Atendimento ou nas Lojas Renner S.A., sendo o imediatamente o Meu Cartão cancelado. O contrato, porém, permanecerá eficaz até o pagamento de todos os valores ainda devidos. \n 2) Quando a gente pode cancelar este contrato: Na ocorrência de qualquer uma das hipóteses abaixo, nós poderemos encerrar o contrato, comunicando você com antecedência de 5 (cinco) dias corridos, caso em que este contrato será considerado vencido antecipadamente e exigiremos que você pague de imediato o que nos for devido: \n -> você deixe de cumprir qualquer de suas obrigações, sofra legítimo protesto de título, tenha a sua insolvência ou falência decretada, tenha incluído seu nome no CCF, ou, ainda, tenha emitido cheque sem suficiente provisão de fundos contra a gente; \n -> você tenha restrições cadastrais ao longo da vigência deste contrato; \n -> você deixe de pagar os valores devidos na respectiva data de vencimento; \n -> você exceda os limites de crédito que lhe forem atribuídos; \n -> alguma informação de cadastro que não seja verdadeira; \n -> ocorra algum evento que afete nossas garantias ou direitos creditórios, ou dos bancos que outorgam crédito. \n -> ocorrência de fraude, suspeitas de lavagem de dinheiro, desacordo comercial ou qualquer ilícito."}},{"name":"CARTAO RENNER","identification":{"product":{"type":"COMPRAS"},"creditCard":{"network":"BANDEIRA_PROPRIA"}},"rewardsProgram":{"hasRewardProgram":false},"fees":{"services":[{"name":"ANUIDADE_CARTAO_BASICO_NACIONAL","code":"ANUIDADE_NACIONAL","chargingTriggerInfo":"Disponibilização de rede de estabelecimentos afiliados, instalada no país e no exterior, para pagamentos de bens e serviços, cobrada no máximo uma vez a cada 12 (doze) meses, admitido o parcelamento da cobrança.","prices":[{"interval":"1_FAIXA","value":"NA","currency":"BRL","customers":{"rate":"NA"}},{"interval":"2_FAIXA","value":"NA","currency":"BRL","customers":{"rate":"NA"}},{"interval":"3_FAIXA","value":"NA","currency":"BRL","customers":{"rate":"NA"}},{"interval":"4_FAIXA","value":"NA","currency":"BRL","customers":{"rate":"NA"}}],"minimum":{"value":"NA","currency":"BRL"},"maximum":{"value":"NA","currency":"BRL"}},{"name":"ANUIDADE_CARTAO_BASICO_INTERNACIONAL","code":"ANUIDADE_INTERNACIONAL","chargingTriggerInfo":"Disponibilização de rede de estabelecimentos afiliados, instalada no país e no exterior, para pagamentos de bens e serviços, cobrada no máximo uma vez a cada 12 (doze) meses, admitido o parcelamento da cobrança.","prices":[{"interval":"1_FAIXA","value":"NA","currency":"BRL","customers":{"rate":"NA"}},{"interval":"2_FAIXA","value":"NA","currency":"BRL","customers":{"rate":"NA"}},{"interval":"3_FAIXA","value":"NA","currency":"BRL","customers":{"rate":"NA"}},{"interval":"4_FAIXA","value":"NA","currency":"BRL","customers":{"rate":"NA"}}],"minimum":{"value":"NA","currency":"BRL"},"maximum":{"value":"NA","currency":"BRL"}},{"name":"ANUIDADE_DIFERENCIADA","code":"ANUIDADE_DIFERENCIADA","chargingTriggerInfo":"Disponibilização de rede de estabelecimentos afiliados, instalada no país e no exterior, para pagamentos de bens e serviços, cobrada no máximo uma vez a cada 12 (doze) meses, admitido o parcelamento da cobrança.","prices":[{"interval":"1_FAIXA","value":"NA","currency":"BRL","customers":{"rate":"NA"}},{"interval":"2_FAIXA","value":"NA","currency":"BRL","customers":{"rate":"NA"}},{"interval":"3_FAIXA","value":"NA","currency":"BRL","customers":{"rate":"NA"}},{"interval":"4_FAIXA","value":"NA","currency":"BRL","customers":{"rate":"NA"}}],"minimum":{"value":"NA","currency":"BRL"},"maximum":{"value":"NA","currency":"BRL"}},{"name":"UTILIZACAO_CANAIS_ATENDIMENTO_RETIRADA_ESPECIE_BRASIL","code":"SAQUE_CARTAO_BRASIL","chargingTriggerInfo":"Disponibilização e utilização pelo cliente de canais de atendimento disponíveis no país para retirada em espécie na função crédito.","prices":[{"interval":"1_FAIXA","value":"NA","currency":"BRL","customers":{"rate":"NA"}},{"interval":"2_FAIXA","value":"NA","currency":"BRL","customers":{"rate":"NA"}},{"interval":"3_FAIXA","value":"NA","currency":"BRL","customers":{"rate":"NA"}},{"interval":"4_FAIXA","value":"NA","currency":"BRL","customers":{"rate":"NA"}}],"minimum":{"value":"NA","currency":"BRL"},"maximum":{"value":"NA","currency":"BRL"}},{"name":"UTILIZACAO_CANAIS_ATENDIMENTO_RETIRADA_ESPECIE_EXTERIOR","code":"SAQUE_CARTAO_EXTERIOR","chargingTriggerInfo":"Disponibilização e utilização pelo cliente de canais de atendimento disponíveis no exterior para retirada em espécie na função crédito ou débito.","prices":[{"interval":"1_FAIXA","value":"NA","currency":"BRL","customers":{"rate":"NA"}},{"interval":"2_FAIXA","value":"NA","currency":"BRL","customers":{"rate":"NA"}},{"interval":"3_FAIXA","value":"NA","currency":"BRL","customers":{"rate":"NA"}},{"interval":"4_FAIXA","value":"NA","currency":"BRL","customers":{"rate":"NA"}}],"minimum":{"value":"NA","currency":"BRL"},"maximum":{"value":"NA","currency":"BRL"}},{"name":"AVALIACAO_EMERGENCIAL_CREDITO","code":"AVALIACAO_EMERGENCIAL_CREDITO","chargingTriggerInfo":"Avaliação de viabilidade e de riscos para a concessão de crédito em caráter emergencial, a pedido do cliente, por meio de atendimento pessoal, para realização de despesa acima do limite do cartão, cobrada no máximo uma vez nos últimos 30 (trinta) dias.","prices":[{"interval":"1_FAIXA","value":"NA","currency":"BRL","customers":{"rate":"NA"}},{"interval":"2_FAIXA","value":"NA","currency":"BRL","customers":{"rate":"NA"}},{"interval":"3_FAIXA","value":"NA","currency":"BRL","customers":{"rate":"NA"}},{"interval":"4_FAIXA","value":"NA","currency":"BRL","customers":{"rate":"NA"}}],"minimum":{"value":"NA","currency":"BRL"},"maximum":{"value":"NA","currency":"BRL"}},{"name":"FORNECIMENTO_SEGUNDA_VIA_FUNCAO_CREDITO","code":"EMISSAO_SEGUNDA_VIA","chargingTriggerInfo":"Confecção e emissão de novo cartão com função credito, restrito a casos de pedidos de reposição formulados pelo detentor do cartão, decorrente de perda, roubo, furto, danificação e outros motives não imputáveis instituição emitente.","prices":[{"interval":"1_FAIXA","value":"NA","currency":"BRL","customers":{"rate":"NA"}},{"interval":"2_FAIXA","value":"NA","currency":"BRL","customers":{"rate":"NA"}},{"interval":"3_FAIXA","value":"NA","currency":"BRL","customers":{"rate":"NA"}},{"interval":"4_FAIXA","value":"NA","currency":"BRL","customers":{"rate":"NA"}}],"minimum":{"value":"NA","currency":"BRL"},"maximum":{"value":"NA","currency":"BRL"}},{"name":"PAGAMENTO_CONTAS_UTILIZANDO_FUNCAO_CREDITO","code":"TARIFA_PAGAMENTO_CONTAS","chargingTriggerInfo":"Não se aplica.","prices":[{"interval":"1_FAIXA","value":"NA","currency":"BRL","customers":{"rate":"NA"}},{"interval":"2_FAIXA","value":"NA","currency":"BRL","customers":{"rate":"NA"}},{"interval":"3_FAIXA","value":"NA","currency":"BRL","customers":{"rate":"NA"}},{"interval":"4_FAIXA","value":"NA","currency":"BRL","customers":{"rate":"NA"}}],"minimum":{"value":"NA","currency":"BRL"},"maximum":{"value":"NA","currency":"BRL"}},{"name":"SMS","code":"SMS","chargingTriggerInfo":"Envio de mensagem automática relativa à movimentação ou ao lançamento no cartão de crédito.","prices":[{"interval":"1_FAIXA","value":"NA","currency":"BRL","customers":{"rate":"NA"}},{"interval":"2_FAIXA","value":"NA","currency":"BRL","customers":{"rate":"NA"}},{"interval":"3_FAIXA","value":"NA","currency":"BRL","customers":{"rate":"NA"}},{"interval":"4_FAIXA","value":"NA","currency":"BRL","customers":{"rate":"NA"}}],"minimum":{"value":"NA","currency":"BRL"},"maximum":{"value":"NA","currency":"BRL"}}]},"interest":{"rates":[{"referentialRateIndexer":"PRE_FIXADO","rate":"NA","applications":[{"interval":"1_FAIXA","indexer":{"rate":"0.1590"},"customers":{"rate":"1.0000"}},{"interval":"2_FAIXA","indexer":{"rate":"0.0000"},"customers":{"rate":"0.0000"}},{"interval":"3_FAIXA","indexer":{"rate":"0.0000"},"customers":{"rate":"0.0000"}},{"interval":"4_FAIXA","indexer":{"rate":"0.0000"},"customers":{"rate":"0.0000"}}],"minimumRate":"0.1590","maximumRate":"0.1590"}],"instalmentRates":[{"referentialRateIndexer":"PRE_FIXADO","rate":"NA","applications":[{"interval":"1_FAIXA","indexer":{"rate":"0.1590"},"customers":{"rate":"1.0000"}},{"interval":"2_FAIXA","indexer":{"rate":"0.0000"},"customers":{"rate":"0.0000"}},{"interval":"3_FAIXA","indexer":{"rate":"0.0000"},"customers":{"rate":"0.0000"}},{"interval":"4_FAIXA","indexer":{"rate":"0.0000"},"customers":{"rate":"0.0000"}}],"minimumRate":"0.1590","maximumRate":"0.1590"}],"otherCredits":[{"code":"SAQUE_A_CREDITO"}]},"termsConditions":{"minimumFeeRate":"0.10","elegibilityCriteriaInfo":"Ter idade mínima de 18 anos, CPF regular na Receita Federal e renda mínima maior ou igual ao salário mínimo.","closingProcessInfo":"1) Quando você quiser cancelar: Deve comparecer em alguma loja da Renner que ofereça este serviço, sendo o Cartão Renner imediatamente cancelado. O contrato, porém, permanecerá eficaz até o pagamento de todos os valores ainda devidos. \n 2) Quando a gente pode cancelar este contrato: Na ocorrência de qualquer uma das hipóteses abaixo, nós poderemos encerrar o contrato, comunicando você com antecedência de 5 (cinco) dias corridos, caso em que este contrato será considerado vencido antecipadamente e exigiremos que você pague de imediato o que nos for devido: \n -> você deixe de cumprir qualquer de suas obrigações, sofra legítimo protesto de título, tenha a sua insolvência ou falência decretada, tenha incluído seu nome no CCF, ou, ainda, tenha emitido cheque sem suficiente provisão de fundos contra a gente; \n -> você tenha restrições cadastrais ao longo da vigência deste contrato; \n -> você deixe de pagar os valores devidos na respectiva data de vencimento; \n -> você exceda os limites de crédito que lhe forem atribuídos; \n -> alguma informação de cadastro que não seja verdadeira; \n -> ocorra algum evento que afete nossas garantias ou direitos creditórios, ou dos bancos que outorgam crédito. \n -> ocorrência de fraude, suspeitas de lavagem de dinheiro, desacordo comercial ou qualquer ilícito."}}]}]},"links":{"self":"http://10.120.192.16/open-banking/products-services/v1/personal-credit-cards?page=1&page-size=25","first":null,"prev":null,"next":null,"last":null},"meta":{"totalRecords":3,"totalPages":1}}

	at br.com.realize.tests.fase01.ProdutosServicos.CartaoCreditoPessoaNatural.tests.GetCartaoCreditoPessoaNaturalTest.testGarantirContratosCreditoPessoaNatural(GetCartaoCreditoPessoaNaturalTest.java:98)

