-------------------------------------------------------------------------------
Test set: br.com.realize.tests.fase02.CartaoCredito.LimitesCreditoContaPosPago.tests.GetLimiteCartaoCreditoTest
-------------------------------------------------------------------------------
Tests run: 7, Failures: 2, Errors: 0, Skipped: 0, Time elapsed: 0.567 s <<< FAILURE! - in br.com.realize.tests.fase02.CartaoCredito.LimitesCreditoContaPosPago.tests.GetLimiteCartaoCreditoTest
testCpfSemCartaoCredito(br.com.realize.tests.fase02.CartaoCredito.LimitesCreditoContaPosPago.tests.GetLimiteCartaoCreditoTest)  Time elapsed: 0.064 s  <<< FAILURE!
java.lang.AssertionError: 
1 expectation failed.
Expected status code <404> but was <500>.

	at br.com.realize.tests.fase02.CartaoCredito.LimitesCreditoContaPosPago.tests.GetLimiteCartaoCreditoTest.testCpfSemCartaoCredito(GetLimiteCartaoCreditoTest.java:81)

testGarantirContratosLimitesCartaoCredito(br.com.realize.tests.fase02.CartaoCredito.LimitesCreditoContaPosPago.tests.GetLimiteCartaoCreditoTest)  Time elapsed: 0.119 s  <<< FAILURE!
java.lang.AssertionError: 
1 expectation failed.
Response body doesn't match expectation.
Expected: The content to match the given JSON schema.
error: instance type (null) does not match any allowed primitive type (allowed: ["string"])
    level: "error"
    schema: {"loadingURI":"#","pointer":"/properties/data/items/0/properties/lineName"}
    instance: {"pointer":"/data/0/lineName"}
    domain: "validation"
    keyword: "type"
    found: "null"
    expected: ["string"]
error: instance type (null) does not match any allowed primitive type (allowed: ["string"])
    level: "error"
    schema: {"loadingURI":"#","pointer":"/properties/data/items/0/properties/lineNameAdditionalInfo"}
    instance: {"pointer":"/data/0/lineNameAdditionalInfo"}
    domain: "validation"
    keyword: "type"
    found: "null"
    expected: ["string"]
error: object has missing required properties (["requestDateTime"])
    level: "error"
    schema: {"loadingURI":"#","pointer":"/properties/meta"}
    instance: {"pointer":"/meta"}
    domain: "validation"
    keyword: "required"
    required: ["requestDateTime","totalPages","totalRecords"]
    missing: ["requestDateTime"]

  Actual: {"data":[{"creditLineLimitType":"LIMITE_CREDITO_TOTAL","consolidationType":"CONSOLIDADO","identificationNumber":"************6500","lineName":null,"lineNameAdditionalInfo":null,"isLimitFlexible":false,"limitAmount":0,"limitAmountCurrency":"BRL","usedAmount":0.00,"usedAmountCurrency":"BRL","availableAmount":0,"availableAmountCurrency":"BRL"},{"creditLineLimitType":"LIMITE_CREDITO_MODALIDADE_OPERACAO","consolidationType":"INDIVIDUAL","identificationNumber":"************6500","lineName":"CREDITO_A_VISTA","lineNameAdditionalInfo":"Limite de compras para uso exclusivo nas Lojas Renner e Camicato","isLimitFlexible":false,"limitAmount":0,"limitAmountCurrency":"BRL","usedAmount":0.00,"usedAmountCurrency":"BRL","availableAmount":0,"availableAmountCurrency":"BRL"},{"creditLineLimitType":"LIMITE_CREDITO_MODALIDADE_OPERACAO","consolidationType":"INDIVIDUAL","identificationNumber":"************6500","lineName":"SAQUE_CREDITO_BRASIL","lineNameAdditionalInfo":null,"isLimitFlexible":false,"limitAmount":0,"limitAmountCurrency":"BRL","usedAmount":0.00,"usedAmountCurrency":"BRL","availableAmount":0,"availableAmountCurrency":"BRL"}],"links":{"self":"http://10.120.192.16/open-banking/credit-cards-accounts/v1/accounts/590680765/limits","first":null,"prev":null,"next":null,"last":null},"meta":{"totalRecords":3,"totalPages":1}}

	at br.com.realize.tests.fase02.CartaoCredito.LimitesCreditoContaPosPago.tests.GetLimiteCartaoCreditoTest.testGarantirContratosLimitesCartaoCredito(GetLimiteCartaoCreditoTest.java:57)

