-------------------------------------------------------------------------------
Test set: br.com.realize.tests.fase01.API_ComunsInternas.BackofficeOutages.tests.PutBackoffideOutagesTest
-------------------------------------------------------------------------------
Tests run: 6, Failures: 5, Errors: 0, Skipped: 0, Time elapsed: 0.703 s <<< FAILURE! - in br.com.realize.tests.fase01.API_ComunsInternas.BackofficeOutages.tests.PutBackoffideOutagesTest
testAlterarIndisponibilidadeCampoObrigatorioNaoPreenchido(br.com.realize.tests.fase01.API_ComunsInternas.BackofficeOutages.tests.PutBackoffideOutagesTest)  Time elapsed: 0.166 s  <<< FAILURE!
java.lang.AssertionError: 
1 expectation failed.
Expected status code <400> but was <500>.

	at br.com.realize.tests.fase01.API_ComunsInternas.BackofficeOutages.tests.PutBackoffideOutagesTest.testAlterarIndisponibilidadeCampoObrigatorioNaoPreenchido(PutBackoffideOutagesTest.java:71)

testAlterarIndisponibilidadeDataInferiorAtual(br.com.realize.tests.fase01.API_ComunsInternas.BackofficeOutages.tests.PutBackoffideOutagesTest)  Time elapsed: 0.158 s  <<< FAILURE!
java.lang.AssertionError: 
1 expectation failed.
Expected status code <400> but was <500>.

	at br.com.realize.tests.fase01.API_ComunsInternas.BackofficeOutages.tests.PutBackoffideOutagesTest.testAlterarIndisponibilidadeDataInferiorAtual(PutBackoffideOutagesTest.java:51)

testGarantirContratosAlteracaoIndisponibilidade(br.com.realize.tests.fase01.API_ComunsInternas.BackofficeOutages.tests.PutBackoffideOutagesTest)  Time elapsed: 0.08 s  <<< FAILURE!
java.lang.AssertionError: 
1 expectation failed.
Expected status code <200> but was <500>.

	at br.com.realize.tests.fase01.API_ComunsInternas.BackofficeOutages.tests.PutBackoffideOutagesTest.testGarantirContratosAlteracaoIndisponibilidade(PutBackoffideOutagesTest.java:94)

testAlterarIndisponibilidade(br.com.realize.tests.fase01.API_ComunsInternas.BackofficeOutages.tests.PutBackoffideOutagesTest)  Time elapsed: 0.137 s  <<< FAILURE!
java.lang.AssertionError: 
1 expectation failed.
Expected status code <200> but was <500>.

	at br.com.realize.tests.fase01.API_ComunsInternas.BackofficeOutages.tests.PutBackoffideOutagesTest.testAlterarIndisponibilidade(PutBackoffideOutagesTest.java:41)

testAlterarIndisponibilidadeIsPartialTrue(br.com.realize.tests.fase01.API_ComunsInternas.BackofficeOutages.tests.PutBackoffideOutagesTest)  Time elapsed: 0.139 s  <<< FAILURE!
java.lang.AssertionError: 
1 expectation failed.
Expected status code <200> but was <500>.

	at br.com.realize.tests.fase01.API_ComunsInternas.BackofficeOutages.tests.PutBackoffideOutagesTest.testAlterarIndisponibilidadeIsPartialTrue(PutBackoffideOutagesTest.java:61)

