-------------------------------------------------------------------------------
Test set: br.com.realize.runners.AllTests
-------------------------------------------------------------------------------
Tests run: 160, Failures: 38, Errors: 0, Skipped: 0, Time elapsed: 226.113 s <<< FAILURE! - in br.com.realize.runners.AllTests
testGarantirContratosAtendimentoEletronico(br.com.realize.tests.fase01.CanaisAtendimento.AtendimentoEletronico.tests.GetAtendimentoEletronicoTest)  Time elapsed: 0.645 s  <<< FAILURE!
java.lang.AssertionError: 
1 expectation failed.
Response body doesn't match expectation.
Expected: The content to match the given JSON schema.
error: object has missing required properties (["brand"])
    level: "error"
    schema: {"loadingURI":"#","pointer":"/properties/data"}
    instance: {"pointer":"/data"}
    domain: "validation"
    keyword: "required"
    required: ["brand"]
    missing: ["brand"]

  Actual: {"data":{"name":"REALIZE CFI S.A.","companies":[{"name":"REALIZE CRÉDITO, FINANCIAMENTO E INVESTIMENTO S.A.","cnpjNumber":"27351731","electronicChannels":[{"identification":{"type":"INTERNET_BANKING","additionalInfo":"Pagamento de contas e visualização de limites.","urls":["https://www.realizesolucoesfinanceiras.com.br/cartoes-renner/login","https://www.realizesolucoesfinanceiras.com.br/cartoes-renner/login/data-nascimento"]},"services":[{"name":"CARTAO_CREDITO","code":"CARTAO_CREDITO"}]},{"identification":{"type":"MOBILE_BANKING","urls":["https://play.google.com/store/apps/details?id=br.com.lojasrenner&hl=pt_BR","https://apps.apple.com/br/app/lojas-renner-roupas-e-sapatos/id567763947"]},"services":[{"name":"CARTAO_CREDITO","code":"CARTAO_CREDITO"},{"name":"SEGUROS","code":"SEGUROS"}]}]}]},"links":{"self":"http://10.120.192.16/open-banking/channels/v1/electronic-channels?page=1&page-size=10","first":null,"prev":null,"next":null,"last":null},"meta":{"totalRecords":2,"totalPages":1}}

	at br.com.realize.tests.fase01.CanaisAtendimento.AtendimentoEletronico.tests.GetAtendimentoEletronicoTest.testGarantirContratosAtendimentoEletronico(GetAtendimentoEletronicoTest.java:90)

testGarantirContratosInformacoesConta(br.com.realize.tests.fase01.CanaisAtendimento.AtendimentoTelefonico.tests.GetAtendimentoTelefonicoTest)  Time elapsed: 0.483 s  <<< FAILURE!
java.lang.AssertionError: 
1 expectation failed.
Response body doesn't match expectation.
Expected: The content to match the given JSON schema.
error: object has missing required properties (["brand"])
    level: "error"
    schema: {"loadingURI":"#","pointer":"/properties/data"}
    instance: {"pointer":"/data"}
    domain: "validation"
    keyword: "required"
    required: ["brand"]
    missing: ["brand"]

  Actual: {"data":{"name":"REALIZE CFI S.A.","companies":[{"name":"REALIZE CRÉDITO, FINANCIAMENTO E INVESTIMENTO S.A.","cnpjNumber":"27351731","phoneChannels":[{"identification":{"type":"CENTRAL_TELEFONICA","additionalInfo":"Central de atendimento","phones":[{"countryCallingCode":"55","areaCode":"NA","number":"30045060"},{"countryCallingCode":"NA","areaCode":"NA","number":"0800 073 6637"},{"countryCallingCode":"55","areaCode":"NA","number":"40042900"},{"countryCallingCode":"55","areaCode":"51","number":"39215464"},{"countryCallingCode":"NA","areaCode":"NA","number":"0800 727 9505"},{"countryCallingCode":"NA","areaCode":"NA","number":"0800 722 9855"}]},"services":[{"name":"CARTAO_CREDITO","code":"CARTAO_CREDITO"},{"name":"SEGUROS","code":"SEGUROS"}]},{"identification":{"type":"SAC","additionalInfo":"Canal exclusivo para reclamações, informações e cancelamentos.","phones":[{"countryCallingCode":"NA","areaCode":"NA","number":"0800 600 6601"}]},"services":[{"name":"RECLAMACOES","code":"RECLAMACOES"},{"name":"INFORMACOES","code":"INFORMACOES"},{"name":"CANCELAMENTO","code":"CANCELAMENTO"}]},{"identification":{"type":"OUVIDORIA","additionalInfo":"Atuação na mediação de conflitos.","phones":[{"countryCallingCode":"NA","areaCode":"NA","number":"0800 727 0127"}]},"services":[{"name":"CARTAO_CREDITO","code":"CARTAO_CREDITO"}]},{"identification":{"type":"OUTROS","additionalInfo":"Assitente virtual cartões RENNER","phones":[{"countryCallingCode":"55","areaCode":"51","number":"39214004"}]},"services":[{"name":"CARTAO_CREDITO","code":"CARTAO_CREDITO","additionalInfo":"Verificação de saldos, carnês e faturas e geração de boletos para pagamento via WhatsApp."}]}]}]},"links":{"self":"http://10.120.192.16/open-banking/channels/v1/phone-channels?page=1&page-size=25","first":null,"prev":null,"next":null,"last":null},"meta":{"totalRecords":4,"totalPages":1}}

	at br.com.realize.tests.fase01.CanaisAtendimento.AtendimentoTelefonico.tests.GetAtendimentoTelefonicoTest.testGarantirContratosInformacoesConta(GetAtendimentoTelefonicoTest.java:117)

testGarantirContratosDependenciasProprias(br.com.realize.tests.fase01.CanaisAtendimento.DependenciasProprias.tests.GetDependenciasPropriasTest)  Time elapsed: 0.324 s  <<< FAILURE!
java.lang.AssertionError: 
1 expectation failed.
Response body doesn't match expectation.
Expected: The content to match the given JSON schema.
error: object has missing required properties (["brand"])
    level: "error"
    schema: {"loadingURI":"#","pointer":"/properties/data"}
    instance: {"pointer":"/data"}
    domain: "validation"
    keyword: "required"
    required: ["brand"]
    missing: ["brand"]

  Actual: {"data":{"name":"REALIZE CFI S.A.","companies":[{"name":"REALIZE CRÉDITO, FINANCIAMENTO E INVESTIMENTO S.A.","cnpjNumber":"27351731","branches":[{"identification":{"type":"AGENCIA","code":"0001","checkDigit":"0","name":"REALIZE CRÉDITO, FINANCIAMENTO E INVESTIMENTO S.A."},"postalAddress":{"address":"Avenida Dolores Alcaras Caldas, 90","additionalInfo":"9º andar","districtName":"Praia de Belas","townName":"Porto Alegre","ibgeCode":"4314902","countrySubDivision":"RS","postCode":"90110-180","country":"Brasil","countryCode":"BRA","geographicCoordinates":{"longitude":"-51.23049823738758","latitude":"-30.046094845327126"}},"availability":{"standards":[{"weekday":"SEGUNDA_FEIRA","openingTime":"12:00:00Z","closingTime":"19:00:00Z"},{"weekday":"TERCA_FEIRA","openingTime":"12:00:00Z","closingTime":"19:00:00Z"},{"weekday":"QUARTA_FEIRA","openingTime":"12:00:00Z","closingTime":"19:00:00Z"},{"weekday":"QUINTA_FEIRA","openingTime":"12:00:00Z","closingTime":"19:00:00Z"},{"weekday":"SEXTA_FEIRA","openingTime":"12:00:00Z","closingTime":"19:00:00Z"}],"exception":"Exceto feriados municipais, estaduais e nacionais"},"phones":[{"type":"FIXO","countryCallingCode":"55","areaCode":"51","number":"30045060"},{"type":"FIXO","countryCallingCode":"55","areaCode":"51","number":"08000736637"}],"services":[{"name":"INFORMACOES","code":"INFORMACOES"},{"name":"RECLAMACOES","code":"RECLAMACOES"}]}]}]},"links":{"self":"http://10.120.192.16/open-banking/channels/v1/branches?page=1&page-size=25","first":null,"prev":null,"next":null,"last":null},"meta":{"totalRecords":1,"totalPages":1}}

	at br.com.realize.tests.fase01.CanaisAtendimento.DependenciasProprias.tests.GetDependenciasPropriasTest.testGarantirContratosDependenciasProprias(GetDependenciasPropriasTest.java:54)

testGarantirContratosCorrespondentesBancarios(br.com.realize.tests.fase01.CanaisAtendimento.CorrespondentesBancarios.tests.GetCorrespondentesBancariosTest)  Time elapsed: 6.627 s  <<< FAILURE!
java.lang.AssertionError: 
1 expectation failed.
Response body doesn't match expectation.
Expected: The content to match the given JSON schema.
error: object has missing required properties (["brand"])
    level: "error"
    schema: {"loadingURI":"#","pointer":"/properties/data"}
    instance: {"pointer":"/data"}
    domain: "validation"
    keyword: "required"
    required: ["brand"]
    missing: ["brand"]

  Actual: {"data":{"name":"REALIZE CFI S.A.","companies":[{"name":"REALIZE CRÉDITO, FINANCIAMENTO E INVESTIMENTO S.A.","cnpjNumber":"27351731","contractors":[{"name":"REALIZE CRÉDITO, FINANCIAMENTO E INVESTIMENTO S.A.","cnpjNumber":"27351731000138","bankingAgents":[{"identification":{"corporationName":"LOJAS RENNER S.A.-LOJA NATAL SHOPPING","groupName":"LOJAS RENNER S.A.","cnpjNumber":"92754738025904","isUnderestablishment":false},"locations":[{"postalAddress":{"address":"AVENIDA SENADOR SALGADO FILHO, 2234, (ESPAÇO COMERCIAL Nº 368)","districtName":"NATAL SHOPPING","townName":"NATAL","countrySubDivision":"RN","postCode":"59064900","country":"Brasil","countryCode":"BRA"},"phones":[{"type":"FIXO","countryCallingCode":"55","areaCode":"85","number":"33043847"}],"availability":{"standards":[{"weekday":"DOMINGO"},{"weekday":"SEGUNDA_FEIRA"},{"weekday":"TERCA_FEIRA"},{"weekday":"QUARTA_FEIRA"},{"weekday":"QUINTA_FEIRA"},{"weekday":"SEXTA_FEIRA"},{"weekday":"SABADO"}],"exception":"Exceto em datas festivas de Ano Novo, Dia das Mães, Dia dos Pais e Natal"}}],"services":[{"name":"RECEBIMENTOS_PAGAMENTOS_QUALQUER_NATUREZA_OUTRAS_ATIVIDADES_DECORRENTES_EXECUCAO_CONTRATOS_CONVENIOS_PRESTACAO_SERVICOS","code":"RECEBIMENTOS_PAGAMENTOS_QUALQUER_NATUREZA_EXECUCAO_CONTRATOS_CONVENIO"},{"name":"EXECUCAO_ATIVA_PASSIVA_ORDENS_PAGAMENTO_CURSADAS_INTERMEDIO_INSTITUICAO_CONTRATANTE_SOLICITACAO_CLIENTES_USUARIOS","code":"EXECUCAO_ATIVA_PASSIVA_ORDENS_PAGAMENTO"},{"name":"RECEPCAO_ENCAMINHAMENTO_PROPOSTAS_FORNECIMENTO_CARTAO_CREDITO_RESPONSABILIDADE_INSTITUICAO_CONTRATANTE","code":"RECEBE_ENCAMINHA_PROPOSTAS_FORNECIMENTO_CARTAO_CREDITO"},{"name":"RECEPCAO_ENCAMINHAMENTO_PROPOSTAS_OPERACAO_CREDITO_ARRENDAMENTO_MERCANTIL_CONCESSAO_INSTITUICAO_CONTRATANTE","code":"RECEBE_ENCAMINHA_PROPOSTAS_CREDITO_ARRENDAMENTO_MERCANTIL"}]},{"identification":{"corporationName":"LOJAS RENNER S.A.-LOJA SHOPPING MONTSERRAT","groupName":"LOJAS RENNER S.A.","cnpjNumber":"92754738027605","isUnderestablishment":false},"locations":[{"postalAddress":{"address":"AVENIDA ELDES SCHERRER SOUZA, Nº 2162, (SUC Nº 103M – PISO L-1)","districtName":"PLANALTO DE CARAPINA","townName":"SERRA","countrySubDivision":"ES","postCode":"29162741","country":"Brasil","countryCode":"BRA"},"phones":[{"type":"FIXO","countryCallingCode":"55","areaCode":"85","number":"33043848"}],"availability":{"standards":[{"weekday":"DOMINGO"},{"weekday":"SEGUNDA_FEIRA"},{"weekday":"TERCA_FEIRA"},{"weekday":"QUARTA_FEIRA"},{"weekday":"QUINTA_FEIRA"},{"weekday":"SEXTA_FEIRA"},{"weekday":"SABADO"}],"exception":"Exceto em datas festivas de Ano Novo, Dia das Mães, Dia dos Pais e Natal"}}],"services":[{"name":"RECEBIMENTOS_PAGAMENTOS_QUALQUER_NATUREZA_OUTRAS_ATIVIDADES_DECORRENTES_EXECUCAO_CONTRATOS_CONVENIOS_PRESTACAO_SERVICOS","code":"RECEBIMENTOS_PAGAMENTOS_QUALQUER_NATUREZA_EXECUCAO_CONTRATOS_CONVENIO"},{"name":"EXECUCAO_ATIVA_PASSIVA_ORDENS_PAGAMENTO_CURSADAS_INTERMEDIO_INSTITUICAO_CONTRATANTE_SOLICITACAO_CLIENTES_USUARIOS","code":"EXECUCAO_ATIVA_PASSIVA_ORDENS_PAGAMENTO"},{"name":"RECEPCAO_ENCAMINHAMENTO_PROPOSTAS_FORNECIMENTO_CARTAO_CREDITO_RESPONSABILIDADE_INSTITUICAO_CONTRATANTE","code":"RECEBE_ENCAMINHA_PROPOSTAS_FORNECIMENTO_CARTAO_CREDITO"},{"name":"RECEPCAO_ENCAMINHAMENTO_PROPOSTAS_OPERACAO_CREDITO_ARRENDAMENTO_MERCANTIL_CONCESSAO_INSTITUICAO_CONTRATANTE","code":"RECEBE_ENCAMINHA_PROPOSTAS_CREDITO_ARRENDAMENTO_MERCANTIL"}]},{"identification":{"corporationName":"LOJAS RENNER S.A.-LOJA SHOPPING VALE DO AÇO","groupName":"LOJAS RENNER S.A.","cnpjNumber":"92754738030070","isUnderestablishment":false},"locations":[{"postalAddress":{"address":"AVENIDA PEDRO LINHARES GOMES, Nº 3900, (LOJA Nº 153 NO 1º PISO E Nº 262 NO 2º PISO)","districtName":"INDUSTRIAL","townName":"IPATINGA","countrySubDivision":"MG","postCode":"35160290","country":"Brasil","countryCode":"BRA"},"phones":[{"type":"FIXO","countryCallingCode":"55","areaCode":"85","number":"33043849"}],"availability":{"standards":[{"weekday":"DOMINGO"},{"weekday":"SEGUNDA_FEIRA"},{"weekday":"TERCA_FEIRA"},{"weekday":"QUARTA_FEIRA"},{"weekday":"QUINTA_FEIRA"},{"weekday":"SEXTA_FEIRA"},{"weekday":"SABADO"}],"exception":"Exceto em datas festivas de Ano Novo, Dia das Mães, Dia dos Pais e Natal"}}],"services":[{"name":"RECEBIMENTOS_PAGAMENTOS_QUALQUER_NATUREZA_OUTRAS_ATIVIDADES_DECORRENTES_EXECUCAO_CONTRATOS_CONVENIOS_PRESTACAO_SERVICOS","code":"RECEBIMENTOS_PAGAMENTOS_QUALQUER_NATUREZA_EXECUCAO_CONTRATOS_CONVENIO"},{"name":"EXECUCAO_ATIVA_PASSIVA_ORDENS_PAGAMENTO_CURSADAS_INTERMEDIO_INSTITUICAO_CONTRATANTE_SOLICITACAO_CLIENTES_USUARIOS","code":"EXECUCAO_ATIVA_PASSIVA_ORDENS_PAGAMENTO"},{"name":"RECEPCAO_ENCAMINHAMENTO_PROPOSTAS_FORNECIMENTO_CARTAO_CREDITO_RESPONSABILIDADE_INSTITUICAO_CONTRATANTE","code":"RECEBE_ENCAMINHA_PROPOSTAS_FORNECIMENTO_CARTAO_CREDITO"},{"name":"RECEPCAO_ENCAMINHAMENTO_PROPOSTAS_OPERACAO_CREDITO_ARRENDAMENTO_MERCANTIL_CONCESSAO_INSTITUICAO_CONTRATANTE","code":"RECEBE_ENCAMINHA_PROPOSTAS_CREDITO_ARRENDAMENTO_MERCANTIL"}]},{"identification":{"corporationName":"LOJAS RENNER S.A.-LOJA SHOPPING PRAÇA NOVA ARAÇATUBA","groupName":"LOJAS RENNER S.A.","cnpjNumber":"92754738027796","isUnderestablishment":false},"locations":[{"postalAddress":{"address":"AVENIDA GOVERNADOR MARIO COVAS, Nº 6001, (EUC Nº51 - PISO TÉRREO)","districtName":"SHOPPING PRAÇA NOVA ARAÇATUBA","townName":"ARACATUBA","countrySubDivision":"SP","postCode":"16071245","country":"Brasil","countryCode":"BRA"},"phones":[{"type":"FIXO","countryCallingCode":"55","areaCode":"85","number":"33043850"}],"availability":{"standards":[{"weekday":"DOMINGO"},{"weekday":"SEGUNDA_FEIRA"},{"weekday":"TERCA_FEIRA"},{"weekday":"QUARTA_FEIRA"},{"weekday":"QUINTA_FEIRA"},{"weekday":"SEXTA_FEIRA"},{"weekday":"SABADO"}],"exception":"Exceto em datas festivas de Ano Novo, Dia das Mães, Dia dos Pais e Natal"}}],"services":[{"name":"RECEBIMENTOS_PAGAMENTOS_QUALQUER_NATUREZA_OUTRAS_ATIVIDADES_DECORRENTES_EXECUCAO_CONTRATOS_CONVENIOS_PRESTACAO_SERVICOS","code":"RECEBIMENTOS_PAGAMENTOS_QUALQUER_NATUREZA_EXECUCAO_CONTRATOS_CONVENIO"},{"name":"EXECUCAO_ATIVA_PASSIVA_ORDENS_PAGAMENTO_CURSADAS_INTERMEDIO_INSTITUICAO_CONTRATANTE_SOLICITACAO_CLIENTES_USUARIOS","code":"EXECUCAO_ATIVA_PASSIVA_ORDENS_PAGAMENTO"},{"name":"RECEPCAO_ENCAMINHAMENTO_PROPOSTAS_FORNECIMENTO_CARTAO_CREDITO_RESPONSABILIDADE_INSTITUICAO_CONTRATANTE","code":"RECEBE_ENCAMINHA_PROPOSTAS_FORNECIMENTO_CARTAO_CREDITO"},{"name":"RECEPCAO_ENCAMINHAMENTO_PROPOSTAS_OPERACAO_CREDITO_ARRENDAMENTO_MERCANTIL_CONCESSAO_INSTITUICAO_CONTRATANTE","code":"RECEBE_ENCAMINHA_PROPOSTAS_CREDITO_ARRENDAMENTO_MERCANTIL"}]},{"identification":{"corporationName":"LOJAS RENNER S.A.-LOJA BURITÍ SHOPPING RIO VERDE","groupName":"LOJAS RENNER S.A.","cnpjNumber":"92754738029306","isUnderestablishment":false},"locations":[{"postalAddress":{"address":"RUA O, S/N, QUADRA 14, LOTE 6, LUC'S Nº 156/157/158/159","districtName":"SETOR JARDIM CAMPESTRE","townName":"RIO VERDE","countrySubDivision":"GO","postCode":"75907681","country":"Brasil","countryCode":"BRA"},"phones":[{"type":"FIXO","countryCallingCode":"55","areaCode":"85","number":"33043851"}],"availability":{"standards":[{"weekday":"DOMINGO"},{"weekday":"SEGUNDA_FEIRA"},{"weekday":"TERCA_FEIRA"},{"weekday":"QUARTA_FEIRA"},{"weekday":"QUINTA_FEIRA"},{"weekday":"SEXTA_FEIRA"},{"weekday":"SABADO"}],"exception":"Exceto em datas festivas de Ano Novo, Dia das Mães, Dia dos Pais e Natal"}}],"services":[{"name":"RECEBIMENTOS_PAGAMENTOS_QUALQUER_NATUREZA_OUTRAS_ATIVIDADES_DECORRENTES_EXECUCAO_CONTRATOS_CONVENIOS_PRESTACAO_SERVICOS","code":"RECEBIMENTOS_PAGAMENTOS_QUALQUER_NATUREZA_EXECUCAO_CONTRATOS_CONVENIO"},{"name":"EXECUCAO_ATIVA_PASSIVA_ORDENS_PAGAMENTO_CURSADAS_INTERMEDIO_INSTITUICAO_CONTRATANTE_SOLICITACAO_CLIENTES_USUARIOS","code":"EXECUCAO_ATIVA_PASSIVA_ORDENS_PAGAMENTO"},{"name":"RECEPCAO_ENCAMINHAMENTO_PROPOSTAS_FORNECIMENTO_CARTAO_CREDITO_RESPONSABILIDADE_INSTITUICAO_CONTRATANTE","code":"RECEBE_ENCAMINHA_PROPOSTAS_FORNECIMENTO_CARTAO_CREDITO"},{"name":"RECEPCAO_ENCAMINHAMENTO_PROPOSTAS_OPERACAO_CREDITO_ARRENDAMENTO_MERCANTIL_CONCESSAO_INSTITUICAO_CONTRATANTE","code":"RECEBE_ENCAMINHA_PROPOSTAS_CREDITO_ARRENDAMENTO_MERCANTIL"}]},{"identification":{"corporationName":"LOJAS RENNER S.A.-LOJA SÃO LUÍS SHOPPING","groupName":"LOJAS RENNER S.A.","cnpjNumber":"92754738028920","isUnderestablishment":false},"locations":[{"postalAddress":{"address":"AVENIDA PROFESSOR CARLOS CUNHA, Nº 1.000 (LUC 301 ÂNCORA - 1 - PISO L1)","districtName":"JARACATY","townName":"SAO LUIS","countrySubDivision":"MA","postCode":"65076820","country":"Brasil","countryCode":"BRA"},"phones":[{"type":"FIXO","countryCallingCode":"55","areaCode":"85","number":"33043852"}],"availability":{"standards":[{"weekday":"DOMINGO"},{"weekday":"SEGUNDA_FEIRA"},{"weekday":"TERCA_FEIRA"},{"weekday":"QUARTA_FEIRA"},{"weekday":"QUINTA_FEIRA"},{"weekday":"SEXTA_FEIRA"},{"weekday":"SABADO"}],"exception":"Exceto em datas festivas de Ano Novo, Dia das Mães, Dia dos Pais e Natal"}}],"services":[{"name":"RECEBIMENTOS_PAGAMENTOS_QUALQUER_NATUREZA_OUTRAS_ATIVIDADES_DECORRENTES_EXECUCAO_CONTRATOS_CONVENIOS_PRESTACAO_SERVICOS","code":"RECEBIMENTOS_PAGAMENTOS_QUALQUER_NATUREZA_EXECUCAO_CONTRATOS_CONVENIO"},{"name":"EXECUCAO_ATIVA_PASSIVA_ORDENS_PAGAMENTO_CURSADAS_INTERMEDIO_INSTITUICAO_CONTRATANTE_SOLICITACAO_CLIENTES_USUARIOS","code":"EXECUCAO_ATIVA_PASSIVA_ORDENS_PAGAMENTO"},{"name":"RECEPCAO_ENCAMINHAMENTO_PROPOSTAS_FORNECIMENTO_CARTAO_CREDITO_RESPONSABILIDADE_INSTITUICAO_CONTRATANTE","code":"RECEBE_ENCAMINHA_PROPOSTAS_FORNECIMENTO_CARTAO_CREDITO"},{"name":"RECEPCAO_ENCAMINHAMENTO_PROPOSTAS_OPERACAO_CREDITO_ARRENDAMENTO_MERCANTIL_CONCESSAO_INSTITUICAO_CONTRATANTE","code":"RECEBE_ENCAMINHA_PROPOSTAS_CREDITO_ARRENDAMENTO_MERCANTIL"}]},{"identification":{"corporationName":"LOJAS RENNER S.A.-LOJA MOXUARA SHOPPING","groupName":"LOJAS RENNER S.A.","cnpjNumber":"92754738025661","isUnderestablishment":false},"locations":[{"postalAddress":{"address":"AVENIDA MARIO GURGEL, N° 5353, LOJA 307JKLMQ, PISO L3","districtName":"SÃO FRANCISCO","townName":"CARIACICA","countrySubDivision":"ES","postCode":"29145910","country":"Brasil","countryCode":"BRA"},"phones":[{"type":"FIXO","countryCallingCode":"55","areaCode":"85","number":"33043853"}],"availability":{"standards":[{"weekday":"DOMINGO"},{"weekday":"SEGUNDA_FEIRA"},{"weekday":"TERCA_FEIRA"},{"weekday":"QUARTA_FEIRA"},{"weekday":"QUINTA_FEIRA"},{"weekday":"SEXTA_FEIRA"},{"weekday":"SABADO"}],"exception":"Exceto em datas festivas de Ano Novo, Dia das Mães, Dia dos Pais e Natal"}}],"services":[{"name":"RECEBIMENTOS_PAGAMENTOS_QUALQUER_NATUREZA_OUTRAS_ATIVIDADES_DECORRENTES_EXECUCAO_CONTRATOS_CONVENIOS_PRESTACAO_SERVICOS","code":"RECEBIMENTOS_PAGAMENTOS_QUALQUER_NATUREZA_EXECUCAO_CONTRATOS_CONVENIO"},{"name":"EXECUCAO_ATIVA_PASSIVA_ORDENS_PAGAMENTO_CURSADAS_INTERMEDIO_INSTITUICAO_CONTRATANTE_SOLICITACAO_CLIENTES_USUARIOS","code":"EXECUCAO_ATIVA_PASSIVA_ORDENS_PAGAMENTO"},{"name":"RECEPCAO_ENCAMINHAMENTO_PROPOSTAS_FORNECIMENTO_CARTAO_CREDITO_RESPONSABILIDADE_INSTITUICAO_CONTRATANTE","code":"RECEBE_ENCAMINHA_PROPOSTAS_FORNECIMENTO_CARTAO_CREDITO"},{"name":"RECEPCAO_ENCAMINHAMENTO_PROPOSTAS_OPERACAO_CREDITO_ARRENDAMENTO_MERCANTIL_CONCESSAO_INSTITUICAO_CONTRATANTE","code":"RECEBE_ENCAMINHA_PROPOSTAS_CREDITO_ARRENDAMENTO_MERCANTIL"}]},{"identification":{"corporationName":"LOJAS RENNER S.A.-LOJA MOSSORÓ WEST SHOPPING","groupName":"LOJAS RENNER S.A.","cnpjNumber":"92754738028504","isUnderestablishment":false},"locations":[{"postalAddress":{"address":"AVENIDA JOÃO DA ESCOSSIA, Nº 1515 (EUC N° 001C – ÂNCORA 02 – PISO TÉRREO)","districtName":"NOVA BETÂNIA","townName":"MOSSORO","countrySubDivision":"RN","postCode":"59607330","country":"Brasil","countryCode":"BRA"},"phones":[{"type":"FIXO","countryCallingCode":"55","areaCode":"85","number":"33043854"}],"availability":{"standards":[{"weekday":"DOMINGO"},{"weekday":"SEGUNDA_FEIRA"},{"weekday":"TERCA_FEIRA"},{"weekday":"QUARTA_FEIRA"},{"weekday":"QUINTA_FEIRA"},{"weekday":"SEXTA_FEIRA"},{"weekday":"SABADO"}],"exception":"Exceto em datas festivas de Ano Novo, Dia das Mães, Dia dos Pais e Natal"}}],"services":[{"name":"RECEBIMENTOS_PAGAMENTOS_QUALQUER_NATUREZA_OUTRAS_ATIVIDADES_DECORRENTES_EXECUCAO_CONTRATOS_CONVENIOS_PRESTACAO_SERVICOS","code":"RECEBIMENTOS_PAGAMENTOS_QUALQUER_NATUREZA_EXECUCAO_CONTRATOS_CONVENIO"},{"name":"EXECUCAO_ATIVA_PASSIVA_ORDENS_PAGAMENTO_CURSADAS_INTERMEDIO_INSTITUICAO_CONTRATANTE_SOLICITACAO_CLIENTES_USUARIOS","code":"EXECUCAO_ATIVA_PASSIVA_ORDENS_PAGAMENTO"},{"name":"RECEPCAO_ENCAMINHAMENTO_PROPOSTAS_FORNECIMENTO_CARTAO_CREDITO_RESPONSABILIDADE_INSTITUICAO_CONTRATANTE","code":"RECEBE_ENCAMINHA_PROPOSTAS_FORNECIMENTO_CARTAO_CREDITO"},{"name":"RECEPCAO_ENCAMINHAMENTO_PROPOSTAS_OPERACAO_CREDITO_ARRENDAMENTO_MERCANTIL_CONCESSAO_INSTITUICAO_CONTRATANTE","code":"RECEBE_ENCAMINHA_PROPOSTAS_CREDITO_ARRENDAMENTO_MERCANTIL"}]},{"identification":{"corporationName":"LOJAS RENNER S.A.-LOJA SHOPPING VILA VELHA","groupName":"LOJAS RENNER S.A.","cnpjNumber":"92754738029497","isUnderestablishment":false},"locations":[{"postalAddress":{"address":"RUA LUCIANO DAS NEVES, Nº 2418 (LUC 1001 - PISO L1)","districtName":"DIVINO ESPÍRITO SANTO","townName":"VILA VELHA","countrySubDivision":"ES","postCode":"29107900","country":"Brasil","countryCode":"BRA"},"phones":[{"type":"FIXO","countryCallingCode":"55","areaCode":"85","number":"33043855"}],"availability":{"standards":[{"weekday":"DOMINGO"},{"weekday":"SEGUNDA_FEIRA"},{"weekday":"TERCA_FEIRA"},{"weekday":"QUARTA_FEIRA"},{"weekday":"QUINTA_FEIRA"},{"weekday":"SEXTA_FEIRA"},{"weekday":"SABADO"}],"exception":"Exceto em datas festivas de Ano Novo, Dia das Mães, Dia dos Pais e Natal"}}],"services":[{"name":"RECEBIMENTOS_PAGAMENTOS_QUALQUER_NATUREZA_OUTRAS_ATIVIDADES_DECORRENTES_EXECUCAO_CONTRATOS_CONVENIOS_PRESTACAO_SERVICOS","code":"RECEBIMENTOS_PAGAMENTOS_QUALQUER_NATUREZA_EXECUCAO_CONTRATOS_CONVENIO"},{"name":"EXECUCAO_ATIVA_PASSIVA_ORDENS_PAGAMENTO_CURSADAS_INTERMEDIO_INSTITUICAO_CONTRATANTE_SOLICITACAO_CLIENTES_USUARIOS","code":"EXECUCAO_ATIVA_PASSIVA_ORDENS_PAGAMENTO"},{"name":"RECEPCAO_ENCAMINHAMENTO_PROPOSTAS_FORNECIMENTO_CARTAO_CREDITO_RESPONSABILIDADE_INSTITUICAO_CONTRATANTE","code":"RECEBE_ENCAMINHA_PROPOSTAS_FORNECIMENTO_CARTAO_CREDITO"},{"name":"RECEPCAO_ENCAMINHAMENTO_PROPOSTAS_OPERACAO_CREDITO_ARRENDAMENTO_MERCANTIL_CONCESSAO_INSTITUICAO_CONTRATANTE","code":"RECEBE_ENCAMINHA_PROPOSTAS_CREDITO_ARRENDAMENTO_MERCANTIL"}]},{"identification":{"corporationName":"LOJAS RENNER S.A.-LOJA PARQUE SHOPPING MAIA","groupName":"LOJAS RENNER S.A.","cnpjNumber":"92754738028334","isUnderestablishment":false},"locations":[{"postalAddress":{"address":"BARTHOLOMEU DE CARLOS, 0, (LUC 2033), SÍTIO TABATINGA","districtName":"JARDIM FLOR DA MONTANHA","townName":"GUARULHOS","countrySubDivision":"SP","postCode":"07097420","country":"Brasil","countryCode":"BRA"},"phones":[{"type":"FIXO","countryCallingCode":"55","areaCode":"85","number":"33043856"}],"availability":{"standards":[{"weekday":"DOMINGO"},{"weekday":"SEGUNDA_FEIRA"},{"weekday":"TERCA_FEIRA"},{"weekday":"QUARTA_FEIRA"},{"weekday":"QUINTA_FEIRA"},{"weekday":"SEXTA_FEIRA"},{"weekday":"SABADO"}],"exception":"Exceto em datas festivas de Ano Novo, Dia das Mães, Dia dos Pais e Natal"}}],"services":[{"name":"RECEBIMENTOS_PAGAMENTOS_QUALQUER_NATUREZA_OUTRAS_ATIVIDADES_DECORRENTES_EXECUCAO_CONTRATOS_CONVENIOS_PRESTACAO_SERVICOS","code":"RECEBIMENTOS_PAGAMENTOS_QUALQUER_NATUREZA_EXECUCAO_CONTRATOS_CONVENIO"},{"name":"EXECUCAO_ATIVA_PASSIVA_ORDENS_PAGAMENTO_CURSADAS_INTERMEDIO_INSTITUICAO_CONTRATANTE_SOLICITACAO_CLIENTES_USUARIOS","code":"EXECUCAO_ATIVA_PASSIVA_ORDENS_PAGAMENTO"},{"name":"RECEPCAO_ENCAMINHAMENTO_PROPOSTAS_FORNECIMENTO_CARTAO_CREDITO_RESPONSABILIDADE_INSTITUICAO_CONTRATANTE","code":"RECEBE_ENCAMINHA_PROPOSTAS_FORNECIMENTO_CARTAO_CREDITO"},{"name":"RECEPCAO_ENCAMINHAMENTO_PROPOSTAS_OPERACAO_CREDITO_ARRENDAMENTO_MERCANTIL_CONCESSAO_INSTITUICAO_CONTRATANTE","code":"RECEBE_ENCAMINHA_PROPOSTAS_CREDITO_ARRENDAMENTO_MERCANTIL"}]},{"identification":{"corporationName":"LOJAS RENNER S.A.-LOJA SHOPPING PÁTIO RORAIMA","groupName":"LOJAS RENNER S.A.","cnpjNumber":"92754738029225","isUnderestablishment":false},"locations":[{"postalAddress":{"address":"AVENIDA JOÃO ALENCAR, Nº 2181, ESPAÇO COMERCIAL Nº 201 - O","districtName":"AEROPORTO","townName":"BOA VISTA","countrySubDivision":"RR","postCode":"69310065","country":"Brasil","countryCode":"BRA"},"phones":[{"type":"FIXO","countryCallingCode":"55","areaCode":"85","number":"33043857"}],"availability":{"standards":[{"weekday":"DOMINGO"},{"weekday":"SEGUNDA_FEIRA"},{"weekday":"TERCA_FEIRA"},{"weekday":"QUARTA_FEIRA"},{"weekday":"QUINTA_FEIRA"},{"weekday":"SEXTA_FEIRA"},{"weekday":"SABADO"}],"exception":"Exceto em datas festivas de Ano Novo, Dia das Mães, Dia dos Pais e Natal"}}],"services":[{"name":"RECEBIMENTOS_PAGAMENTOS_QUALQUER_NATUREZA_OUTRAS_ATIVIDADES_DECORRENTES_EXECUCAO_CONTRATOS_CONVENIOS_PRESTACAO_SERVICOS","code":"RECEBIMENTOS_PAGAMENTOS_QUALQUER_NATUREZA_EXECUCAO_CONTRATOS_CONVENIO"},{"name":"EXECUCAO_ATIVA_PASSIVA_ORDENS_PAGAMENTO_CURSADAS_INTERMEDIO_INSTITUICAO_CONTRATANTE_SOLICITACAO_CLIENTES_USUARIOS","code":"EXECUCAO_ATIVA_PASSIVA_ORDENS_PAGAMENTO"},{"name":"RECEPCAO_ENCAMINHAMENTO_PROPOSTAS_FORNECIMENTO_CARTAO_CREDITO_RESPONSABILIDADE_INSTITUICAO_CONTRATANTE","code":"RECEBE_ENCAMINHA_PROPOSTAS_FORNECIMENTO_CARTAO_CREDITO"},{"name":"RECEPCAO_ENCAMINHAMENTO_PROPOSTAS_OPERACAO_CREDITO_ARRENDAMENTO_MERCANTIL_CONCESSAO_INSTITUICAO_CONTRATANTE","code":"RECEBE_ENCAMINHA_PROPOSTAS_CREDITO_ARRENDAMENTO_MERCANTIL"}]},{"identification":{"corporationName":"LOJAS RENNER S.A.-LOJA 7 DE SETEMBRO","groupName":"LOJAS RENNER S.A.","cnpjNumber":"92754738028091","isUnderestablishment":false},"locations":[{"postalAddress":{"address":"RUA SETE DE SETEMBRO, 111 (LOJA 111-A)'","districtName":"CENTRO","townName":"RIO DE JANEIRO","countrySubDivision":"RJ","postCode":"20050006","country":"Brasil","countryCode":"BRA"},"phones":[{"type":"FIXO","countryCallingCode":"55","areaCode":"85","number":"33043858"}],"availability":{"standards":[{"weekday":"SEGUNDA_FEIRA"},{"weekday":"TERCA_FEIRA"},{"weekday":"QUARTA_FEIRA"},{"weekday":"QUINTA_FEIRA"},{"weekday":"SEXTA_FEIRA"},{"weekday":"SABADO"}],"exception":"Exceto feriados municipais, estaduais e nacionais"}}],"services":[{"name":"RECEBIMENTOS_PAGAMENTOS_QUALQUER_NATUREZA_OUTRAS_ATIVIDADES_DECORRENTES_EXECUCAO_CONTRATOS_CONVENIOS_PRESTACAO_SERVICOS","code":"RECEBIMENTOS_PAGAMENTOS_QUALQUER_NATUREZA_EXECUCAO_CONTRATOS_CONVENIO"},{"name":"EXECUCAO_ATIVA_PASSIVA_ORDENS_PAGAMENTO_CURSADAS_INTERMEDIO_INSTITUICAO_CONTRATANTE_SOLICITACAO_CLIENTES_USUARIOS","code":"EXECUCAO_ATIVA_PASSIVA_ORDENS_PAGAMENTO"},{"name":"RECEPCAO_ENCAMINHAMENTO_PROPOSTAS_FORNECIMENTO_CARTAO_CREDITO_RESPONSABILIDADE_INSTITUICAO_CONTRATANTE","code":"RECEBE_ENCAMINHA_PROPOSTAS_FORNECIMENTO_CARTAO_CREDITO"},{"name":"RECEPCAO_ENCAMINHAMENTO_PROPOSTAS_OPERACAO_CREDITO_ARRENDAMENTO_MERCANTIL_CONCESSAO_INSTITUICAO_CONTRATANTE","code":"RECEBE_ENCAMINHA_PROPOSTAS_CREDITO_ARRENDAMENTO_MERCANTIL"}]},{"identification":{"corporationName":"LOJAS RENNER S.A.-LOJA SHOPPING JARAGUA ARARAQUARA","groupName":"LOJAS RENNER S.A.","cnpjNumber":"92754738031041","isUnderestablishment":false},"locations":[{"postalAddress":{"address":"AVENIDA ALBERTO BENASSI, Nº 2270, LOJA 100, PISO TÉRREO","districtName":"JARDIM BANDEIRANTES","townName":"ARARAQUARA","countrySubDivision":"SP","postCode":"14804300","country":"Brasil","countryCode":"BRA"},"phones":[{"type":"FIXO","countryCallingCode":"55","areaCode":"85","number":"33043859"}],"availability":{"standards":[{"weekday":"DOMINGO"},{"weekday":"SEGUNDA_FEIRA"},{"weekday":"TERCA_FEIRA"},{"weekday":"QUARTA_FEIRA"},{"weekday":"QUINTA_FEIRA"},{"weekday":"SEXTA_FEIRA"},{"weekday":"SABADO"}],"exception":"Exceto em datas festivas de Ano Novo, Dia das Mães, Dia dos Pais e Natal"}}],"services":[{"name":"RECEBIMENTOS_PAGAMENTOS_QUALQUER_NATUREZA_OUTRAS_ATIVIDADES_DECORRENTES_EXECUCAO_CONTRATOS_CONVENIOS_PRESTACAO_SERVICOS","code":"RECEBIMENTOS_PAGAMENTOS_QUALQUER_NATUREZA_EXECUCAO_CONTRATOS_CONVENIO"},{"name":"EXECUCAO_ATIVA_PASSIVA_ORDENS_PAGAMENTO_CURSADAS_INTERMEDIO_INSTITUICAO_CONTRATANTE_SOLICITACAO_CLIENTES_USUARIOS","code":"EXECUCAO_ATIVA_PASSIVA_ORDENS_PAGAMENTO"},{"name":"RECEPCAO_ENCAMINHAMENTO_PROPOSTAS_FORNECIMENTO_CARTAO_CREDITO_RESPONSABILIDADE_INSTITUICAO_CONTRATANTE","code":"RECEBE_ENCAMINHA_PROPOSTAS_FORNECIMENTO_CARTAO_CREDITO"},{"name":"RECEPCAO_ENCAMINHAMENTO_PROPOSTAS_OPERACAO_CREDITO_ARRENDAMENTO_MERCANTIL_CONCESSAO_INSTITUICAO_CONTRATANTE","code":"RECEBE_ENCAMINHA_PROPOSTAS_CREDITO_ARRENDAMENTO_MERCANTIL"}]},{"identification":{"corporationName":"LOJAS RENNER S.A.-LOJA SHOPPING RIO CLARO","groupName":"LOJAS RENNER S.A.","cnpjNumber":"92754738028849","isUnderestablishment":false},"locations":[{"postalAddress":{"address":"AVENIDA CONDE FRANCISCO MATARAZZO JUNIOR, Nº 205 (LUC NºS A, 90, 91 E 92)","districtName":"VILA PAULISTA","townName":"RIO CLARO","countrySubDivision":"SP","postCode":"13506845","country":"Brasil","countryCode":"BRA"},"phones":[{"type":"FIXO","countryCallingCode":"55","areaCode":"85","number":"33043860"}],"availability":{"standards":[{"weekday":"DOMINGO"},{"weekday":"SEGUNDA_FEIRA"},{"weekday":"TERCA_FEIRA"},{"weekday":"QUARTA_FEIRA"},{"weekday":"QUINTA_FEIRA"},{"weekday":"SEXTA_FEIRA"},{"weekday":"SABADO"}],"exception":"Exceto em datas festivas de Ano Novo, Dia das Mães, Dia dos Pais e Natal"}}],"services":[{"name":"RECEBIMENTOS_PAGAMENTOS_QUALQUER_NATUREZA_OUTRAS_ATIVIDADES_DECORRENTES_EXECUCAO_CONTRATOS_CONVENIOS_PRESTACAO_SERVICOS","code":"RECEBIMENTOS_PAGAMENTOS_QUALQUER_NATUREZA_EXECUCAO_CONTRATOS_CONVENIO"},{"name":"EXECUCAO_ATIVA_PASSIVA_ORDENS_PAGAMENTO_CURSADAS_INTERMEDIO_INSTITUICAO_CONTRATANTE_SOLICITACAO_CLIENTES_USUARIOS","code":"EXECUCAO_ATIVA_PASSIVA_ORDENS_PAGAMENTO"},{"name":"RECEPCAO_ENCAMINHAMENTO_PROPOSTAS_FORNECIMENTO_CARTAO_CREDITO_RESPONSABILIDADE_INSTITUICAO_CONTRATANTE","code":"RECEBE_ENCAMINHA_PROPOSTAS_FORNECIMENTO_CARTAO_CREDITO"},{"name":"RECEPCAO_ENCAMINHAMENTO_PROPOSTAS_OPERACAO_CREDITO_ARRENDAMENTO_MERCANTIL_CONCESSAO_INSTITUICAO_CONTRATANTE","code":"RECEBE_ENCAMINHA_PROPOSTAS_CREDITO_ARRENDAMENTO_MERCANTIL"}]},{"identification":{"corporationName":"LOJAS RENNER S.A.-LOJA SHOPPING MANAUS VIA NORTE","groupName":"LOJAS RENNER S.A.","cnpjNumber":"92754738029144","isUnderestablishment":false},"locations":[{"postalAddress":{"address":"AVENIDA ARQUITETO JOSÉ HENRIQUE BENTO RODRIGUES, Nº 3760, ESPAÇO COMERCIAL Nº 202J","districtName":"MONTE DAS OLIVEIRAS","townName":"MANAUS","countrySubDivision":"AM","postCode":"69093149","country":"Brasil","countryCode":"BRA"},"phones":[{"type":"FIXO","countryCallingCode":"55","areaCode":"85","number":"33043861"}],"availability":{"standards":[{"weekday":"DOMINGO"},{"weekday":"SEGUNDA_FEIRA"},{"weekday":"TERCA_FEIRA"},{"weekday":"QUARTA_FEIRA"},{"weekday":"QUINTA_FEIRA"},{"weekday":"SEXTA_FEIRA"},{"weekday":"SABADO"}],"exception":"Exceto em datas festivas de Ano Novo, Dia das Mães, Dia dos Pais e Natal"}}],"services":[{"name":"RECEBIMENTOS_PAGAMENTOS_QUALQUER_NATUREZA_OUTRAS_ATIVIDADES_DECORRENTES_EXECUCAO_CONTRATOS_CONVENIOS_PRESTACAO_SERVICOS","code":"RECEBIMENTOS_PAGAMENTOS_QUALQUER_NATUREZA_EXECUCAO_CONTRATOS_CONVENIO"},{"name":"EXECUCAO_ATIVA_PASSIVA_ORDENS_PAGAMENTO_CURSADAS_INTERMEDIO_INSTITUICAO_CONTRATANTE_SOLICITACAO_CLIENTES_USUARIOS","code":"EXECUCAO_ATIVA_PASSIVA_ORDENS_PAGAMENTO"},{"name":"RECEPCAO_ENCAMINHAMENTO_PROPOSTAS_FORNECIMENTO_CARTAO_CREDITO_RESPONSABILIDADE_INSTITUICAO_CONTRATANTE","code":"RECEBE_ENCAMINHA_PROPOSTAS_FORNECIMENTO_CARTAO_CREDITO"},{"name":"RECEPCAO_ENCAMINHAMENTO_PROPOSTAS_OPERACAO_CREDITO_ARRENDAMENTO_MERCANTIL_CONCESSAO_INSTITUICAO_CONTRATANTE","code":"RECEBE_ENCAMINHA_PROPOSTAS_CREDITO_ARRENDAMENTO_MERCANTIL"}]},{"identification":{"corporationName":"LOJAS RENNER S.A.-LOJA AV. IBIRAPUERA","groupName":"LOJAS RENNER S.A.","cnpjNumber":"92754738029578","isUnderestablishment":false},"locations":[{"postalAddress":{"address":"AVENIDA IBIRAPUERA, Nº 2.601","districtName":"INDIANÓPOLIS","townName":"SAO PAULO","countrySubDivision":"SP","postCode":"04029200","country":"Brasil","countryCode":"BRA"},"phones":[{"type":"FIXO","countryCallingCode":"55","areaCode":"85","number":"33043862"}],"availability":{"standards":[{"weekday":"SEGUNDA_FEIRA"},{"weekday":"TERCA_FEIRA"},{"weekday":"QUARTA_FEIRA"},{"weekday":"QUINTA_FEIRA"},{"weekday":"SEXTA_FEIRA"},{"weekday":"SABADO"}],"exception":"Exceto feriados municipais, estaduais e nacionais"}}],"services":[{"name":"RECEBIMENTOS_PAGAMENTOS_QUALQUER_NATUREZA_OUTRAS_ATIVIDADES_DECORRENTES_EXECUCAO_CONTRATOS_CONVENIOS_PRESTACAO_SERVICOS","code":"RECEBIMENTOS_PAGAMENTOS_QUALQUER_NATUREZA_EXECUCAO_CONTRATOS_CONVENIO"},{"name":"EXECUCAO_ATIVA_PASSIVA_ORDENS_PAGAMENTO_CURSADAS_INTERMEDIO_INSTITUICAO_CONTRATANTE_SOLICITACAO_CLIENTES_USUARIOS","code":"EXECUCAO_ATIVA_PASSIVA_ORDENS_PAGAMENTO"},{"name":"RECEPCAO_ENCAMINHAMENTO_PROPOSTAS_FORNECIMENTO_CARTAO_CREDITO_RESPONSABILIDADE_INSTITUICAO_CONTRATANTE","code":"RECEBE_ENCAMINHA_PROPOSTAS_FORNECIMENTO_CARTAO_CREDITO"},{"name":"RECEPCAO_ENCAMINHAMENTO_PROPOSTAS_OPERACAO_CREDITO_ARRENDAMENTO_MERCANTIL_CONCESSAO_INSTITUICAO_CONTRATANTE","code":"RECEBE_ENCAMINHA_PROPOSTAS_CREDITO_ARRENDAMENTO_MERCANTIL"}]},{"identification":{"corporationName":"LOJAS RENNER S.A.-LOJA SHOPPING TERRAÇO","groupName":"LOJAS RENNER S.A.","cnpjNumber":"92754738029810","isUnderestablishment":false},"locations":[{"postalAddress":{"address":"SHC/AOS EA 02/08, LOTE 05, LOJAS 107, 108, 109, 110 E 111 TÉRREO","districtName":"OCTOGONAL","townName":"BRASILIA","countrySubDivision":"DF","postCode":"70660090","country":"Brasil","countryCode":"BRA"},"phones":[{"type":"FIXO","countryCallingCode":"55","areaCode":"85","number":"33043864"}],"availability":{"standards":[{"weekday":"DOMINGO"},{"weekday":"SEGUNDA_FEIRA"},{"weekday":"TERCA_FEIRA"},{"weekday":"QUARTA_FEIRA"},{"weekday":"QUINTA_FEIRA"},{"weekday":"SEXTA_FEIRA"},{"weekday":"SABADO"}],"exception":"Exceto em datas festivas de Ano Novo, Dia das Mães, Dia dos Pais e Natal"}}],"services":[{"name":"RECEBIMENTOS_PAGAMENTOS_QUALQUER_NATUREZA_OUTRAS_ATIVIDADES_DECORRENTES_EXECUCAO_CONTRATOS_CONVENIOS_PRESTACAO_SERVICOS","code":"RECEBIMENTOS_PAGAMENTOS_QUALQUER_NATUREZA_EXECUCAO_CONTRATOS_CONVENIO"},{"name":"EXECUCAO_ATIVA_PASSIVA_ORDENS_PAGAMENTO_CURSADAS_INTERMEDIO_INSTITUICAO_CONTRATANTE_SOLICITACAO_CLIENTES_USUARIOS","code":"EXECUCAO_ATIVA_PASSIVA_ORDENS_PAGAMENTO"},{"name":"RECEPCAO_ENCAMINHAMENTO_PROPOSTAS_FORNECIMENTO_CARTAO_CREDITO_RESPONSABILIDADE_INSTITUICAO_CONTRATANTE","code":"RECEBE_ENCAMINHA_PROPOSTAS_FORNECIMENTO_CARTAO_CREDITO"},{"name":"RECEPCAO_ENCAMINHAMENTO_PROPOSTAS_OPERACAO_CREDITO_ARRENDAMENTO_MERCANTIL_CONCESSAO_INSTITUICAO_CONTRATANTE","code":"RECEBE_ENCAMINHA_PROPOSTAS_CREDITO_ARRENDAMENTO_MERCANTIL"}]},{"identification":{"corporationName":"LOJAS RENNER S.A.-LOJA LARGO DO MACHADO","groupName":"LOJAS RENNER S.A.","cnpjNumber":"92754738030150","isUnderestablishment":false},"locations":[{"postalAddress":{"address":"RUA DO CATETE, Nº 359","districtName":"CETETE","townName":"RIO DE JANEIRO","countrySubDivision":"RJ","postCode":"22220001","country":"Brasil","countryCode":"BRA"},"phones":[{"type":"FIXO","countryCallingCode":"55","areaCode":"85","number":"33043865"}],"availability":{"standards":[{"weekday":"SEGUNDA_FEIRA"},{"weekday":"TERCA_FEIRA"},{"weekday":"QUARTA_FEIRA"},{"weekday":"QUINTA_FEIRA"},{"weekday":"SEXTA_FEIRA"},{"weekday":"SABADO"}],"exception":"Exceto feriados municipais, estaduais e nacionais"}}],"services":[{"name":"RECEBIMENTOS_PAGAMENTOS_QUALQUER_NATUREZA_OUTRAS_ATIVIDADES_DECORRENTES_EXECUCAO_CONTRATOS_CONVENIOS_PRESTACAO_SERVICOS","code":"RECEBIMENTOS_PAGAMENTOS_QUALQUER_NATUREZA_EXECUCAO_CONTRATOS_CONVENIO"},{"name":"EXECUCAO_ATIVA_PASSIVA_ORDENS_PAGAMENTO_CURSADAS_INTERMEDIO_INSTITUICAO_CONTRATANTE_SOLICITACAO_CLIENTES_USUARIOS","code":"EXECUCAO_ATIVA_PASSIVA_ORDENS_PAGAMENTO"},{"name":"RECEPCAO_ENCAMINHAMENTO_PROPOSTAS_FORNECIMENTO_CARTAO_CREDITO_RESPONSABILIDADE_INSTITUICAO_CONTRATANTE","code":"RECEBE_ENCAMINHA_PROPOSTAS_FORNECIMENTO_CARTAO_CREDITO"},{"name":"RECEPCAO_ENCAMINHAMENTO_PROPOSTAS_OPERACAO_CREDITO_ARRENDAMENTO_MERCANTIL_CONCESSAO_INSTITUICAO_CONTRATANTE","code":"RECEBE_ENCAMINHA_PROPOSTAS_CREDITO_ARRENDAMENTO_MERCANTIL"}]},{"identification":{"corporationName":"LOJAS RENNER S.A.-LOJA BOSQUE GRÃO PARÁ","groupName":"LOJAS RENNER S.A.","cnpjNumber":"92754738032285","isUnderestablishment":false},"locations":[{"postalAddress":{"address":"RODOVIA DOS TRABALHADORES, S/N, LOJAS 0001A, 0008A, 0008B - PISO TÉRREO","districtName":"PARQUE VERDE","townName":"BELEM","countrySubDivision":"PA","postCode":"66635894","country":"Brasil","countryCode":"BRA"},"phones":[{"type":"FIXO","countryCallingCode":"55","areaCode":"85","number":"33043866"}],"availability":{"standards":[{"weekday":"SEGUNDA_FEIRA"},{"weekday":"TERCA_FEIRA"},{"weekday":"QUARTA_FEIRA"},{"weekday":"QUINTA_FEIRA"},{"weekday":"SEXTA_FEIRA"},{"weekday":"SABADO"}],"exception":"Exceto feriados municipais, estaduais e nacionais"}}],"services":[{"name":"RECEBIMENTOS_PAGAMENTOS_QUALQUER_NATUREZA_OUTRAS_ATIVIDADES_DECORRENTES_EXECUCAO_CONTRATOS_CONVENIOS_PRESTACAO_SERVICOS","code":"RECEBIMENTOS_PAGAMENTOS_QUALQUER_NATUREZA_EXECUCAO_CONTRATOS_CONVENIO"},{"name":"EXECUCAO_ATIVA_PASSIVA_ORDENS_PAGAMENTO_CURSADAS_INTERMEDIO_INSTITUICAO_CONTRATANTE_SOLICITACAO_CLIENTES_USUARIOS","code":"EXECUCAO_ATIVA_PASSIVA_ORDENS_PAGAMENTO"},{"name":"RECEPCAO_ENCAMINHAMENTO_PROPOSTAS_FORNECIMENTO_CARTAO_CREDITO_RESPONSABILIDADE_INSTITUICAO_CONTRATANTE","code":"RECEBE_ENCAMINHA_PROPOSTAS_FORNECIMENTO_CARTAO_CREDITO"},{"name":"RECEPCAO_ENCAMINHAMENTO_PROPOSTAS_OPERACAO_CREDITO_ARRENDAMENTO_MERCANTIL_CONCESSAO_INSTITUICAO_CONTRATANTE","code":"RECEBE_ENCAMINHA_PROPOSTAS_CREDITO_ARRENDAMENTO_MERCANTIL"}]},{"identification":{"corporationName":"LOJAS RENNER S.A.-LOJA SHOPPING SUL","groupName":"LOJAS RENNER S.A.","cnpjNumber":"92754738033419","isUnderestablishment":false},"locations":[{"postalAddress":{"address":"QUADRA 1, S/N, BR 040, KM 12, GLEBA F, LOTE 1, LOJA 270","districtName":"PARQUE ESPLANADA III","townName":"VALPARAISO DE GOIAS","countrySubDivision":"GO","postCode":"72876902","country":"Brasil","countryCode":"BRA"},"phones":[{"type":"FIXO","countryCallingCode":"55","areaCode":"85","number":"33043867"}],"availability":{"standards":[{"weekday":"DOMINGO"},{"weekday":"SEGUNDA_FEIRA"},{"weekday":"TERCA_FEIRA"},{"weekday":"QUARTA_FEIRA"},{"weekday":"QUINTA_FEIRA"},{"weekday":"SEXTA_FEIRA"},{"weekday":"SABADO"}],"exception":"Exceto em datas festivas de Ano Novo, Dia das Mães, Dia dos Pais e Natal"}}],"services":[{"name":"RECEBIMENTOS_PAGAMENTOS_QUALQUER_NATUREZA_OUTRAS_ATIVIDADES_DECORRENTES_EXECUCAO_CONTRATOS_CONVENIOS_PRESTACAO_SERVICOS","code":"RECEBIMENTOS_PAGAMENTOS_QUALQUER_NATUREZA_EXECUCAO_CONTRATOS_CONVENIO"},{"name":"EXECUCAO_ATIVA_PASSIVA_ORDENS_PAGAMENTO_CURSADAS_INTERMEDIO_INSTITUICAO_CONTRATANTE_SOLICITACAO_CLIENTES_USUARIOS","code":"EXECUCAO_ATIVA_PASSIVA_ORDENS_PAGAMENTO"},{"name":"RECEPCAO_ENCAMINHAMENTO_PROPOSTAS_FORNECIMENTO_CARTAO_CREDITO_RESPONSABILIDADE_INSTITUICAO_CONTRATANTE","code":"RECEBE_ENCAMINHA_PROPOSTAS_FORNECIMENTO_CARTAO_CREDITO"},{"name":"RECEPCAO_ENCAMINHAMENTO_PROPOSTAS_OPERACAO_CREDITO_ARRENDAMENTO_MERCANTIL_CONCESSAO_INSTITUICAO_CONTRATANTE","code":"RECEBE_ENCAMINHA_PROPOSTAS_CREDITO_ARRENDAMENTO_MERCANTIL"}]},{"identification":{"corporationName":"LOJAS RENNER S.A.-LOJA SHOPPING RIO POTY","groupName":"LOJAS RENNER S.A.","cnpjNumber":"92754738029659","isUnderestablishment":false},"locations":[{"postalAddress":{"address":"AVENIDA MARECHAL CASTELO BRANCO, Nº 911 (SUC Nº 204AB - PISO L2)","districtName":"PORENQUANTO","townName":"TERESINA","countrySubDivision":"PI","postCode":"64000810","country":"Brasil","countryCode":"BRA"},"phones":[{"type":"FIXO","countryCallingCode":"55","areaCode":"85","number":"33043868"}],"availability":{"standards":[{"weekday":"DOMINGO"},{"weekday":"SEGUNDA_FEIRA"},{"weekday":"TERCA_FEIRA"},{"weekday":"QUARTA_FEIRA"},{"weekday":"QUINTA_FEIRA"},{"weekday":"SEXTA_FEIRA"},{"weekday":"SABADO"}],"exception":"Exceto em datas festivas de Ano Novo, Dia das Mães, Dia dos Pais e Natal"}}],"services":[{"name":"RECEBIMENTOS_PAGAMENTOS_QUALQUER_NATUREZA_OUTRAS_ATIVIDADES_DECORRENTES_EXECUCAO_CONTRATOS_CONVENIOS_PRESTACAO_SERVICOS","code":"RECEBIMENTOS_PAGAMENTOS_QUALQUER_NATUREZA_EXECUCAO_CONTRATOS_CONVENIO"},{"name":"EXECUCAO_ATIVA_PASSIVA_ORDENS_PAGAMENTO_CURSADAS_INTERMEDIO_INSTITUICAO_CONTRATANTE_SOLICITACAO_CLIENTES_USUARIOS","code":"EXECUCAO_ATIVA_PASSIVA_ORDENS_PAGAMENTO"},{"name":"RECEPCAO_ENCAMINHAMENTO_PROPOSTAS_FORNECIMENTO_CARTAO_CREDITO_RESPONSABILIDADE_INSTITUICAO_CONTRATANTE","code":"RECEBE_ENCAMINHA_PROPOSTAS_FORNECIMENTO_CARTAO_CREDITO"},{"name":"RECEPCAO_ENCAMINHAMENTO_PROPOSTAS_OPERACAO_CREDITO_ARRENDAMENTO_MERCANTIL_CONCESSAO_INSTITUICAO_CONTRATANTE","code":"RECEBE_ENCAMINHA_PROPOSTAS_CREDITO_ARRENDAMENTO_MERCANTIL"}]},{"identification":{"corporationName":"LOJAS RENNER S.A.-LOJA VÁRZEA GRANDE SHOPPING","groupName":"LOJAS RENNER S.A.","cnpjNumber":"92754738029063","isUnderestablishment":false},"locations":[{"postalAddress":{"address":"RUA PRESIDENTE ARTHUR BERNARDES, ESQUINA COM  A RUA FILINTO MULLER, S/Nº, (AN03 - 1º PAVIMENTO)","districtName":"JARDIM AEROPORTO","townName":"VARZEA GRANDE","countrySubDivision":"MT","postCode":"78125100","country":"Brasil","countryCode":"BRA"},"phones":[{"type":"FIXO","countryCallingCode":"55","areaCode":"85","number":"33043869"}],"availability":{"standards":[{"weekday":"DOMINGO"},{"weekday":"SEGUNDA_FEIRA"},{"weekday":"TERCA_FEIRA"},{"weekday":"QUARTA_FEIRA"},{"weekday":"QUINTA_FEIRA"},{"weekday":"SEXTA_FEIRA"},{"weekday":"SABADO"}],"exception":"Exceto em datas festivas de Ano Novo, Dia das Mães, Dia dos Pais e Natal"}}],"services":[{"name":"RECEBIMENTOS_PAGAMENTOS_QUALQUER_NATUREZA_OUTRAS_ATIVIDADES_DECORRENTES_EXECUCAO_CONTRATOS_CONVENIOS_PRESTACAO_SERVICOS","code":"RECEBIMENTOS_PAGAMENTOS_QUALQUER_NATUREZA_EXECUCAO_CONTRATOS_CONVENIO"},{"name":"EXECUCAO_ATIVA_PASSIVA_ORDENS_PAGAMENTO_CURSADAS_INTERMEDIO_INSTITUICAO_CONTRATANTE_SOLICITACAO_CLIENTES_USUARIOS","code":"EXECUCAO_ATIVA_PASSIVA_ORDENS_PAGAMENTO"},{"name":"RECEPCAO_ENCAMINHAMENTO_PROPOSTAS_FORNECIMENTO_CARTAO_CREDITO_RESPONSABILIDADE_INSTITUICAO_CONTRATANTE","code":"RECEBE_ENCAMINHA_PROPOSTAS_FORNECIMENTO_CARTAO_CREDITO"},{"name":"RECEPCAO_ENCAMINHAMENTO_PROPOSTAS_OPERACAO_CREDITO_ARRENDAMENTO_MERCANTIL_CONCESSAO_INSTITUICAO_CONTRATANTE","code":"RECEBE_ENCAMINHA_PROPOSTAS_CREDITO_ARRENDAMENTO_MERCANTIL"}]},{"identification":{"corporationName":"LOJAS RENNER S.A.-LOJA RIOMAR SHOPPING FORTALEZA","groupName":"LOJAS RENNER S.A.","cnpjNumber":"92754738028415","isUnderestablishment":false},"locations":[{"postalAddress":{"address":"RUA DESEMBARGADOR LAURO NOGUEIRA, Nº 1355 (SALÃO COMERCIAL Nº 2007 - PISO L2)","districtName":"RIOMAR SHOPPING FORTALEZA","townName":"FORTALEZA","countrySubDivision":"CE","postCode":"60175055","country":"Brasil","countryCode":"BRA"},"phones":[{"type":"FIXO","countryCallingCode":"55","areaCode":"85","number":"33043870"}],"availability":{"standards":[{"weekday":"DOMINGO"},{"weekday":"SEGUNDA_FEIRA"},{"weekday":"TERCA_FEIRA"},{"weekday":"QUARTA_FEIRA"},{"weekday":"QUINTA_FEIRA"},{"weekday":"SEXTA_FEIRA"},{"weekday":"SABADO"}],"exception":"Exceto em datas festivas de Ano Novo, Dia das Mães, Dia dos Pais e Natal"}}],"services":[{"name":"RECEBIMENTOS_PAGAMENTOS_QUALQUER_NATUREZA_OUTRAS_ATIVIDADES_DECORRENTES_EXECUCAO_CONTRATOS_CONVENIOS_PRESTACAO_SERVICOS","code":"RECEBIMENTOS_PAGAMENTOS_QUALQUER_NATUREZA_EXECUCAO_CONTRATOS_CONVENIO"},{"name":"EXECUCAO_ATIVA_PASSIVA_ORDENS_PAGAMENTO_CURSADAS_INTERMEDIO_INSTITUICAO_CONTRATANTE_SOLICITACAO_CLIENTES_USUARIOS","code":"EXECUCAO_ATIVA_PASSIVA_ORDENS_PAGAMENTO"},{"name":"RECEPCAO_ENCAMINHAMENTO_PROPOSTAS_FORNECIMENTO_CARTAO_CREDITO_RESPONSABILIDADE_INSTITUICAO_CONTRATANTE","code":"RECEBE_ENCAMINHA_PROPOSTAS_FORNECIMENTO_CARTAO_CREDITO"},{"name":"RECEPCAO_ENCAMINHAMENTO_PROPOSTAS_OPERACAO_CREDITO_ARRENDAMENTO_MERCANTIL_CONCESSAO_INSTITUICAO_CONTRATANTE","code":"RECEBE_ENCAMINHA_PROPOSTAS_CREDITO_ARRENDAMENTO_MERCANTIL"}]},{"identification":{"corporationName":"LOJAS RENNER S.A.-LOJA SHOPPING JARDIM NORTE JUIZ DE FORA","groupName":"LOJAS RENNER S.A.","cnpjNumber":"92754738032528","isUnderestablishment":false},"locations":[{"postalAddress":{"address":"AVENIDA BRASIL, Nº 6345, LOJAS 1024 / 2012, PISOS 1 E 2","districtName":"MARIANO PROCÓPIO","townName":"JUIZ DE FORA","countrySubDivision":"MG","postCode":"36080060","country":"Brasil","countryCode":"BRA"},"phones":[{"type":"FIXO","countryCallingCode":"55","areaCode":"85","number":"33043871"}],"availability":{"standards":[{"weekday":"DOMINGO"},{"weekday":"SEGUNDA_FEIRA"},{"weekday":"TERCA_FEIRA"},{"weekday":"QUARTA_FEIRA"},{"weekday":"QUINTA_FEIRA"},{"weekday":"SEXTA_FEIRA"},{"weekday":"SABADO"}],"exception":"Exceto em datas festivas de Ano Novo, Dia das Mães, Dia dos Pais e Natal"}}],"services":[{"name":"RECEBIMENTOS_PAGAMENTOS_QUALQUER_NATUREZA_OUTRAS_ATIVIDADES_DECORRENTES_EXECUCAO_CONTRATOS_CONVENIOS_PRESTACAO_SERVICOS","code":"RECEBIMENTOS_PAGAMENTOS_QUALQUER_NATUREZA_EXECUCAO_CONTRATOS_CONVENIO"},{"name":"EXECUCAO_ATIVA_PASSIVA_ORDENS_PAGAMENTO_CURSADAS_INTERMEDIO_INSTITUICAO_CONTRATANTE_SOLICITACAO_CLIENTES_USUARIOS","code":"EXECUCAO_ATIVA_PASSIVA_ORDENS_PAGAMENTO"},{"name":"RECEPCAO_ENCAMINHAMENTO_PROPOSTAS_FORNECIMENTO_CARTAO_CREDITO_RESPONSABILIDADE_INSTITUICAO_CONTRATANTE","code":"RECEBE_ENCAMINHA_PROPOSTAS_FORNECIMENTO_CARTAO_CREDITO"},{"name":"RECEPCAO_ENCAMINHAMENTO_PROPOSTAS_OPERACAO_CREDITO_ARRENDAMENTO_MERCANTIL_CONCESSAO_INSTITUICAO_CONTRATANTE","code":"RECEBE_ENCAMINHA_PROPOSTAS_CREDITO_ARRENDAMENTO_MERCANTIL"}]},{"identification":{"corporationName":"LOJAS RENNER S.A.-LOJA PLAZA SHOPPING AVENIDA","groupName":"LOJAS RENNER S.A.","cnpjNumber":"92754738030231","isUnderestablishment":false},"locations":[{"postalAddress":{"address":"AVENIDA JOSÉ MUNIA, Nº 4775, PISO TÉRREO, LOJAS T012/L141","districtName":"JARDIM REDENTOR","townName":"SAO JOSE DO RIO PRETO","countrySubDivision":"SP","postCode":"15085350","country":"Brasil","countryCode":"BRA"},"phones":[{"type":"FIXO","countryCallingCode":"55","areaCode":"85","number":"33043872"}],"availability":{"standards":[{"weekday":"DOMINGO"},{"weekday":"SEGUNDA_FEIRA"},{"weekday":"TERCA_FEIRA"},{"weekday":"QUARTA_FEIRA"},{"weekday":"QUINTA_FEIRA"},{"weekday":"SEXTA_FEIRA"},{"weekday":"SABADO"}],"exception":"Exceto em datas festivas de Ano Novo, Dia das Mães, Dia dos Pais e Natal"}}],"services":[{"name":"RECEBIMENTOS_PAGAMENTOS_QUALQUER_NATUREZA_OUTRAS_ATIVIDADES_DECORRENTES_EXECUCAO_CONTRATOS_CONVENIOS_PRESTACAO_SERVICOS","code":"RECEBIMENTOS_PAGAMENTOS_QUALQUER_NATUREZA_EXECUCAO_CONTRATOS_CONVENIO"},{"name":"EXECUCAO_ATIVA_PASSIVA_ORDENS_PAGAMENTO_CURSADAS_INTERMEDIO_INSTITUICAO_CONTRATANTE_SOLICITACAO_CLIENTES_USUARIOS","code":"EXECUCAO_ATIVA_PASSIVA_ORDENS_PAGAMENTO"},{"name":"RECEPCAO_ENCAMINHAMENTO_PROPOSTAS_FORNECIMENTO_CARTAO_CREDITO_RESPONSABILIDADE_INSTITUICAO_CONTRATANTE","code":"RECEBE_ENCAMINHA_PROPOSTAS_FORNECIMENTO_CARTAO_CREDITO"},{"name":"RECEPCAO_ENCAMINHAMENTO_PROPOSTAS_OPERACAO_CREDITO_ARRENDAMENTO_MERCANTIL_CONCESSAO_INSTITUICAO_CONTRATANTE","code":"RECEBE_ENCAMINHA_PROPOSTAS_CREDITO_ARRENDAMENTO_MERCANTIL"}]}]}]}]},"links":{"self":"http://10.120.192.16/open-banking/channels/v1/banking-agents?page=10&page-size=25","first":"http://10.120.192.16/open-banking/channels/v1/banking-agents?page=1&page-size=25","prev":"http://10.120.192.16/open-banking/channels/v1/banking-agents?page=9&page-size=25","next":"http://10.120.192.16/open-banking/channels/v1/banking-agents?page=11&page-size=25","last":"http://10.120.192.16/open-banking/channels/v1/banking-agents?page=15&page-size=25"},"meta":{"totalRecords":366,"totalPages":15}}

	at br.com.realize.tests.fase01.CanaisAtendimento.CorrespondentesBancarios.tests.GetCorrespondentesBancariosTest.testGarantirContratosCorrespondentesBancarios(GetCorrespondentesBancariosTest.java:108)

testGarantirContratosCreditoPessoaNatural(br.com.realize.tests.fase01.ProdutosServicos.CartaoCreditoPessoaNatural.tests.GetCartaoCreditoPessoaNaturalTest)  Time elapsed: 5.136 s  <<< FAILURE!
java.lang.AssertionError: 
1 expectation failed.
Response body doesn't match expectation.
Expected: The content to match the given JSON schema.
error: object has missing required properties (["brand"])
    level: "error"
    schema: {"loadingURI":"#","pointer":"/properties/data"}
    instance: {"pointer":"/data"}
    domain: "validation"
    keyword: "required"
    required: ["brand"]
    missing: ["brand"]

  Actual: {"data":{"name":"REALIZE CFI S.A.","companies":[{"name":"REALIZE CRÉDITO, FINANCIAMENTO E INVESTIMENTO S.A.","cnpjNumber":"27351731","personalCreditCards":[{"name":"MEU CARTAO","identification":{"product":{"type":"STANDARD_INTERNACIONAL"},"creditCard":{"network":"VISA"}},"rewardsProgram":{"hasRewardProgram":false},"fees":{"services":[{"name":"ANUIDADE_CARTAO_BASICO_NACIONAL","code":"ANUIDADE_NACIONAL","chargingTriggerInfo":"Não se aplica.","prices":[{"interval":"1_FAIXA","value":"NA","currency":"BRL","customers":{"rate":"NA"}},{"interval":"2_FAIXA","value":"NA","currency":"BRL","customers":{"rate":"NA"}},{"interval":"3_FAIXA","value":"NA","currency":"BRL","customers":{"rate":"NA"}},{"interval":"4_FAIXA","value":"NA","currency":"BRL","customers":{"rate":"NA"}}],"minimum":{"value":"NA","currency":"BRL"},"maximum":{"value":"NA","currency":"BRL"}},{"name":"ANUIDADE_CARTAO_BASICO_INTERNACIONAL","code":"ANUIDADE_INTERNACIONAL","chargingTriggerInfo":"Disponibilização de rede de estabelecimentos afiliados, instalada no país e no exterior, para pagamentos de bens e serviços, cobrada no máximo uma vez a cada 12 (doze) meses, admitido o parcelamento da cobrança.","prices":[{"interval":"1_FAIXA","value":"142.80","currency":"BRL","customers":{"rate":"1.0000"}},{"interval":"2_FAIXA","value":"0.00","currency":"BRL","customers":{"rate":"0.0000"}},{"interval":"3_FAIXA","value":"0.00","currency":"BRL","customers":{"rate":"0.0000"}},{"interval":"4_FAIXA","value":"0.00","currency":"BRL","customers":{"rate":"0.0000"}}],"minimum":{"value":"142.80","currency":"BRL"},"maximum":{"value":"142.80","currency":"BRL"}},{"name":"ANUIDADE_DIFERENCIADA","code":"ANUIDADE_DIFERENCIADA","chargingTriggerInfo":"Disponibilização de rede de estabelecimentos afiliados, instalada no país e no exterior, para pagamentos de bens e serviços, cobrada no máximo uma vez a cada 12 (doze) meses, admitido o parcelamento da cobrança.","prices":[{"interval":"1_FAIXA","value":"NA","currency":"BRL","customers":{"rate":"NA"}},{"interval":"2_FAIXA","value":"NA","currency":"BRL","customers":{"rate":"NA"}},{"interval":"3_FAIXA","value":"NA","currency":"BRL","customers":{"rate":"NA"}},{"interval":"4_FAIXA","value":"NA","currency":"BRL","customers":{"rate":"NA"}}],"minimum":{"value":"NA","currency":"BRL"},"maximum":{"value":"NA","currency":"BRL"}},{"name":"UTILIZACAO_CANAIS_ATENDIMENTO_RETIRADA_ESPECIE_BRASIL","code":"SAQUE_CARTAO_BRASIL","chargingTriggerInfo":"Disponibilização e utilização pelo cliente de canais de atendimento disponíveis no país para retirada em espécie na função crédito.","prices":[{"interval":"1_FAIXA","value":"14.90","currency":"BRL","customers":{"rate":"1.0000"}},{"interval":"2_FAIXA","value":"0.00","currency":"BRL","customers":{"rate":"0.0000"}},{"interval":"3_FAIXA","value":"0.00","currency":"BRL","customers":{"rate":"0.0000"}},{"interval":"4_FAIXA","value":"0.00","currency":"BRL","customers":{"rate":"0.0000"}}],"minimum":{"value":"14.90","currency":"BRL"},"maximum":{"value":"14.90","currency":"BRL"}},{"name":"UTILIZACAO_CANAIS_ATENDIMENTO_RETIRADA_ESPECIE_EXTERIOR","code":"SAQUE_CARTAO_EXTERIOR","chargingTriggerInfo":"Disponibilização e utilização pelo cliente de canais de atendimento disponíveis no exterior para retirada em espécie na função crédito ou débito.","prices":[{"interval":"1_FAIXA","value":"14.90","currency":"BRL","customers":{"rate":"1.0000"}},{"interval":"2_FAIXA","value":"0.00","currency":"BRL","customers":{"rate":"0.0000"}},{"interval":"3_FAIXA","value":"0.00","currency":"BRL","customers":{"rate":"0.0000"}},{"interval":"4_FAIXA","value":"0.00","currency":"BRL","customers":{"rate":"0.0000"}}],"minimum":{"value":"14.90","currency":"BRL"},"maximum":{"value":"14.90","currency":"BRL"}},{"name":"AVALIACAO_EMERGENCIAL_CREDITO","code":"AVALIACAO_EMERGENCIAL_CREDITO","chargingTriggerInfo":"Avaliação de viabilidade e de riscos para a concessão de crédito em caráter emergencial, a pedido do cliente, por meio de atendimento pessoal, para realização de despesa acima do limite do cartão, cobrada no máximo uma vez nos últimos 30 (trinta) dias.","prices":[{"interval":"1_FAIXA","value":"18.90","currency":"BRL","customers":{"rate":"1.000"}},{"interval":"2_FAIXA","value":"0.00","currency":"BRL","customers":{"rate":"0.0000"}},{"interval":"3_FAIXA","value":"0.00","currency":"BRL","customers":{"rate":"0.0000"}},{"interval":"4_FAIXA","value":"0.00","currency":"BRL","customers":{"rate":"0.0000"}}],"minimum":{"value":"18.90","currency":"BRL"},"maximum":{"value":"18.90","currency":"BRL"}},{"name":"FORNECIMENTO_SEGUNDA_VIA_FUNCAO_CREDITO","code":"EMISSAO_SEGUNDA_VIA","chargingTriggerInfo":"Confecção e emissão de novo cartão com função credito, restrito a casos de pedidos de reposição formulados pelo detentor do cartão, decorrente de perda, roubo, furto, danificação e outros motives não imputáveis instituição emitente.","prices":[{"interval":"1_FAIXA","value":"14.99","currency":"BRL","customers":{"rate":"1.0000"}},{"interval":"2_FAIXA","value":"0.00","currency":"BRL","customers":{"rate":"0.0000"}},{"interval":"3_FAIXA","value":"0.00","currency":"BRL","customers":{"rate":"0.0000"}},{"interval":"4_FAIXA","value":"0.00","currency":"BRL","customers":{"rate":"0.0000"}}],"minimum":{"value":"14.99","currency":"BRL"},"maximum":{"value":"14.99","currency":"BRL"}},{"name":"PAGAMENTO_CONTAS_UTILIZANDO_FUNCAO_CREDITO","code":"TARIFA_PAGAMENTO_CONTAS","chargingTriggerInfo":"Não se aplica.","prices":[{"interval":"1_FAIXA","value":"NA","currency":"BRL","customers":{"rate":"NA"}},{"interval":"2_FAIXA","value":"NA","currency":"BRL","customers":{"rate":"NA"}},{"interval":"3_FAIXA","value":"NA","currency":"BRL","customers":{"rate":"NA"}},{"interval":"4_FAIXA","value":"NA","currency":"BRL","customers":{"rate":"NA"}}],"minimum":{"value":"NA","currency":"BRL"},"maximum":{"value":"NA","currency":"BRL"}},{"name":"SMS","code":"SMS","chargingTriggerInfo":"Envio de mensagem automática relativa à movimentação ou ao lançamento no cartão de crédito.","prices":[{"interval":"1_FAIXA","value":"3.90","currency":"BRL","customers":{"rate":"1.000"}},{"interval":"2_FAIXA","value":"0.00","currency":"BRL","customers":{"rate":"0.0000"}},{"interval":"3_FAIXA","value":"0.00","currency":"BRL","customers":{"rate":"0.0000"}},{"interval":"4_FAIXA","value":"0.00","currency":"BRL","customers":{"rate":"0.0000"}}],"minimum":{"value":"3.90","currency":"BRL"},"maximum":{"value":"3.90","currency":"BRL"}}]},"interest":{"rates":[{"referentialRateIndexer":"PRE_FIXADO","rate":"NA","applications":[{"interval":"1_FAIXA","indexer":{"rate":"0.1460"},"customers":{"rate":"1.0000"}},{"interval":"2_FAIXA","indexer":{"rate":"0.0000"},"customers":{"rate":"0.0000"}},{"interval":"3_FAIXA","indexer":{"rate":"0.0000"},"customers":{"rate":"0.0000"}},{"interval":"4_FAIXA","indexer":{"rate":"0.0000"},"customers":{"rate":"0.0000"}}],"minimumRate":"0.1460","maximumRate":"0.1460"}],"instalmentRates":[{"referentialRateIndexer":"PRE_FIXADO","rate":"NA","applications":[{"interval":"1_FAIXA","indexer":{"rate":"0.1460"},"customers":{"rate":"1.0000"}},{"interval":"2_FAIXA","indexer":{"rate":"0.0000"},"customers":{"rate":"0.0000"}},{"interval":"3_FAIXA","indexer":{"rate":"0.0000"},"customers":{"rate":"0.0000"}},{"interval":"4_FAIXA","indexer":{"rate":"0.0000"},"customers":{"rate":"0.0000"}}],"minimumRate":"0.1460","maximumRate":"0.1460"}],"otherCredits":[{"code":"SAQUE_A_CREDITO"}]},"termsConditions":{"minimumFeeRate":"0.10","additionalInfo":"O valor do pagamento mínimo será composto pelo saldo devedor das faturas anteriores + 10% das compras existentes na fatura atual + tarifas + encargos do mês + seguros + parcelas de parcelamentos (saque rápido e parcelamentos) + saques + 10% do saldo credor da fatura anterior + 10% de estornos.","elegibilityCriteriaInfo":"Ter idade mínima de 18 anos, CPF regular na Receita Federal e renda mínima maior ou igual ao salário mínimo.","closingProcessInfo":"1) Quando você quiser cancelar: Deve nos avisar através da Central de Atendimento ou nas Lojas Renner S.A., sendo o Meu Cartão imediatamente cancelado. O contrato, porém, permanecerá eficaz até o pagamento de todos os valores ainda devidos. \n 2) Quando a gente pode cancelar este contrato: Na ocorrência de qualquer uma das hipóteses abaixo, nós poderemos encerrar o contrato, comunicando você com antecedência de 5 (cinco) dias corridos, caso em que este contrato será considerado vencido antecipadamente e exigiremos que você pague de imediato o que nos for devido: \n -> você deixe de cumprir qualquer de suas obrigações, sofra legítimo protesto de título, tenha a sua insolvência ou falência decretada, tenha incluído seu nome no CCF, ou, ainda, tenha emitido cheque sem suficiente provisão de fundos contra a gente; \n -> você tenha restrições cadastrais ao longo da vigência deste contrato; \n -> você deixe de pagar os valores devidos na respectiva data de vencimento; \n -> você exceda os limites de crédito que lhe forem atribuídos; \n -> alguma informação de cadastro que não seja verdadeira; \n -> ocorra algum evento que afete nossas garantias ou direitos creditórios, ou dos bancos que outorgam crédito. \n -> ocorrência de fraude, suspeitas de lavagem de dinheiro, desacordo comercial ou qualquer ilícito."}},{"name":"MEU CARTAO","identification":{"product":{"type":"STANDARD_INTERNACIONAL"},"creditCard":{"network":"MASTERCARD"}},"rewardsProgram":{"hasRewardProgram":false},"fees":{"services":[{"name":"ANUIDADE_CARTAO_BASICO_NACIONAL","code":"ANUIDADE_NACIONAL","chargingTriggerInfo":"Não se aplica.","prices":[{"interval":"1_FAIXA","value":"NA","currency":"BRL","customers":{"rate":"NA"}},{"interval":"2_FAIXA","value":"NA","currency":"BRL","customers":{"rate":"NA"}},{"interval":"3_FAIXA","value":"NA","currency":"BRL","customers":{"rate":"NA"}},{"interval":"4_FAIXA","value":"NA","currency":"BRL","customers":{"rate":"NA"}}],"minimum":{"value":"NA","currency":"BRL"},"maximum":{"value":"NA","currency":"BRL"}},{"name":"ANUIDADE_CARTAO_BASICO_INTERNACIONAL","code":"ANUIDADE_INTERNACIONAL","chargingTriggerInfo":"Disponibilização de rede de estabelecimentos afiliados, instalada no país e no exterior, para pagamentos de bens e serviços, cobrada no máximo uma vez a cada 12 (doze) meses, admitido o parcelamento da cobrança.","prices":[{"interval":"1_FAIXA","value":"142.80","currency":"BRL","customers":{"rate":"1.0000"}},{"interval":"2_FAIXA","value":"0.00","currency":"BRL","customers":{"rate":"0.0000"}},{"interval":"3_FAIXA","value":"0.00","currency":"BRL","customers":{"rate":"0.0000"}},{"interval":"4_FAIXA","value":"0.00","currency":"BRL","customers":{"rate":"0.0000"}}],"minimum":{"value":"142.80","currency":"BRL"},"maximum":{"value":"142.80","currency":"BRL"}},{"name":"ANUIDADE_DIFERENCIADA","code":"ANUIDADE_DIFERENCIADA","chargingTriggerInfo":"Disponibilização de rede de estabelecimentos afiliados, instalada no país e no exterior, para pagamentos de bens e serviços, cobrada no máximo uma vez a cada 12 (doze) meses, admitido o parcelamento da cobrança.","prices":[{"interval":"1_FAIXA","value":"NA","currency":"BRL","customers":{"rate":"NA"}},{"interval":"2_FAIXA","value":"NA","currency":"BRL","customers":{"rate":"NA"}},{"interval":"3_FAIXA","value":"NA","currency":"BRL","customers":{"rate":"NA"}},{"interval":"4_FAIXA","value":"NA","currency":"BRL","customers":{"rate":"NA"}}],"minimum":{"value":"NA","currency":"BRL"},"maximum":{"value":"NA","currency":"BRL"}},{"name":"UTILIZACAO_CANAIS_ATENDIMENTO_RETIRADA_ESPECIE_BRASIL","code":"SAQUE_CARTAO_BRASIL","chargingTriggerInfo":"Disponibilização e utilização pelo cliente de canais de atendimento disponíveis no país para retirada em espécie na função crédito.","prices":[{"interval":"1_FAIXA","value":"14.90","currency":"BRL","customers":{"rate":"1.0000"}},{"interval":"2_FAIXA","value":"0.00","currency":"BRL","customers":{"rate":"0.0000"}},{"interval":"3_FAIXA","value":"0.00","currency":"BRL","customers":{"rate":"0.0000"}},{"interval":"4_FAIXA","value":"0.00","currency":"BRL","customers":{"rate":"0.0000"}}],"minimum":{"value":"14.90","currency":"BRL"},"maximum":{"value":"14.90","currency":"BRL"}},{"name":"UTILIZACAO_CANAIS_ATENDIMENTO_RETIRADA_ESPECIE_EXTERIOR","code":"SAQUE_CARTAO_EXTERIOR","chargingTriggerInfo":"Disponibilização e utilização pelo cliente de canais de atendimento disponíveis no exterior para retirada em espécie na função crédito ou débito.","prices":[{"interval":"1_FAIXA","value":"14.90","currency":"BRL","customers":{"rate":"1.0000"}},{"interval":"2_FAIXA","value":"0.00","currency":"BRL","customers":{"rate":"0.0000"}},{"interval":"3_FAIXA","value":"0.00","currency":"BRL","customers":{"rate":"0.0000"}},{"interval":"4_FAIXA","value":"0.00","currency":"BRL","customers":{"rate":"0.0000"}}],"minimum":{"value":"14.90","currency":"BRL"},"maximum":{"value":"14.90","currency":"BRL"}},{"name":"AVALIACAO_EMERGENCIAL_CREDITO","code":"AVALIACAO_EMERGENCIAL_CREDITO","chargingTriggerInfo":"Avaliação de viabilidade e de riscos para a concessão de crédito em caráter emergencial, a pedido do cliente, por meio de atendimento pessoal, para realização de despesa acima do limite do cartão, cobrada no máximo uma vez nos últimos 30 (trinta) dias.","prices":[{"interval":"1_FAIXA","value":"18.90","currency":"BRL","customers":{"rate":"1.000"}},{"interval":"2_FAIXA","value":"0.00","currency":"BRL","customers":{"rate":"0.0000"}},{"interval":"3_FAIXA","value":"0.00","currency":"BRL","customers":{"rate":"0.0000"}},{"interval":"4_FAIXA","value":"0.00","currency":"BRL","customers":{"rate":"0.0000"}}],"minimum":{"value":"18.90","currency":"BRL"},"maximum":{"value":"18.90","currency":"BRL"}},{"name":"FORNECIMENTO_SEGUNDA_VIA_FUNCAO_CREDITO","code":"EMISSAO_SEGUNDA_VIA","chargingTriggerInfo":"Confecção e emissão de novo cartão com função credito, restrito a casos de pedidos de reposição formulados pelo detentor do cartão, decorrente de perda, roubo, furto, danificação e outros motives não imputáveis instituição emitente.","prices":[{"interval":"1_FAIXA","value":"14.99","currency":"BRL","customers":{"rate":"1.0000"}},{"interval":"2_FAIXA","value":"0.00","currency":"BRL","customers":{"rate":"0.0000"}},{"interval":"3_FAIXA","value":"0.00","currency":"BRL","customers":{"rate":"0.0000"}},{"interval":"4_FAIXA","value":"0.00","currency":"BRL","customers":{"rate":"0.0000"}}],"minimum":{"value":"14.99","currency":"BRL"},"maximum":{"value":"14.99","currency":"BRL"}},{"name":"PAGAMENTO_CONTAS_UTILIZANDO_FUNCAO_CREDITO","code":"TARIFA_PAGAMENTO_CONTAS","chargingTriggerInfo":"Não se aplica.","prices":[{"interval":"1_FAIXA","value":"NA","currency":"BRL","customers":{"rate":"NA"}},{"interval":"2_FAIXA","value":"NA","currency":"BRL","customers":{"rate":"NA"}},{"interval":"3_FAIXA","value":"NA","currency":"BRL","customers":{"rate":"NA"}},{"interval":"4_FAIXA","value":"NA","currency":"BRL","customers":{"rate":"NA"}}],"minimum":{"value":"NA","currency":"BRL"},"maximum":{"value":"NA","currency":"BRL"}},{"name":"SMS","code":"SMS","chargingTriggerInfo":"Envio de mensagem automática relativa à movimentação ou ao lançamento no cartão de crédito.","prices":[{"interval":"1_FAIXA","value":"3.90","currency":"BRL","customers":{"rate":"1.000"}},{"interval":"2_FAIXA","value":"0.00","currency":"BRL","customers":{"rate":"0.0000"}},{"interval":"3_FAIXA","value":"0.00","currency":"BRL","customers":{"rate":"0.0000"}},{"interval":"4_FAIXA","value":"0.00","currency":"BRL","customers":{"rate":"0.0000"}}],"minimum":{"value":"3.90","currency":"BRL"},"maximum":{"value":"3.90","currency":"BRL"}}]},"interest":{"rates":[{"referentialRateIndexer":"PRE_FIXADO","rate":"NA","applications":[{"interval":"1_FAIXA","indexer":{"rate":"0.1460"},"customers":{"rate":"1.0000"}},{"interval":"2_FAIXA","indexer":{"rate":"0.0000"},"customers":{"rate":"0.0000"}},{"interval":"3_FAIXA","indexer":{"rate":"0.0000"},"customers":{"rate":"0.0000"}},{"interval":"4_FAIXA","indexer":{"rate":"0.0000"},"customers":{"rate":"0.0000"}}],"minimumRate":"0.1460","maximumRate":"0.1460"}],"instalmentRates":[{"referentialRateIndexer":"PRE_FIXADO","rate":"NA","applications":[{"interval":"1_FAIXA","indexer":{"rate":"0.1460"},"customers":{"rate":"1.0000"}},{"interval":"2_FAIXA","indexer":{"rate":"0.0000"},"customers":{"rate":"0.0000"}},{"interval":"3_FAIXA","indexer":{"rate":"0.0000"},"customers":{"rate":"0.0000"}},{"interval":"4_FAIXA","indexer":{"rate":"0.0000"},"customers":{"rate":"0.0000"}}],"minimumRate":"0.1460","maximumRate":"0.1460"}],"otherCredits":[{"code":"SAQUE_A_CREDITO"}]},"termsConditions":{"minimumFeeRate":"0.10","additionalInfo":"O valor do pagamento mínimo será composto pelo saldo devedor das faturas anteriores + 10% das compras existentes na fatura atual + tarifas + encargos do mês + seguros + parcelas de parcelamentos (saque rápido e parcelamentos) + saques + 10% do saldo credor da fatura anterior + 10% de estornos.","elegibilityCriteriaInfo":"Ter idade mínima de 18 anos, CPF regular na Receita Federal e renda mínima maior ou igual ao salário mínimo.","closingProcessInfo":"1) Quando você quiser cancelar: Deve nos avisar através da Central de Atendimento ou nas Lojas Renner S.A., sendo o imediatamente o Meu Cartão cancelado. O contrato, porém, permanecerá eficaz até o pagamento de todos os valores ainda devidos. \n 2) Quando a gente pode cancelar este contrato: Na ocorrência de qualquer uma das hipóteses abaixo, nós poderemos encerrar o contrato, comunicando você com antecedência de 5 (cinco) dias corridos, caso em que este contrato será considerado vencido antecipadamente e exigiremos que você pague de imediato o que nos for devido: \n -> você deixe de cumprir qualquer de suas obrigações, sofra legítimo protesto de título, tenha a sua insolvência ou falência decretada, tenha incluído seu nome no CCF, ou, ainda, tenha emitido cheque sem suficiente provisão de fundos contra a gente; \n -> você tenha restrições cadastrais ao longo da vigência deste contrato; \n -> você deixe de pagar os valores devidos na respectiva data de vencimento; \n -> você exceda os limites de crédito que lhe forem atribuídos; \n -> alguma informação de cadastro que não seja verdadeira; \n -> ocorra algum evento que afete nossas garantias ou direitos creditórios, ou dos bancos que outorgam crédito. \n -> ocorrência de fraude, suspeitas de lavagem de dinheiro, desacordo comercial ou qualquer ilícito."}},{"name":"CARTAO RENNER","identification":{"product":{"type":"COMPRAS"},"creditCard":{"network":"BANDEIRA_PROPRIA"}},"rewardsProgram":{"hasRewardProgram":false},"fees":{"services":[{"name":"ANUIDADE_CARTAO_BASICO_NACIONAL","code":"ANUIDADE_NACIONAL","chargingTriggerInfo":"Disponibilização de rede de estabelecimentos afiliados, instalada no país e no exterior, para pagamentos de bens e serviços, cobrada no máximo uma vez a cada 12 (doze) meses, admitido o parcelamento da cobrança.","prices":[{"interval":"1_FAIXA","value":"NA","currency":"BRL","customers":{"rate":"NA"}},{"interval":"2_FAIXA","value":"NA","currency":"BRL","customers":{"rate":"NA"}},{"interval":"3_FAIXA","value":"NA","currency":"BRL","customers":{"rate":"NA"}},{"interval":"4_FAIXA","value":"NA","currency":"BRL","customers":{"rate":"NA"}}],"minimum":{"value":"NA","currency":"BRL"},"maximum":{"value":"NA","currency":"BRL"}},{"name":"ANUIDADE_CARTAO_BASICO_INTERNACIONAL","code":"ANUIDADE_INTERNACIONAL","chargingTriggerInfo":"Disponibilização de rede de estabelecimentos afiliados, instalada no país e no exterior, para pagamentos de bens e serviços, cobrada no máximo uma vez a cada 12 (doze) meses, admitido o parcelamento da cobrança.","prices":[{"interval":"1_FAIXA","value":"NA","currency":"BRL","customers":{"rate":"NA"}},{"interval":"2_FAIXA","value":"NA","currency":"BRL","customers":{"rate":"NA"}},{"interval":"3_FAIXA","value":"NA","currency":"BRL","customers":{"rate":"NA"}},{"interval":"4_FAIXA","value":"NA","currency":"BRL","customers":{"rate":"NA"}}],"minimum":{"value":"NA","currency":"BRL"},"maximum":{"value":"NA","currency":"BRL"}},{"name":"ANUIDADE_DIFERENCIADA","code":"ANUIDADE_DIFERENCIADA","chargingTriggerInfo":"Disponibilização de rede de estabelecimentos afiliados, instalada no país e no exterior, para pagamentos de bens e serviços, cobrada no máximo uma vez a cada 12 (doze) meses, admitido o parcelamento da cobrança.","prices":[{"interval":"1_FAIXA","value":"NA","currency":"BRL","customers":{"rate":"NA"}},{"interval":"2_FAIXA","value":"NA","currency":"BRL","customers":{"rate":"NA"}},{"interval":"3_FAIXA","value":"NA","currency":"BRL","customers":{"rate":"NA"}},{"interval":"4_FAIXA","value":"NA","currency":"BRL","customers":{"rate":"NA"}}],"minimum":{"value":"NA","currency":"BRL"},"maximum":{"value":"NA","currency":"BRL"}},{"name":"UTILIZACAO_CANAIS_ATENDIMENTO_RETIRADA_ESPECIE_BRASIL","code":"SAQUE_CARTAO_BRASIL","chargingTriggerInfo":"Disponibilização e utilização pelo cliente de canais de atendimento disponíveis no país para retirada em espécie na função crédito.","prices":[{"interval":"1_FAIXA","value":"NA","currency":"BRL","customers":{"rate":"NA"}},{"interval":"2_FAIXA","value":"NA","currency":"BRL","customers":{"rate":"NA"}},{"interval":"3_FAIXA","value":"NA","currency":"BRL","customers":{"rate":"NA"}},{"interval":"4_FAIXA","value":"NA","currency":"BRL","customers":{"rate":"NA"}}],"minimum":{"value":"NA","currency":"BRL"},"maximum":{"value":"NA","currency":"BRL"}},{"name":"UTILIZACAO_CANAIS_ATENDIMENTO_RETIRADA_ESPECIE_EXTERIOR","code":"SAQUE_CARTAO_EXTERIOR","chargingTriggerInfo":"Disponibilização e utilização pelo cliente de canais de atendimento disponíveis no exterior para retirada em espécie na função crédito ou débito.","prices":[{"interval":"1_FAIXA","value":"NA","currency":"BRL","customers":{"rate":"NA"}},{"interval":"2_FAIXA","value":"NA","currency":"BRL","customers":{"rate":"NA"}},{"interval":"3_FAIXA","value":"NA","currency":"BRL","customers":{"rate":"NA"}},{"interval":"4_FAIXA","value":"NA","currency":"BRL","customers":{"rate":"NA"}}],"minimum":{"value":"NA","currency":"BRL"},"maximum":{"value":"NA","currency":"BRL"}},{"name":"AVALIACAO_EMERGENCIAL_CREDITO","code":"AVALIACAO_EMERGENCIAL_CREDITO","chargingTriggerInfo":"Avaliação de viabilidade e de riscos para a concessão de crédito em caráter emergencial, a pedido do cliente, por meio de atendimento pessoal, para realização de despesa acima do limite do cartão, cobrada no máximo uma vez nos últimos 30 (trinta) dias.","prices":[{"interval":"1_FAIXA","value":"NA","currency":"BRL","customers":{"rate":"NA"}},{"interval":"2_FAIXA","value":"NA","currency":"BRL","customers":{"rate":"NA"}},{"interval":"3_FAIXA","value":"NA","currency":"BRL","customers":{"rate":"NA"}},{"interval":"4_FAIXA","value":"NA","currency":"BRL","customers":{"rate":"NA"}}],"minimum":{"value":"NA","currency":"BRL"},"maximum":{"value":"NA","currency":"BRL"}},{"name":"FORNECIMENTO_SEGUNDA_VIA_FUNCAO_CREDITO","code":"EMISSAO_SEGUNDA_VIA","chargingTriggerInfo":"Confecção e emissão de novo cartão com função credito, restrito a casos de pedidos de reposição formulados pelo detentor do cartão, decorrente de perda, roubo, furto, danificação e outros motives não imputáveis instituição emitente.","prices":[{"interval":"1_FAIXA","value":"NA","currency":"BRL","customers":{"rate":"NA"}},{"interval":"2_FAIXA","value":"NA","currency":"BRL","customers":{"rate":"NA"}},{"interval":"3_FAIXA","value":"NA","currency":"BRL","customers":{"rate":"NA"}},{"interval":"4_FAIXA","value":"NA","currency":"BRL","customers":{"rate":"NA"}}],"minimum":{"value":"NA","currency":"BRL"},"maximum":{"value":"NA","currency":"BRL"}},{"name":"PAGAMENTO_CONTAS_UTILIZANDO_FUNCAO_CREDITO","code":"TARIFA_PAGAMENTO_CONTAS","chargingTriggerInfo":"Não se aplica.","prices":[{"interval":"1_FAIXA","value":"NA","currency":"BRL","customers":{"rate":"NA"}},{"interval":"2_FAIXA","value":"NA","currency":"BRL","customers":{"rate":"NA"}},{"interval":"3_FAIXA","value":"NA","currency":"BRL","customers":{"rate":"NA"}},{"interval":"4_FAIXA","value":"NA","currency":"BRL","customers":{"rate":"NA"}}],"minimum":{"value":"NA","currency":"BRL"},"maximum":{"value":"NA","currency":"BRL"}},{"name":"SMS","code":"SMS","chargingTriggerInfo":"Envio de mensagem automática relativa à movimentação ou ao lançamento no cartão de crédito.","prices":[{"interval":"1_FAIXA","value":"NA","currency":"BRL","customers":{"rate":"NA"}},{"interval":"2_FAIXA","value":"NA","currency":"BRL","customers":{"rate":"NA"}},{"interval":"3_FAIXA","value":"NA","currency":"BRL","customers":{"rate":"NA"}},{"interval":"4_FAIXA","value":"NA","currency":"BRL","customers":{"rate":"NA"}}],"minimum":{"value":"NA","currency":"BRL"},"maximum":{"value":"NA","currency":"BRL"}}]},"interest":{"rates":[{"referentialRateIndexer":"PRE_FIXADO","rate":"NA","applications":[{"interval":"1_FAIXA","indexer":{"rate":"0.1590"},"customers":{"rate":"1.0000"}},{"interval":"2_FAIXA","indexer":{"rate":"0.0000"},"customers":{"rate":"0.0000"}},{"interval":"3_FAIXA","indexer":{"rate":"0.0000"},"customers":{"rate":"0.0000"}},{"interval":"4_FAIXA","indexer":{"rate":"0.0000"},"customers":{"rate":"0.0000"}}],"minimumRate":"0.1590","maximumRate":"0.1590"}],"instalmentRates":[{"referentialRateIndexer":"PRE_FIXADO","rate":"NA","applications":[{"interval":"1_FAIXA","indexer":{"rate":"0.1590"},"customers":{"rate":"1.0000"}},{"interval":"2_FAIXA","indexer":{"rate":"0.0000"},"customers":{"rate":"0.0000"}},{"interval":"3_FAIXA","indexer":{"rate":"0.0000"},"customers":{"rate":"0.0000"}},{"interval":"4_FAIXA","indexer":{"rate":"0.0000"},"customers":{"rate":"0.0000"}}],"minimumRate":"0.1590","maximumRate":"0.1590"}],"otherCredits":[{"code":"SAQUE_A_CREDITO"}]},"termsConditions":{"minimumFeeRate":"0.10","elegibilityCriteriaInfo":"Ter idade mínima de 18 anos, CPF regular na Receita Federal e renda mínima maior ou igual ao salário mínimo.","closingProcessInfo":"1) Quando você quiser cancelar: Deve comparecer em alguma loja da Renner que ofereça este serviço, sendo o Cartão Renner imediatamente cancelado. O contrato, porém, permanecerá eficaz até o pagamento de todos os valores ainda devidos. \n 2) Quando a gente pode cancelar este contrato: Na ocorrência de qualquer uma das hipóteses abaixo, nós poderemos encerrar o contrato, comunicando você com antecedência de 5 (cinco) dias corridos, caso em que este contrato será considerado vencido antecipadamente e exigiremos que você pague de imediato o que nos for devido: \n -> você deixe de cumprir qualquer de suas obrigações, sofra legítimo protesto de título, tenha a sua insolvência ou falência decretada, tenha incluído seu nome no CCF, ou, ainda, tenha emitido cheque sem suficiente provisão de fundos contra a gente; \n -> você tenha restrições cadastrais ao longo da vigência deste contrato; \n -> você deixe de pagar os valores devidos na respectiva data de vencimento; \n -> você exceda os limites de crédito que lhe forem atribuídos; \n -> alguma informação de cadastro que não seja verdadeira; \n -> ocorra algum evento que afete nossas garantias ou direitos creditórios, ou dos bancos que outorgam crédito. \n -> ocorrência de fraude, suspeitas de lavagem de dinheiro, desacordo comercial ou qualquer ilícito."}}]}]},"links":{"self":"http://10.120.192.16/open-banking/products-services/v1/personal-credit-cards?page=1&page-size=25","first":null,"prev":null,"next":null,"last":null},"meta":{"totalRecords":3,"totalPages":1}}

	at br.com.realize.tests.fase01.ProdutosServicos.CartaoCreditoPessoaNatural.tests.GetCartaoCreditoPessoaNaturalTest.testGarantirContratosCreditoPessoaNatural(GetCartaoCreditoPessoaNaturalTest.java:98)

testNumeroPaginaInvalido(br.com.realize.tests.fase01.ProdutosServicos.ContaPessoaNatural.tests.GetContaPessoaNaturalTest)  Time elapsed: 0 s  <<< FAILURE!
java.lang.AssertionError: 
1 expectation failed.
Expected status code <200> but was <500>.

	at br.com.realize.tests.fase01.ProdutosServicos.ContaPessoaNatural.tests.GetContaPessoaNaturalTest.<init>(GetContaPessoaNaturalTest.java:31)

testTamanhoPaginaSuperior(br.com.realize.tests.fase01.ProdutosServicos.ContaPessoaNatural.tests.GetContaPessoaNaturalTest)  Time elapsed: 0 s  <<< FAILURE!
java.lang.AssertionError: 
1 expectation failed.
Expected status code <200> but was <500>.

	at br.com.realize.tests.fase01.ProdutosServicos.ContaPessoaNatural.tests.GetContaPessoaNaturalTest.<init>(GetContaPessoaNaturalTest.java:31)

testNumeroPaginaZero(br.com.realize.tests.fase01.ProdutosServicos.ContaPessoaNatural.tests.GetContaPessoaNaturalTest)  Time elapsed: 0 s  <<< FAILURE!
java.lang.AssertionError: 
1 expectation failed.
Expected status code <200> but was <500>.

	at br.com.realize.tests.fase01.ProdutosServicos.ContaPessoaNatural.tests.GetContaPessoaNaturalTest.<init>(GetContaPessoaNaturalTest.java:31)

testMetodoNaoSuportado(br.com.realize.tests.fase01.ProdutosServicos.ContaPessoaNatural.tests.GetContaPessoaNaturalTest)  Time elapsed: 0 s  <<< FAILURE!
java.lang.AssertionError: 
1 expectation failed.
Expected status code <200> but was <500>.

	at br.com.realize.tests.fase01.ProdutosServicos.ContaPessoaNatural.tests.GetContaPessoaNaturalTest.<init>(GetContaPessoaNaturalTest.java:31)

testPathInvalido(br.com.realize.tests.fase01.ProdutosServicos.ContaPessoaNatural.tests.GetContaPessoaNaturalTest)  Time elapsed: 0 s  <<< FAILURE!
java.lang.AssertionError: 
1 expectation failed.
Expected status code <200> but was <500>.

	at br.com.realize.tests.fase01.ProdutosServicos.ContaPessoaNatural.tests.GetContaPessoaNaturalTest.<init>(GetContaPessoaNaturalTest.java:31)

testTamanhoPaginaInvalido(br.com.realize.tests.fase01.ProdutosServicos.ContaPessoaNatural.tests.GetContaPessoaNaturalTest)  Time elapsed: 0 s  <<< FAILURE!
java.lang.AssertionError: 
1 expectation failed.
Expected status code <200> but was <500>.

	at br.com.realize.tests.fase01.ProdutosServicos.ContaPessoaNatural.tests.GetContaPessoaNaturalTest.<init>(GetContaPessoaNaturalTest.java:31)

testTamanhoPaginaInferiorDez(br.com.realize.tests.fase01.ProdutosServicos.ContaPessoaNatural.tests.GetContaPessoaNaturalTest)  Time elapsed: 0 s  <<< FAILURE!
java.lang.AssertionError: 
1 expectation failed.
Expected status code <200> but was <500>.

	at br.com.realize.tests.fase01.ProdutosServicos.ContaPessoaNatural.tests.GetContaPessoaNaturalTest.<init>(GetContaPessoaNaturalTest.java:31)

testTamanhoPaginaZero(br.com.realize.tests.fase01.ProdutosServicos.ContaPessoaNatural.tests.GetContaPessoaNaturalTest)  Time elapsed: 0 s  <<< FAILURE!
java.lang.AssertionError: 
1 expectation failed.
Expected status code <200> but was <500>.

	at br.com.realize.tests.fase01.ProdutosServicos.ContaPessoaNatural.tests.GetContaPessoaNaturalTest.<init>(GetContaPessoaNaturalTest.java:31)

testNumeroPaginaNaoLocalizado(br.com.realize.tests.fase01.ProdutosServicos.ContaPessoaNatural.tests.GetContaPessoaNaturalTest)  Time elapsed: 0 s  <<< FAILURE!
java.lang.AssertionError: 
1 expectation failed.
Expected status code <200> but was <500>.

	at br.com.realize.tests.fase01.ProdutosServicos.ContaPessoaNatural.tests.GetContaPessoaNaturalTest.<init>(GetContaPessoaNaturalTest.java:31)

testGarantirContratosContaPessoaNatural(br.com.realize.tests.fase01.ProdutosServicos.ContaPessoaNatural.tests.GetContaPessoaNaturalTest)  Time elapsed: 0 s  <<< FAILURE!
java.lang.AssertionError: 
1 expectation failed.
Expected status code <200> but was <500>.

	at br.com.realize.tests.fase01.ProdutosServicos.ContaPessoaNatural.tests.GetContaPessoaNaturalTest.<init>(GetContaPessoaNaturalTest.java:31)

[...]

	at br.com.realize.tests.fase01.ProdutosServicos.EmprestimoPessoaJuridica.tests.GetEmprestimoPessoaJuridicaTest.testGarantirEmprestimoPessoaJuridica(GetEmprestimoPessoaJuridicaTest.java:63)

testGarantirContratosEmprestimoPessoaNatural(br.com.realize.tests.fase01.ProdutosServicos.EmprestimoPessoaNatural.tests.GetEmprestimoPessoaNaturalTest)  Time elapsed: 0.335 s  <<< FAILURE!
java.lang.AssertionError: 
1 expectation failed.
Response body doesn't match expectation.
Expected: The content to match the given JSON schema.
error: object has missing required properties (["brand"])
    level: "error"
    schema: {"loadingURI":"#","pointer":"/properties/data"}
    instance: {"pointer":"/data"}
    domain: "validation"
    keyword: "required"
    required: ["brand"]
    missing: ["brand"]

  Actual: {"data":{"name":"REALIZE CFI S.A.","companies":[{"name":"REALIZE CRÉDITO, FINANCIAMENTO E INVESTIMENTO S.A.","cnpjNumber":"27351731","personalLoans":[{"type":"EMPRESTIMO_CREDITO_PESSOAL_SEM_CONSIGNACAO","fees":{"services":[{"name":"TARIFA DE RETIRADA PAÍS","code":"TARRETPAIS","chargingTriggerInfo":"NA","prices":[{"interval":"1_FAIXA","value":"14.90","currency":"BRL","customers":{"rate":"1.0000"}},{"interval":"2_FAIXA","value":"0.00","currency":"BRL","customers":{"rate":"0.0000"}},{"interval":"3_FAIXA","value":"0.00","currency":"BRL","customers":{"rate":"0.0000"}},{"interval":"4_FAIXA","value":"0.00","currency":"BRL","customers":{"rate":"0.0000"}}],"minimum":{"value":"14.90","currency":"BRL"},"maximum":{"value":"14.90","currency":"BRL"}}]},"interestRates":[{"referentialRateIndexer":"POS_FIXADO_TR_TBF","rate":"0.10","applications":[{"interval":"1_FAIXA","indexer":{"rate":"0.1500"},"customers":{"rate":"0.1500"}},{"interval":"2_FAIXA","indexer":{"rate":"0.2000"},"customers":{"rate":"0.3500"}},{"interval":"3_FAIXA","indexer":{"rate":"0.3500"},"customers":{"rate":"0.2000"}},{"interval":"4_FAIXA","indexer":{"rate":"0.6800"},"customers":{"rate":"0.3000"}}],"minimumRate":"0.1450","maximumRate":"0.6900"}],"requiredWarranties":["HIPOTECA"],"termsConditions":"https://empresaa1.com/personal_loans"}]}]},"links":{"self":"http://10.120.192.16/open-banking/products-services/v1/personal-loans?page=1&page-size=25","first":null,"prev":null,"next":null,"last":null},"meta":{"totalRecords":1,"totalPages":1}}

	at br.com.realize.tests.fase01.ProdutosServicos.EmprestimoPessoaNatural.tests.GetEmprestimoPessoaNaturalTest.testGarantirContratosEmprestimoPessoaNatural(GetEmprestimoPessoaNaturalTest.java:56)

testIndisponibilidadeDataFinalInvalida(br.com.realize.tests.fase01.API_ComunsInternas.BackofficeOutages.tests.GetBackoffideOutagesTest)  Time elapsed: 0.139 s  <<< FAILURE!
java.lang.AssertionError: 
1 expectation failed.
Expected status code <400> but was <500>.

	at br.com.realize.tests.fase01.API_ComunsInternas.BackofficeOutages.tests.GetBackoffideOutagesTest.testIndisponibilidadeDataFinalInvalida(GetBackoffideOutagesTest.java:111)

testMetodoNaoSuportado(br.com.realize.tests.fase01.API_ComunsInternas.BackofficeOutages.tests.GetBackoffideOutagesTest)  Time elapsed: 0.091 s  <<< FAILURE!
java.lang.AssertionError: 
1 expectation failed.
Expected status code <405> but was <500>.

	at br.com.realize.tests.fase01.API_ComunsInternas.BackofficeOutages.tests.GetBackoffideOutagesTest.testMetodoNaoSuportado(GetBackoffideOutagesTest.java:221)

testNumeroPaginaNaoLocalizado(br.com.realize.tests.fase01.API_ComunsInternas.BackofficeOutages.tests.GetBackoffideOutagesTest)  Time elapsed: 0.087 s  <<< FAILURE!
java.lang.AssertionError: 
1 expectation failed.
Expected status code <404> but was <200>.

	at br.com.realize.tests.fase01.API_ComunsInternas.BackofficeOutages.tests.GetBackoffideOutagesTest.testNumeroPaginaNaoLocalizado(GetBackoffideOutagesTest.java:137)

testIndisponibilidadeDataInicialInvalida(br.com.realize.tests.fase01.API_ComunsInternas.BackofficeOutages.tests.GetBackoffideOutagesTest)  Time elapsed: 0.096 s  <<< FAILURE!
java.lang.AssertionError: 
1 expectation failed.
Expected status code <400> but was <500>.

	at br.com.realize.tests.fase01.API_ComunsInternas.BackofficeOutages.tests.GetBackoffideOutagesTest.testIndisponibilidadeDataInicialInvalida(GetBackoffideOutagesTest.java:97)

testIncluirIndisponibilidadeDataInferiorAtual(br.com.realize.tests.fase01.API_ComunsInternas.BackofficeOutages.tests.PostBackoffideOutagesTest)  Time elapsed: 0.072 s  <<< FAILURE!
java.lang.AssertionError: 
1 expectation failed.
Expected status code <400> but was <200>.

	at br.com.realize.tests.fase01.API_ComunsInternas.BackofficeOutages.tests.PostBackoffideOutagesTest.testIncluirIndisponibilidadeDataInferiorAtual(PostBackoffideOutagesTest.java:50)

testIncluirIndisponibilidadeCampoObrigatorioNaoPreenchido(br.com.realize.tests.fase01.API_ComunsInternas.BackofficeOutages.tests.PostBackoffideOutagesTest)  Time elapsed: 0.079 s  <<< FAILURE!
java.lang.AssertionError: 
1 expectation failed.
Expected status code <400> but was <200>.

	at br.com.realize.tests.fase01.API_ComunsInternas.BackofficeOutages.tests.PostBackoffideOutagesTest.testIncluirIndisponibilidadeCampoObrigatorioNaoPreenchido(PostBackoffideOutagesTest.java:70)

testAlterarIndisponibilidadeCampoObrigatorioNaoPreenchido(br.com.realize.tests.fase01.API_ComunsInternas.BackofficeOutages.tests.PutBackoffideOutagesTest)  Time elapsed: 0.137 s  <<< FAILURE!
java.lang.AssertionError: 
1 expectation failed.
Expected status code <400> but was <500>.

	at br.com.realize.tests.fase01.API_ComunsInternas.BackofficeOutages.tests.PutBackoffideOutagesTest.testAlterarIndisponibilidadeCampoObrigatorioNaoPreenchido(PutBackoffideOutagesTest.java:71)

testAlterarIndisponibilidadeDataInferiorAtual(br.com.realize.tests.fase01.API_ComunsInternas.BackofficeOutages.tests.PutBackoffideOutagesTest)  Time elapsed: 0.185 s  <<< FAILURE!
java.lang.AssertionError: 
1 expectation failed.
Expected status code <400> but was <500>.

	at br.com.realize.tests.fase01.API_ComunsInternas.BackofficeOutages.tests.PutBackoffideOutagesTest.testAlterarIndisponibilidadeDataInferiorAtual(PutBackoffideOutagesTest.java:51)

testGarantirContratosAlteracaoIndisponibilidade(br.com.realize.tests.fase01.API_ComunsInternas.BackofficeOutages.tests.PutBackoffideOutagesTest)  Time elapsed: 0.101 s  <<< FAILURE!
java.lang.AssertionError: 
1 expectation failed.
Expected status code <200> but was <500>.

	at br.com.realize.tests.fase01.API_ComunsInternas.BackofficeOutages.tests.PutBackoffideOutagesTest.testGarantirContratosAlteracaoIndisponibilidade(PutBackoffideOutagesTest.java:94)

testAlterarIndisponibilidade(br.com.realize.tests.fase01.API_ComunsInternas.BackofficeOutages.tests.PutBackoffideOutagesTest)  Time elapsed: 0.135 s  <<< FAILURE!
java.lang.AssertionError: 
1 expectation failed.
Expected status code <200> but was <500>.

	at br.com.realize.tests.fase01.API_ComunsInternas.BackofficeOutages.tests.PutBackoffideOutagesTest.testAlterarIndisponibilidade(PutBackoffideOutagesTest.java:41)

testAlterarIndisponibilidadeIsPartialTrue(br.com.realize.tests.fase01.API_ComunsInternas.BackofficeOutages.tests.PutBackoffideOutagesTest)  Time elapsed: 0.136 s  <<< FAILURE!
java.lang.AssertionError: 
1 expectation failed.
Expected status code <200> but was <500>.

	at br.com.realize.tests.fase01.API_ComunsInternas.BackofficeOutages.tests.PutBackoffideOutagesTest.testAlterarIndisponibilidadeIsPartialTrue(PutBackoffideOutagesTest.java:61)

testCpfSemConta(br.com.realize.tests.fase02.CartaoCredito.ContasPagamentoPosPago.tests.GetContaPagamentoPosPagoTest)  Time elapsed: 0.046 s  <<< FAILURE!
java.lang.AssertionError: 
1 expectation failed.
Expected status code <200> but was <500>.

	at br.com.realize.tests.fase02.CartaoCredito.ContasPagamentoPosPago.tests.GetContaPagamentoPosPagoTest.testCpfSemConta(GetContaPagamentoPosPagoTest.java:65)

testGarantirContratosContaPagamentoPosPago(br.com.realize.tests.fase02.CartaoCredito.ContasPagamentoPosPago.tests.GetContaPagamentoPosPagoTest)  Time elapsed: 0.061 s  <<< FAILURE!
java.lang.AssertionError: 
1 expectation failed.
Response body doesn't match expectation.
Expected: The content to match the given JSON schema.
error: instance type (null) does not match any allowed primitive type (allowed: ["string"])
    level: "error"
    schema: {"loadingURI":"#","pointer":"/properties/data/items/0/properties/networkAdditionalInfo"}
    instance: {"pointer":"/data/0/networkAdditionalInfo"}
    domain: "validation"
    keyword: "type"
    found: "null"
    expected: ["string"]
error: instance type (null) does not match any allowed primitive type (allowed: ["string"])
    level: "error"
    schema: {"loadingURI":"#","pointer":"/properties/data/items/0/properties/productAdditionalInfo"}
    instance: {"pointer":"/data/0/productAdditionalInfo"}
    domain: "validation"
    keyword: "type"
    found: "null"
    expected: ["string"]
error: object has missing required properties (["requestDateTime"])
    level: "error"
    schema: {"loadingURI":"#","pointer":"/properties/meta"}
    instance: {"pointer":"/meta"}
    domain: "validation"
    keyword: "required"
    required: ["requestDateTime","totalPages","totalRecords"]
    missing: ["requestDateTime"]

  Actual: {"data":[{"creditCardAccountId":"2355628","brandName":"REALIZE CFI S.A.","companyCnpj":"27351731000138","name":"MEU CARTAO","productType":"STANDARD_INTERNACIONAL","productAdditionalInfo":null,"creditCardNetwork":"OUTRAS","networkAdditionalInfo":null}],"links":{"self":"http://10.120.192.16/open-banking/credit-cards-accounts/v1/accounts?cpf=65745612800&page=1&page-size=25","first":null,"prev":null,"next":null,"last":null},"meta":{"totalRecords":1,"totalPages":1}}

	at br.com.realize.tests.fase02.CartaoCredito.ContasPagamentoPosPago.tests.GetContaPagamentoPosPagoTest.testGarantirContratosContaPagamentoPosPago(GetContaPagamentoPosPagoTest.java:55)

testCpfSemConta(br.com.realize.tests.fase02.CartaoCredito.ContaIdentificadaPorCreditCardAccountId.tests.GetContaIdentificadaPorCreditCardAccountIdTest)  Time elapsed: 0.043 s  <<< FAILURE!
java.lang.AssertionError: 
1 expectation failed.
Expected status code <200> but was <500>.

	at br.com.realize.tests.fase02.CartaoCredito.ContaIdentificadaPorCreditCardAccountId.tests.GetContaIdentificadaPorCreditCardAccountIdTest.testCpfSemConta(GetContaIdentificadaPorCreditCardAccountIdTest.java:64)

testGarantirContratosContaIdentificadaPorCreditCardAccountId(br.com.realize.tests.fase02.CartaoCredito.ContaIdentificadaPorCreditCardAccountId.tests.GetContaIdentificadaPorCreditCardAccountIdTest)  Time elapsed: 0.058 s  <<< FAILURE!
java.lang.AssertionError: 
1 expectation failed.
Response body doesn't match expectation.
Expected: The content to match the given JSON schema.
error: instance type (null) does not match any allowed primitive type (allowed: ["string"])
    level: "error"
    schema: {"loadingURI":"#","pointer":"/properties/data/properties/networkAdditionalInfo"}
    instance: {"pointer":"/data/networkAdditionalInfo"}
    domain: "validation"
    keyword: "type"
    found: "null"
    expected: ["string"]
error: instance type (null) does not match any allowed primitive type (allowed: ["string"])
    level: "error"
    schema: {"loadingURI":"#","pointer":"/properties/data/properties/productAdditionalInfo"}
    instance: {"pointer":"/data/productAdditionalInfo"}
    domain: "validation"
    keyword: "type"
    found: "null"
    expected: ["string"]
error: object has missing required properties (["requestDateTime"])
    level: "error"
    schema: {"loadingURI":"#","pointer":"/properties/meta"}
    instance: {"pointer":"/meta"}
    domain: "validation"
    keyword: "required"
    required: ["requestDateTime","totalPages","totalRecords"]
    missing: ["requestDateTime"]

  Actual: {"data":{"name":"CARTAO RENNER","productType":"COMPRAS","productAdditionalInfo":null,"creditCardNetwork":"OUTRAS","networkAdditionalInfo":null,"paymentMethod":[{"identificationNumber":"7462","isMultipleCreditCard":false}]},"links":{"self":"http://10.120.192.16/open-banking/credit-cards-accounts/v1/accounts/739572113","first":null,"prev":null,"next":null,"last":null},"meta":{"totalRecords":1,"totalPages":1}}

	at br.com.realize.tests.fase02.CartaoCredito.ContaIdentificadaPorCreditCardAccountId.tests.GetContaIdentificadaPorCreditCardAccountIdTest.testGarantirContratosContaIdentificadaPorCreditCardAccountId(GetContaIdentificadaPorCreditCardAccountIdTest.java:53)

testValidarinformacoesConta(br.com.realize.tests.fase02.Contas.ListaContas.tests.GetContaTest)  Time elapsed: 5.132 s  <<< FAILURE!
java.lang.AssertionError: 
1 expectation failed.
Expected response time was not a value less than <4L> seconds, was 5026 milliseconds (5 seconds).
	at br.com.realize.tests.fase02.Contas.ListaContas.tests.GetContaTest.testValidarinformacoesConta(GetContaTest.java:49)

testGarantirContratosInformacoesConta(br.com.realize.tests.fase02.Contas.ListaContas.tests.GetContaTest)  Time elapsed: 5.644 s  <<< FAILURE!
java.lang.AssertionError: 
1 expectation failed.
Response body doesn't match expectation.
Expected: The content to match the given JSON schema.
error: object has missing required properties (["accountId"])
    level: "error"
    schema: {"loadingURI":"#","pointer":"/properties/data/items/0"}
    instance: {"pointer":"/data/0"}
    domain: "validation"
    keyword: "required"
    required: ["accountId","branchCode","brandName","checkDigit","companyCnpj","compeCode","number","type"]
    missing: ["accountId"]

  Actual: {"data":[{"brandName":"REALIZE CFI S.A.","companyCnpj":"27351731000138","type":"CONTA_PAGAMENTO_PRE_PAGA","compeCode":"374","branchCode":"0001","number":"158076326","checkDigit":"6","accountID":"e92c51df-b68c-4faa-9cbc-4cb1b232781f"}],"links":{"self":"http://10.120.192.16/open-banking/accounts/v1/accounts/?accountType=CONTA_PAGAMENTO_PRE_PAGA&cpfCnpj=15218532827&page=1&page-size=1","first":null,"prev":null,"next":null,"last":null},"meta":{"totalRecords":1,"totalPages":1,"requestDateTime":[2021,6,18,23,37,6,641622000]}}

	at br.com.realize.tests.fase02.Contas.ListaContas.tests.GetContaTest.testGarantirContratosInformacoesConta(GetContaTest.java:62)

testGarantirContratosSaldoConta(br.com.realize.tests.fase02.Contas.Saldos.tests.GetSaldoTest)  Time elapsed: 6.587 s  <<< FAILURE!
java.lang.AssertionError: 
1 expectation failed.
Response body doesn't match expectation.
Expected: The content to match the given JSON schema.
error: object has missing required properties (["availableAmount"])
    level: "error"
    schema: {"loadingURI":"#","pointer":"/properties/data"}
    instance: {"pointer":"/data"}
    domain: "validation"
    keyword: "required"
    required: ["automaticallyInvestedAmount","automaticallyInvestedAmountCurrency","availableAmount","availableAmountCurrency","blockedAmount","blockedAmountCurrency"]
    missing: ["availableAmount"]

  Actual: {"data":{"avaiableAmount":5988994811.9800,"availableAmountCurrency":"BRL","blockedAmount":0.0000,"blockedAmountCurrency":"BRL","automaticallyInvestedAmount":0.0000,"automaticallyInvestedAmountCurrency":"BRL"},"links":{"self":"http://10.120.192.16/open-banking/accounts/v1/accounts/e92c51df-b68c-4faa-9cbc-4cb1b232781f/balances","first":null,"prev":null,"next":null,"last":null},"meta":{"totalRecords":1,"totalPages":1,"requestDateTime":[2021,6,18,23,37,17,306872000]}}

	at br.com.realize.tests.fase02.Contas.Saldos.tests.GetSaldoTest.testGarantirContratosSaldoConta(GetSaldoTest.java:53)

testGarantirContratosLimitesConta(br.com.realize.tests.fase02.Contas.Limites.tests.GetLimiteTest)  Time elapsed: 11.005 s  <<< FAILURE!
java.lang.AssertionError: 
1 expectation failed.
Response body doesn't match expectation.
Expected: The content to match the given JSON schema.
error: instance type (null) does not match any allowed primitive type (allowed: ["string"])
    level: "error"
    schema: {"loadingURI":"#","pointer":"/properties/links/properties/first"}
    instance: {"pointer":"/links/first"}
    domain: "validation"
    keyword: "type"
    found: "null"
    expected: ["string"]
error: instance type (null) does not match any allowed primitive type (allowed: ["string"])
    level: "error"
    schema: {"loadingURI":"#","pointer":"/properties/links/properties/last"}
    instance: {"pointer":"/links/last"}
    domain: "validation"
    keyword: "type"
    found: "null"
    expected: ["string"]
error: instance type (null) does not match any allowed primitive type (allowed: ["string"])
    level: "error"
    schema: {"loadingURI":"#","pointer":"/properties/links/properties/next"}
    instance: {"pointer":"/links/next"}
    domain: "validation"
    keyword: "type"
    found: "null"
    expected: ["string"]
error: instance type (null) does not match any allowed primitive type (allowed: ["string"])
    level: "error"
    schema: {"loadingURI":"#","pointer":"/properties/links/properties/prev"}
    instance: {"pointer":"/links/prev"}
    domain: "validation"
    keyword: "type"
    found: "null"
    expected: ["string"]

  Actual: {"data":{"overdraftContractedLimit":0,"overdraftContractedLimitCurrency":"BRL","overdraftUsedLimit":0,"overdraftUsedLimitCurrency":"BRL","unarrangedOverdraftAmount":0,"unarrangedOverdraftAmountCurrency":"BRL"},"links":{"self":"http://10.120.192.16/open-banking/accounts/v1/accounts/e92c51df-b68c-4faa-9cbc-4cb1b232781f/overdraft-limits","first":null,"prev":null,"next":null,"last":null},"meta":{"totalRecords":1,"totalPages":1,"requestDateTime":[2021,6,18,23,38,22,94468000]}}

	at br.com.realize.tests.fase02.Contas.Limites.tests.GetLimiteTest.testGarantirContratosLimitesConta(GetLimiteTest.java:92)

testGarantirContratosInformacoesConta(br.com.realize.tests.fase02.Contas.IdentificacaoConta.tests.GetIdentificacaoContaTest)  Time elapsed: 6.056 s  <<< FAILURE!
java.lang.AssertionError: 
1 expectation failed.
Response body doesn't match expectation.
Expected: The content to match the given JSON schema.
error: instance type (null) does not match any allowed primitive type (allowed: ["string"])
    level: "error"
    schema: {"loadingURI":"#","pointer":"/properties/links/properties/first"}
    instance: {"pointer":"/links/first"}
    domain: "validation"
    keyword: "type"
    found: "null"
    expected: ["string"]
error: instance type (null) does not match any allowed primitive type (allowed: ["string"])
    level: "error"
    schema: {"loadingURI":"#","pointer":"/properties/links/properties/last"}
    instance: {"pointer":"/links/last"}
    domain: "validation"
    keyword: "type"
    found: "null"
    expected: ["string"]
error: instance type (null) does not match any allowed primitive type (allowed: ["string"])
    level: "error"
    schema: {"loadingURI":"#","pointer":"/properties/links/properties/next"}
    instance: {"pointer":"/links/next"}
    domain: "validation"
    keyword: "type"
    found: "null"
    expected: ["string"]
error: instance type (null) does not match any allowed primitive type (allowed: ["string"])
    level: "error"
    schema: {"loadingURI":"#","pointer":"/properties/links/properties/prev"}
    instance: {"pointer":"/links/prev"}
    domain: "validation"
    keyword: "type"
    found: "null"
    expected: ["string"]

  Actual: {"data":{"compeCode":"374","branchCode":"0001","number":"158076326","checkDigit":"6","type":"CONTA_PAGAMENTO_PRE_PAGA","subtype":"INDIVIDUAL","currency":"BRL"},"links":{"self":"http://10.120.192.16/open-banking/accounts/v1/accounts/e92c51df-b68c-4faa-9cbc-4cb1b232781f","first":null,"prev":null,"next":null,"last":null},"meta":{"totalRecords":1,"totalPages":1,"requestDateTime":[2021,6,18,23,39,16,183794000]}}

	at br.com.realize.tests.fase02.Contas.IdentificacaoConta.tests.GetIdentificacaoContaTest.testGarantirContratosInformacoesConta(GetIdentificacaoContaTest.java:56)

