-------------------------------------------------------------------------------
Test set: br.com.realize.tests.fase01.CanaisAtendimento.AtendimentoTelefonico.tests.GetAtendimentoTelefonicoTest
-------------------------------------------------------------------------------
Tests run: 14, Failures: 1, Errors: 0, Skipped: 0, Time elapsed: 2.021 s <<< FAILURE! - in br.com.realize.tests.fase01.CanaisAtendimento.AtendimentoTelefonico.tests.GetAtendimentoTelefonicoTest
testMetodoNaoSuportado(br.com.realize.tests.fase01.CanaisAtendimento.AtendimentoTelefonico.tests.GetAtendimentoTelefonicoTest)  Time elapsed: 0.068 s  <<< FAILURE!
java.lang.AssertionError: 
1 expectation failed.
Expected status code <405> but was <500>.

	at br.com.realize.tests.fase01.CanaisAtendimento.AtendimentoTelefonico.tests.GetAtendimentoTelefonicoTest.testMetodoNaoSuportado(GetAtendimentoTelefonicoTest.java:212)

