-------------------------------------------------------------------------------
Test set: br.com.realize.tests.fase01.ProdutosServicos.CartaoCreditoPessoaNatural.tests.GetCartaoCreditoPessoaNaturalTest
-------------------------------------------------------------------------------
Tests run: 12, Failures: 1, Errors: 0, Skipped: 0, Time elapsed: 14.77 s <<< FAILURE! - in br.com.realize.tests.fase01.ProdutosServicos.CartaoCreditoPessoaNatural.tests.GetCartaoCreditoPessoaNaturalTest
testMetodoNaoSuportado(br.com.realize.tests.fase01.ProdutosServicos.CartaoCreditoPessoaNatural.tests.GetCartaoCreditoPessoaNaturalTest)  Time elapsed: 0.059 s  <<< FAILURE!
java.lang.AssertionError: 
1 expectation failed.
Expected status code <405> but was <500>.

	at br.com.realize.tests.fase01.ProdutosServicos.CartaoCreditoPessoaNatural.tests.GetCartaoCreditoPessoaNaturalTest.testMetodoNaoSuportado(GetCartaoCreditoPessoaNaturalTest.java:198)

