-------------------------------------------------------------------------------
Test set: br.com.realize.tests.fase02.DadosCadastrais.IdentificacaoPessoaNatural.tests.GetIdentificacaoPessoaNaturalTest
-------------------------------------------------------------------------------
Tests run: 5, Failures: 4, Errors: 0, Skipped: 0, Time elapsed: 0.363 s <<< FAILURE! - in br.com.realize.tests.fase02.DadosCadastrais.IdentificacaoPessoaNatural.tests.GetIdentificacaoPessoaNaturalTest
testCpfInvalido(br.com.realize.tests.fase02.DadosCadastrais.IdentificacaoPessoaNatural.tests.GetIdentificacaoPessoaNaturalTest)  Time elapsed: 0.052 s  <<< FAILURE!
java.lang.AssertionError: 
1 expectation failed.
Expected status code <400> but was <500>.

	at br.com.realize.tests.fase02.DadosCadastrais.IdentificacaoPessoaNatural.tests.GetIdentificacaoPessoaNaturalTest.testCpfInvalido(GetIdentificacaoPessoaNaturalTest.java:89)

testGarantirContratosIdentificacaoPessoaNatural(br.com.realize.tests.fase02.DadosCadastrais.IdentificacaoPessoaNatural.tests.GetIdentificacaoPessoaNaturalTest)  Time elapsed: 0.079 s  <<< FAILURE!
java.lang.AssertionError: 
1 expectation failed.
Expected status code <200> but was <500>.

	at br.com.realize.tests.fase02.DadosCadastrais.IdentificacaoPessoaNatural.tests.GetIdentificacaoPessoaNaturalTest.testGarantirContratosIdentificacaoPessoaNatural(GetIdentificacaoPessoaNaturalTest.java:55)

testMetodoNaoSuportado(br.com.realize.tests.fase02.DadosCadastrais.IdentificacaoPessoaNatural.tests.GetIdentificacaoPessoaNaturalTest)  Time elapsed: 0.066 s  <<< FAILURE!
java.lang.AssertionError: 
1 expectation failed.
Expected status code <405> but was <500>.

	at br.com.realize.tests.fase02.DadosCadastrais.IdentificacaoPessoaNatural.tests.GetIdentificacaoPessoaNaturalTest.testMetodoNaoSuportado(GetIdentificacaoPessoaNaturalTest.java:78)

testValidarIdentificacaoPessoaNatural(br.com.realize.tests.fase02.DadosCadastrais.IdentificacaoPessoaNatural.tests.GetIdentificacaoPessoaNaturalTest)  Time elapsed: 0.117 s  <<< FAILURE!
java.lang.AssertionError: 
1 expectation failed.
Expected status code <200> but was <500>.

	at br.com.realize.tests.fase02.DadosCadastrais.IdentificacaoPessoaNatural.tests.GetIdentificacaoPessoaNaturalTest.testValidarIdentificacaoPessoaNatural(GetIdentificacaoPessoaNaturalTest.java:37)

