-------------------------------------------------------------------------------
Test set: br.com.realize.tests.fase01.API_ComunsInternas.BackofficeOutages.tests.GetBackoffideOutagesTest
-------------------------------------------------------------------------------
Tests run: 16, Failures: 4, Errors: 0, Skipped: 0, Time elapsed: 1.035 s <<< FAILURE! - in br.com.realize.tests.fase01.API_ComunsInternas.BackofficeOutages.tests.GetBackoffideOutagesTest
testIndisponibilidadeDataFinalInvalida(br.com.realize.tests.fase01.API_ComunsInternas.BackofficeOutages.tests.GetBackoffideOutagesTest)  Time elapsed: 0.117 s  <<< FAILURE!
java.lang.AssertionError: 
1 expectation failed.
Expected status code <400> but was <500>.

	at br.com.realize.tests.fase01.API_ComunsInternas.BackofficeOutages.tests.GetBackoffideOutagesTest.testIndisponibilidadeDataFinalInvalida(GetBackoffideOutagesTest.java:111)

testMetodoNaoSuportado(br.com.realize.tests.fase01.API_ComunsInternas.BackofficeOutages.tests.GetBackoffideOutagesTest)  Time elapsed: 0.09 s  <<< FAILURE!
java.lang.AssertionError: 
1 expectation failed.
Expected status code <405> but was <500>.

	at br.com.realize.tests.fase01.API_ComunsInternas.BackofficeOutages.tests.GetBackoffideOutagesTest.testMetodoNaoSuportado(GetBackoffideOutagesTest.java:221)

testNumeroPaginaNaoLocalizado(br.com.realize.tests.fase01.API_ComunsInternas.BackofficeOutages.tests.GetBackoffideOutagesTest)  Time elapsed: 0.078 s  <<< FAILURE!
java.lang.AssertionError: 
1 expectation failed.
Expected status code <404> but was <200>.

	at br.com.realize.tests.fase01.API_ComunsInternas.BackofficeOutages.tests.GetBackoffideOutagesTest.testNumeroPaginaNaoLocalizado(GetBackoffideOutagesTest.java:137)

testIndisponibilidadeDataInicialInvalida(br.com.realize.tests.fase01.API_ComunsInternas.BackofficeOutages.tests.GetBackoffideOutagesTest)  Time elapsed: 0.125 s  <<< FAILURE!
java.lang.AssertionError: 
1 expectation failed.
Expected status code <400> but was <500>.

	at br.com.realize.tests.fase01.API_ComunsInternas.BackofficeOutages.tests.GetBackoffideOutagesTest.testIndisponibilidadeDataInicialInvalida(GetBackoffideOutagesTest.java:97)

