-------------------------------------------------------------------------------
Test set: br.com.realize.tests.fase01.ProdutosServicos.EmprestimoPessoaNatural.tests.GetEmprestimoPessoaNaturalTest
-------------------------------------------------------------------------------
Tests run: 11, Failures: 1, Errors: 0, Skipped: 0, Time elapsed: 0.619 s <<< FAILURE! - in br.com.realize.tests.fase01.ProdutosServicos.EmprestimoPessoaNatural.tests.GetEmprestimoPessoaNaturalTest
testGarantirContratosEmprestimoPessoaNatural(br.com.realize.tests.fase01.ProdutosServicos.EmprestimoPessoaNatural.tests.GetEmprestimoPessoaNaturalTest)  Time elapsed: 0.302 s  <<< FAILURE!
java.lang.AssertionError: 
1 expectation failed.
Response body doesn't match expectation.
Expected: The content to match the given JSON schema.
error: object has missing required properties (["brand"])
    level: "error"
    schema: {"loadingURI":"#","pointer":"/properties/data"}
    instance: {"pointer":"/data"}
    domain: "validation"
    keyword: "required"
    required: ["brand"]
    missing: ["brand"]

  Actual: {"data":{"name":"REALIZE CFI S.A.","companies":[{"name":"REALIZE CRÉDITO, FINANCIAMENTO E INVESTIMENTO S.A.","cnpjNumber":"27351731","personalLoans":[{"type":"EMPRESTIMO_CREDITO_PESSOAL_SEM_CONSIGNACAO","fees":{"services":[{"name":"TARIFA DE RETIRADA PAÍS","code":"TARRETPAIS","chargingTriggerInfo":"NA","prices":[{"interval":"1_FAIXA","value":"14.90","currency":"BRL","customers":{"rate":"1.0000"}},{"interval":"2_FAIXA","value":"0.00","currency":"BRL","customers":{"rate":"0.0000"}},{"interval":"3_FAIXA","value":"0.00","currency":"BRL","customers":{"rate":"0.0000"}},{"interval":"4_FAIXA","value":"0.00","currency":"BRL","customers":{"rate":"0.0000"}}],"minimum":{"value":"14.90","currency":"BRL"},"maximum":{"value":"14.90","currency":"BRL"}}]},"interestRates":[{"referentialRateIndexer":"POS_FIXADO_TR_TBF","rate":"0.10","applications":[{"interval":"1_FAIXA","indexer":{"rate":"0.1500"},"customers":{"rate":"0.1500"}},{"interval":"2_FAIXA","indexer":{"rate":"0.2000"},"customers":{"rate":"0.3500"}},{"interval":"3_FAIXA","indexer":{"rate":"0.3500"},"customers":{"rate":"0.2000"}},{"interval":"4_FAIXA","indexer":{"rate":"0.6800"},"customers":{"rate":"0.3000"}}],"minimumRate":"0.1450","maximumRate":"0.6900"}],"requiredWarranties":["HIPOTECA"],"termsConditions":"https://empresaa1.com/personal_loans"}]}]},"links":{"self":"http://10.120.192.16/open-banking/products-services/v1/personal-loans?page=1&page-size=25","first":null,"prev":null,"next":null,"last":null},"meta":{"totalRecords":1,"totalPages":1}}

	at br.com.realize.tests.fase01.ProdutosServicos.EmprestimoPessoaNatural.tests.GetEmprestimoPessoaNaturalTest.testGarantirContratosEmprestimoPessoaNatural(GetEmprestimoPessoaNaturalTest.java:56)

