-------------------------------------------------------------------------------
Test set: br.com.realize.tests.fase01.ProdutosServicos.EmprestimoPessoaJuridica.tests.GetEmprestimoPessoaJuridicaTest
-------------------------------------------------------------------------------
Tests run: 10, Failures: 1, Errors: 0, Skipped: 0, Time elapsed: 1.694 s <<< FAILURE! - in br.com.realize.tests.fase01.ProdutosServicos.EmprestimoPessoaJuridica.tests.GetEmprestimoPessoaJuridicaTest
testGarantirEmprestimoPessoaJuridica(br.com.realize.tests.fase01.ProdutosServicos.EmprestimoPessoaJuridica.tests.GetEmprestimoPessoaJuridicaTest)  Time elapsed: 1.689 s  <<< FAILURE!
java.lang.AssertionError: 
1 expectation failed.
Response body doesn't match expectation.
Expected: The content to match the given JSON schema.
error: object has missing required properties (["brand"])
    level: "error"
    schema: {"loadingURI":"#","pointer":"/properties/data"}
    instance: {"pointer":"/data"}
    domain: "validation"
    keyword: "required"
    required: ["brand"]
    missing: ["brand"]

  Actual: {"data":{"name":"REALIZE CFI S.A.","companies":[{"name":"REALIZE CRÉDITO, FINANCIAMENTO E INVESTIMENTO S.A.","cnpjNumber":"27351731","businessLoans":[{"type":"EMPRESTIMO_MICROCREDITO_PRODUTIVO_ORIENTADO","fees":{"services":[{"name":"Taxa de Abertura de Crédito - Microcrédito Produtivo Orientado","code":"NA","chargingTriggerInfo":"3% do valor do contrato","prices":[{"interval":"1_FAIXA","value":"2000.00","currency":"BRL","customers":{"rate":"0.1500"}},{"interval":"2_FAIXA","value":"3200.00","currency":"BRL","customers":{"rate":"0.3500"}},{"interval":"3_FAIXA","value":"5072.00","currency":"BRL","customers":{"rate":"0.2000"}},{"interval":"4_FAIXA","value":"7006.00","currency":"BRL","customers":{"rate":"0.3000"}}],"minimum":{"value":"1350.00","currency":"BRL"},"maximum":{"value":"8800.00","currency":"BRL"}}]},"interestRates":[{"referentialRateIndexer":"POS_FIXADO_TR_TBF","rate":"0.15","applications":[{"interval":"1_FAIXA","indexer":{"rate":"0.0987"},"customers":{"rate":"0.1500"}},{"interval":"2_FAIXA","indexer":{"rate":"0.1600"},"customers":{"rate":"0.3500"}},{"interval":"3_FAIXA","indexer":{"rate":"0.3600"},"customers":{"rate":"0.2000"}},{"interval":"4_FAIXA","indexer":{"rate":"0.5890"},"customers":{"rate":"0.3000"}}],"minimumRate":"0.0889","maximumRate":"0.6865"}],"requiredWarranties":["OUTRAS_GARANTIAS_NAO_FIDEJUSSORIAS"],"termsConditions":"https://empresaa1.com/personal_loans"},{"type":"EMPRESTIMO_CHEQUE_ESPECIAL","fees":{"services":[{"name":"Cheque Especial","code":"NA","chargingTriggerInfo":"0,25% sobre o excente do limite acima de R$500,00","prices":[{"interval":"1_FAIXA","value":"2000.00","currency":"BRL","customers":{"rate":"0.1500"}},{"interval":"2_FAIXA","value":"3200.00","currency":"BRL","customers":{"rate":"0.3500"}},{"interval":"3_FAIXA","value":"5072.00","currency":"BRL","customers":{"rate":"0.2000"}},{"interval":"4_FAIXA","value":"6006.00","currency":"BRL","customers":{"rate":"0.3000"}}],"minimum":{"value":"1300.00","currency":"BRL"},"maximum":{"value":"6800.00","currency":"BRL"}}]},"interestRates":[{"referentialRateIndexer":"POS_FIXADO_TR_TBF","rate":"0.10","applications":[{"interval":"1_FAIXA","indexer":{"rate":"0.0987"},"customers":{"rate":"0.1500"}},{"interval":"2_FAIXA","indexer":{"rate":"0.1600"},"customers":{"rate":"0.3500"}},{"interval":"3_FAIXA","indexer":{"rate":"0.3600"},"customers":{"rate":"0.2000"}},{"interval":"4_FAIXA","indexer":{"rate":"0.7680"},"customers":{"rate":"0.3000"}}],"minimumRate":"0.0889","maximumRate":"0.6865"}],"requiredWarranties":["GARANTIA_FIDEJUSSORIA"],"termsConditions":"https://empresaa1.com/personal_loans"},{"type":"EMPRESTIMO_CONTA_GARANTIDA","fees":{"services":[{"name":"Descoberto em C/C, Conta garantida","code":"NA","chargingTriggerInfo":"Tarifa R$63,00","prices":[{"interval":"1_FAIXA","value":"1500.00","currency":"BRL","customers":{"rate":"0.1500"}},{"interval":"2_FAIXA","value":"3800.00","currency":"BRL","customers":{"rate":"0.3500"}},{"interval":"3_FAIXA","value":"4090.00","currency":"BRL","customers":{"rate":"0.2000"}},{"interval":"4_FAIXA","value":"7786.00","currency":"BRL","customers":{"rate":"0.3000"}}],"minimum":{"value":"830.00","currency":"BRL"},"maximum":{"value":"8800.00","currency":"BRL"}}]},"interestRates":[{"referentialRateIndexer":"POS_FIXADO_TR_TBF","rate":"0.10","applications":[{"interval":"1_FAIXA","indexer":{"rate":"0.0987"},"customers":{"rate":"0.1500"}},{"interval":"2_FAIXA","indexer":{"rate":"0.3600"},"customers":{"rate":"0.3500"}},{"interval":"3_FAIXA","indexer":{"rate":"0.3600"},"customers":{"rate":"0.2000"}},{"interval":"4_FAIXA","indexer":{"rate":"0.7680"},"customers":{"rate":"0.3000"}}],"minimumRate":"0.0889","maximumRate":"0.6865"}],"requiredWarranties":["GARANTIA_FIDEJUSSORIA"],"termsConditions":"https://empresaa1.com/personal_loans"},{"type":"EMPRESTIMO_CAPITAL_GIRO_PRAZO_VENCIMENTO_ATE_365_DIAS","fees":{"services":[{"name":"Contratação","code":"NA","chargingTriggerInfo":"(mín. R$ 100,00 máx. R$ 3.000), tarifa 3% do Contrato","prices":[{"interval":"1_FAIXA","value":"1700.00","currency":"BRL","customers":{"rate":"0.1500"}},{"interval":"2_FAIXA","value":"2200.00","currency":"BRL","customers":{"rate":"0.3500"}},{"interval":"3_FAIXA","value":"4030.00","currency":"BRL","customers":{"rate":"0.2000"}},{"interval":"4_FAIXA","value":"5030.00","currency":"BRL","customers":{"rate":"0.3000"}}],"minimum":{"value":"770.00","currency":"BRL"},"maximum":{"value":"5800.00","currency":"BRL"}},{"name":"Alteração Contratual","code":"NA","chargingTriggerInfo":"(mín. R$ 100,00 máx. R$ 3.000), tarifa 3% do Contrato","prices":[{"interval":"1_FAIXA","value":"55.40","currency":"BRL","customers":{"rate":"0.1500"}},{"interval":"2_FAIXA","value":"62.00","currency":"BRL","customers":{"rate":"0.3500"}},{"interval":"3_FAIXA","value":"75.00","currency":"BRL","customers":{"rate":"0.2000"}},{"interval":"4_FAIXA","value":"86.00","currency":"BRL","customers":{"rate":"0.3000"}}],"minimum":{"value":"49.00","currency":"BRL"},"maximum":{"value":"90.00","currency":"BRL"}}]},"interestRates":[{"referentialRateIndexer":"OUTRAS_TAXAS_POS_FIXADAS","rate":"0.15","applications":[{"interval":"1_FAIXA","indexer":{"rate":"0.0150"},"customers":{"rate":"0.1500"}},{"interval":"2_FAIXA","indexer":{"rate":"0.2240"},"customers":{"rate":"0.3500"}},{"interval":"3_FAIXA","indexer":{"rate":"0.3090"},"customers":{"rate":"0.2000"}},{"interval":"4_FAIXA","indexer":{"rate":"0.6223"},"customers":{"rate":"0.3000"}}],"minimumRate":"0.0100","maximumRate":"0.7100"}],"requiredWarranties":["NAO_APLICAVEL"],"termsConditions":"https://empresaa1.com/personal_loans"},{"type":"EMPRESTIMO_CAPITAL_GIRO_PRAZO_VENCIMENTO_SUPERIOR_365_DIAS","fees":{"services":null},"interestRates":[{"referentialRateIndexer":"OUTRAS_TAXAS_POS_FIXADAS","rate":"0.09","applications":[{"interval":"1_FAIXA","indexer":{"rate":"0.0987"},"customers":{"rate":"0.1500"}},{"interval":"2_FAIXA","indexer":{"rate":"0.1600"},"customers":{"rate":"0.3500"}},{"interval":"3_FAIXA","indexer":{"rate":"0.3600"},"customers":{"rate":"0.2000"}},{"interval":"4_FAIXA","indexer":{"rate":"0.5890"},"customers":{"rate":"0.3000"}}],"minimumRate":"0.0889","maximumRate":"0.6865"}],"requiredWarranties":["NAO_APLICAVEL"],"termsConditions":"https://empresaa1.com/personal_loans"},{"type":"EMPRESTIMO_CAPITAL_GIRO_ROTATIVO","fees":{"services":[{"name":"Renovação","code":"NA","chargingTriggerInfo":"(mín. R$ 100 máx. R$ 1.100,00), tarifa 3% do Contrato","prices":[{"interval":"1_FAIXA","value":"1000.00","currency":"BRL","customers":{"rate":"0.1500"}},{"interval":"2_FAIXA","value":"3800.00","currency":"BRL","customers":{"rate":"0.3500"}},{"interval":"3_FAIXA","value":"5072.00","currency":"BRL","customers":{"rate":"0.2000"}},{"interval":"4_FAIXA","value":"7826.00","currency":"BRL","customers":{"rate":"0.3000"}}],"minimum":{"value":"610.00","currency":"BRL"},"maximum":{"value":"8580.00","currency":"BRL"}}]},"interestRates":[{"referentialRateIndexer":"OUTRAS_TAXAS_POS_FIXADAS","rate":"0.18","applications":[{"interval":"1_FAIXA","indexer":{"rate":"0.0987"},"customers":{"rate":"0.1500"}},{"interval":"2_FAIXA","indexer":{"rate":"0.1600"},"customers":{"rate":"0.3500"}},{"interval":"3_FAIXA","indexer":{"rate":"0.3600"},"customers":{"rate":"0.2000"}},{"interval":"4_FAIXA","indexer":{"rate":"0.7680"},"customers":{"rate":"0.3000"}}],"minimumRate":"0.0456","maximumRate":"0.8100"}],"requiredWarranties":["NAO_APLICAVEL"],"termsConditions":"https://empresaa1.com/personal_loans"}]}]},"links":{"self":"http://10.120.192.16/open-banking/products-services/v1/business-loans?page=1&page-size=25","first":null,"prev":null,"next":null,"last":null},"meta":{"totalRecords":6,"totalPages":1}}

	at br.com.realize.tests.fase01.ProdutosServicos.EmprestimoPessoaJuridica.tests.GetEmprestimoPessoaJuridicaTest.testGarantirEmprestimoPessoaJuridica(GetEmprestimoPessoaJuridicaTest.java:63)

