-------------------------------------------------------------------------------
Test set: br.com.realize.tests.fase02.Contas.ListaContas.tests.GetContaTest
-------------------------------------------------------------------------------
Tests run: 7, Failures: 2, Errors: 0, Skipped: 0, Time elapsed: 7.776 s <<< FAILURE! - in br.com.realize.tests.fase02.Contas.ListaContas.tests.GetContaTest
testMetodoNaoSuportadoContas(br.com.realize.tests.fase02.Contas.ListaContas.tests.GetContaTest)  Time elapsed: 0.12 s  <<< FAILURE!
java.lang.AssertionError: 
1 expectation failed.
Expected status code <405> but was <500>.

	at br.com.realize.tests.fase02.Contas.ListaContas.tests.GetContaTest.testMetodoNaoSuportadoContas(GetContaTest.java:120)

testGarantirContratosInformacoesConta(br.com.realize.tests.fase02.Contas.ListaContas.tests.GetContaTest)  Time elapsed: 4.027 s  <<< FAILURE!
java.lang.AssertionError: 
1 expectation failed.
Response body doesn't match expectation.
Expected: The content to match the given JSON schema.
error: instance type (array) does not match any allowed primitive type (allowed: ["string"])
    level: "error"
    schema: {"loadingURI":"#","pointer":"/properties/meta/properties/requestDateTime"}
    instance: {"pointer":"/meta/requestDateTime"}
    domain: "validation"
    keyword: "type"
    found: "array"
    expected: ["string"]

  Actual: {"data":[{"brandName":"REALIZE CFI S.A.","brandID":"218b28be-b283-5994-973e-3bafbffccf0c","companyCnpj":"27351731000138","type":"CONTA_PAGAMENTO_PRE_PAGA","compeCode":"374","branchCode":"0001","number":"158076326","checkDigit":"6","accountID":"e92c51df-b68c-4faa-9cbc-4cb1b232781f"}],"links":{"self":"http://10.120.192.16/open-banking/accounts/v1/accounts/?accountType=CONTA_PAGAMENTO_PRE_PAGA&cpfCnpj=15218532827&page=1&page-size=1","first":null,"prev":null,"next":null,"last":null},"meta":{"totalRecords":1,"totalPages":1,"requestDateTime":[2021,5,14,11,15,23,519301000]}}

	at br.com.realize.tests.fase02.Contas.ListaContas.tests.GetContaTest.testGarantirContratosInformacoesConta(GetContaTest.java:57)

