-------------------------------------------------------------------------------
Test set: br.com.realize.tests.fase02.Contas.Saldos.tests.GetSaldoTest
-------------------------------------------------------------------------------
Tests run: 4, Failures: 2, Errors: 0, Skipped: 0, Time elapsed: 10.187 s <<< FAILURE! - in br.com.realize.tests.fase02.Contas.Saldos.tests.GetSaldoTest
testGarantirContratosSaldoConta(br.com.realize.tests.fase02.Contas.Saldos.tests.GetSaldoTest)  Time elapsed: 3.364 s  <<< FAILURE!
java.lang.AssertionError: 
1 expectation failed.
Response body doesn't match expectation.
Expected: The content to match the given JSON schema.
error: instance type (array) does not match any allowed primitive type (allowed: ["string"])
    level: "error"
    schema: {"loadingURI":"#","pointer":"/properties/meta/properties/requestDateTime"}
    instance: {"pointer":"/meta/requestDateTime"}
    domain: "validation"
    keyword: "type"
    found: "array"
    expected: ["string"]

  Actual: {"data":{"avaiableAmount":5988994811.9800,"blockedAmount":0.0000,"automaticallyInvestedAmount":0.0000},"links":{"self":"http://10.120.192.16/open-banking/accounts/v1/accounts/e92c51df-b68c-4faa-9cbc-4cb1b232781f/balances","first":null,"prev":null,"next":null,"last":null},"meta":{"totalRecords":1,"totalPages":1,"requestDateTime":[2021,5,14,11,15,26,996581000]}}

	at br.com.realize.tests.fase02.Contas.Saldos.tests.GetSaldoTest.testGarantirContratosSaldoConta(GetSaldoTest.java:35)

testMetodoNaoSuportadoSaldo(br.com.realize.tests.fase02.Contas.Saldos.tests.GetSaldoTest)  Time elapsed: 3.25 s  <<< FAILURE!
java.lang.AssertionError: 
1 expectation failed.
Expected status code <405> but was <500>.

	at br.com.realize.tests.fase02.Contas.Saldos.tests.GetSaldoTest.testMetodoNaoSuportadoSaldo(GetSaldoTest.java:70)

