<?xml version="1.0" encoding="UTF-8"?>
<testsuite xmlns:xsi="http://www.w3.org/2001/XMLSchema-instance" xsi:noNamespaceSchemaLocation="https://maven.apache.org/surefire/maven-surefire-plugin/xsd/surefire-test-report.xsd" name="br.com.realize.tests.fase02.Contas.Saldos.tests.GetSaldoTest" time="18.964" tests="5" errors="0" skipped="0" failures="0">
  <properties>
[...]
</properties>
  <testcase name="testGarantirContratosSaldoConta" classname="br.com.realize.tests.fase02.Contas.Saldos.tests.GetSaldoTest" time="5.246"/>
  <testcase name="testMetodoNaoSuportado" classname="br.com.realize.tests.fase02.Contas.Saldos.tests.GetSaldoTest" time="4.061"/>
  <testcase name="testPathInvalido" classname="br.com.realize.tests.fase02.Contas.Saldos.tests.GetSaldoTest" time="3.749"/>
  <testcase name="testIdInvalidoSaldo" classname="br.com.realize.tests.fase02.Contas.Saldos.tests.GetSaldoTest" time="0.111"/>
  <testcase name="testObterSaldo" classname="br.com.realize.tests.fase02.Contas.Saldos.tests.GetSaldoTest" time="5.789"/>
</testsuite>