<?xml version="1.0" encoding="UTF-8"?>
<testsuite xmlns:xsi="http://www.w3.org/2001/XMLSchema-instance" xsi:noNamespaceSchemaLocation="https://maven.apache.org/surefire/maven-surefire-plugin/xsd/surefire-test-report.xsd" name="br.com.realize.tests.fase01.CanaisAtendimento.CorrespondentesBancarios.tests.GetCorrespondentesBancariosTest" time="10.967" tests="14" errors="0" skipped="0" failures="1">
  <properties>
[...]
</properties>
  <testcase name="testNumeroPaginaInvalido" classname="br.com.realize.tests.fase01.CanaisAtendimento.CorrespondentesBancarios.tests.GetCorrespondentesBancariosTest" time="0"/>
  <testcase name="testNavegarProximaPagina" classname="br.com.realize.tests.fase01.CanaisAtendimento.CorrespondentesBancarios.tests.GetCorrespondentesBancariosTest" time="0"/>
  <testcase name="testNavegarPaginaAnterior" classname="br.com.realize.tests.fase01.CanaisAtendimento.CorrespondentesBancarios.tests.GetCorrespondentesBancariosTest" time="0"/>
  <testcase name="testTamanhoPaginaSuperior" classname="br.com.realize.tests.fase01.CanaisAtendimento.CorrespondentesBancarios.tests.GetCorrespondentesBancariosTest" time="0.082"/>
  <testcase name="testNumeroPaginaZero" classname="br.com.realize.tests.fase01.CanaisAtendimento.CorrespondentesBancarios.tests.GetCorrespondentesBancariosTest" time="0.084"/>
  <testcase name="testNavegarPrimeiraPagina" classname="br.com.realize.tests.fase01.CanaisAtendimento.CorrespondentesBancarios.tests.GetCorrespondentesBancariosTest" time="0.31"/>
  <testcase name="testMetodoNaoSuportado" classname="br.com.realize.tests.fase01.CanaisAtendimento.CorrespondentesBancarios.tests.GetCorrespondentesBancariosTest" time="0.084"/>
  <testcase name="testPathInvalido" classname="br.com.realize.tests.fase01.CanaisAtendimento.CorrespondentesBancarios.tests.GetCorrespondentesBancariosTest" time="0.076"/>
  <testcase name="testTamanhoPaginaInvalido" classname="br.com.realize.tests.fase01.CanaisAtendimento.CorrespondentesBancarios.tests.GetCorrespondentesBancariosTest" time="0.09"/>
  <testcase name="testTamanhoPaginaZero" classname="br.com.realize.tests.fase01.CanaisAtendimento.CorrespondentesBancarios.tests.GetCorrespondentesBancariosTest" time="0.074"/>
  <testcase name="testGarantirContratosCorrespondentesBancarios" classname="br.com.realize.tests.fase01.CanaisAtendimento.CorrespondentesBancarios.tests.GetCorrespondentesBancariosTest" time="6.271">
    <failure message="1 expectation failed.&#10;Response body doesn&apos;t match expectation.&#10;Expected: The content to match the given JSON schema.&#10;error: object has missing required properties ([&quot;brand&quot;])&#10;    level: &quot;error&quot;&#10;    schema: {&quot;loadingURI&quot;:&quot;#&quot;,&quot;pointer&quot;:&quot;/properties/data&quot;}&#10;    instance: {&quot;pointer&quot;:&quot;/data&quot;}&#10;    domain: &quot;validation&quot;&#10;    keyword: &quot;required&quot;&#10;    required: [&quot;brand&quot;]&#10;    missing: [&quot;brand&quot;]&#10;&#10;  Actual: {&quot;data&quot;:{&quot;name&quot;:&quot;REALIZE CFI S.A.&quot;,&quot;companies&quot;:[{&quot;name&quot;:&quot;REALIZE CRÉDITO, FINANCIAMENTO E INVESTIMENTO S.A.&quot;,&quot;cnpjNumber&quot;:&quot;27351731&quot;,&quot;contractors&quot;:[{&quot;name&quot;:&quot;REALIZE CRÉDITO, FINANCIAMENTO E INVESTIMENTO S.A.&quot;,&quot;cnpjNumber&quot;:&quot;27351731000138&quot;,&quot;bankingAgents&quot;:[{&quot;identification&quot;:{&quot;corporationName&quot;:&quot;LOJAS RENNER S.A.-LOJA NATAL SHOPPING&quot;,&quot;groupName&quot;:&quot;LOJAS RENNER S.A.&quot;,&quot;cnpjNumber&quot;:&quot;92754738025904&quot;,&quot;isUnderestablishment&quot;:false},&quot;locations&quot;:[{&quot;postalAddress&quot;:{&quot;address&quot;:&quot;AVENIDA SENADOR SALGADO FILHO, 2234, (ESPAÇO COMERCIAL Nº 368)&quot;,&quot;districtName&quot;:&quot;NATAL SHOPPING&quot;,&quot;townName&quot;:&quot;NATAL&quot;,&quot;countrySubDivision&quot;:&quot;RN&quot;,&quot;postCode&quot;:&quot;59064900&quot;,&quot;country&quot;:&quot;Brasil&quot;,&quot;countryCode&quot;:&quot;BRA&quot;},&quot;phones&quot;:[{&quot;type&quot;:&quot;FIXO&quot;,&quot;countryCallingCode&quot;:&quot;55&quot;,&quot;areaCode&quot;:&quot;85&quot;,&quot;number&quot;:&quot;33043847&quot;}],&quot;availability&quot;:{&quot;standards&quot;:[{&quot;weekday&quot;:&quot;DOMINGO&quot;},{&quot;weekday&quot;:&quot;SEGUNDA_FEIRA&quot;},{&quot;weekday&quot;:&quot;TERCA_FEIRA&quot;},{&quot;weekday&quot;:&quot;QUARTA_FEIRA&quot;},{&quot;weekday&quot;:&quot;QUINTA_FEIRA&quot;},{&quot;weekday&quot;:&quot;SEXTA_FEIRA&quot;},{&quot;weekday&quot;:&quot;SABADO&quot;}],&quot;exception&quot;:&quot;Exceto em datas festivas de Ano Novo, Dia das Mães, Dia dos Pais e Natal&quot;}}],&quot;services&quot;:[{&quot;name&quot;:&quot;RECEBIMENTOS_PAGAMENTOS_QUALQUER_NATUREZA_OUTRAS_ATIVIDADES_DECORRENTES_EXECUCAO_CONTRATOS_CONVENIOS_PRESTACAO_SERVICOS&quot;,&quot;code&quot;:&quot;RECEBIMENTOS_PAGAMENTOS_QUALQUER_NATUREZA_EXECUCAO_CONTRATOS_CONVENIO&quot;},{&quot;name&quot;:&quot;EXECUCAO_ATIVA_PASSIVA_ORDENS_PAGAMENTO_CURSADAS_INTERMEDIO_INSTITUICAO_CONTRATANTE_SOLICITACAO_CLIENTES_USUARIOS&quot;,&quot;code&quot;:&quot;EXECUCAO_ATIVA_PASSIVA_ORDENS_PAGAMENTO&quot;},{&quot;name&quot;:&quot;RECEPCAO_ENCAMINHAMENTO_PROPOSTAS_FORNECIMENTO_CARTAO_CREDITO_RESPONSABILIDADE_INSTITUICAO_CONTRATANTE&quot;,&quot;code&quot;:&quot;RECEBE_ENCAMINHA_PROPOSTAS_FORNECIMENTO_CARTAO_CREDITO&quot;},{&quot;name&quot;:&quot;RECEPCAO_ENCAMINHAMENTO_PROPOSTAS_OPERACAO_CREDITO_ARRENDAMENTO_MERCANTIL_CONCESSAO_INSTITUICAO_CONTRATANTE&quot;,&quot;code&quot;:&quot;RECEBE_ENCAMINHA_PROPOSTAS_CREDITO_ARRENDAMENTO_MERCANTIL&quot;}]},{&quot;identification&quot;:{&quot;corporationName&quot;:&quot;LOJAS RENNER S.A.-LOJA SHOPPING MONTSERRAT&quot;,&quot;groupName&quot;:&quot;LOJAS RENNER S.A.&quot;,&quot;cnpjNumber&quot;:&quot;92754738027605&quot;,&quot;isUnderestablishment&quot;:false},&quot;locations&quot;:[{&quot;postalAddress&quot;:{&quot;address&quot;:&quot;AVENIDA ELDES SCHERRER SOUZA, Nº 2162, (SUC Nº 103M – PISO L-1)&quot;,&quot;districtName&quot;:&quot;PLANALTO DE CARAPINA&quot;,&quot;townName&quot;:&quot;SERRA&quot;,&quot;countrySubDivision&quot;:&quot;ES&quot;,&quot;postCode&quot;:&quot;29162741&quot;,&quot;country&quot;:&quot;Brasil&quot;,&quot;countryCode&quot;:&quot;BRA&quot;},&quot;phones&quot;:[{&quot;type&quot;:&quot;FIXO&quot;,&quot;countryCallingCode&quot;:&quot;55&quot;,&quot;areaCode&quot;:&quot;85&quot;,&quot;number&quot;:&quot;33043848&quot;}],&quot;availability&quot;:{&quot;standards&quot;:[{&quot;weekday&quot;:&quot;DOMINGO&quot;},{&quot;weekday&quot;:&quot;SEGUNDA_FEIRA&quot;},{&quot;weekday&quot;:&quot;TERCA_FEIRA&quot;},{&quot;weekday&quot;:&quot;QUARTA_FEIRA&quot;},{&quot;weekday&quot;:&quot;QUINTA_FEIRA&quot;},{&quot;weekday&quot;:&quot;SEXTA_FEIRA&quot;},{&quot;weekday&quot;:&quot;SABADO&quot;}],&quot;exception&quot;:&quot;Exceto em datas festivas de Ano Novo, Dia das Mães, Dia dos Pais e Natal&quot;}}],&quot;services&quot;:[{&quot;name&quot;:&quot;RECEBIMENTOS_PAGAMENTOS_QUALQUER_NATUREZA_OUTRAS_ATIVIDADES_DECORRENTES_EXECUCAO_CONTRATOS_CONVENIOS_PRESTACAO_SERVICOS&quot;,&quot;code&quot;:&quot;RECEBIMENTOS_PAGAMENTOS_QUALQUER_NATUREZA_EXECUCAO_CONTRATOS_CONVENIO&quot;},{&quot;name&quot;:&quot;EXECUCAO_ATIVA_PASSIVA_ORDENS_PAGAMENTO_CURSADAS_INTERMEDIO_INSTITUICAO_CONTRATANTE_SOLICITACAO_CLIENTES_USUARIOS&quot;,&quot;code&quot;:&quot;EXECUCAO_ATIVA_PASSIVA_ORDENS_PAGAMENTO&quot;},{&quot;name&quot;:&quot;RECEPCAO_ENCAMINHAMENTO_PROPOSTAS_FORNECIMENTO_CARTAO_CREDITO_RESPONSABILIDADE_INSTITUICAO_CONTRATANTE&quot;,&quot;code&quot;:&quot;RECEBE_ENCAMINHA_PROPOSTAS_FORNECIMENTO_CARTAO_CREDITO&quot;},{&quot;name&quot;:&quot;RECEPCAO_ENCAMINHAMENTO_PROPOSTAS_OPERACAO_CREDITO_ARRENDAMENTO_MERCANTIL_CONCESSAO_INSTITUICAO_CONTRATANTE&quot;,&quot;code&quot;:&quot;RECEBE_ENCAMINHA_PROPOSTAS_CREDITO_ARRENDAMENTO_MERCANTIL&quot;}]},{&quot;identification&quot;:{&quot;corporationName&quot;:&quot;LOJAS RENNER S.A.-LOJA SHOPPING VALE DO AÇO&quot;,&quot;groupName&quot;:&quot;LOJAS RENNER S.A.&quot;,&quot;cnpjNumber&quot;:&quot;92754738030070&quot;,&quot;isUnderestablishment&quot;:false},&quot;locations&quot;:[{&quot;postalAddress&quot;:{&quot;address&quot;:&quot;AVENIDA PEDRO LINHARES GOMES, Nº 3900, (LOJA Nº 153 NO 1º PISO E Nº 262 NO 2º PISO)&quot;,&quot;districtName&quot;:&quot;INDUSTRIAL&quot;,&quot;townName&quot;:&quot;IPATINGA&quot;,&quot;countrySubDivision&quot;:&quot;MG&quot;,&quot;postCode&quot;:&quot;35160290&quot;,&quot;country&quot;:&quot;Brasil&quot;,&quot;countryCode&quot;:&quot;BRA&quot;},&quot;phones&quot;:[{&quot;type&quot;:&quot;FIXO&quot;,&quot;countryCallingCode&quot;:&quot;55&quot;,&quot;areaCode&quot;:&quot;85&quot;,&quot;number&quot;:&quot;33043849&quot;}],&quot;availability&quot;:{&quot;standards&quot;:[{&quot;weekday&quot;:&quot;DOMINGO&quot;},{&quot;weekday&quot;:&quot;SEGUNDA_FEIRA&quot;},{&quot;weekday&quot;:&quot;TERCA_FEIRA&quot;},{&quot;weekday&quot;:&quot;QUARTA_FEIRA&quot;},{&quot;weekday&quot;:&quot;QUINTA_FEIRA&quot;},{&quot;weekday&quot;:&quot;SEXTA_FEIRA&quot;},{&quot;weekday&quot;:&quot;SABADO&quot;}],&quot;exception&quot;:&quot;Exceto em datas festivas de Ano Novo, Dia das Mães, Dia dos Pais e Natal&quot;}}],&quot;services&quot;:[{&quot;name&quot;:&quot;RECEBIMENTOS_PAGAMENTOS_QUALQUER_NATUREZA_OUTRAS_ATIVIDADES_DECORRENTES_EXECUCAO_CONTRATOS_CONVENIOS_PRESTACAO_SERVICOS&quot;,&quot;code&quot;:&quot;RECEBIMENTOS_PAGAMENTOS_QUALQUER_NATUREZA_EXECUCAO_CONTRATOS_CONVENIO&quot;},{&quot;name&quot;:&quot;EXECUCAO_ATIVA_PASSIVA_ORDENS_PAGAMENTO_CURSADAS_INTERMEDIO_INSTITUICAO_CONTRATANTE_SOLICITACAO_CLIENTES_USUARIOS&quot;,&quot;code&quot;:&quot;EXECUCAO_ATIVA_PASSIVA_ORDENS_PAGAMENTO&quot;},{&quot;name&quot;:&quot;RECEPCAO_ENCAMINHAMENTO_PROPOSTAS_FORNECIMENTO_CARTAO_CREDITO_RESPONSABILIDADE_INSTITUICAO_CONTRATANTE&quot;,&quot;code&quot;:&quot;RECEBE_ENCAMINHA_PROPOSTAS_FORNECIMENTO_CARTAO_CREDITO&quot;},{&quot;name&quot;:&quot;RECEPCAO_ENCAMINHAMENTO_PROPOSTAS_OPERACAO_CREDITO_ARRENDAMENTO_MERCANTIL_CONCESSAO_INSTITUICAO_CONTRATANTE&quot;,&quot;code&quot;:&quot;RECEBE_ENCAMINHA_PROPOSTAS_CREDITO_ARRENDAMENTO_MERCANTIL&quot;}]},{&quot;identification&quot;:{&quot;corporationName&quot;:&quot;LOJAS RENNER S.A.-LOJA SHOPPING PRAÇA NOVA ARAÇATUBA&quot;,&quot;groupName&quot;:&quot;LOJAS RENNER S.A.&quot;,&quot;cnpjNumber&quot;:&quot;92754738027796&quot;,&quot;isUnderestablishment&quot;:false},&quot;locations&quot;:[{&quot;postalAddress&quot;:{&quot;address&quot;:&quot;AVENIDA GOVERNADOR MARIO COVAS, Nº 6001, (EUC Nº51 - PISO TÉRREO)&quot;,&quot;districtName&quot;:&quot;SHOPPING PRAÇA NOVA ARAÇATUBA&quot;,&quot;townName&quot;:&quot;ARACATUBA&quot;,&quot;countrySubDivision&quot;:&quot;SP&quot;,&quot;postCode&quot;:&quot;16071245&quot;,&quot;country&quot;:&quot;Brasil&quot;,&quot;countryCode&quot;:&quot;BRA&quot;},&quot;phones&quot;:[{&quot;type&quot;:&quot;FIXO&quot;,&quot;countryCallingCode&quot;:&quot;55&quot;,&quot;areaCode&quot;:&quot;85&quot;,&quot;number&quot;:&quot;33043850&quot;}],&quot;availability&quot;:{&quot;standards&quot;:[{&quot;weekday&quot;:&quot;DOMINGO&quot;},{&quot;weekday&quot;:&quot;SEGUNDA_FEIRA&quot;},{&quot;weekday&quot;:&quot;TERCA_FEIRA&quot;},{&quot;weekday&quot;:&quot;QUARTA_FEIRA&quot;},{&quot;weekday&quot;:&quot;QUINTA_FEIRA&quot;},{&quot;weekday&quot;:&quot;SEXTA_FEIRA&quot;},{&quot;weekday&quot;:&quot;SABADO&quot;}],&quot;exception&quot;:&quot;Exceto em datas festivas de Ano Novo, Dia das Mães, Dia dos Pais e Natal&quot;}}],&quot;services&quot;:[{&quot;name&quot;:&quot;RECEBIMENTOS_PAGAMENTOS_QUALQUER_NATUREZA_OUTRAS_ATIVIDADES_DECORRENTES_EXECUCAO_CONTRATOS_CONVENIOS_PRESTACAO_SERVICOS&quot;,&quot;code&quot;:&quot;RECEBIMENTOS_PAGAMENTOS_QUALQUER_NATUREZA_EXECUCAO_CONTRATOS_CONVENIO&quot;},{&quot;name&quot;:&quot;EXECUCAO_ATIVA_PASSIVA_ORDENS_PAGAMENTO_CURSADAS_INTERMEDIO_INSTITUICAO_CONTRATANTE_SOLICITACAO_CLIENTES_USUARIOS&quot;,&quot;code&quot;:&quot;EXECUCAO_ATIVA_PASSIVA_ORDENS_PAGAMENTO&quot;},{&quot;name&quot;:&quot;RECEPCAO_ENCAMINHAMENTO_PROPOSTAS_FORNECIMENTO_CARTAO_CREDITO_RESPONSABILIDADE_INSTITUICAO_CONTRATANTE&quot;,&quot;code&quot;:&quot;RECEBE_ENCAMINHA_PROPOSTAS_FORNECIMENTO_CARTAO_CREDITO&quot;},{&quot;name&quot;:&quot;RECEPCAO_ENCAMINHAMENTO_PROPOSTAS_OPERACAO_CREDITO_ARRENDAMENTO_MERCANTIL_CONCESSAO_INSTITUICAO_CONTRATANTE&quot;,&quot;code&quot;:&quot;RECEBE_ENCAMINHA_PROPOSTAS_CREDITO_ARRENDAMENTO_MERCANTIL&quot;}]},{&quot;identification&quot;:{&quot;corporationName&quot;:&quot;LOJAS RENNER S.A.-LOJA BURITÍ SHOPPING RIO VERDE&quot;,&quot;groupName&quot;:&quot;LOJAS RENNER S.A.&quot;,&quot;cnpjNumber&quot;:&quot;92754738029306&quot;,&quot;isUnderestablishment&quot;:false},&quot;locations&quot;:[{&quot;postalAddress&quot;:{&quot;address&quot;:&quot;RUA O, S/N, QUADRA 14, LOTE 6, LUC&apos;S Nº 156/157/158/159&quot;,&quot;districtName&quot;:&quot;SETOR JARDIM CAMPESTRE&quot;,&quot;townName&quot;:&quot;RIO VERDE&quot;,&quot;countrySubDivision&quot;:&quot;GO&quot;,&quot;postCode&quot;:&quot;75907681&quot;,&quot;country&quot;:&quot;Brasil&quot;,&quot;countryCode&quot;:&quot;BRA&quot;},&quot;phones&quot;:[{&quot;type&quot;:&quot;FIXO&quot;,&quot;countryCallingCode&quot;:&quot;55&quot;,&quot;areaCode&quot;:&quot;85&quot;,&quot;number&quot;:&quot;33043851&quot;}],&quot;availability&quot;:{&quot;standards&quot;:[{&quot;weekday&quot;:&quot;DOMINGO&quot;},{&quot;weekday&quot;:&quot;SEGUNDA_FEIRA&quot;},{&quot;weekday&quot;:&quot;TERCA_FEIRA&quot;},{&quot;weekday&quot;:&quot;QUARTA_FEIRA&quot;},{&quot;weekday&quot;:&quot;QUINTA_FEIRA&quot;},{&quot;weekday&quot;:&quot;SEXTA_FEIRA&quot;},{&quot;weekday&quot;:&quot;SABADO&quot;}],&quot;exception&quot;:&quot;Exceto em datas festivas de Ano Novo, Dia das Mães, Dia dos Pais e Natal&quot;}}],&quot;services&quot;:[{&quot;name&quot;:&quot;RECEBIMENTOS_PAGAMENTOS_QUALQUER_NATUREZA_OUTRAS_ATIVIDADES_DECORRENTES_EXECUCAO_CONTRATOS_CONVENIOS_PRESTACAO_SERVICOS&quot;,&quot;code&quot;:&quot;RECEBIMENTOS_PAGAMENTOS_QUALQUER_NATUREZA_EXECUCAO_CONTRATOS_CONVENIO&quot;},{&quot;name&quot;:&quot;EXECUCAO_ATIVA_PASSIVA_ORDENS_PAGAMENTO_CURSADAS_INTERMEDIO_INSTITUICAO_CONTRATANTE_SOLICITACAO_CLIENTES_USUARIOS&quot;,&quot;code&quot;:&quot;EXECUCAO_ATIVA_PASSIVA_ORDENS_PAGAMENTO&quot;},{&quot;name&quot;:&quot;RECEPCAO_ENCAMINHAMENTO_PROPOSTAS_FORNECIMENTO_CARTAO_CREDITO_RESPONSABILIDADE_INSTITUICAO_CONTRATANTE&quot;,&quot;code&quot;:&quot;RECEBE_ENCAMINHA_PROPOSTAS_FORNECIMENTO_CARTAO_CREDITO&quot;},{&quot;name&quot;:&quot;RECEPCAO_ENCAMINHAMENTO_PROPOSTAS_OPERACAO_CREDITO_ARRENDAMENTO_MERCANTIL_CONCESSAO_INSTITUICAO_CONTRATANTE&quot;,&quot;code&quot;:&quot;RECEBE_ENCAMINHA_PROPOSTAS_CREDITO_ARRENDAMENTO_MERCANTIL&quot;}]},{&quot;identification&quot;:{&quot;corporationName&quot;:&quot;LOJAS RENNER S.A.-LOJA SÃO LUÍS SHOPPING&quot;,&quot;groupName&quot;:&quot;LOJAS RENNER S.A.&quot;,&quot;cnpjNumber&quot;:&quot;92754738028920&quot;,&quot;isUnderestablishment&quot;:false},&quot;locations&quot;:[{&quot;postalAddress&quot;:{&quot;address&quot;:&quot;AVENIDA PROFESSOR CARLOS CUNHA, Nº 1.000 (LUC 301 ÂNCORA - 1 - PISO L1)&quot;,&quot;districtName&quot;:&quot;JARACATY&quot;,&quot;townName&quot;:&quot;SAO LUIS&quot;,&quot;countrySubDivision&quot;:&quot;MA&quot;,&quot;postCode&quot;:&quot;65076820&quot;,&quot;country&quot;:&quot;Brasil&quot;,&quot;countryCode&quot;:&quot;BRA&quot;},&quot;phones&quot;:[{&quot;type&quot;:&quot;FIXO&quot;,&quot;countryCallingCode&quot;:&quot;55&quot;,&quot;areaCode&quot;:&quot;85&quot;,&quot;number&quot;:&quot;33043852&quot;}],&quot;availability&quot;:{&quot;standards&quot;:[{&quot;weekday&quot;:&quot;DOMINGO&quot;},{&quot;weekday&quot;:&quot;SEGUNDA_FEIRA&quot;},{&quot;weekday&quot;:&quot;TERCA_FEIRA&quot;},{&quot;weekday&quot;:&quot;QUARTA_FEIRA&quot;},{&quot;weekday&quot;:&quot;QUINTA_FEIRA&quot;},{&quot;weekday&quot;:&quot;SEXTA_FEIRA&quot;},{&quot;weekday&quot;:&quot;SABADO&quot;}],&quot;exception&quot;:&quot;Exceto em datas festivas de Ano Novo, Dia das Mães, Dia dos Pais e Natal&quot;}}],&quot;services&quot;:[{&quot;name&quot;:&quot;RECEBIMENTOS_PAGAMENTOS_QUALQUER_NATUREZA_OUTRAS_ATIVIDADES_DECORRENTES_EXECUCAO_CONTRATOS_CONVENIOS_PRESTACAO_SERVICOS&quot;,&quot;code&quot;:&quot;RECEBIMENTOS_PAGAMENTOS_QUALQUER_NATUREZA_EXECUCAO_CONTRATOS_CONVENIO&quot;},{&quot;name&quot;:&quot;EXECUCAO_ATIVA_PASSIVA_ORDENS_PAGAMENTO_CURSADAS_INTERMEDIO_INSTITUICAO_CONTRATANTE_SOLICITACAO_CLIENTES_USUARIOS&quot;,&quot;code&quot;:&quot;EXECUCAO_ATIVA_PASSIVA_ORDENS_PAGAMENTO&quot;},{&quot;name&quot;:&quot;RECEPCAO_ENCAMINHAMENTO_PROPOSTAS_FORNECIMENTO_CARTAO_CREDITO_RESPONSABILIDADE_INSTITUICAO_CONTRATANTE&quot;,&quot;code&quot;:&quot;RECEBE_ENCAMINHA_PROPOSTAS_FORNECIMENTO_CARTAO_CREDITO&quot;},{&quot;name&quot;:&quot;RECEPCAO_ENCAMINHAMENTO_PROPOSTAS_OPERACAO_CREDITO_ARRENDAMENTO_MERCANTIL_CONCESSAO_INSTITUICAO_CONTRATANTE&quot;,&quot;code&quot;:&quot;RECEBE_ENCAMINHA_PROPOSTAS_CREDITO_ARRENDAMENTO_MERCANTIL&quot;}]},{&quot;identification&quot;:{&quot;corporationName&quot;:&quot;LOJAS RENNER S.A.-LOJA MOXUARA SHOPPING&quot;,&quot;groupName&quot;:&quot;LOJAS RENNER S.A.&quot;,&quot;cnpjNumber&quot;:&quot;92754738025661&quot;,&quot;isUnderestablishment&quot;:false},&quot;locations&quot;:[{&quot;postalAddress&quot;:{&quot;address&quot;:&quot;AVENIDA MARIO GURGEL, N° 5353, LOJA 307JKLMQ, PISO L3&quot;,&quot;districtName&quot;:&quot;SÃO FRANCISCO&quot;,&quot;townName&quot;:&quot;CARIACICA&quot;,&quot;countrySubDivision&quot;:&quot;ES&quot;,&quot;postCode&quot;:&quot;29145910&quot;,&quot;country&quot;:&quot;Brasil&quot;,&quot;countryCode&quot;:&quot;BRA&quot;},&quot;phones&quot;:[{&quot;type&quot;:&quot;FIXO&quot;,&quot;countryCallingCode&quot;:&quot;55&quot;,&quot;areaCode&quot;:&quot;85&quot;,&quot;number&quot;:&quot;33043853&quot;}],&quot;availability&quot;:{&quot;standards&quot;:[{&quot;weekday&quot;:&quot;DOMINGO&quot;},{&quot;weekday&quot;:&quot;SEGUNDA_FEIRA&quot;},{&quot;weekday&quot;:&quot;TERCA_FEIRA&quot;},{&quot;weekday&quot;:&quot;QUARTA_FEIRA&quot;},{&quot;weekday&quot;:&quot;QUINTA_FEIRA&quot;},{&quot;weekday&quot;:&quot;SEXTA_FEIRA&quot;},{&quot;weekday&quot;:&quot;SABADO&quot;}],&quot;exception&quot;:&quot;Exceto em datas festivas de Ano Novo, Dia das Mães, Dia dos Pais e Natal&quot;}}],&quot;services&quot;:[{&quot;name&quot;:&quot;RECEBIMENTOS_PAGAMENTOS_QUALQUER_NATUREZA_OUTRAS_ATIVIDADES_DECORRENTES_EXECUCAO_CONTRATOS_CONVENIOS_PRESTACAO_SERVICOS&quot;,&quot;code&quot;:&quot;RECEBIMENTOS_PAGAMENTOS_QUALQUER_NATUREZA_EXECUCAO_CONTRATOS_CONVENIO&quot;},{&quot;name&quot;:&quot;EXECUCAO_ATIVA_PASSIVA_ORDENS_PAGAMENTO_CURSADAS_INTERMEDIO_INSTITUICAO_CONTRATANTE_SOLICITACAO_CLIENTES_USUARIOS&quot;,&quot;code&quot;:&quot;EXECUCAO_ATIVA_PASSIVA_ORDENS_PAGAMENTO&quot;},{&quot;name&quot;:&quot;RECEPCAO_ENCAMINHAMENTO_PROPOSTAS_FORNECIMENTO_CARTAO_CREDITO_RESPONSABILIDADE_INSTITUICAO_CONTRATANTE&quot;,&quot;code&quot;:&quot;RECEBE_ENCAMINHA_PROPOSTAS_FORNECIMENTO_CARTAO_CREDITO&quot;},{&quot;name&quot;:&quot;RECEPCAO_ENCAMINHAMENTO_PROPOSTAS_OPERACAO_CREDITO_ARRENDAMENTO_MERCANTIL_CONCESSAO_INSTITUICAO_CONTRATANTE&quot;,&quot;code&quot;:&quot;RECEBE_ENCAMINHA_PROPOSTAS_CREDITO_ARRENDAMENTO_MERCANTIL&quot;}]},{&quot;identification&quot;:{&quot;corporationName&quot;:&quot;LOJAS RENNER S.A.-LOJA MOSSORÓ WEST SHOPPING&quot;,&quot;groupName&quot;:&quot;LOJAS RENNER S.A.&quot;,&quot;cnpjNumber&quot;:&quot;92754738028504&quot;,&quot;isUnderestablishment&quot;:false},&quot;locations&quot;:[{&quot;postalAddress&quot;:{&quot;address&quot;:&quot;AVENIDA JOÃO DA ESCOSSIA, Nº 1515 (EUC N° 001C – ÂNCORA 02 – PISO TÉRREO)&quot;,&quot;districtName&quot;:&quot;NOVA BETÂNIA&quot;,&quot;townName&quot;:&quot;MOSSORO&quot;,&quot;countrySubDivision&quot;:&quot;RN&quot;,&quot;postCode&quot;:&quot;59607330&quot;,&quot;country&quot;:&quot;Brasil&quot;,&quot;countryCode&quot;:&quot;BRA&quot;},&quot;phones&quot;:[{&quot;type&quot;:&quot;FIXO&quot;,&quot;countryCallingCode&quot;:&quot;55&quot;,&quot;areaCode&quot;:&quot;85&quot;,&quot;number&quot;:&quot;33043854&quot;}],&quot;availability&quot;:{&quot;standards&quot;:[{&quot;weekday&quot;:&quot;DOMINGO&quot;},{&quot;weekday&quot;:&quot;SEGUNDA_FEIRA&quot;},{&quot;weekday&quot;:&quot;TERCA_FEIRA&quot;},{&quot;weekday&quot;:&quot;QUARTA_FEIRA&quot;},{&quot;weekday&quot;:&quot;QUINTA_FEIRA&quot;},{&quot;weekday&quot;:&quot;SEXTA_FEIRA&quot;},{&quot;weekday&quot;:&quot;SABADO&quot;}],&quot;exception&quot;:&quot;Exceto em datas festivas de Ano Novo, Dia das Mães, Dia dos Pais e Natal&quot;}}],&quot;services&quot;:[{&quot;name&quot;:&quot;RECEBIMENTOS_PAGAMENTOS_QUALQUER_NATUREZA_OUTRAS_ATIVIDADES_DECORRENTES_EXECUCAO_CONTRATOS_CONVENIOS_PRESTACAO_SERVICOS&quot;,&quot;code&quot;:&quot;RECEBIMENTOS_PAGAMENTOS_QUALQUER_NATUREZA_EXECUCAO_CONTRATOS_CONVENIO&quot;},{&quot;name&quot;:&quot;EXECUCAO_ATIVA_PASSIVA_ORDENS_PAGAMENTO_CURSADAS_INTERMEDIO_INSTITUICAO_CONTRATANTE_SOLICITACAO_CLIENTES_USUARIOS&quot;,&quot;code&quot;:&quot;EXECUCAO_ATIVA_PASSIVA_ORDENS_PAGAMENTO&quot;},{&quot;name&quot;:&quot;RECEPCAO_ENCAMINHAMENTO_PROPOSTAS_FORNECIMENTO_CARTAO_CREDITO_RESPONSABILIDADE_INSTITUICAO_CONTRATANTE&quot;,&quot;code&quot;:&quot;RECEBE_ENCAMINHA_PROPOSTAS_FORNECIMENTO_CARTAO_CREDITO&quot;},{&quot;name&quot;:&quot;RECEPCAO_ENCAMINHAMENTO_PROPOSTAS_OPERACAO_CREDITO_ARRENDAMENTO_MERCANTIL_CONCESSAO_INSTITUICAO_CONTRATANTE&quot;,&quot;code&quot;:&quot;RECEBE_ENCAMINHA_PROPOSTAS_CREDITO_ARRENDAMENTO_MERCANTIL&quot;}]},{&quot;identification&quot;:{&quot;corporationName&quot;:&quot;LOJAS RENNER S.A.-LOJA SHOPPING VILA VELHA&quot;,&quot;groupName&quot;:&quot;LOJAS RENNER S.A.&quot;,&quot;cnpjNumber&quot;:&quot;92754738029497&quot;,&quot;isUnderestablishment&quot;:false},&quot;locations&quot;:[{&quot;postalAddress&quot;:{&quot;address&quot;:&quot;RUA LUCIANO DAS NEVES, Nº 2418 (LUC 1001 - PISO L1)&quot;,&quot;districtName&quot;:&quot;DIVINO ESPÍRITO SANTO&quot;,&quot;townName&quot;:&quot;VILA VELHA&quot;,&quot;countrySubDivision&quot;:&quot;ES&quot;,&quot;postCode&quot;:&quot;29107900&quot;,&quot;country&quot;:&quot;Brasil&quot;,&quot;countryCode&quot;:&quot;BRA&quot;},&quot;phones&quot;:[{&quot;type&quot;:&quot;FIXO&quot;,&quot;countryCallingCode&quot;:&quot;55&quot;,&quot;areaCode&quot;:&quot;85&quot;,&quot;number&quot;:&quot;33043855&quot;}],&quot;availability&quot;:{&quot;standards&quot;:[{&quot;weekday&quot;:&quot;DOMINGO&quot;},{&quot;weekday&quot;:&quot;SEGUNDA_FEIRA&quot;},{&quot;weekday&quot;:&quot;TERCA_FEIRA&quot;},{&quot;weekday&quot;:&quot;QUARTA_FEIRA&quot;},{&quot;weekday&quot;:&quot;QUINTA_FEIRA&quot;},{&quot;weekday&quot;:&quot;SEXTA_FEIRA&quot;},{&quot;weekday&quot;:&quot;SABADO&quot;}],&quot;exception&quot;:&quot;Exceto em datas festivas de Ano Novo, Dia das Mães, Dia dos Pais e Natal&quot;}}],&quot;services&quot;:[{&quot;name&quot;:&quot;RECEBIMENTOS_PAGAMENTOS_QUALQUER_NATUREZA_OUTRAS_ATIVIDADES_DECORRENTES_EXECUCAO_CONTRATOS_CONVENIOS_PRESTACAO_SERVICOS&quot;,&quot;code&quot;:&quot;RECEBIMENTOS_PAGAMENTOS_QUALQUER_NATUREZA_EXECUCAO_CONTRATOS_CONVENIO&quot;},{&quot;name&quot;:&quot;EXECUCAO_ATIVA_PASSIVA_ORDENS_PAGAMENTO_CURSADAS_INTERMEDIO_INSTITUICAO_CONTRATANTE_SOLICITACAO_CLIENTES_USUARIOS&quot;,&quot;code&quot;:&quot;EXECUCAO_ATIVA_PASSIVA_ORDENS_PAGAMENTO&quot;},{&quot;name&quot;:&quot;RECEPCAO_ENCAMINHAMENTO_PROPOSTAS_FORNECIMENTO_CARTAO_CREDITO_RESPONSABILIDADE_INSTITUICAO_CONTRATANTE&quot;,&quot;code&quot;:&quot;RECEBE_ENCAMINHA_PROPOSTAS_FORNECIMENTO_CARTAO_CREDITO&quot;},{&quot;name&quot;:&quot;RECEPCAO_ENCAMINHAMENTO_PROPOSTAS_OPERACAO_CREDITO_ARRENDAMENTO_MERCANTIL_CONCESSAO_INSTITUICAO_CONTRATANTE&quot;,&quot;code&quot;:&quot;RECEBE_ENCAMINHA_PROPOSTAS_CREDITO_ARRENDAMENTO_MERCANTIL&quot;}]},{&quot;identification&quot;:{&quot;corporationName&quot;:&quot;LOJAS RENNER S.A.-LOJA PARQUE SHOPPING MAIA&quot;,&quot;groupName&quot;:&quot;LOJAS RENNER S.A.&quot;,&quot;cnpjNumber&quot;:&quot;92754738028334&quot;,&quot;isUnderestablishment&quot;:false},&quot;locations&quot;:[{&quot;postalAddress&quot;:{&quot;address&quot;:&quot;BARTHOLOMEU DE CARLOS, 0, (LUC 2033), SÍTIO TABATINGA&quot;,&quot;districtName&quot;:&quot;JARDIM FLOR DA MONTANHA&quot;,&quot;townName&quot;:&quot;GUARULHOS&quot;,&quot;countrySubDivision&quot;:&quot;SP&quot;,&quot;postCode&quot;:&quot;07097420&quot;,&quot;country&quot;:&quot;Brasil&quot;,&quot;countryCode&quot;:&quot;BRA&quot;},&quot;phones&quot;:[{&quot;type&quot;:&quot;FIXO&quot;,&quot;countryCallingCode&quot;:&quot;55&quot;,&quot;areaCode&quot;:&quot;85&quot;,&quot;number&quot;:&quot;33043856&quot;}],&quot;availability&quot;:{&quot;standards&quot;:[{&quot;weekday&quot;:&quot;DOMINGO&quot;},{&quot;weekday&quot;:&quot;SEGUNDA_FEIRA&quot;},{&quot;weekday&quot;:&quot;TERCA_FEIRA&quot;},{&quot;weekday&quot;:&quot;QUARTA_FEIRA&quot;},{&quot;weekday&quot;:&quot;QUINTA_FEIRA&quot;},{&quot;weekday&quot;:&quot;SEXTA_FEIRA&quot;},{&quot;weekday&quot;:&quot;SABADO&quot;}],&quot;exception&quot;:&quot;Exceto em datas festivas de Ano Novo, Dia das Mães, Dia dos Pais e Natal&quot;}}],&quot;services&quot;:[{&quot;name&quot;:&quot;RECEBIMENTOS_PAGAMENTOS_QUALQUER_NATUREZA_OUTRAS_ATIVIDADES_DECORRENTES_EXECUCAO_CONTRATOS_CONVENIOS_PRESTACAO_SERVICOS&quot;,&quot;code&quot;:&quot;RECEBIMENTOS_PAGAMENTOS_QUALQUER_NATUREZA_EXECUCAO_CONTRATOS_CONVENIO&quot;},{&quot;name&quot;:&quot;EXECUCAO_ATIVA_PASSIVA_ORDENS_PAGAMENTO_CURSADAS_INTERMEDIO_INSTITUICAO_CONTRATANTE_SOLICITACAO_CLIENTES_USUARIOS&quot;,&quot;code&quot;:&quot;EXECUCAO_ATIVA_PASSIVA_ORDENS_PAGAMENTO&quot;},{&quot;name&quot;:&quot;RECEPCAO_ENCAMINHAMENTO_PROPOSTAS_FORNECIMENTO_CARTAO_CREDITO_RESPONSABILIDADE_INSTITUICAO_CONTRATANTE&quot;,&quot;code&quot;:&quot;RECEBE_ENCAMINHA_PROPOSTAS_FORNECIMENTO_CARTAO_CREDITO&quot;},{&quot;name&quot;:&quot;RECEPCAO_ENCAMINHAMENTO_PROPOSTAS_OPERACAO_CREDITO_ARRENDAMENTO_MERCANTIL_CONCESSAO_INSTITUICAO_CONTRATANTE&quot;,&quot;code&quot;:&quot;RECEBE_ENCAMINHA_PROPOSTAS_CREDITO_ARRENDAMENTO_MERCANTIL&quot;}]},{&quot;identification&quot;:{&quot;corporationName&quot;:&quot;LOJAS RENNER S.A.-LOJA SHOPPING PÁTIO RORAIMA&quot;,&quot;groupName&quot;:&quot;LOJAS RENNER S.A.&quot;,&quot;cnpjNumber&quot;:&quot;92754738029225&quot;,&quot;isUnderestablishment&quot;:false},&quot;locations&quot;:[{&quot;postalAddress&quot;:{&quot;address&quot;:&quot;AVENIDA JOÃO ALENCAR, Nº 2181, ESPAÇO COMERCIAL Nº 201 - O&quot;,&quot;districtName&quot;:&quot;AEROPORTO&quot;,&quot;townName&quot;:&quot;BOA VISTA&quot;,&quot;countrySubDivision&quot;:&quot;RR&quot;,&quot;postCode&quot;:&quot;69310065&quot;,&quot;country&quot;:&quot;Brasil&quot;,&quot;countryCode&quot;:&quot;BRA&quot;},&quot;phones&quot;:[{&quot;type&quot;:&quot;FIXO&quot;,&quot;countryCallingCode&quot;:&quot;55&quot;,&quot;areaCode&quot;:&quot;85&quot;,&quot;number&quot;:&quot;33043857&quot;}],&quot;availability&quot;:{&quot;standards&quot;:[{&quot;weekday&quot;:&quot;DOMINGO&quot;},{&quot;weekday&quot;:&quot;SEGUNDA_FEIRA&quot;},{&quot;weekday&quot;:&quot;TERCA_FEIRA&quot;},{&quot;weekday&quot;:&quot;QUARTA_FEIRA&quot;},{&quot;weekday&quot;:&quot;QUINTA_FEIRA&quot;},{&quot;weekday&quot;:&quot;SEXTA_FEIRA&quot;},{&quot;weekday&quot;:&quot;SABADO&quot;}],&quot;exception&quot;:&quot;Exceto em datas festivas de Ano Novo, Dia das Mães, Dia dos Pais e Natal&quot;}}],&quot;services&quot;:[{&quot;name&quot;:&quot;RECEBIMENTOS_PAGAMENTOS_QUALQUER_NATUREZA_OUTRAS_ATIVIDADES_DECORRENTES_EXECUCAO_CONTRATOS_CONVENIOS_PRESTACAO_SERVICOS&quot;,&quot;code&quot;:&quot;RECEBIMENTOS_PAGAMENTOS_QUALQUER_NATUREZA_EXECUCAO_CONTRATOS_CONVENIO&quot;},{&quot;name&quot;:&quot;EXECUCAO_ATIVA_PASSIVA_ORDENS_PAGAMENTO_CURSADAS_INTERMEDIO_INSTITUICAO_CONTRATANTE_SOLICITACAO_CLIENTES_USUARIOS&quot;,&quot;code&quot;:&quot;EXECUCAO_ATIVA_PASSIVA_ORDENS_PAGAMENTO&quot;},{&quot;name&quot;:&quot;RECEPCAO_ENCAMINHAMENTO_PROPOSTAS_FORNECIMENTO_CARTAO_CREDITO_RESPONSABILIDADE_INSTITUICAO_CONTRATANTE&quot;,&quot;code&quot;:&quot;RECEBE_ENCAMINHA_PROPOSTAS_FORNECIMENTO_CARTAO_CREDITO&quot;},{&quot;name&quot;:&quot;RECEPCAO_ENCAMINHAMENTO_PROPOSTAS_OPERACAO_CREDITO_ARRENDAMENTO_MERCANTIL_CONCESSAO_INSTITUICAO_CONTRATANTE&quot;,&quot;code&quot;:&quot;RECEBE_ENCAMINHA_PROPOSTAS_CREDITO_ARRENDAMENTO_MERCANTIL&quot;}]},{&quot;identification&quot;:{&quot;corporationName&quot;:&quot;LOJAS RENNER S.A.-LOJA 7 DE SETEMBRO&quot;,&quot;groupName&quot;:&quot;LOJAS RENNER S.A.&quot;,&quot;cnpjNumber&quot;:&quot;92754738028091&quot;,&quot;isUnderestablishment&quot;:false},&quot;locations&quot;:[{&quot;postalAddress&quot;:{&quot;address&quot;:&quot;RUA SETE DE SETEMBRO, 111 (LOJA 111-A)&apos;&quot;,&quot;districtName&quot;:&quot;CENTRO&quot;,&quot;townName&quot;:&quot;RIO DE JANEIRO&quot;,&quot;countrySubDivision&quot;:&quot;RJ&quot;,&quot;postCode&quot;:&quot;20050006&quot;,&quot;country&quot;:&quot;Brasil&quot;,&quot;countryCode&quot;:&quot;BRA&quot;},&quot;phones&quot;:[{&quot;type&quot;:&quot;FIXO&quot;,&quot;countryCallingCode&quot;:&quot;55&quot;,&quot;areaCode&quot;:&quot;85&quot;,&quot;number&quot;:&quot;33043858&quot;}],&quot;availability&quot;:{&quot;standards&quot;:[{&quot;weekday&quot;:&quot;SEGUNDA_FEIRA&quot;},{&quot;weekday&quot;:&quot;TERCA_FEIRA&quot;},{&quot;weekday&quot;:&quot;QUARTA_FEIRA&quot;},{&quot;weekday&quot;:&quot;QUINTA_FEIRA&quot;},{&quot;weekday&quot;:&quot;SEXTA_FEIRA&quot;},{&quot;weekday&quot;:&quot;SABADO&quot;}],&quot;exception&quot;:&quot;Exceto feriados municipais, estaduais e nacionais&quot;}}],&quot;services&quot;:[{&quot;name&quot;:&quot;RECEBIMENTOS_PAGAMENTOS_QUALQUER_NATUREZA_OUTRAS_ATIVIDADES_DECORRENTES_EXECUCAO_CONTRATOS_CONVENIOS_PRESTACAO_SERVICOS&quot;,&quot;code&quot;:&quot;RECEBIMENTOS_PAGAMENTOS_QUALQUER_NATUREZA_EXECUCAO_CONTRATOS_CONVENIO&quot;},{&quot;name&quot;:&quot;EXECUCAO_ATIVA_PASSIVA_ORDENS_PAGAMENTO_CURSADAS_INTERMEDIO_INSTITUICAO_CONTRATANTE_SOLICITACAO_CLIENTES_USUARIOS&quot;,&quot;code&quot;:&quot;EXECUCAO_ATIVA_PASSIVA_ORDENS_PAGAMENTO&quot;},{&quot;name&quot;:&quot;RECEPCAO_ENCAMINHAMENTO_PROPOSTAS_FORNECIMENTO_CARTAO_CREDITO_RESPONSABILIDADE_INSTITUICAO_CONTRATANTE&quot;,&quot;code&quot;:&quot;RECEBE_ENCAMINHA_PROPOSTAS_FORNECIMENTO_CARTAO_CREDITO&quot;},{&quot;name&quot;:&quot;RECEPCAO_ENCAMINHAMENTO_PROPOSTAS_OPERACAO_CREDITO_ARRENDAMENTO_MERCANTIL_CONCESSAO_INSTITUICAO_CONTRATANTE&quot;,&quot;code&quot;:&quot;RECEBE_ENCAMINHA_PROPOSTAS_CREDITO_ARRENDAMENTO_MERCANTIL&quot;}]},{&quot;identification&quot;:{&quot;corporationName&quot;:&quot;LOJAS RENNER S.A.-LOJA SHOPPING JARAGUA ARARAQUARA&quot;,&quot;groupName&quot;:&quot;LOJAS RENNER S.A.&quot;,&quot;cnpjNumber&quot;:&quot;92754738031041&quot;,&quot;isUnderestablishment&quot;:false},&quot;locations&quot;:[{&quot;postalAddress&quot;:{&quot;address&quot;:&quot;AVENIDA ALBERTO BENASSI, Nº 2270, LOJA 100, PISO TÉRREO&quot;,&quot;districtName&quot;:&quot;JARDIM BANDEIRANTES&quot;,&quot;townName&quot;:&quot;ARARAQUARA&quot;,&quot;countrySubDivision&quot;:&quot;SP&quot;,&quot;postCode&quot;:&quot;14804300&quot;,&quot;country&quot;:&quot;Brasil&quot;,&quot;countryCode&quot;:&quot;BRA&quot;},&quot;phones&quot;:[{&quot;type&quot;:&quot;FIXO&quot;,&quot;countryCallingCode&quot;:&quot;55&quot;,&quot;areaCode&quot;:&quot;85&quot;,&quot;number&quot;:&quot;33043859&quot;}],&quot;availability&quot;:{&quot;standards&quot;:[{&quot;weekday&quot;:&quot;DOMINGO&quot;},{&quot;weekday&quot;:&quot;SEGUNDA_FEIRA&quot;},{&quot;weekday&quot;:&quot;TERCA_FEIRA&quot;},{&quot;weekday&quot;:&quot;QUARTA_FEIRA&quot;},{&quot;weekday&quot;:&quot;QUINTA_FEIRA&quot;},{&quot;weekday&quot;:&quot;SEXTA_FEIRA&quot;},{&quot;weekday&quot;:&quot;SABADO&quot;}],&quot;exception&quot;:&quot;Exceto em datas festivas de Ano Novo, Dia das Mães, Dia dos Pais e Natal&quot;}}],&quot;services&quot;:[{&quot;name&quot;:&quot;RECEBIMENTOS_PAGAMENTOS_QUALQUER_NATUREZA_OUTRAS_ATIVIDADES_DECORRENTES_EXECUCAO_CONTRATOS_CONVENIOS_PRESTACAO_SERVICOS&quot;,&quot;code&quot;:&quot;RECEBIMENTOS_PAGAMENTOS_QUALQUER_NATUREZA_EXECUCAO_CONTRATOS_CONVENIO&quot;},{&quot;name&quot;:&quot;EXECUCAO_ATIVA_PASSIVA_ORDENS_PAGAMENTO_CURSADAS_INTERMEDIO_INSTITUICAO_CONTRATANTE_SOLICITACAO_CLIENTES_USUARIOS&quot;,&quot;code&quot;:&quot;EXECUCAO_ATIVA_PASSIVA_ORDENS_PAGAMENTO&quot;},{&quot;name&quot;:&quot;RECEPCAO_ENCAMINHAMENTO_PROPOSTAS_FORNECIMENTO_CARTAO_CREDITO_RESPONSABILIDADE_INSTITUICAO_CONTRATANTE&quot;,&quot;code&quot;:&quot;RECEBE_ENCAMINHA_PROPOSTAS_FORNECIMENTO_CARTAO_CREDITO&quot;},{&quot;name&quot;:&quot;RECEPCAO_ENCAMINHAMENTO_PROPOSTAS_OPERACAO_CREDITO_ARRENDAMENTO_MERCANTIL_CONCESSAO_INSTITUICAO_CONTRATANTE&quot;,&quot;code&quot;:&quot;RECEBE_ENCAMINHA_PROPOSTAS_CREDITO_ARRENDAMENTO_MERCANTIL&quot;}]},{&quot;identification&quot;:{&quot;corporationName&quot;:&quot;LOJAS RENNER S.A.-LOJA SHOPPING RIO CLARO&quot;,&quot;groupName&quot;:&quot;LOJAS RENNER S.A.&quot;,&quot;cnpjNumber&quot;:&quot;92754738028849&quot;,&quot;isUnderestablishment&quot;:false},&quot;locations&quot;:[{&quot;postalAddress&quot;:{&quot;address&quot;:&quot;AVENIDA CONDE FRANCISCO MATARAZZO JUNIOR, Nº 205 (LUC NºS A, 90, 91 E 92)&quot;,&quot;districtName&quot;:&quot;VILA PAULISTA&quot;,&quot;townName&quot;:&quot;RIO CLARO&quot;,&quot;countrySubDivision&quot;:&quot;SP&quot;,&quot;postCode&quot;:&quot;13506845&quot;,&quot;country&quot;:&quot;Brasil&quot;,&quot;countryCode&quot;:&quot;BRA&quot;},&quot;phones&quot;:[{&quot;type&quot;:&quot;FIXO&quot;,&quot;countryCallingCode&quot;:&quot;55&quot;,&quot;areaCode&quot;:&quot;85&quot;,&quot;number&quot;:&quot;33043860&quot;}],&quot;availability&quot;:{&quot;standards&quot;:[{&quot;weekday&quot;:&quot;DOMINGO&quot;},{&quot;weekday&quot;:&quot;SEGUNDA_FEIRA&quot;},{&quot;weekday&quot;:&quot;TERCA_FEIRA&quot;},{&quot;weekday&quot;:&quot;QUARTA_FEIRA&quot;},{&quot;weekday&quot;:&quot;QUINTA_FEIRA&quot;},{&quot;weekday&quot;:&quot;SEXTA_FEIRA&quot;},{&quot;weekday&quot;:&quot;SABADO&quot;}],&quot;exception&quot;:&quot;Exceto em datas festivas de Ano Novo, Dia das Mães, Dia dos Pais e Natal&quot;}}],&quot;services&quot;:[{&quot;name&quot;:&quot;RECEBIMENTOS_PAGAMENTOS_QUALQUER_NATUREZA_OUTRAS_ATIVIDADES_DECORRENTES_EXECUCAO_CONTRATOS_CONVENIOS_PRESTACAO_SERVICOS&quot;,&quot;code&quot;:&quot;RECEBIMENTOS_PAGAMENTOS_QUALQUER_NATUREZA_EXECUCAO_CONTRATOS_CONVENIO&quot;},{&quot;name&quot;:&quot;EXECUCAO_ATIVA_PASSIVA_ORDENS_PAGAMENTO_CURSADAS_INTERMEDIO_INSTITUICAO_CONTRATANTE_SOLICITACAO_CLIENTES_USUARIOS&quot;,&quot;code&quot;:&quot;EXECUCAO_ATIVA_PASSIVA_ORDENS_PAGAMENTO&quot;},{&quot;name&quot;:&quot;RECEPCAO_ENCAMINHAMENTO_PROPOSTAS_FORNECIMENTO_CARTAO_CREDITO_RESPONSABILIDADE_INSTITUICAO_CONTRATANTE&quot;,&quot;code&quot;:&quot;RECEBE_ENCAMINHA_PROPOSTAS_FORNECIMENTO_CARTAO_CREDITO&quot;},{&quot;name&quot;:&quot;RECEPCAO_ENCAMINHAMENTO_PROPOSTAS_OPERACAO_CREDITO_ARRENDAMENTO_MERCANTIL_CONCESSAO_INSTITUICAO_CONTRATANTE&quot;,&quot;code&quot;:&quot;RECEBE_ENCAMINHA_PROPOSTAS_CREDITO_ARRENDAMENTO_MERCANTIL&quot;}]},{&quot;identification&quot;:{&quot;corporationName&quot;:&quot;LOJAS RENNER S.A.-LOJA SHOPPING MANAUS VIA NORTE&quot;,&quot;groupName&quot;:&quot;LOJAS RENNER S.A.&quot;,&quot;cnpjNumber&quot;:&quot;92754738029144&quot;,&quot;isUnderestablishment&quot;:false},&quot;locations&quot;:[{&quot;postalAddress&quot;:{&quot;address&quot;:&quot;AVENIDA ARQUITETO JOSÉ HENRIQUE BENTO RODRIGUES, Nº 3760, ESPAÇO COMERCIAL Nº 202J&quot;,&quot;districtName&quot;:&quot;MONTE DAS OLIVEIRAS&quot;,&quot;townName&quot;:&quot;MANAUS&quot;,&quot;countrySubDivision&quot;:&quot;AM&quot;,&quot;postCode&quot;:&quot;69093149&quot;,&quot;country&quot;:&quot;Brasil&quot;,&quot;countryCode&quot;:&quot;BRA&quot;},&quot;phones&quot;:[{&quot;type&quot;:&quot;FIXO&quot;,&quot;countryCallingCode&quot;:&quot;55&quot;,&quot;areaCode&quot;:&quot;85&quot;,&quot;number&quot;:&quot;33043861&quot;}],&quot;availability&quot;:{&quot;standards&quot;:[{&quot;weekday&quot;:&quot;DOMINGO&quot;},{&quot;weekday&quot;:&quot;SEGUNDA_FEIRA&quot;},{&quot;weekday&quot;:&quot;TERCA_FEIRA&quot;},{&quot;weekday&quot;:&quot;QUARTA_FEIRA&quot;},{&quot;weekday&quot;:&quot;QUINTA_FEIRA&quot;},{&quot;weekday&quot;:&quot;SEXTA_FEIRA&quot;},{&quot;weekday&quot;:&quot;SABADO&quot;}],&quot;exception&quot;:&quot;Exceto em datas festivas de Ano Novo, Dia das Mães, Dia dos Pais e Natal&quot;}}],&quot;services&quot;:[{&quot;name&quot;:&quot;RECEBIMENTOS_PAGAMENTOS_QUALQUER_NATUREZA_OUTRAS_ATIVIDADES_DECORRENTES_EXECUCAO_CONTRATOS_CONVENIOS_PRESTACAO_SERVICOS&quot;,&quot;code&quot;:&quot;RECEBIMENTOS_PAGAMENTOS_QUALQUER_NATUREZA_EXECUCAO_CONTRATOS_CONVENIO&quot;},{&quot;name&quot;:&quot;EXECUCAO_ATIVA_PASSIVA_ORDENS_PAGAMENTO_CURSADAS_INTERMEDIO_INSTITUICAO_CONTRATANTE_SOLICITACAO_CLIENTES_USUARIOS&quot;,&quot;code&quot;:&quot;EXECUCAO_ATIVA_PASSIVA_ORDENS_PAGAMENTO&quot;},{&quot;name&quot;:&quot;RECEPCAO_ENCAMINHAMENTO_PROPOSTAS_FORNECIMENTO_CARTAO_CREDITO_RESPONSABILIDADE_INSTITUICAO_CONTRATANTE&quot;,&quot;code&quot;:&quot;RECEBE_ENCAMINHA_PROPOSTAS_FORNECIMENTO_CARTAO_CREDITO&quot;},{&quot;name&quot;:&quot;RECEPCAO_ENCAMINHAMENTO_PROPOSTAS_OPERACAO_CREDITO_ARRENDAMENTO_MERCANTIL_CONCESSAO_INSTITUICAO_CONTRATANTE&quot;,&quot;code&quot;:&quot;RECEBE_ENCAMINHA_PROPOSTAS_CREDITO_ARRENDAMENTO_MERCANTIL&quot;}]},{&quot;identification&quot;:{&quot;corporationName&quot;:&quot;LOJAS RENNER S.A.-LOJA AV. IBIRAPUERA&quot;,&quot;groupName&quot;:&quot;LOJAS RENNER S.A.&quot;,&quot;cnpjNumber&quot;:&quot;92754738029578&quot;,&quot;isUnderestablishment&quot;:false},&quot;locations&quot;:[{&quot;postalAddress&quot;:{&quot;address&quot;:&quot;AVENIDA IBIRAPUERA, Nº 2.601&quot;,&quot;districtName&quot;:&quot;INDIANÓPOLIS&quot;,&quot;townName&quot;:&quot;SAO PAULO&quot;,&quot;countrySubDivision&quot;:&quot;SP&quot;,&quot;postCode&quot;:&quot;04029200&quot;,&quot;country&quot;:&quot;Brasil&quot;,&quot;countryCode&quot;:&quot;BRA&quot;},&quot;phones&quot;:[{&quot;type&quot;:&quot;FIXO&quot;,&quot;countryCallingCode&quot;:&quot;55&quot;,&quot;areaCode&quot;:&quot;85&quot;,&quot;number&quot;:&quot;33043862&quot;}],&quot;availability&quot;:{&quot;standards&quot;:[{&quot;weekday&quot;:&quot;SEGUNDA_FEIRA&quot;},{&quot;weekday&quot;:&quot;TERCA_FEIRA&quot;},{&quot;weekday&quot;:&quot;QUARTA_FEIRA&quot;},{&quot;weekday&quot;:&quot;QUINTA_FEIRA&quot;},{&quot;weekday&quot;:&quot;SEXTA_FEIRA&quot;},{&quot;weekday&quot;:&quot;SABADO&quot;}],&quot;exception&quot;:&quot;Exceto feriados municipais, estaduais e nacionais&quot;}}],&quot;services&quot;:[{&quot;name&quot;:&quot;RECEBIMENTOS_PAGAMENTOS_QUALQUER_NATUREZA_OUTRAS_ATIVIDADES_DECORRENTES_EXECUCAO_CONTRATOS_CONVENIOS_PRESTACAO_SERVICOS&quot;,&quot;code&quot;:&quot;RECEBIMENTOS_PAGAMENTOS_QUALQUER_NATUREZA_EXECUCAO_CONTRATOS_CONVENIO&quot;},{&quot;name&quot;:&quot;EXECUCAO_ATIVA_PASSIVA_ORDENS_PAGAMENTO_CURSADAS_INTERMEDIO_INSTITUICAO_CONTRATANTE_SOLICITACAO_CLIENTES_USUARIOS&quot;,&quot;code&quot;:&quot;EXECUCAO_ATIVA_PASSIVA_ORDENS_PAGAMENTO&quot;},{&quot;name&quot;:&quot;RECEPCAO_ENCAMINHAMENTO_PROPOSTAS_FORNECIMENTO_CARTAO_CREDITO_RESPONSABILIDADE_INSTITUICAO_CONTRATANTE&quot;,&quot;code&quot;:&quot;RECEBE_ENCAMINHA_PROPOSTAS_FORNECIMENTO_CARTAO_CREDITO&quot;},{&quot;name&quot;:&quot;RECEPCAO_ENCAMINHAMENTO_PROPOSTAS_OPERACAO_CREDITO_ARRENDAMENTO_MERCANTIL_CONCESSAO_INSTITUICAO_CONTRATANTE&quot;,&quot;code&quot;:&quot;RECEBE_ENCAMINHA_PROPOSTAS_CREDITO_ARRENDAMENTO_MERCANTIL&quot;}]},{&quot;identification&quot;:{&quot;corporationName&quot;:&quot;LOJAS RENNER S.A.-LOJA SHOPPING TERRAÇO&quot;,&quot;groupName&quot;:&quot;LOJAS RENNER S.A.&quot;,&quot;cnpjNumber&quot;:&quot;92754738029810&quot;,&quot;isUnderestablishment&quot;:false},&quot;locations&quot;:[{&quot;postalAddress&quot;:{&quot;address&quot;:&quot;SHC/AOS EA 02/08, LOTE 05, LOJAS 107, 108, 109, 110 E 111 TÉRREO&quot;,&quot;districtName&quot;:&quot;OCTOGONAL&quot;,&quot;townName&quot;:&quot;BRASILIA&quot;,&quot;countrySubDivision&quot;:&quot;DF&quot;,&quot;postCode&quot;:&quot;70660090&quot;,&quot;country&quot;:&quot;Brasil&quot;,&quot;countryCode&quot;:&quot;BRA&quot;},&quot;phones&quot;:[{&quot;type&quot;:&quot;FIXO&quot;,&quot;countryCallingCode&quot;:&quot;55&quot;,&quot;areaCode&quot;:&quot;85&quot;,&quot;number&quot;:&quot;33043864&quot;}],&quot;availability&quot;:{&quot;standards&quot;:[{&quot;weekday&quot;:&quot;DOMINGO&quot;},{&quot;weekday&quot;:&quot;SEGUNDA_FEIRA&quot;},{&quot;weekday&quot;:&quot;TERCA_FEIRA&quot;},{&quot;weekday&quot;:&quot;QUARTA_FEIRA&quot;},{&quot;weekday&quot;:&quot;QUINTA_FEIRA&quot;},{&quot;weekday&quot;:&quot;SEXTA_FEIRA&quot;},{&quot;weekday&quot;:&quot;SABADO&quot;}],&quot;exception&quot;:&quot;Exceto em datas festivas de Ano Novo, Dia das Mães, Dia dos Pais e Natal&quot;}}],&quot;services&quot;:[{&quot;name&quot;:&quot;RECEBIMENTOS_PAGAMENTOS_QUALQUER_NATUREZA_OUTRAS_ATIVIDADES_DECORRENTES_EXECUCAO_CONTRATOS_CONVENIOS_PRESTACAO_SERVICOS&quot;,&quot;code&quot;:&quot;RECEBIMENTOS_PAGAMENTOS_QUALQUER_NATUREZA_EXECUCAO_CONTRATOS_CONVENIO&quot;},{&quot;name&quot;:&quot;EXECUCAO_ATIVA_PASSIVA_ORDENS_PAGAMENTO_CURSADAS_INTERMEDIO_INSTITUICAO_CONTRATANTE_SOLICITACAO_CLIENTES_USUARIOS&quot;,&quot;code&quot;:&quot;EXECUCAO_ATIVA_PASSIVA_ORDENS_PAGAMENTO&quot;},{&quot;name&quot;:&quot;RECEPCAO_ENCAMINHAMENTO_PROPOSTAS_FORNECIMENTO_CARTAO_CREDITO_RESPONSABILIDADE_INSTITUICAO_CONTRATANTE&quot;,&quot;code&quot;:&quot;RECEBE_ENCAMINHA_PROPOSTAS_FORNECIMENTO_CARTAO_CREDITO&quot;},{&quot;name&quot;:&quot;RECEPCAO_ENCAMINHAMENTO_PROPOSTAS_OPERACAO_CREDITO_ARRENDAMENTO_MERCANTIL_CONCESSAO_INSTITUICAO_CONTRATANTE&quot;,&quot;code&quot;:&quot;RECEBE_ENCAMINHA_PROPOSTAS_CREDITO_ARRENDAMENTO_MERCANTIL&quot;}]},{&quot;identification&quot;:{&quot;corporationName&quot;:&quot;LOJAS RENNER S.A.-LOJA LARGO DO MACHADO&quot;,&quot;groupName&quot;:&quot;LOJAS RENNER S.A.&quot;,&quot;cnpjNumber&quot;:&quot;92754738030150&quot;,&quot;isUnderestablishment&quot;:false},&quot;locations&quot;:[{&quot;postalAddress&quot;:{&quot;address&quot;:&quot;RUA DO CATETE, Nº 359&quot;,&quot;districtName&quot;:&quot;CETETE&quot;,&quot;townName&quot;:&quot;RIO DE JANEIRO&quot;,&quot;countrySubDivision&quot;:&quot;RJ&quot;,&quot;postCode&quot;:&quot;22220001&quot;,&quot;country&quot;:&quot;Brasil&quot;,&quot;countryCode&quot;:&quot;BRA&quot;},&quot;phones&quot;:[{&quot;type&quot;:&quot;FIXO&quot;,&quot;countryCallingCode&quot;:&quot;55&quot;,&quot;areaCode&quot;:&quot;85&quot;,&quot;number&quot;:&quot;33043865&quot;}],&quot;availability&quot;:{&quot;standards&quot;:[{&quot;weekday&quot;:&quot;SEGUNDA_FEIRA&quot;},{&quot;weekday&quot;:&quot;TERCA_FEIRA&quot;},{&quot;weekday&quot;:&quot;QUARTA_FEIRA&quot;},{&quot;weekday&quot;:&quot;QUINTA_FEIRA&quot;},{&quot;weekday&quot;:&quot;SEXTA_FEIRA&quot;},{&quot;weekday&quot;:&quot;SABADO&quot;}],&quot;exception&quot;:&quot;Exceto feriados municipais, estaduais e nacionais&quot;}}],&quot;services&quot;:[{&quot;name&quot;:&quot;RECEBIMENTOS_PAGAMENTOS_QUALQUER_NATUREZA_OUTRAS_ATIVIDADES_DECORRENTES_EXECUCAO_CONTRATOS_CONVENIOS_PRESTACAO_SERVICOS&quot;,&quot;code&quot;:&quot;RECEBIMENTOS_PAGAMENTOS_QUALQUER_NATUREZA_EXECUCAO_CONTRATOS_CONVENIO&quot;},{&quot;name&quot;:&quot;EXECUCAO_ATIVA_PASSIVA_ORDENS_PAGAMENTO_CURSADAS_INTERMEDIO_INSTITUICAO_CONTRATANTE_SOLICITACAO_CLIENTES_USUARIOS&quot;,&quot;code&quot;:&quot;EXECUCAO_ATIVA_PASSIVA_ORDENS_PAGAMENTO&quot;},{&quot;name&quot;:&quot;RECEPCAO_ENCAMINHAMENTO_PROPOSTAS_FORNECIMENTO_CARTAO_CREDITO_RESPONSABILIDADE_INSTITUICAO_CONTRATANTE&quot;,&quot;code&quot;:&quot;RECEBE_ENCAMINHA_PROPOSTAS_FORNECIMENTO_CARTAO_CREDITO&quot;},{&quot;name&quot;:&quot;RECEPCAO_ENCAMINHAMENTO_PROPOSTAS_OPERACAO_CREDITO_ARRENDAMENTO_MERCANTIL_CONCESSAO_INSTITUICAO_CONTRATANTE&quot;,&quot;code&quot;:&quot;RECEBE_ENCAMINHA_PROPOSTAS_CREDITO_ARRENDAMENTO_MERCANTIL&quot;}]},{&quot;identification&quot;:{&quot;corporationName&quot;:&quot;LOJAS RENNER S.A.-LOJA BOSQUE GRÃO PARÁ&quot;,&quot;groupName&quot;:&quot;LOJAS RENNER S.A.&quot;,&quot;cnpjNumber&quot;:&quot;92754738032285&quot;,&quot;isUnderestablishment&quot;:false},&quot;locations&quot;:[{&quot;postalAddress&quot;:{&quot;address&quot;:&quot;RODOVIA DOS TRABALHADORES, S/N, LOJAS 0001A, 0008A, 0008B - PISO TÉRREO&quot;,&quot;districtName&quot;:&quot;PARQUE VERDE&quot;,&quot;townName&quot;:&quot;BELEM&quot;,&quot;countrySubDivision&quot;:&quot;PA&quot;,&quot;postCode&quot;:&quot;66635894&quot;,&quot;country&quot;:&quot;Brasil&quot;,&quot;countryCode&quot;:&quot;BRA&quot;},&quot;phones&quot;:[{&quot;type&quot;:&quot;FIXO&quot;,&quot;countryCallingCode&quot;:&quot;55&quot;,&quot;areaCode&quot;:&quot;85&quot;,&quot;number&quot;:&quot;33043866&quot;}],&quot;availability&quot;:{&quot;standards&quot;:[{&quot;weekday&quot;:&quot;SEGUNDA_FEIRA&quot;},{&quot;weekday&quot;:&quot;TERCA_FEIRA&quot;},{&quot;weekday&quot;:&quot;QUARTA_FEIRA&quot;},{&quot;weekday&quot;:&quot;QUINTA_FEIRA&quot;},{&quot;weekday&quot;:&quot;SEXTA_FEIRA&quot;},{&quot;weekday&quot;:&quot;SABADO&quot;}],&quot;exception&quot;:&quot;Exceto feriados municipais, estaduais e nacionais&quot;}}],&quot;services&quot;:[{&quot;name&quot;:&quot;RECEBIMENTOS_PAGAMENTOS_QUALQUER_NATUREZA_OUTRAS_ATIVIDADES_DECORRENTES_EXECUCAO_CONTRATOS_CONVENIOS_PRESTACAO_SERVICOS&quot;,&quot;code&quot;:&quot;RECEBIMENTOS_PAGAMENTOS_QUALQUER_NATUREZA_EXECUCAO_CONTRATOS_CONVENIO&quot;},{&quot;name&quot;:&quot;EXECUCAO_ATIVA_PASSIVA_ORDENS_PAGAMENTO_CURSADAS_INTERMEDIO_INSTITUICAO_CONTRATANTE_SOLICITACAO_CLIENTES_USUARIOS&quot;,&quot;code&quot;:&quot;EXECUCAO_ATIVA_PASSIVA_ORDENS_PAGAMENTO&quot;},{&quot;name&quot;:&quot;RECEPCAO_ENCAMINHAMENTO_PROPOSTAS_FORNECIMENTO_CARTAO_CREDITO_RESPONSABILIDADE_INSTITUICAO_CONTRATANTE&quot;,&quot;code&quot;:&quot;RECEBE_ENCAMINHA_PROPOSTAS_FORNECIMENTO_CARTAO_CREDITO&quot;},{&quot;name&quot;:&quot;RECEPCAO_ENCAMINHAMENTO_PROPOSTAS_OPERACAO_CREDITO_ARRENDAMENTO_MERCANTIL_CONCESSAO_INSTITUICAO_CONTRATANTE&quot;,&quot;code&quot;:&quot;RECEBE_ENCAMINHA_PROPOSTAS_CREDITO_ARRENDAMENTO_MERCANTIL&quot;}]},{&quot;identification&quot;:{&quot;corporationName&quot;:&quot;LOJAS RENNER S.A.-LOJA SHOPPING SUL&quot;,&quot;groupName&quot;:&quot;LOJAS RENNER S.A.&quot;,&quot;cnpjNumber&quot;:&quot;92754738033419&quot;,&quot;isUnderestablishment&quot;:false},&quot;locations&quot;:[{&quot;postalAddress&quot;:{&quot;address&quot;:&quot;QUADRA 1, S/N, BR 040, KM 12, GLEBA F, LOTE 1, LOJA 270&quot;,&quot;districtName&quot;:&quot;PARQUE ESPLANADA III&quot;,&quot;townName&quot;:&quot;VALPARAISO DE GOIAS&quot;,&quot;countrySubDivision&quot;:&quot;GO&quot;,&quot;postCode&quot;:&quot;72876902&quot;,&quot;country&quot;:&quot;Brasil&quot;,&quot;countryCode&quot;:&quot;BRA&quot;},&quot;phones&quot;:[{&quot;type&quot;:&quot;FIXO&quot;,&quot;countryCallingCode&quot;:&quot;55&quot;,&quot;areaCode&quot;:&quot;85&quot;,&quot;number&quot;:&quot;33043867&quot;}],&quot;availability&quot;:{&quot;standards&quot;:[{&quot;weekday&quot;:&quot;DOMINGO&quot;},{&quot;weekday&quot;:&quot;SEGUNDA_FEIRA&quot;},{&quot;weekday&quot;:&quot;TERCA_FEIRA&quot;},{&quot;weekday&quot;:&quot;QUARTA_FEIRA&quot;},{&quot;weekday&quot;:&quot;QUINTA_FEIRA&quot;},{&quot;weekday&quot;:&quot;SEXTA_FEIRA&quot;},{&quot;weekday&quot;:&quot;SABADO&quot;}],&quot;exception&quot;:&quot;Exceto em datas festivas de Ano Novo, Dia das Mães, Dia dos Pais e Natal&quot;}}],&quot;services&quot;:[{&quot;name&quot;:&quot;RECEBIMENTOS_PAGAMENTOS_QUALQUER_NATUREZA_OUTRAS_ATIVIDADES_DECORRENTES_EXECUCAO_CONTRATOS_CONVENIOS_PRESTACAO_SERVICOS&quot;,&quot;code&quot;:&quot;RECEBIMENTOS_PAGAMENTOS_QUALQUER_NATUREZA_EXECUCAO_CONTRATOS_CONVENIO&quot;},{&quot;name&quot;:&quot;EXECUCAO_ATIVA_PASSIVA_ORDENS_PAGAMENTO_CURSADAS_INTERMEDIO_INSTITUICAO_CONTRATANTE_SOLICITACAO_CLIENTES_USUARIOS&quot;,&quot;code&quot;:&quot;EXECUCAO_ATIVA_PASSIVA_ORDENS_PAGAMENTO&quot;},{&quot;name&quot;:&quot;RECEPCAO_ENCAMINHAMENTO_PROPOSTAS_FORNECIMENTO_CARTAO_CREDITO_RESPONSABILIDADE_INSTITUICAO_CONTRATANTE&quot;,&quot;code&quot;:&quot;RECEBE_ENCAMINHA_PROPOSTAS_FORNECIMENTO_CARTAO_CREDITO&quot;},{&quot;name&quot;:&quot;RECEPCAO_ENCAMINHAMENTO_PROPOSTAS_OPERACAO_CREDITO_ARRENDAMENTO_MERCANTIL_CONCESSAO_INSTITUICAO_CONTRATANTE&quot;,&quot;code&quot;:&quot;RECEBE_ENCAMINHA_PROPOSTAS_CREDITO_ARRENDAMENTO_MERCANTIL&quot;}]},{&quot;identification&quot;:{&quot;corporationName&quot;:&quot;LOJAS RENNER S.A.-LOJA SHOPPING RIO POTY&quot;,&quot;groupName&quot;:&quot;LOJAS RENNER S.A.&quot;,&quot;cnpjNumber&quot;:&quot;92754738029659&quot;,&quot;isUnderestablishment&quot;:false},&quot;locations&quot;:[{&quot;postalAddress&quot;:{&quot;address&quot;:&quot;AVENIDA MARECHAL CASTELO BRANCO, Nº 911 (SUC Nº 204AB - PISO L2)&quot;,&quot;districtName&quot;:&quot;PORENQUANTO&quot;,&quot;townName&quot;:&quot;TERESINA&quot;,&quot;countrySubDivision&quot;:&quot;PI&quot;,&quot;postCode&quot;:&quot;64000810&quot;,&quot;country&quot;:&quot;Brasil&quot;,&quot;countryCode&quot;:&quot;BRA&quot;},&quot;phones&quot;:[{&quot;type&quot;:&quot;FIXO&quot;,&quot;countryCallingCode&quot;:&quot;55&quot;,&quot;areaCode&quot;:&quot;85&quot;,&quot;number&quot;:&quot;33043868&quot;}],&quot;availability&quot;:{&quot;standards&quot;:[{&quot;weekday&quot;:&quot;DOMINGO&quot;},{&quot;weekday&quot;:&quot;SEGUNDA_FEIRA&quot;},{&quot;weekday&quot;:&quot;TERCA_FEIRA&quot;},{&quot;weekday&quot;:&quot;QUARTA_FEIRA&quot;},{&quot;weekday&quot;:&quot;QUINTA_FEIRA&quot;},{&quot;weekday&quot;:&quot;SEXTA_FEIRA&quot;},{&quot;weekday&quot;:&quot;SABADO&quot;}],&quot;exception&quot;:&quot;Exceto em datas festivas de Ano Novo, Dia das Mães, Dia dos Pais e Natal&quot;}}],&quot;services&quot;:[{&quot;name&quot;:&quot;RECEBIMENTOS_PAGAMENTOS_QUALQUER_NATUREZA_OUTRAS_ATIVIDADES_DECORRENTES_EXECUCAO_CONTRATOS_CONVENIOS_PRESTACAO_SERVICOS&quot;,&quot;code&quot;:&quot;RECEBIMENTOS_PAGAMENTOS_QUALQUER_NATUREZA_EXECUCAO_CONTRATOS_CONVENIO&quot;},{&quot;name&quot;:&quot;EXECUCAO_ATIVA_PASSIVA_ORDENS_PAGAMENTO_CURSADAS_INTERMEDIO_INSTITUICAO_CONTRATANTE_SOLICITACAO_CLIENTES_USUARIOS&quot;,&quot;code&quot;:&quot;EXECUCAO_ATIVA_PASSIVA_ORDENS_PAGAMENTO&quot;},{&quot;name&quot;:&quot;RECEPCAO_ENCAMINHAMENTO_PROPOSTAS_FORNECIMENTO_CARTAO_CREDITO_RESPONSABILIDADE_INSTITUICAO_CONTRATANTE&quot;,&quot;code&quot;:&quot;RECEBE_ENCAMINHA_PROPOSTAS_FORNECIMENTO_CARTAO_CREDITO&quot;},{&quot;name&quot;:&quot;RECEPCAO_ENCAMINHAMENTO_PROPOSTAS_OPERACAO_CREDITO_ARRENDAMENTO_MERCANTIL_CONCESSAO_INSTITUICAO_CONTRATANTE&quot;,&quot;code&quot;:&quot;RECEBE_ENCAMINHA_PROPOSTAS_CREDITO_ARRENDAMENTO_MERCANTIL&quot;}]},{&quot;identification&quot;:{&quot;corporationName&quot;:&quot;LOJAS RENNER S.A.-LOJA VÁRZEA GRANDE SHOPPING&quot;,&quot;groupName&quot;:&quot;LOJAS RENNER S.A.&quot;,&quot;cnpjNumber&quot;:&quot;92754738029063&quot;,&quot;isUnderestablishment&quot;:false},&quot;locations&quot;:[{&quot;postalAddress&quot;:{&quot;address&quot;:&quot;RUA PRESIDENTE ARTHUR BERNARDES, ESQUINA COM  A RUA FILINTO MULLER, S/Nº, (AN03 - 1º PAVIMENTO)&quot;,&quot;districtName&quot;:&quot;JARDIM AEROPORTO&quot;,&quot;townName&quot;:&quot;VARZEA GRANDE&quot;,&quot;countrySubDivision&quot;:&quot;MT&quot;,&quot;postCode&quot;:&quot;78125100&quot;,&quot;country&quot;:&quot;Brasil&quot;,&quot;countryCode&quot;:&quot;BRA&quot;},&quot;phones&quot;:[{&quot;type&quot;:&quot;FIXO&quot;,&quot;countryCallingCode&quot;:&quot;55&quot;,&quot;areaCode&quot;:&quot;85&quot;,&quot;number&quot;:&quot;33043869&quot;}],&quot;availability&quot;:{&quot;standards&quot;:[{&quot;weekday&quot;:&quot;DOMINGO&quot;},{&quot;weekday&quot;:&quot;SEGUNDA_FEIRA&quot;},{&quot;weekday&quot;:&quot;TERCA_FEIRA&quot;},{&quot;weekday&quot;:&quot;QUARTA_FEIRA&quot;},{&quot;weekday&quot;:&quot;QUINTA_FEIRA&quot;},{&quot;weekday&quot;:&quot;SEXTA_FEIRA&quot;},{&quot;weekday&quot;:&quot;SABADO&quot;}],&quot;exception&quot;:&quot;Exceto em datas festivas de Ano Novo, Dia das Mães, Dia dos Pais e Natal&quot;}}],&quot;services&quot;:[{&quot;name&quot;:&quot;RECEBIMENTOS_PAGAMENTOS_QUALQUER_NATUREZA_OUTRAS_ATIVIDADES_DECORRENTES_EXECUCAO_CONTRATOS_CONVENIOS_PRESTACAO_SERVICOS&quot;,&quot;code&quot;:&quot;RECEBIMENTOS_PAGAMENTOS_QUALQUER_NATUREZA_EXECUCAO_CONTRATOS_CONVENIO&quot;},{&quot;name&quot;:&quot;EXECUCAO_ATIVA_PASSIVA_ORDENS_PAGAMENTO_CURSADAS_INTERMEDIO_INSTITUICAO_CONTRATANTE_SOLICITACAO_CLIENTES_USUARIOS&quot;,&quot;code&quot;:&quot;EXECUCAO_ATIVA_PASSIVA_ORDENS_PAGAMENTO&quot;},{&quot;name&quot;:&quot;RECEPCAO_ENCAMINHAMENTO_PROPOSTAS_FORNECIMENTO_CARTAO_CREDITO_RESPONSABILIDADE_INSTITUICAO_CONTRATANTE&quot;,&quot;code&quot;:&quot;RECEBE_ENCAMINHA_PROPOSTAS_FORNECIMENTO_CARTAO_CREDITO&quot;},{&quot;name&quot;:&quot;RECEPCAO_ENCAMINHAMENTO_PROPOSTAS_OPERACAO_CREDITO_ARRENDAMENTO_MERCANTIL_CONCESSAO_INSTITUICAO_CONTRATANTE&quot;,&quot;code&quot;:&quot;RECEBE_ENCAMINHA_PROPOSTAS_CREDITO_ARRENDAMENTO_MERCANTIL&quot;}]},{&quot;identification&quot;:{&quot;corporationName&quot;:&quot;LOJAS RENNER S.A.-LOJA RIOMAR SHOPPING FORTALEZA&quot;,&quot;groupName&quot;:&quot;LOJAS RENNER S.A.&quot;,&quot;cnpjNumber&quot;:&quot;92754738028415&quot;,&quot;isUnderestablishment&quot;:false},&quot;locations&quot;:[{&quot;postalAddress&quot;:{&quot;address&quot;:&quot;RUA DESEMBARGADOR LAURO NOGUEIRA, Nº 1355 (SALÃO COMERCIAL Nº 2007 - PISO L2)&quot;,&quot;districtName&quot;:&quot;RIOMAR SHOPPING FORTALEZA&quot;,&quot;townName&quot;:&quot;FORTALEZA&quot;,&quot;countrySubDivision&quot;:&quot;CE&quot;,&quot;postCode&quot;:&quot;60175055&quot;,&quot;country&quot;:&quot;Brasil&quot;,&quot;countryCode&quot;:&quot;BRA&quot;},&quot;phones&quot;:[{&quot;type&quot;:&quot;FIXO&quot;,&quot;countryCallingCode&quot;:&quot;55&quot;,&quot;areaCode&quot;:&quot;85&quot;,&quot;number&quot;:&quot;33043870&quot;}],&quot;availability&quot;:{&quot;standards&quot;:[{&quot;weekday&quot;:&quot;DOMINGO&quot;},{&quot;weekday&quot;:&quot;SEGUNDA_FEIRA&quot;},{&quot;weekday&quot;:&quot;TERCA_FEIRA&quot;},{&quot;weekday&quot;:&quot;QUARTA_FEIRA&quot;},{&quot;weekday&quot;:&quot;QUINTA_FEIRA&quot;},{&quot;weekday&quot;:&quot;SEXTA_FEIRA&quot;},{&quot;weekday&quot;:&quot;SABADO&quot;}],&quot;exception&quot;:&quot;Exceto em datas festivas de Ano Novo, Dia das Mães, Dia dos Pais e Natal&quot;}}],&quot;services&quot;:[{&quot;name&quot;:&quot;RECEBIMENTOS_PAGAMENTOS_QUALQUER_NATUREZA_OUTRAS_ATIVIDADES_DECORRENTES_EXECUCAO_CONTRATOS_CONVENIOS_PRESTACAO_SERVICOS&quot;,&quot;code&quot;:&quot;RECEBIMENTOS_PAGAMENTOS_QUALQUER_NATUREZA_EXECUCAO_CONTRATOS_CONVENIO&quot;},{&quot;name&quot;:&quot;EXECUCAO_ATIVA_PASSIVA_ORDENS_PAGAMENTO_CURSADAS_INTERMEDIO_INSTITUICAO_CONTRATANTE_SOLICITACAO_CLIENTES_USUARIOS&quot;,&quot;code&quot;:&quot;EXECUCAO_ATIVA_PASSIVA_ORDENS_PAGAMENTO&quot;},{&quot;name&quot;:&quot;RECEPCAO_ENCAMINHAMENTO_PROPOSTAS_FORNECIMENTO_CARTAO_CREDITO_RESPONSABILIDADE_INSTITUICAO_CONTRATANTE&quot;,&quot;code&quot;:&quot;RECEBE_ENCAMINHA_PROPOSTAS_FORNECIMENTO_CARTAO_CREDITO&quot;},{&quot;name&quot;:&quot;RECEPCAO_ENCAMINHAMENTO_PROPOSTAS_OPERACAO_CREDITO_ARRENDAMENTO_MERCANTIL_CONCESSAO_INSTITUICAO_CONTRATANTE&quot;,&quot;code&quot;:&quot;RECEBE_ENCAMINHA_PROPOSTAS_CREDITO_ARRENDAMENTO_MERCANTIL&quot;}]},{&quot;identification&quot;:{&quot;corporationName&quot;:&quot;LOJAS RENNER S.A.-LOJA SHOPPING JARDIM NORTE JUIZ DE FORA&quot;,&quot;groupName&quot;:&quot;LOJAS RENNER S.A.&quot;,&quot;cnpjNumber&quot;:&quot;92754738032528&quot;,&quot;isUnderestablishment&quot;:false},&quot;locations&quot;:[{&quot;postalAddress&quot;:{&quot;address&quot;:&quot;AVENIDA BRASIL, Nº 6345, LOJAS 1024 / 2012, PISOS 1 E 2&quot;,&quot;districtName&quot;:&quot;MARIANO PROCÓPIO&quot;,&quot;townName&quot;:&quot;JUIZ DE FORA&quot;,&quot;countrySubDivision&quot;:&quot;MG&quot;,&quot;postCode&quot;:&quot;36080060&quot;,&quot;country&quot;:&quot;Brasil&quot;,&quot;countryCode&quot;:&quot;BRA&quot;},&quot;phones&quot;:[{&quot;type&quot;:&quot;FIXO&quot;,&quot;countryCallingCode&quot;:&quot;55&quot;,&quot;areaCode&quot;:&quot;85&quot;,&quot;number&quot;:&quot;33043871&quot;}],&quot;availability&quot;:{&quot;standards&quot;:[{&quot;weekday&quot;:&quot;DOMINGO&quot;},{&quot;weekday&quot;:&quot;SEGUNDA_FEIRA&quot;},{&quot;weekday&quot;:&quot;TERCA_FEIRA&quot;},{&quot;weekday&quot;:&quot;QUARTA_FEIRA&quot;},{&quot;weekday&quot;:&quot;QUINTA_FEIRA&quot;},{&quot;weekday&quot;:&quot;SEXTA_FEIRA&quot;},{&quot;weekday&quot;:&quot;SABADO&quot;}],&quot;exception&quot;:&quot;Exceto em datas festivas de Ano Novo, Dia das Mães, Dia dos Pais e Natal&quot;}}],&quot;services&quot;:[{&quot;name&quot;:&quot;RECEBIMENTOS_PAGAMENTOS_QUALQUER_NATUREZA_OUTRAS_ATIVIDADES_DECORRENTES_EXECUCAO_CONTRATOS_CONVENIOS_PRESTACAO_SERVICOS&quot;,&quot;code&quot;:&quot;RECEBIMENTOS_PAGAMENTOS_QUALQUER_NATUREZA_EXECUCAO_CONTRATOS_CONVENIO&quot;},{&quot;name&quot;:&quot;EXECUCAO_ATIVA_PASSIVA_ORDENS_PAGAMENTO_CURSADAS_INTERMEDIO_INSTITUICAO_CONTRATANTE_SOLICITACAO_CLIENTES_USUARIOS&quot;,&quot;code&quot;:&quot;EXECUCAO_ATIVA_PASSIVA_ORDENS_PAGAMENTO&quot;},{&quot;name&quot;:&quot;RECEPCAO_ENCAMINHAMENTO_PROPOSTAS_FORNECIMENTO_CARTAO_CREDITO_RESPONSABILIDADE_INSTITUICAO_CONTRATANTE&quot;,&quot;code&quot;:&quot;RECEBE_ENCAMINHA_PROPOSTAS_FORNECIMENTO_CARTAO_CREDITO&quot;},{&quot;name&quot;:&quot;RECEPCAO_ENCAMINHAMENTO_PROPOSTAS_OPERACAO_CREDITO_ARRENDAMENTO_MERCANTIL_CONCESSAO_INSTITUICAO_CONTRATANTE&quot;,&quot;code&quot;:&quot;RECEBE_ENCAMINHA_PROPOSTAS_CREDITO_ARRENDAMENTO_MERCANTIL&quot;}]},{&quot;identification&quot;:{&quot;corporationName&quot;:&quot;LOJAS RENNER S.A.-LOJA PLAZA SHOPPING AVENIDA&quot;,&quot;groupName&quot;:&quot;LOJAS RENNER S.A.&quot;,&quot;cnpjNumber&quot;:&quot;92754738030231&quot;,&quot;isUnderestablishment&quot;:false},&quot;locations&quot;:[{&quot;postalAddress&quot;:{&quot;address&quot;:&quot;AVENIDA JOSÉ MUNIA, Nº 4775, PISO TÉRREO, LOJAS T012/L141&quot;,&quot;districtName&quot;:&quot;JARDIM REDENTOR&quot;,&quot;townName&quot;:&quot;SAO JOSE DO RIO PRETO&quot;,&quot;countrySubDivision&quot;:&quot;SP&quot;,&quot;postCode&quot;:&quot;15085350&quot;,&quot;country&quot;:&quot;Brasil&quot;,&quot;countryCode&quot;:&quot;BRA&quot;},&quot;phones&quot;:[{&quot;type&quot;:&quot;FIXO&quot;,&quot;countryCallingCode&quot;:&quot;55&quot;,&quot;areaCode&quot;:&quot;85&quot;,&quot;number&quot;:&quot;33043872&quot;}],&quot;availability&quot;:{&quot;standards&quot;:[{&quot;weekday&quot;:&quot;DOMINGO&quot;},{&quot;weekday&quot;:&quot;SEGUNDA_FEIRA&quot;},{&quot;weekday&quot;:&quot;TERCA_FEIRA&quot;},{&quot;weekday&quot;:&quot;QUARTA_FEIRA&quot;},{&quot;weekday&quot;:&quot;QUINTA_FEIRA&quot;},{&quot;weekday&quot;:&quot;SEXTA_FEIRA&quot;},{&quot;weekday&quot;:&quot;SABADO&quot;}],&quot;exception&quot;:&quot;Exceto em datas festivas de Ano Novo, Dia das Mães, Dia dos Pais e Natal&quot;}}],&quot;services&quot;:[{&quot;name&quot;:&quot;RECEBIMENTOS_PAGAMENTOS_QUALQUER_NATUREZA_OUTRAS_ATIVIDADES_DECORRENTES_EXECUCAO_CONTRATOS_CONVENIOS_PRESTACAO_SERVICOS&quot;,&quot;code&quot;:&quot;RECEBIMENTOS_PAGAMENTOS_QUALQUER_NATUREZA_EXECUCAO_CONTRATOS_CONVENIO&quot;},{&quot;name&quot;:&quot;EXECUCAO_ATIVA_PASSIVA_ORDENS_PAGAMENTO_CURSADAS_INTERMEDIO_INSTITUICAO_CONTRATANTE_SOLICITACAO_CLIENTES_USUARIOS&quot;,&quot;code&quot;:&quot;EXECUCAO_ATIVA_PASSIVA_ORDENS_PAGAMENTO&quot;},{&quot;name&quot;:&quot;RECEPCAO_ENCAMINHAMENTO_PROPOSTAS_FORNECIMENTO_CARTAO_CREDITO_RESPONSABILIDADE_INSTITUICAO_CONTRATANTE&quot;,&quot;code&quot;:&quot;RECEBE_ENCAMINHA_PROPOSTAS_FORNECIMENTO_CARTAO_CREDITO&quot;},{&quot;name&quot;:&quot;RECEPCAO_ENCAMINHAMENTO_PROPOSTAS_OPERACAO_CREDITO_ARRENDAMENTO_MERCANTIL_CONCESSAO_INSTITUICAO_CONTRATANTE&quot;,&quot;code&quot;:&quot;RECEBE_ENCAMINHA_PROPOSTAS_CREDITO_ARRENDAMENTO_MERCANTIL&quot;}]}]}]}]},&quot;links&quot;:{&quot;self&quot;:&quot;http://10.120.192.16/open-banking/channels/v1/banking-agents?page=10&amp;page-size=25&quot;,&quot;first&quot;:&quot;http://10.120.192.16/open-banking/channels/v1/banking-agents?page=1&amp;page-size=25&quot;,&quot;prev&quot;:&quot;http://10.120.192.16/open-banking/channels/v1/banking-agents?page=9&amp;page-size=25&quot;,&quot;next&quot;:&quot;http://10.120.192.16/open-banking/channels/v1/banking-agents?page=11&amp;page-size=25&quot;,&quot;last&quot;:&quot;http://10.120.192.16/open-banking/channels/v1/banking-agents?page=15&amp;page-size=25&quot;},&quot;meta&quot;:{&quot;totalRecords&quot;:366,&quot;totalPages&quot;:15}}&#10;" type="java.lang.AssertionError"><![CDATA[java.lang.AssertionError: 
1 expectation failed.
Response body doesn't match expectation.
Expected: The content to match the given JSON schema.
error: object has missing required properties (["brand"])
    level: "error"
    schema: {"loadingURI":"#","pointer":"/properties/data"}
    instance: {"pointer":"/data"}
    domain: "validation"
    keyword: "required"
    required: ["brand"]
    missing: ["brand"]

  Actual: {"data":{"name":"REALIZE CFI S.A.","companies":[{"name":"REALIZE CRÉDITO, FINANCIAMENTO E INVESTIMENTO S.A.","cnpjNumber":"27351731","contractors":[{"name":"REALIZE CRÉDITO, FINANCIAMENTO E INVESTIMENTO S.A.","cnpjNumber":"27351731000138","bankingAgents":[{"identification":{"corporationName":"LOJAS RENNER S.A.-LOJA NATAL SHOPPING","groupName":"LOJAS RENNER S.A.","cnpjNumber":"92754738025904","isUnderestablishment":false},"locations":[{"postalAddress":{"address":"AVENIDA SENADOR SALGADO FILHO, 2234, (ESPAÇO COMERCIAL Nº 368)","districtName":"NATAL SHOPPING","townName":"NATAL","countrySubDivision":"RN","postCode":"59064900","country":"Brasil","countryCode":"BRA"},"phones":[{"type":"FIXO","countryCallingCode":"55","areaCode":"85","number":"33043847"}],"availability":{"standards":[{"weekday":"DOMINGO"},{"weekday":"SEGUNDA_FEIRA"},{"weekday":"TERCA_FEIRA"},{"weekday":"QUARTA_FEIRA"},{"weekday":"QUINTA_FEIRA"},{"weekday":"SEXTA_FEIRA"},{"weekday":"SABADO"}],"exception":"Exceto em datas festivas de Ano Novo, Dia das Mães, Dia dos Pais e Natal"}}],"services":[{"name":"RECEBIMENTOS_PAGAMENTOS_QUALQUER_NATUREZA_OUTRAS_ATIVIDADES_DECORRENTES_EXECUCAO_CONTRATOS_CONVENIOS_PRESTACAO_SERVICOS","code":"RECEBIMENTOS_PAGAMENTOS_QUALQUER_NATUREZA_EXECUCAO_CONTRATOS_CONVENIO"},{"name":"EXECUCAO_ATIVA_PASSIVA_ORDENS_PAGAMENTO_CURSADAS_INTERMEDIO_INSTITUICAO_CONTRATANTE_SOLICITACAO_CLIENTES_USUARIOS","code":"EXECUCAO_ATIVA_PASSIVA_ORDENS_PAGAMENTO"},{"name":"RECEPCAO_ENCAMINHAMENTO_PROPOSTAS_FORNECIMENTO_CARTAO_CREDITO_RESPONSABILIDADE_INSTITUICAO_CONTRATANTE","code":"RECEBE_ENCAMINHA_PROPOSTAS_FORNECIMENTO_CARTAO_CREDITO"},{"name":"RECEPCAO_ENCAMINHAMENTO_PROPOSTAS_OPERACAO_CREDITO_ARRENDAMENTO_MERCANTIL_CONCESSAO_INSTITUICAO_CONTRATANTE","code":"RECEBE_ENCAMINHA_PROPOSTAS_CREDITO_ARRENDAMENTO_MERCANTIL"}]},{"identification":{"corporationName":"LOJAS RENNER S.A.-LOJA SHOPPING MONTSERRAT","groupName":"LOJAS RENNER S.A.","cnpjNumber":"92754738027605","isUnderestablishment":false},"locations":[{"postalAddress":{"address":"AVENIDA ELDES SCHERRER SOUZA, Nº 2162, (SUC Nº 103M – PISO L-1)","districtName":"PLANALTO DE CARAPINA","townName":"SERRA","countrySubDivision":"ES","postCode":"29162741","country":"Brasil","countryCode":"BRA"},"phones":[{"type":"FIXO","countryCallingCode":"55","areaCode":"85","number":"33043848"}],"availability":{"standards":[{"weekday":"DOMINGO"},{"weekday":"SEGUNDA_FEIRA"},{"weekday":"TERCA_FEIRA"},{"weekday":"QUARTA_FEIRA"},{"weekday":"QUINTA_FEIRA"},{"weekday":"SEXTA_FEIRA"},{"weekday":"SABADO"}],"exception":"Exceto em datas festivas de Ano Novo, Dia das Mães, Dia dos Pais e Natal"}}],"services":[{"name":"RECEBIMENTOS_PAGAMENTOS_QUALQUER_NATUREZA_OUTRAS_ATIVIDADES_DECORRENTES_EXECUCAO_CONTRATOS_CONVENIOS_PRESTACAO_SERVICOS","code":"RECEBIMENTOS_PAGAMENTOS_QUALQUER_NATUREZA_EXECUCAO_CONTRATOS_CONVENIO"},{"name":"EXECUCAO_ATIVA_PASSIVA_ORDENS_PAGAMENTO_CURSADAS_INTERMEDIO_INSTITUICAO_CONTRATANTE_SOLICITACAO_CLIENTES_USUARIOS","code":"EXECUCAO_ATIVA_PASSIVA_ORDENS_PAGAMENTO"},{"name":"RECEPCAO_ENCAMINHAMENTO_PROPOSTAS_FORNECIMENTO_CARTAO_CREDITO_RESPONSABILIDADE_INSTITUICAO_CONTRATANTE","code":"RECEBE_ENCAMINHA_PROPOSTAS_FORNECIMENTO_CARTAO_CREDITO"},{"name":"RECEPCAO_ENCAMINHAMENTO_PROPOSTAS_OPERACAO_CREDITO_ARRENDAMENTO_MERCANTIL_CONCESSAO_INSTITUICAO_CONTRATANTE","code":"RECEBE_ENCAMINHA_PROPOSTAS_CREDITO_ARRENDAMENTO_MERCANTIL"}]},{"identification":{"corporationName":"LOJAS RENNER S.A.-LOJA SHOPPING VALE DO AÇO","groupName":"LOJAS RENNER S.A.","cnpjNumber":"92754738030070","isUnderestablishment":false},"locations":[{"postalAddress":{"address":"AVENIDA PEDRO LINHARES GOMES, Nº 3900, (LOJA Nº 153 NO 1º PISO E Nº 262 NO 2º PISO)","districtName":"INDUSTRIAL","townName":"IPATINGA","countrySubDivision":"MG","postCode":"35160290","country":"Brasil","countryCode":"BRA"},"phones":[{"type":"FIXO","countryCallingCode":"55","areaCode":"85","number":"33043849"}],"availability":{"standards":[{"weekday":"DOMINGO"},{"weekday":"SEGUNDA_FEIRA"},{"weekday":"TERCA_FEIRA"},{"weekday":"QUARTA_FEIRA"},{"weekday":"QUINTA_FEIRA"},{"weekday":"SEXTA_FEIRA"},{"weekday":"SABADO"}],"exception":"Exceto em datas festivas de Ano Novo, Dia das Mães, Dia dos Pais e Natal"}}],"services":[{"name":"RECEBIMENTOS_PAGAMENTOS_QUALQUER_NATUREZA_OUTRAS_ATIVIDADES_DECORRENTES_EXECUCAO_CONTRATOS_CONVENIOS_PRESTACAO_SERVICOS","code":"RECEBIMENTOS_PAGAMENTOS_QUALQUER_NATUREZA_EXECUCAO_CONTRATOS_CONVENIO"},{"name":"EXECUCAO_ATIVA_PASSIVA_ORDENS_PAGAMENTO_CURSADAS_INTERMEDIO_INSTITUICAO_CONTRATANTE_SOLICITACAO_CLIENTES_USUARIOS","code":"EXECUCAO_ATIVA_PASSIVA_ORDENS_PAGAMENTO"},{"name":"RECEPCAO_ENCAMINHAMENTO_PROPOSTAS_FORNECIMENTO_CARTAO_CREDITO_RESPONSABILIDADE_INSTITUICAO_CONTRATANTE","code":"RECEBE_ENCAMINHA_PROPOSTAS_FORNECIMENTO_CARTAO_CREDITO"},{"name":"RECEPCAO_ENCAMINHAMENTO_PROPOSTAS_OPERACAO_CREDITO_ARRENDAMENTO_MERCANTIL_CONCESSAO_INSTITUICAO_CONTRATANTE","code":"RECEBE_ENCAMINHA_PROPOSTAS_CREDITO_ARRENDAMENTO_MERCANTIL"}]},{"identification":{"corporationName":"LOJAS RENNER S.A.-LOJA SHOPPING PRAÇA NOVA ARAÇATUBA","groupName":"LOJAS RENNER S.A.","cnpjNumber":"92754738027796","isUnderestablishment":false},"locations":[{"postalAddress":{"address":"AVENIDA GOVERNADOR MARIO COVAS, Nº 6001, (EUC Nº51 - PISO TÉRREO)","districtName":"SHOPPING PRAÇA NOVA ARAÇATUBA","townName":"ARACATUBA","countrySubDivision":"SP","postCode":"16071245","country":"Brasil","countryCode":"BRA"},"phones":[{"type":"FIXO","countryCallingCode":"55","areaCode":"85","number":"33043850"}],"availability":{"standards":[{"weekday":"DOMINGO"},{"weekday":"SEGUNDA_FEIRA"},{"weekday":"TERCA_FEIRA"},{"weekday":"QUARTA_FEIRA"},{"weekday":"QUINTA_FEIRA"},{"weekday":"SEXTA_FEIRA"},{"weekday":"SABADO"}],"exception":"Exceto em datas festivas de Ano Novo, Dia das Mães, Dia dos Pais e Natal"}}],"services":[{"name":"RECEBIMENTOS_PAGAMENTOS_QUALQUER_NATUREZA_OUTRAS_ATIVIDADES_DECORRENTES_EXECUCAO_CONTRATOS_CONVENIOS_PRESTACAO_SERVICOS","code":"RECEBIMENTOS_PAGAMENTOS_QUALQUER_NATUREZA_EXECUCAO_CONTRATOS_CONVENIO"},{"name":"EXECUCAO_ATIVA_PASSIVA_ORDENS_PAGAMENTO_CURSADAS_INTERMEDIO_INSTITUICAO_CONTRATANTE_SOLICITACAO_CLIENTES_USUARIOS","code":"EXECUCAO_ATIVA_PASSIVA_ORDENS_PAGAMENTO"},{"name":"RECEPCAO_ENCAMINHAMENTO_PROPOSTAS_FORNECIMENTO_CARTAO_CREDITO_RESPONSABILIDADE_INSTITUICAO_CONTRATANTE","code":"RECEBE_ENCAMINHA_PROPOSTAS_FORNECIMENTO_CARTAO_CREDITO"},{"name":"RECEPCAO_ENCAMINHAMENTO_PROPOSTAS_OPERACAO_CREDITO_ARRENDAMENTO_MERCANTIL_CONCESSAO_INSTITUICAO_CONTRATANTE","code":"RECEBE_ENCAMINHA_PROPOSTAS_CREDITO_ARRENDAMENTO_MERCANTIL"}]},{"identification":{"corporationName":"LOJAS RENNER S.A.-LOJA BURITÍ SHOPPING RIO VERDE","groupName":"LOJAS RENNER S.A.","cnpjNumber":"92754738029306","isUnderestablishment":false},"locations":[{"postalAddress":{"address":"RUA O, S/N, QUADRA 14, LOTE 6, LUC'S Nº 156/157/158/159","districtName":"SETOR JARDIM CAMPESTRE","townName":"RIO VERDE","countrySubDivision":"GO","postCode":"75907681","country":"Brasil","countryCode":"BRA"},"phones":[{"type":"FIXO","countryCallingCode":"55","areaCode":"85","number":"33043851"}],"availability":{"standards":[{"weekday":"DOMINGO"},{"weekday":"SEGUNDA_FEIRA"},{"weekday":"TERCA_FEIRA"},{"weekday":"QUARTA_FEIRA"},{"weekday":"QUINTA_FEIRA"},{"weekday":"SEXTA_FEIRA"},{"weekday":"SABADO"}],"exception":"Exceto em datas festivas de Ano Novo, Dia das Mães, Dia dos Pais e Natal"}}],"services":[{"name":"RECEBIMENTOS_PAGAMENTOS_QUALQUER_NATUREZA_OUTRAS_ATIVIDADES_DECORRENTES_EXECUCAO_CONTRATOS_CONVENIOS_PRESTACAO_SERVICOS","code":"RECEBIMENTOS_PAGAMENTOS_QUALQUER_NATUREZA_EXECUCAO_CONTRATOS_CONVENIO"},{"name":"EXECUCAO_ATIVA_PASSIVA_ORDENS_PAGAMENTO_CURSADAS_INTERMEDIO_INSTITUICAO_CONTRATANTE_SOLICITACAO_CLIENTES_USUARIOS","code":"EXECUCAO_ATIVA_PASSIVA_ORDENS_PAGAMENTO"},{"name":"RECEPCAO_ENCAMINHAMENTO_PROPOSTAS_FORNECIMENTO_CARTAO_CREDITO_RESPONSABILIDADE_INSTITUICAO_CONTRATANTE","code":"RECEBE_ENCAMINHA_PROPOSTAS_FORNECIMENTO_CARTAO_CREDITO"},{"name":"RECEPCAO_ENCAMINHAMENTO_PROPOSTAS_OPERACAO_CREDITO_ARRENDAMENTO_MERCANTIL_CONCESSAO_INSTITUICAO_CONTRATANTE","code":"RECEBE_ENCAMINHA_PROPOSTAS_CREDITO_ARRENDAMENTO_MERCANTIL"}]},{"identification":{"corporationName":"LOJAS RENNER S.A.-LOJA SÃO LUÍS SHOPPING","groupName":"LOJAS RENNER S.A.","cnpjNumber":"92754738028920","isUnderestablishment":false},"locations":[{"postalAddress":{"address":"AVENIDA PROFESSOR CARLOS CUNHA, Nº 1.000 (LUC 301 ÂNCORA - 1 - PISO L1)","districtName":"JARACATY","townName":"SAO LUIS","countrySubDivision":"MA","postCode":"65076820","country":"Brasil","countryCode":"BRA"},"phones":[{"type":"FIXO","countryCallingCode":"55","areaCode":"85","number":"33043852"}],"availability":{"standards":[{"weekday":"DOMINGO"},{"weekday":"SEGUNDA_FEIRA"},{"weekday":"TERCA_FEIRA"},{"weekday":"QUARTA_FEIRA"},{"weekday":"QUINTA_FEIRA"},{"weekday":"SEXTA_FEIRA"},{"weekday":"SABADO"}],"exception":"Exceto em datas festivas de Ano Novo, Dia das Mães, Dia dos Pais e Natal"}}],"services":[{"name":"RECEBIMENTOS_PAGAMENTOS_QUALQUER_NATUREZA_OUTRAS_ATIVIDADES_DECORRENTES_EXECUCAO_CONTRATOS_CONVENIOS_PRESTACAO_SERVICOS","code":"RECEBIMENTOS_PAGAMENTOS_QUALQUER_NATUREZA_EXECUCAO_CONTRATOS_CONVENIO"},{"name":"EXECUCAO_ATIVA_PASSIVA_ORDENS_PAGAMENTO_CURSADAS_INTERMEDIO_INSTITUICAO_CONTRATANTE_SOLICITACAO_CLIENTES_USUARIOS","code":"EXECUCAO_ATIVA_PASSIVA_ORDENS_PAGAMENTO"},{"name":"RECEPCAO_ENCAMINHAMENTO_PROPOSTAS_FORNECIMENTO_CARTAO_CREDITO_RESPONSABILIDADE_INSTITUICAO_CONTRATANTE","code":"RECEBE_ENCAMINHA_PROPOSTAS_FORNECIMENTO_CARTAO_CREDITO"},{"name":"RECEPCAO_ENCAMINHAMENTO_PROPOSTAS_OPERACAO_CREDITO_ARRENDAMENTO_MERCANTIL_CONCESSAO_INSTITUICAO_CONTRATANTE","code":"RECEBE_ENCAMINHA_PROPOSTAS_CREDITO_ARRENDAMENTO_MERCANTIL"}]},{"identification":{"corporationName":"LOJAS RENNER S.A.-LOJA MOXUARA SHOPPING","groupName":"LOJAS RENNER S.A.","cnpjNumber":"92754738025661","isUnderestablishment":false},"locations":[{"postalAddress":{"address":"AVENIDA MARIO GURGEL, N° 5353, LOJA 307JKLMQ, PISO L3","districtName":"SÃO FRANCISCO","townName":"CARIACICA","countrySubDivision":"ES","postCode":"29145910","country":"Brasil","countryCode":"BRA"},"phones":[{"type":"FIXO","countryCallingCode":"55","areaCode":"85","number":"33043853"}],"availability":{"standards":[{"weekday":"DOMINGO"},{"weekday":"SEGUNDA_FEIRA"},{"weekday":"TERCA_FEIRA"},{"weekday":"QUARTA_FEIRA"},{"weekday":"QUINTA_FEIRA"},{"weekday":"SEXTA_FEIRA"},{"weekday":"SABADO"}],"exception":"Exceto em datas festivas de Ano Novo, Dia das Mães, Dia dos Pais e Natal"}}],"services":[{"name":"RECEBIMENTOS_PAGAMENTOS_QUALQUER_NATUREZA_OUTRAS_ATIVIDADES_DECORRENTES_EXECUCAO_CONTRATOS_CONVENIOS_PRESTACAO_SERVICOS","code":"RECEBIMENTOS_PAGAMENTOS_QUALQUER_NATUREZA_EXECUCAO_CONTRATOS_CONVENIO"},{"name":"EXECUCAO_ATIVA_PASSIVA_ORDENS_PAGAMENTO_CURSADAS_INTERMEDIO_INSTITUICAO_CONTRATANTE_SOLICITACAO_CLIENTES_USUARIOS","code":"EXECUCAO_ATIVA_PASSIVA_ORDENS_PAGAMENTO"},{"name":"RECEPCAO_ENCAMINHAMENTO_PROPOSTAS_FORNECIMENTO_CARTAO_CREDITO_RESPONSABILIDADE_INSTITUICAO_CONTRATANTE","code":"RECEBE_ENCAMINHA_PROPOSTAS_FORNECIMENTO_CARTAO_CREDITO"},{"name":"RECEPCAO_ENCAMINHAMENTO_PROPOSTAS_OPERACAO_CREDITO_ARRENDAMENTO_MERCANTIL_CONCESSAO_INSTITUICAO_CONTRATANTE","code":"RECEBE_ENCAMINHA_PROPOSTAS_CREDITO_ARRENDAMENTO_MERCANTIL"}]},{"identification":{"corporationName":"LOJAS RENNER S.A.-LOJA MOSSORÓ WEST SHOPPING","groupName":"LOJAS RENNER S.A.","cnpjNumber":"92754738028504","isUnderestablishment":false},"locations":[{"postalAddress":{"address":"AVENIDA JOÃO DA ESCOSSIA, Nº 1515 (EUC N° 001C – ÂNCORA 02 – PISO TÉRREO)","districtName":"NOVA BETÂNIA","townName":"MOSSORO","countrySubDivision":"RN","postCode":"59607330","country":"Brasil","countryCode":"BRA"},"phones":[{"type":"FIXO","countryCallingCode":"55","areaCode":"85","number":"33043854"}],"availability":{"standards":[{"weekday":"DOMINGO"},{"weekday":"SEGUNDA_FEIRA"},{"weekday":"TERCA_FEIRA"},{"weekday":"QUARTA_FEIRA"},{"weekday":"QUINTA_FEIRA"},{"weekday":"SEXTA_FEIRA"},{"weekday":"SABADO"}],"exception":"Exceto em datas festivas de Ano Novo, Dia das Mães, Dia dos Pais e Natal"}}],"services":[{"name":"RECEBIMENTOS_PAGAMENTOS_QUALQUER_NATUREZA_OUTRAS_ATIVIDADES_DECORRENTES_EXECUCAO_CONTRATOS_CONVENIOS_PRESTACAO_SERVICOS","code":"RECEBIMENTOS_PAGAMENTOS_QUALQUER_NATUREZA_EXECUCAO_CONTRATOS_CONVENIO"},{"name":"EXECUCAO_ATIVA_PASSIVA_ORDENS_PAGAMENTO_CURSADAS_INTERMEDIO_INSTITUICAO_CONTRATANTE_SOLICITACAO_CLIENTES_USUARIOS","code":"EXECUCAO_ATIVA_PASSIVA_ORDENS_PAGAMENTO"},{"name":"RECEPCAO_ENCAMINHAMENTO_PROPOSTAS_FORNECIMENTO_CARTAO_CREDITO_RESPONSABILIDADE_INSTITUICAO_CONTRATANTE","code":"RECEBE_ENCAMINHA_PROPOSTAS_FORNECIMENTO_CARTAO_CREDITO"},{"name":"RECEPCAO_ENCAMINHAMENTO_PROPOSTAS_OPERACAO_CREDITO_ARRENDAMENTO_MERCANTIL_CONCESSAO_INSTITUICAO_CONTRATANTE","code":"RECEBE_ENCAMINHA_PROPOSTAS_CREDITO_ARRENDAMENTO_MERCANTIL"}]},{"identification":{"corporationName":"LOJAS RENNER S.A.-LOJA SHOPPING VILA VELHA","groupName":"LOJAS RENNER S.A.","cnpjNumber":"92754738029497","isUnderestablishment":false},"locations":[{"postalAddress":{"address":"RUA LUCIANO DAS NEVES, Nº 2418 (LUC 1001 - PISO L1)","districtName":"DIVINO ESPÍRITO SANTO","townName":"VILA VELHA","countrySubDivision":"ES","postCode":"29107900","country":"Brasil","countryCode":"BRA"},"phones":[{"type":"FIXO","countryCallingCode":"55","areaCode":"85","number":"33043855"}],"availability":{"standards":[{"weekday":"DOMINGO"},{"weekday":"SEGUNDA_FEIRA"},{"weekday":"TERCA_FEIRA"},{"weekday":"QUARTA_FEIRA"},{"weekday":"QUINTA_FEIRA"},{"weekday":"SEXTA_FEIRA"},{"weekday":"SABADO"}],"exception":"Exceto em datas festivas de Ano Novo, Dia das Mães, Dia dos Pais e Natal"}}],"services":[{"name":"RECEBIMENTOS_PAGAMENTOS_QUALQUER_NATUREZA_OUTRAS_ATIVIDADES_DECORRENTES_EXECUCAO_CONTRATOS_CONVENIOS_PRESTACAO_SERVICOS","code":"RECEBIMENTOS_PAGAMENTOS_QUALQUER_NATUREZA_EXECUCAO_CONTRATOS_CONVENIO"},{"name":"EXECUCAO_ATIVA_PASSIVA_ORDENS_PAGAMENTO_CURSADAS_INTERMEDIO_INSTITUICAO_CONTRATANTE_SOLICITACAO_CLIENTES_USUARIOS","code":"EXECUCAO_ATIVA_PASSIVA_ORDENS_PAGAMENTO"},{"name":"RECEPCAO_ENCAMINHAMENTO_PROPOSTAS_FORNECIMENTO_CARTAO_CREDITO_RESPONSABILIDADE_INSTITUICAO_CONTRATANTE","code":"RECEBE_ENCAMINHA_PROPOSTAS_FORNECIMENTO_CARTAO_CREDITO"},{"name":"RECEPCAO_ENCAMINHAMENTO_PROPOSTAS_OPERACAO_CREDITO_ARRENDAMENTO_MERCANTIL_CONCESSAO_INSTITUICAO_CONTRATANTE","code":"RECEBE_ENCAMINHA_PROPOSTAS_CREDITO_ARRENDAMENTO_MERCANTIL"}]},{"identification":{"corporationName":"LOJAS RENNER S.A.-LOJA PARQUE SHOPPING MAIA","groupName":"LOJAS RENNER S.A.","cnpjNumber":"92754738028334","isUnderestablishment":false},"locations":[{"postalAddress":{"address":"BARTHOLOMEU DE CARLOS, 0, (LUC 2033), SÍTIO TABATINGA","districtName":"JARDIM FLOR DA MONTANHA","townName":"GUARULHOS","countrySubDivision":"SP","postCode":"07097420","country":"Brasil","countryCode":"BRA"},"phones":[{"type":"FIXO","countryCallingCode":"55","areaCode":"85","number":"33043856"}],"availability":{"standards":[{"weekday":"DOMINGO"},{"weekday":"SEGUNDA_FEIRA"},{"weekday":"TERCA_FEIRA"},{"weekday":"QUARTA_FEIRA"},{"weekday":"QUINTA_FEIRA"},{"weekday":"SEXTA_FEIRA"},{"weekday":"SABADO"}],"exception":"Exceto em datas festivas de Ano Novo, Dia das Mães, Dia dos Pais e Natal"}}],"services":[{"name":"RECEBIMENTOS_PAGAMENTOS_QUALQUER_NATUREZA_OUTRAS_ATIVIDADES_DECORRENTES_EXECUCAO_CONTRATOS_CONVENIOS_PRESTACAO_SERVICOS","code":"RECEBIMENTOS_PAGAMENTOS_QUALQUER_NATUREZA_EXECUCAO_CONTRATOS_CONVENIO"},{"name":"EXECUCAO_ATIVA_PASSIVA_ORDENS_PAGAMENTO_CURSADAS_INTERMEDIO_INSTITUICAO_CONTRATANTE_SOLICITACAO_CLIENTES_USUARIOS","code":"EXECUCAO_ATIVA_PASSIVA_ORDENS_PAGAMENTO"},{"name":"RECEPCAO_ENCAMINHAMENTO_PROPOSTAS_FORNECIMENTO_CARTAO_CREDITO_RESPONSABILIDADE_INSTITUICAO_CONTRATANTE","code":"RECEBE_ENCAMINHA_PROPOSTAS_FORNECIMENTO_CARTAO_CREDITO"},{"name":"RECEPCAO_ENCAMINHAMENTO_PROPOSTAS_OPERACAO_CREDITO_ARRENDAMENTO_MERCANTIL_CONCESSAO_INSTITUICAO_CONTRATANTE","code":"RECEBE_ENCAMINHA_PROPOSTAS_CREDITO_ARRENDAMENTO_MERCANTIL"}]},{"identification":{"corporationName":"LOJAS RENNER S.A.-LOJA SHOPPING PÁTIO RORAIMA","groupName":"LOJAS RENNER S.A.","cnpjNumber":"92754738029225","isUnderestablishment":false},"locations":[{"postalAddress":{"address":"AVENIDA JOÃO ALENCAR, Nº 2181, ESPAÇO COMERCIAL Nº 201 - O","districtName":"AEROPORTO","townName":"BOA VISTA","countrySubDivision":"RR","postCode":"69310065","country":"Brasil","countryCode":"BRA"},"phones":[{"type":"FIXO","countryCallingCode":"55","areaCode":"85","number":"33043857"}],"availability":{"standards":[{"weekday":"DOMINGO"},{"weekday":"SEGUNDA_FEIRA"},{"weekday":"TERCA_FEIRA"},{"weekday":"QUARTA_FEIRA"},{"weekday":"QUINTA_FEIRA"},{"weekday":"SEXTA_FEIRA"},{"weekday":"SABADO"}],"exception":"Exceto em datas festivas de Ano Novo, Dia das Mães, Dia dos Pais e Natal"}}],"services":[{"name":"RECEBIMENTOS_PAGAMENTOS_QUALQUER_NATUREZA_OUTRAS_ATIVIDADES_DECORRENTES_EXECUCAO_CONTRATOS_CONVENIOS_PRESTACAO_SERVICOS","code":"RECEBIMENTOS_PAGAMENTOS_QUALQUER_NATUREZA_EXECUCAO_CONTRATOS_CONVENIO"},{"name":"EXECUCAO_ATIVA_PASSIVA_ORDENS_PAGAMENTO_CURSADAS_INTERMEDIO_INSTITUICAO_CONTRATANTE_SOLICITACAO_CLIENTES_USUARIOS","code":"EXECUCAO_ATIVA_PASSIVA_ORDENS_PAGAMENTO"},{"name":"RECEPCAO_ENCAMINHAMENTO_PROPOSTAS_FORNECIMENTO_CARTAO_CREDITO_RESPONSABILIDADE_INSTITUICAO_CONTRATANTE","code":"RECEBE_ENCAMINHA_PROPOSTAS_FORNECIMENTO_CARTAO_CREDITO"},{"name":"RECEPCAO_ENCAMINHAMENTO_PROPOSTAS_OPERACAO_CREDITO_ARRENDAMENTO_MERCANTIL_CONCESSAO_INSTITUICAO_CONTRATANTE","code":"RECEBE_ENCAMINHA_PROPOSTAS_CREDITO_ARRENDAMENTO_MERCANTIL"}]},{"identification":{"corporationName":"LOJAS RENNER S.A.-LOJA 7 DE SETEMBRO","groupName":"LOJAS RENNER S.A.","cnpjNumber":"92754738028091","isUnderestablishment":false},"locations":[{"postalAddress":{"address":"RUA SETE DE SETEMBRO, 111 (LOJA 111-A)'","districtName":"CENTRO","townName":"RIO DE JANEIRO","countrySubDivision":"RJ","postCode":"20050006","country":"Brasil","countryCode":"BRA"},"phones":[{"type":"FIXO","countryCallingCode":"55","areaCode":"85","number":"33043858"}],"availability":{"standards":[{"weekday":"SEGUNDA_FEIRA"},{"weekday":"TERCA_FEIRA"},{"weekday":"QUARTA_FEIRA"},{"weekday":"QUINTA_FEIRA"},{"weekday":"SEXTA_FEIRA"},{"weekday":"SABADO"}],"exception":"Exceto feriados municipais, estaduais e nacionais"}}],"services":[{"name":"RECEBIMENTOS_PAGAMENTOS_QUALQUER_NATUREZA_OUTRAS_ATIVIDADES_DECORRENTES_EXECUCAO_CONTRATOS_CONVENIOS_PRESTACAO_SERVICOS","code":"RECEBIMENTOS_PAGAMENTOS_QUALQUER_NATUREZA_EXECUCAO_CONTRATOS_CONVENIO"},{"name":"EXECUCAO_ATIVA_PASSIVA_ORDENS_PAGAMENTO_CURSADAS_INTERMEDIO_INSTITUICAO_CONTRATANTE_SOLICITACAO_CLIENTES_USUARIOS","code":"EXECUCAO_ATIVA_PASSIVA_ORDENS_PAGAMENTO"},{"name":"RECEPCAO_ENCAMINHAMENTO_PROPOSTAS_FORNECIMENTO_CARTAO_CREDITO_RESPONSABILIDADE_INSTITUICAO_CONTRATANTE","code":"RECEBE_ENCAMINHA_PROPOSTAS_FORNECIMENTO_CARTAO_CREDITO"},{"name":"RECEPCAO_ENCAMINHAMENTO_PROPOSTAS_OPERACAO_CREDITO_ARRENDAMENTO_MERCANTIL_CONCESSAO_INSTITUICAO_CONTRATANTE","code":"RECEBE_ENCAMINHA_PROPOSTAS_CREDITO_ARRENDAMENTO_MERCANTIL"}]},{"identification":{"corporationName":"LOJAS RENNER S.A.-LOJA SHOPPING JARAGUA ARARAQUARA","groupName":"LOJAS RENNER S.A.","cnpjNumber":"92754738031041","isUnderestablishment":false},"locations":[{"postalAddress":{"address":"AVENIDA ALBERTO BENASSI, Nº 2270, LOJA 100, PISO TÉRREO","districtName":"JARDIM BANDEIRANTES","townNam
[...]
                                },
                                "locations": [
                                    {
                                        "postalAddress": {
                                            "address": "RUA PRESIDENTE ARTHUR BERNARDES, ESQUINA COM  A RUA FILINTO MULLER, S/Nº, (AN03 - 1º PAVIMENTO)",
                                            "districtName": "JARDIM AEROPORTO",
                                            "townName": "VARZEA GRANDE",
                                            "countrySubDivision": "MT",
                                            "postCode": "78125100",
                                            "country": "Brasil",
                                            "countryCode": "BRA"
                                        },
                                        "phones": [
                                            {
                                                "type": "FIXO",
                                                "countryCallingCode": "55",
                                                "areaCode": "85",
                                                "number": "33043869"
                                            }
                                        ],
                                        "availability": {
                                            "standards": [
                                                {
                                                    "weekday": "DOMINGO"
                                                },
                                                {
                                                    "weekday": "SEGUNDA_FEIRA"
                                                },
                                                {
                                                    "weekday": "TERCA_FEIRA"
                                                },
                                                {
                                                    "weekday": "QUARTA_FEIRA"
                                                },
                                                {
                                                    "weekday": "QUINTA_FEIRA"
                                                },
                                                {
                                                    "weekday": "SEXTA_FEIRA"
                                                },
                                                {
                                                    "weekday": "SABADO"
                                                }
                                            ],
                                            "exception": "Exceto em datas festivas de Ano Novo, Dia das Mães, Dia dos Pais e Natal"
                                        }
                                    }
                                ],
                                "services": [
                                    {
                                        "name": "RECEBIMENTOS_PAGAMENTOS_QUALQUER_NATUREZA_OUTRAS_ATIVIDADES_DECORRENTES_EXECUCAO_CONTRATOS_CONVENIOS_PRESTACAO_SERVICOS",
                                        "code": "RECEBIMENTOS_PAGAMENTOS_QUALQUER_NATUREZA_EXECUCAO_CONTRATOS_CONVENIO"
                                    },
                                    {
                                        "name": "EXECUCAO_ATIVA_PASSIVA_ORDENS_PAGAMENTO_CURSADAS_INTERMEDIO_INSTITUICAO_CONTRATANTE_SOLICITACAO_CLIENTES_USUARIOS",
                                        "code": "EXECUCAO_ATIVA_PASSIVA_ORDENS_PAGAMENTO"
                                    },
                                    {
                                        "name": "RECEPCAO_ENCAMINHAMENTO_PROPOSTAS_FORNECIMENTO_CARTAO_CREDITO_RESPONSABILIDADE_INSTITUICAO_CONTRATANTE",
                                        "code": "RECEBE_ENCAMINHA_PROPOSTAS_FORNECIMENTO_CARTAO_CREDITO"
                                    },
                                    {
                                        "name": "RECEPCAO_ENCAMINHAMENTO_PROPOSTAS_OPERACAO_CREDITO_ARRENDAMENTO_MERCANTIL_CONCESSAO_INSTITUICAO_CONTRATANTE",
                                        "code": "RECEBE_ENCAMINHA_PROPOSTAS_CREDITO_ARRENDAMENTO_MERCANTIL"
                                    }
                                ]
                            },
                            {
                                "identification": {
                                    "corporationName": "LOJAS RENNER S.A.-LOJA RIOMAR SHOPPING FORTALEZA",
                                    "groupName": "LOJAS RENNER S.A.",
                                    "cnpjNumber": "92754738028415",
                                    "isUnderestablishment": false
                                },
                                "locations": [
                                    {
                                        "postalAddress": {
                                            "address": "RUA DESEMBARGADOR LAURO NOGUEIRA, Nº 1355 (SALÃO COMERCIAL Nº 2007 - PISO L2)",
                                            "districtName": "RIOMAR SHOPPING FORTALEZA",
                                            "townName": "FORTALEZA",
                                            "countrySubDivision": "CE",
                                            "postCode": "60175055",
                                            "country": "Brasil",
                                            "countryCode": "BRA"
                                        },
                                        "phones": [
                                            {
                                                "type": "FIXO",
                                                "countryCallingCode": "55",
                                                "areaCode": "85",
                                                "number": "33043870"
                                            }
                                        ],
                                        "availability": {
                                            "standards": [
                                                {
                                                    "weekday": "DOMINGO"
                                                },
                                                {
                                                    "weekday": "SEGUNDA_FEIRA"
                                                },
                                                {
                                                    "weekday": "TERCA_FEIRA"
                                                },
                                                {
                                                    "weekday": "QUARTA_FEIRA"
                                                },
                                                {
                                                    "weekday": "QUINTA_FEIRA"
                                                },
                                                {
                                                    "weekday": "SEXTA_FEIRA"
                                                },
                                                {
                                                    "weekday": "SABADO"
                                                }
                                            ],
                                            "exception": "Exceto em datas festivas de Ano Novo, Dia das Mães, Dia dos Pais e Natal"
                                        }
                                    }
                                ],
                                "services": [
                                    {
                                        "name": "RECEBIMENTOS_PAGAMENTOS_QUALQUER_NATUREZA_OUTRAS_ATIVIDADES_DECORRENTES_EXECUCAO_CONTRATOS_CONVENIOS_PRESTACAO_SERVICOS",
                                        "code": "RECEBIMENTOS_PAGAMENTOS_QUALQUER_NATUREZA_EXECUCAO_CONTRATOS_CONVENIO"
                                    },
                                    {
                                        "name": "EXECUCAO_ATIVA_PASSIVA_ORDENS_PAGAMENTO_CURSADAS_INTERMEDIO_INSTITUICAO_CONTRATANTE_SOLICITACAO_CLIENTES_USUARIOS",
                                        "code": "EXECUCAO_ATIVA_PASSIVA_ORDENS_PAGAMENTO"
                                    },
                                    {
                                        "name": "RECEPCAO_ENCAMINHAMENTO_PROPOSTAS_FORNECIMENTO_CARTAO_CREDITO_RESPONSABILIDADE_INSTITUICAO_CONTRATANTE",
                                        "code": "RECEBE_ENCAMINHA_PROPOSTAS_FORNECIMENTO_CARTAO_CREDITO"
                                    },
                                    {
                                        "name": "RECEPCAO_ENCAMINHAMENTO_PROPOSTAS_OPERACAO_CREDITO_ARRENDAMENTO_MERCANTIL_CONCESSAO_INSTITUICAO_CONTRATANTE",
                                        "code": "RECEBE_ENCAMINHA_PROPOSTAS_CREDITO_ARRENDAMENTO_MERCANTIL"
                                    }
                                ]
                            },
                            {
                                "identification": {
                                    "corporationName": "LOJAS RENNER S.A.-LOJA SHOPPING JARDIM NORTE JUIZ DE FORA",
                                    "groupName": "LOJAS RENNER S.A.",
                                    "cnpjNumber": "92754738032528",
                                    "isUnderestablishment": false
                                },
                                "locations": [
                                    {
                                        "postalAddress": {
                                            "address": "AVENIDA BRASIL, Nº 6345, LOJAS 1024 / 2012, PISOS 1 E 2",
                                            "districtName": "MARIANO PROCÓPIO",
                                            "townName": "JUIZ DE FORA",
                                            "countrySubDivision": "MG",
                                            "postCode": "36080060",
                                            "country": "Brasil",
                                            "countryCode": "BRA"
                                        },
                                        "phones": [
                                            {
                                                "type": "FIXO",
                                                "countryCallingCode": "55",
                                                "areaCode": "85",
                                                "number": "33043871"
                                            }
                                        ],
                                        "availability": {
                                            "standards": [
                                                {
                                                    "weekday": "DOMINGO"
                                                },
                                                {
                                                    "weekday": "SEGUNDA_FEIRA"
                                                },
                                                {
                                                    "weekday": "TERCA_FEIRA"
                                                },
                                                {
                                                    "weekday": "QUARTA_FEIRA"
                                                },
                                                {
                                                    "weekday": "QUINTA_FEIRA"
                                                },
                                                {
                                                    "weekday": "SEXTA_FEIRA"
                                                },
                                                {
                                                    "weekday": "SABADO"
                                                }
                                            ],
                                            "exception": "Exceto em datas festivas de Ano Novo, Dia das Mães, Dia dos Pais e Natal"
                                        }
                                    }
                                ],
                                "services": [
                                    {
                                        "name": "RECEBIMENTOS_PAGAMENTOS_QUALQUER_NATUREZA_OUTRAS_ATIVIDADES_DECORRENTES_EXECUCAO_CONTRATOS_CONVENIOS_PRESTACAO_SERVICOS",
                                        "code": "RECEBIMENTOS_PAGAMENTOS_QUALQUER_NATUREZA_EXECUCAO_CONTRATOS_CONVENIO"
                                    },
                                    {
                                        "name": "EXECUCAO_ATIVA_PASSIVA_ORDENS_PAGAMENTO_CURSADAS_INTERMEDIO_INSTITUICAO_CONTRATANTE_SOLICITACAO_CLIENTES_USUARIOS",
                                        "code": "EXECUCAO_ATIVA_PASSIVA_ORDENS_PAGAMENTO"
                                    },
                                    {
                                        "name": "RECEPCAO_ENCAMINHAMENTO_PROPOSTAS_FORNECIMENTO_CARTAO_CREDITO_RESPONSABILIDADE_INSTITUICAO_CONTRATANTE",
                                        "code": "RECEBE_ENCAMINHA_PROPOSTAS_FORNECIMENTO_CARTAO_CREDITO"
                                    },
                                    {
                                        "name": "RECEPCAO_ENCAMINHAMENTO_PROPOSTAS_OPERACAO_CREDITO_ARRENDAMENTO_MERCANTIL_CONCESSAO_INSTITUICAO_CONTRATANTE",
                                        "code": "RECEBE_ENCAMINHA_PROPOSTAS_CREDITO_ARRENDAMENTO_MERCANTIL"
                                    }
                                ]
                            },
                            {
                                "identification": {
                                    "corporationName": "LOJAS RENNER S.A.-LOJA PLAZA SHOPPING AVENIDA",
                                    "groupName": "LOJAS RENNER S.A.",
                                    "cnpjNumber": "92754738030231",
                                    "isUnderestablishment": false
                                },
                                "locations": [
                                    {
                                        "postalAddress": {
                                            "address": "AVENIDA JOSÉ MUNIA, Nº 4775, PISO TÉRREO, LOJAS T012/L141",
                                            "districtName": "JARDIM REDENTOR",
                                            "townName": "SAO JOSE DO RIO PRETO",
                                            "countrySubDivision": "SP",
                                            "postCode": "15085350",
                                            "country": "Brasil",
                                            "countryCode": "BRA"
                                        },
                                        "phones": [
                                            {
                                                "type": "FIXO",
                                                "countryCallingCode": "55",
                                                "areaCode": "85",
                                                "number": "33043872"
                                            }
                                        ],
                                        "availability": {
                                            "standards": [
                                                {
                                                    "weekday": "DOMINGO"
                                                },
                                                {
                                                    "weekday": "SEGUNDA_FEIRA"
                                                },
                                                {
                                                    "weekday": "TERCA_FEIRA"
                                                },
                                                {
                                                    "weekday": "QUARTA_FEIRA"
                                                },
                                                {
                                                    "weekday": "QUINTA_FEIRA"
                                                },
                                                {
                                                    "weekday": "SEXTA_FEIRA"
                                                },
                                                {
                                                    "weekday": "SABADO"
                                                }
                                            ],
                                            "exception": "Exceto em datas festivas de Ano Novo, Dia das Mães, Dia dos Pais e Natal"
                                        }
                                    }
                                ],
                                "services": [
                                    {
                                        "name": "RECEBIMENTOS_PAGAMENTOS_QUALQUER_NATUREZA_OUTRAS_ATIVIDADES_DECORRENTES_EXECUCAO_CONTRATOS_CONVENIOS_PRESTACAO_SERVICOS",
                                        "code": "RECEBIMENTOS_PAGAMENTOS_QUALQUER_NATUREZA_EXECUCAO_CONTRATOS_CONVENIO"
                                    },
                                    {
                                        "name": "EXECUCAO_ATIVA_PASSIVA_ORDENS_PAGAMENTO_CURSADAS_INTERMEDIO_INSTITUICAO_CONTRATANTE_SOLICITACAO_CLIENTES_USUARIOS",
                                        "code": "EXECUCAO_ATIVA_PASSIVA_ORDENS_PAGAMENTO"
                                    },
                                    {
                                        "name": "RECEPCAO_ENCAMINHAMENTO_PROPOSTAS_FORNECIMENTO_CARTAO_CREDITO_RESPONSABILIDADE_INSTITUICAO_CONTRATANTE",
                                        "code": "RECEBE_ENCAMINHA_PROPOSTAS_FORNECIMENTO_CARTAO_CREDITO"
                                    },
                                    {
                                        "name": "RECEPCAO_ENCAMINHAMENTO_PROPOSTAS_OPERACAO_CREDITO_ARRENDAMENTO_MERCANTIL_CONCESSAO_INSTITUICAO_CONTRATANTE",
                                        "code": "RECEBE_ENCAMINHA_PROPOSTAS_CREDITO_ARRENDAMENTO_MERCANTIL"
                                    }
                                ]
                            }
                        ]
                    }
                ]
            }
        ]
    },
    "links": {
        "self": "http://10.120.192.16/open-banking/channels/v1/banking-agents?page=10&page-size=25",
        "first": "http://10.120.192.16/open-banking/channels/v1/banking-agents?page=1&page-size=25",
        "prev": "http://10.120.192.16/open-banking/channels/v1/banking-agents?page=9&page-size=25",
        "next": "http://10.120.192.16/open-banking/channels/v1/banking-agents?page=11&page-size=25",
        "last": "http://10.120.192.16/open-banking/channels/v1/banking-agents?page=15&page-size=25"
    },
    "meta": {
        "totalRecords": 366,
        "totalPages": 15
    }
}
]]></system-out>
  </testcase>
  <testcase name="testNavegarUltimaPagina" classname="br.com.realize.tests.fase01.CanaisAtendimento.CorrespondentesBancarios.tests.GetCorrespondentesBancariosTest" time="0"/>
  <testcase name="testNumeroPaginaNaoLocalizado" classname="br.com.realize.tests.fase01.CanaisAtendimento.CorrespondentesBancarios.tests.GetCorrespondentesBancariosTest" time="0"/>
  <testcase name="testCorrespondentesBancarios" classname="br.com.realize.tests.fase01.CanaisAtendimento.CorrespondentesBancarios.tests.GetCorrespondentesBancariosTest" time="0"/>
</testsuite>