<?xml version="1.0" encoding="UTF-8"?>
<testsuite xmlns:xsi="http://www.w3.org/2001/XMLSchema-instance" xsi:noNamespaceSchemaLocation="https://maven.apache.org/surefire/maven-surefire-plugin/xsd/surefire-test-report.xsd" name="br.com.realize.runners.AllTests" time="195.524" tests="175" errors="0" skipped="0" failures="51">
  <properties>
[...]
</properties>
  <testcase name="testNumeroPaginaInvalido" classname="br.com.realize.tests.fase01.CanaisAtendimento.AtendimentoEletronico.tests.GetAtendimentoEletronicoTest" time="0.248"/>
  <testcase name="testInformacoesInternetBanking" classname="br.com.realize.tests.fase01.CanaisAtendimento.AtendimentoEletronico.tests.GetAtendimentoEletronicoTest" time="0.162"/>
  <testcase name="testTamanhoPaginaSuperior" classname="br.com.realize.tests.fase01.CanaisAtendimento.AtendimentoEletronico.tests.GetAtendimentoEletronicoTest" time="0.094"/>
  <testcase name="testGarantirContratosAtendimentoEletronico" classname="br.com.realize.tests.fase01.CanaisAtendimento.AtendimentoEletronico.tests.GetAtendimentoEletronicoTest" time="0.523">
    <failure message="1 expectation failed.&#10;Response body doesn&apos;t match expectation.&#10;Expected: The content to match the given JSON schema.&#10;error: object has missing required properties ([&quot;brand&quot;])&#10;    level: &quot;error&quot;&#10;    schema: {&quot;loadingURI&quot;:&quot;#&quot;,&quot;pointer&quot;:&quot;/properties/data&quot;}&#10;    instance: {&quot;pointer&quot;:&quot;/data&quot;}&#10;    domain: &quot;validation&quot;&#10;    keyword: &quot;required&quot;&#10;    required: [&quot;brand&quot;]&#10;    missing: [&quot;brand&quot;]&#10;&#10;  Actual: {&quot;data&quot;:{&quot;name&quot;:&quot;REALIZE CFI S.A.&quot;,&quot;companies&quot;:[{&quot;name&quot;:&quot;REALIZE CRÉDITO, FINANCIAMENTO E INVESTIMENTO S.A.&quot;,&quot;cnpjNumber&quot;:&quot;27351731&quot;,&quot;electronicChannels&quot;:[{&quot;identification&quot;:{&quot;type&quot;:&quot;INTERNET_BANKING&quot;,&quot;additionalInfo&quot;:&quot;Pagamento de contas e visualização de limites.&quot;,&quot;urls&quot;:[&quot;https://www.realizesolucoesfinanceiras.com.br/cartoes-renner/login&quot;,&quot;https://www.realizesolucoesfinanceiras.com.br/cartoes-renner/login/data-nascimento&quot;]},&quot;services&quot;:[{&quot;name&quot;:&quot;CARTAO_CREDITO&quot;,&quot;code&quot;:&quot;CARTAO_CREDITO&quot;}]},{&quot;identification&quot;:{&quot;type&quot;:&quot;MOBILE_BANKING&quot;,&quot;urls&quot;:[&quot;https://play.google.com/store/apps/details?id=br.com.lojasrenner&amp;hl=pt_BR&quot;,&quot;https://apps.apple.com/br/app/lojas-renner-roupas-e-sapatos/id567763947&quot;]},&quot;services&quot;:[{&quot;name&quot;:&quot;CARTAO_CREDITO&quot;,&quot;code&quot;:&quot;CARTAO_CREDITO&quot;},{&quot;name&quot;:&quot;SEGUROS&quot;,&quot;code&quot;:&quot;SEGUROS&quot;}]}]}]},&quot;links&quot;:{&quot;self&quot;:&quot;http://10.120.192.16/open-banking/channels/v1/electronic-channels?page=1&amp;page-size=10&quot;,&quot;first&quot;:null,&quot;prev&quot;:null,&quot;next&quot;:null,&quot;last&quot;:null},&quot;meta&quot;:{&quot;totalRecords&quot;:2,&quot;totalPages&quot;:1}}&#10;" type="java.lang.AssertionError"><![CDATA[java.lang.AssertionError: 
1 expectation failed.
Response body doesn't match expectation.
Expected: The content to match the given JSON schema.
error: object has missing required properties (["brand"])
    level: "error"
    schema: {"loadingURI":"#","pointer":"/properties/data"}
    instance: {"pointer":"/data"}
    domain: "validation"
    keyword: "required"
    required: ["brand"]
    missing: ["brand"]

  Actual: {"data":{"name":"REALIZE CFI S.A.","companies":[{"name":"REALIZE CRÉDITO, FINANCIAMENTO E INVESTIMENTO S.A.","cnpjNumber":"27351731","electronicChannels":[{"identification":{"type":"INTERNET_BANKING","additionalInfo":"Pagamento de contas e visualização de limites.","urls":["https://www.realizesolucoesfinanceiras.com.br/cartoes-renner/login","https://www.realizesolucoesfinanceiras.com.br/cartoes-renner/login/data-nascimento"]},"services":[{"name":"CARTAO_CREDITO","code":"CARTAO_CREDITO"}]},{"identification":{"type":"MOBILE_BANKING","urls":["https://play.google.com/store/apps/details?id=br.com.lojasrenner&hl=pt_BR","https://apps.apple.com/br/app/lojas-renner-roupas-e-sapatos/id567763947"]},"services":[{"name":"CARTAO_CREDITO","code":"CARTAO_CREDITO"},{"name":"SEGUROS","code":"SEGUROS"}]}]}]},"links":{"self":"http://10.120.192.16/open-banking/channels/v1/electronic-channels?page=1&page-size=10","first":null,"prev":null,"next":null,"last":null},"meta":{"totalRecords":2,"totalPages":1}}

	at br.com.realize.tests.fase01.CanaisAtendimento.AtendimentoEletronico.tests.GetAtendimentoEletronicoTest.testGarantirContratosAtendimentoEletronico(GetAtendimentoEletronicoTest.java:90)
]]></failure>
    <system-out><![CDATA[Request method:	GET
Request URI:	http://10.120.192.16/open-banking/channels/v1/electronic-channels?page=1&page-size=10
Proxy:			<none>
Request params:	<none>
Query params:	page=1
				page-size=10
Form params:	<none>
Path params:	<none>
Headers:		Accept=*/*
				Content-Type=application/json; charset=UTF-8
Cookies:		<none>
Multiparts:		<none>
Body:			<none>

HTTP/1.1 200 OK
Date: Thu, 24 Jun 2021 01:51:28 GMT
Content-Type: application/json
Transfer-Encoding: chunked
Connection: keep-alive
Content-Encoding: gzip

{
    "data": {
        "name": "REALIZE CFI S.A.",
        "companies": [
            {
                "name": "REALIZE CRÉDITO, FINANCIAMENTO E INVESTIMENTO S.A.",
                "cnpjNumber": "27351731",
                "electronicChannels": [
                    {
                        "identification": {
                            "type": "INTERNET_BANKING",
                            "additionalInfo": "Pagamento de contas e visualização de limites.",
                            "urls": [
                                "https://www.realizesolucoesfinanceiras.com.br/cartoes-renner/login",
                                "https://www.realizesolucoesfinanceiras.com.br/cartoes-renner/login/data-nascimento"
                            ]
                        },
                        "services": [
                            {
                                "name": "CARTAO_CREDITO",
                                "code": "CARTAO_CREDITO"
                            }
                        ]
                    },
                    {
                        "identification": {
                            "type": "MOBILE_BANKING",
                            "urls": [
                                "https://play.google.com/store/apps/details?id=br.com.lojasrenner&hl=pt_BR",
                                "https://apps.apple.com/br/app/lojas-renner-roupas-e-sapatos/id567763947"
                            ]
                        },
                        "services": [
                            {
                                "name": "CARTAO_CREDITO",
                                "code": "CARTAO_CREDITO"
                            },
                            {
                                "name": "SEGUROS",
                                "code": "SEGUROS"
                            }
                        ]
                    }
                ]
            }
        ]
    },
    "links": {
        "self": "http://10.120.192.16/open-banking/channels/v1/electronic-channels?page=1&page-size=10",
        "first": null,
        "prev": null,
        "next": null,
        "last": null
    },
    "meta": {
        "totalRecords": 2,
        "totalPages": 1
    }
}
]]></system-out>
  </testcase>
  <testcase name="testNumeroPaginaZero" classname="br.com.realize.tests.fase01.CanaisAtendimento.AtendimentoEletronico.tests.GetAtendimentoEletronicoTest" time="0.092"/>
  <testcase name="testMetodoNaoSuportado" classname="br.com.realize.tests.fase01.CanaisAtendimento.AtendimentoEletronico.tests.GetAtendimentoEletronicoTest" time="0.111"/>
  <testcase name="testPathInvalido" classname="br.com.realize.tests.fase01.CanaisAtendimento.AtendimentoEletronico.tests.GetAtendimentoEletronicoTest" time="0.088"/>
  <testcase name="testTamanhoPaginaInvalido" classname="br.com.realize.tests.fase01.CanaisAtendimento.AtendimentoEletronico.tests.GetAtendimentoEletronicoTest" time="0.112"/>
  <testcase name="testTamanhoPaginaZero" classname="br.com.realize.tests.fase01.CanaisAtendimento.AtendimentoEletronico.tests.GetAtendimentoEletronicoTest" time="0.097"/>
  <testcase name="testNumeroPaginaNaoLocalizado" classname="br.com.realize.tests.fase01.CanaisAtendimento.AtendimentoEletronico.tests.GetAtendimentoEletronicoTest" time="0.087"/>
  <testcase name="testAtendimentoEletronico" classname="br.com.realize.tests.fase01.CanaisAtendimento.AtendimentoEletronico.tests.GetAtendimentoEletronicoTest" time="0.115"/>
  <testcase name="testInformacoesMobileBanking" classname="br.com.realize.tests.fase01.CanaisAtendimento.AtendimentoEletronico.tests.GetAtendimentoEletronicoTest" time="0.102"/>
  <testcase name="testNumeroPaginaInvalido" classname="br.com.realize.tests.fase01.CanaisAtendimento.AtendimentoTelefonico.tests.GetAtendimentoTelefonicoTest" time="0.088"/>
  <testcase name="testTamanhoPaginaSuperior" classname="br.com.realize.tests.fase01.CanaisAtendimento.AtendimentoTelefonico.tests.GetAtendimentoTelefonicoTest" time="0.099"/>
  <testcase name="testNumeroPaginaZero" classname="br.com.realize.tests.fase01.CanaisAtendimento.AtendimentoTelefonico.tests.GetAtendimentoTelefonicoTest" time="0.078"/>
  <testcase name="testInformacoesCentralTelefonica" classname="br.com.realize.tests.fase01.CanaisAtendimento.AtendimentoTelefonico.tests.GetAtendimentoTelefonicoTest" time="0.183"/>
  <testcase name="testInformacoesSAC" classname="br.com.realize.tests.fase01.CanaisAtendimento.AtendimentoTelefonico.tests.GetAtendimentoTelefonicoTest" time="0.187"/>
  <testcase name="testInformacoesOuvidoria" classname="br.com.realize.tests.fase01.CanaisAtendimento.AtendimentoTelefonico.tests.GetAtendimentoTelefonicoTest" time="0.182"/>
  <testcase name="testMetodoNaoSuportado" classname="br.com.realize.tests.fase01.CanaisAtendimento.AtendimentoTelefonico.tests.GetAtendimentoTelefonicoTest" time="0.109"/>
  <testcase name="testPathInvalido" classname="br.com.realize.tests.fase01.CanaisAtendimento.AtendimentoTelefonico.tests.GetAtendimentoTelefonicoTest" time="0.116"/>
  <testcase name="testInformacoesOutros" classname="br.com.realize.tests.fase01.CanaisAtendimento.AtendimentoTelefonico.tests.GetAtendimentoTelefonicoTest" time="0.193"/>
  <testcase name="testTamanhoPaginaInvalido" classname="br.com.realize.tests.fase01.CanaisAtendimento.AtendimentoTelefonico.tests.GetAtendimentoTelefonicoTest" time="0.096"/>
  <testcase name="testTamanhoPaginaZero" classname="br.com.realize.tests.fase01.CanaisAtendimento.AtendimentoTelefonico.tests.GetAtendimentoTelefonicoTest" time="0.104"/>
  <testcase name="testNumeroPaginaNaoLocalizado" classname="br.com.realize.tests.fase01.CanaisAtendimento.AtendimentoTelefonico.tests.GetAtendimentoTelefonicoTest" time="0.098"/>
  <testcase name="testAtendimentoTelefonico" classname="br.com.realize.tests.fase01.CanaisAtendimento.AtendimentoTelefonico.tests.GetAtendimentoTelefonicoTest" time="0.143"/>
  <testcase name="testGarantirContratosInformacoesConta" classname="br.com.realize.tests.fase01.CanaisAtendimento.AtendimentoTelefonico.tests.GetAtendimentoTelefonicoTest" time="0.193">
    <failure message="1 expectation failed.&#10;Response body doesn&apos;t match expectation.&#10;Expected: The content to match the given JSON schema.&#10;error: object has missing required properties ([&quot;brand&quot;])&#10;    level: &quot;error&quot;&#10;    schema: {&quot;loadingURI&quot;:&quot;#&quot;,&quot;pointer&quot;:&quot;/properties/data&quot;}&#10;    instance: {&quot;pointer&quot;:&quot;/data&quot;}&#10;    domain: &quot;validation&quot;&#10;    keyword: &quot;required&quot;&#10;    required: [&quot;brand&quot;]&#10;    missing: [&quot;brand&quot;]&#10;&#10;  Actual: {&quot;data&quot;:{&quot;name&quot;:&quot;REALIZE CFI S.A.&quot;,&quot;companies&quot;:[{&quot;name&quot;:&quot;REALIZE CRÉDITO, FINANCIAMENTO E INVESTIMENTO S.A.&quot;,&quot;cnpjNumber&quot;:&quot;27351731&quot;,&quot;phoneChannels&quot;:[{&quot;identification&quot;:{&quot;type&quot;:&quot;CENTRAL_TELEFONICA&quot;,&quot;additionalInfo&quot;:&quot;Central de atendimento&quot;,&quot;phones&quot;:[{&quot;countryCallingCode&quot;:&quot;55&quot;,&quot;areaCode&quot;:&quot;NA&quot;,&quot;number&quot;:&quot;30045060&quot;},{&quot;countryCallingCode&quot;:&quot;NA&quot;,&quot;areaCode&quot;:&quot;NA&quot;,&quot;number&quot;:&quot;0800 073 6637&quot;},{&quot;countryCallingCode&quot;:&quot;55&quot;,&quot;areaCode&quot;:&quot;NA&quot;,&quot;number&quot;:&quot;40042900&quot;},{&quot;countryCallingCode&quot;:&quot;55&quot;,&quot;areaCode&quot;:&quot;51&quot;,&quot;number&quot;:&quot;39215464&quot;},{&quot;countryCallingCode&quot;:&quot;NA&quot;,&quot;areaCode&quot;:&quot;NA&quot;,&quot;number&quot;:&quot;0800 727 9505&quot;},{&quot;countryCallingCode&quot;:&quot;NA&quot;,&quot;areaCode&quot;:&quot;NA&quot;,&quot;number&quot;:&quot;0800 722 9855&quot;}]},&quot;services&quot;:[{&quot;name&quot;:&quot;CARTAO_CREDITO&quot;,&quot;code&quot;:&quot;CARTAO_CREDITO&quot;},{&quot;name&quot;:&quot;SEGUROS&quot;,&quot;code&quot;:&quot;SEGUROS&quot;}]},{&quot;identification&quot;:{&quot;type&quot;:&quot;SAC&quot;,&quot;additionalInfo&quot;:&quot;Canal exclusivo para reclamações, informações e cancelamentos.&quot;,&quot;phones&quot;:[{&quot;countryCallingCode&quot;:&quot;NA&quot;,&quot;areaCode&quot;:&quot;NA&quot;,&quot;number&quot;:&quot;0800 600 6601&quot;}]},&quot;services&quot;:[{&quot;name&quot;:&quot;RECLAMACOES&quot;,&quot;code&quot;:&quot;RECLAMACOES&quot;},{&quot;name&quot;:&quot;INFORMACOES&quot;,&quot;code&quot;:&quot;INFORMACOES&quot;},{&quot;name&quot;:&quot;CANCELAMENTO&quot;,&quot;code&quot;:&quot;CANCELAMENTO&quot;}]},{&quot;identification&quot;:{&quot;type&quot;:&quot;OUVIDORIA&quot;,&quot;additionalInfo&quot;:&quot;Atuação na mediação de conflitos.&quot;,&quot;phones&quot;:[{&quot;countryCallingCode&quot;:&quot;NA&quot;,&quot;areaCode&quot;:&quot;NA&quot;,&quot;number&quot;:&quot;0800 727 0127&quot;}]},&quot;services&quot;:[{&quot;name&quot;:&quot;CARTAO_CREDITO&quot;,&quot;code&quot;:&quot;CARTAO_CREDITO&quot;}]},{&quot;identification&quot;:{&quot;type&quot;:&quot;OUTROS&quot;,&quot;additionalInfo&quot;:&quot;Assitente virtual cartões RENNER&quot;,&quot;phones&quot;:[{&quot;countryCallingCode&quot;:&quot;55&quot;,&quot;areaCode&quot;:&quot;51&quot;,&quot;number&quot;:&quot;39214004&quot;}]},&quot;services&quot;:[{&quot;name&quot;:&quot;CARTAO_CREDITO&quot;,&quot;code&quot;:&quot;CARTAO_CREDITO&quot;,&quot;additionalInfo&quot;:&quot;Verificação de saldos, carnês e faturas e geração de boletos para pagamento via WhatsApp.&quot;}]}]}]},&quot;links&quot;:{&quot;self&quot;:&quot;http://10.120.192.16/open-banking/channels/v1/phone-channels?page=1&amp;page-size=25&quot;,&quot;first&quot;:null,&quot;prev&quot;:null,&quot;next&quot;:null,&quot;last&quot;:null},&quot;meta&quot;:{&quot;totalRecords&quot;:4,&quot;totalPages&quot;:1}}&#10;" type="java.lang.AssertionError"><![CDATA[java.lang.AssertionError: 
1 expectation failed.
Response body doesn't match expectation.
Expected: The content to match the given JSON schema.
error: object has missing required properties (["brand"])
    level: "error"
    schema: {"loadingURI":"#","pointer":"/properties/data"}
    instance: {"pointer":"/data"}
    domain: "validation"
    keyword: "required"
    required: ["brand"]
    missing: ["brand"]

  Actual: {"data":{"name":"REALIZE CFI S.A.","companies":[{"name":"REALIZE CRÉDITO, FINANCIAMENTO E INVESTIMENTO S.A.","cnpjNumber":"27351731","phoneChannels":[{"identification":{"type":"CENTRAL_TELEFONICA","additionalInfo":"Central de atendimento","phones":[{"countryCallingCode":"55","areaCode":"NA","number":"30045060"},{"countryCallingCode":"NA","areaCode":"NA","number":"0800 073 6637"},{"countryCallingCode":"55","areaCode":"NA","number":"40042900"},{"countryCallingCode":"55","areaCode":"51","number":"39215464"},{"countryCallingCode":"NA","areaCode":"NA","number":"0800 727 9505"},{"countryCallingCode":"NA","areaCode":"NA","number":"0800 722 9855"}]},"services":[{"name":"CARTAO_CREDITO","code":"CARTAO_CREDITO"},{"name":"SEGUROS","code":"SEGUROS"}]},{"identification":{"type":"SAC","additionalInfo":"Canal exclusivo para reclamações, informações e cancelamentos.","phones":[{"countryCallingCode":"NA","areaCode":"NA","number":"0800 600 6601"}]},"services":[{"name":"RECLAMACOES","code":"RECLAMACOES"},{"name":"INFORMACOES","code":"INFORMACOES"},{"name":"CANCELAMENTO","code":"CANCELAMENTO"}]},{"identification":{"type":"OUVIDORIA","additionalInfo":"Atuação na mediação de conflitos.","phones":[{"countryCallingCode":"NA","areaCode":"NA","number":"0800 727 0127"}]},"services":[{"name":"CARTAO_CREDITO","code":"CARTAO_CREDITO"}]},{"identification":{"type":"OUTROS","additionalInfo":"Assitente virtual cartões RENNER","phones":[{"countryCallingCode":"55","areaCode":"51","number":"39214004"}]},"services":[{"name":"CARTAO_CREDITO","code":"CARTAO_CREDITO","additionalInfo":"Verificação de saldos, carnês e faturas e geração de boletos para pagamento via WhatsApp."}]}]}]},"links":{"self":"http://10.120.192.16/open-banking/channels/v1/phone-channels?page=1&page-size=25","first":null,"prev":null,"next":null,"last":null},"meta":{"totalRecords":4,"totalPages":1}}

	at br.com.realize.tests.fase01.CanaisAtendimento.AtendimentoTelefonico.tests.GetAtendimentoTelefonicoTest.testGarantirContratosInformacoesConta(GetAtendimentoTelefonicoTest.java:117)
]]></failure>
    <system-out><![CDATA[Request method:	GET
Request URI:	http://10.120.192.16/open-banking/channels/v1/phone-channels?page=1&page-size=25
Proxy:			<none>
Request params:	<none>
Query params:	page=1
				page-size=25
Form params:	<none>
Path params:	<none>
Headers:		Accept=*/*
				Content-Type=application/json; charset=UTF-8
Cookies:		<none>
Multiparts:		<none>
Body:			<none>

HTTP/1.1 200 OK
Date: Thu, 24 Jun 2021 01:51:33 GMT
Content-Type: application/json
Transfer-Encoding: chunked
Connection: keep-alive
Content-Encoding: gzip

{
    "data": {
        "name": "REALIZE CFI S.A.",
        "companies": [
            {
                "name": "REALIZE CRÉDITO, FINANCIAMENTO E INVESTIMENTO S.A.",
                "cnpjNumber": "27351731",
                "phoneChannels": [
                    {
                        "identification": {
                            "type": "CENTRAL_TELEFONICA",
                            "additionalInfo": "Central de atendimento",
                            "phones": [
                                {
                                    "countryCallingCode": "55",
                                    "areaCode": "NA",
                                    "number": "30045060"
                                },
                                {
                                    "countryCallingCode": "NA",
                                    "areaCode": "NA",
                                    "number": "0800 073 6637"
                                },
                                {
                                    "countryCallingCode": "55",
                                    "areaCode": "NA",
                                    "number": "40042900"
                                },
                                {
                                    "countryCallingCode": "55",
                                    "areaCode": "51",
                                    "number": "39215464"
                                },
                                {
                                    "countryCallingCode": "NA",
                                    "areaCode": "NA",
                                    "number": "0800 727 9505"
                                },
                                {
                                    "countryCallingCode": "NA",
                                    "areaCode": "NA",
                                    "number": "0800 722 9855"
                                }
                            ]
                        },
                        "services": [
                            {
                                "name": "CARTAO_CREDITO",
                                "code": "CARTAO_CREDITO"
                            },
                            {
                                "name": "SEGUROS",
                                "code": "SEGUROS"
                            }
                        ]
                    },
                    {
                        "identification": {
                            "type": "SAC",
                            "additionalInfo": "Canal exclusivo para reclamações, informações e cancelamentos.",
                            "phones": [
                                {
                                    "countryCallingCode": "NA",
                                    "areaCode": "NA",
                                    "number": "0800 600 6601"
                                }
                            ]
                        },
                        "services": [
                            {
                                "name": "RECLAMACOES",
                                "code": "RECLAMACOES"
                            },
                            {
                                "name": "INFORMACOES",
                                "code": "INFORMACOES"
                            },
                            {
                                "name": "CANCELAMENTO",
                                "code": "CANCELAMENTO"
                            }
                        ]
                    },
                    {
                        "identification": {
                            "type": "OUVIDORIA",
                            "additionalInfo": "Atuação na mediação de conflitos.",
                            "phones": [
                                {
                                    "countryCallingCode": "NA",
                                    "areaCode": "NA",
                                    "number": "0800 727 0127"
                                }
                            ]
                        },
                        "services": [
                            {
                                "name": "CARTAO_CREDITO",
                                "code": "CARTAO_CREDITO"
                            }
                        ]
                    },
                    {
                        "identification": {
                            "type": "OUTROS",
                            "additionalInfo": "Assitente virtual cartões RENNER",
                            "phones": [
                                {
                                    "countryCallingCode": "55",
                                    "areaCode": "51",
                                    "number": "39214004"
                                }
                            ]
                        },
                        "services": [
                            {
                                "name": "CARTAO_CREDITO",
                                "code": "CARTAO_CREDITO",
                                "additionalInfo": "Verificação de saldos, carnês e faturas e geração de boletos para pagamento via WhatsApp."
                            }
                        ]
                    }
                ]
            }
        ]
    },
    "links": {
        "self": "http://10.120.192.16/open-banking/channels/v1/phone-channels?page=1&page-size=25",
        "first": null,
        "prev": null,
        "next": null,
        "last": null
    },
    "meta": {
        "totalRecords": 4,
        "totalPages": 1
    }
}
]]></system-out>
  </testcase>
  <testcase name="testNumeroPaginaInvalido" classname="br.com.realize.tests.fase01.CanaisAtendimento.DependenciasProprias.tests.GetDependenciasPropriasTest" time="0.066"/>
  <testcase name="testDependenciasProprias" classname="br.com.realize.tests.fase01.CanaisAtendimento.DependenciasProprias.tests.GetDependenciasPropriasTest" time="0.143"/>
  <testcase name="testTamanhoPaginaSuperior" classname="br.com.realize.tests.fase01.CanaisAtendimento.DependenciasProprias.tests.GetDependenciasPropriasTest" time="0.087"/>
  <testcase name="testNumeroPaginaZero" classname="br.com.realize.tests.fase01.CanaisAtendimento.DependenciasProprias.tests.GetDependenciasPropriasTest" time="0.078"/>
  <testcase name="testMetodoNaoSuportado" classname="br.com.realize.tests.fase01.CanaisAtendimento.DependenciasProprias.tests.GetDependenciasPropriasTest" time="0.078"/>
  <testcase name="testPathInvalido" classname="br.com.realize.tests.fase01.CanaisAtendimento.DependenciasProprias.tests.GetDependenciasPropriasTest" time="0.078"/>
  <testcase name="testTamanhoPaginaInvalido" classname="br.com.realize.tests.fase01.CanaisAtendimento.DependenciasProprias.tests.GetDependenciasPropriasTest" time="0.076"/>
  <testcase name="testTamanhoPaginaZero" classname="br.com.realize.tests.fase01.CanaisAtendimento.DependenciasProprias.tests.GetDependenciasPropriasTest" time="0.08"/>
  <testcase name="testNumeroPaginaNaoLocalizado" classname="br.com.realize.tests.fase01.CanaisAtendimento.DependenciasProprias.tests.GetDependenciasPropriasTest" time="0.079"/>
  <testcase name="testGarantirContratosDependenciasProprias" classname="br.com.realize.tests.fase01.CanaisAtendimento.DependenciasProprias.tests.GetDependenciasPropriasTest" time="0.143">
    <failure message="1 expectation failed.&#10;Response body doesn&apos;t match expectation.&#10;Expected: The content to match the given JSON schema.&#10;error: object has missing required properties ([&quot;brand&quot;])&#10;    level: &quot;error&quot;&#10;    schema: {&quot;loadingURI&quot;:&quot;#&quot;,&quot;pointer&quot;:&quot;/properties/data&quot;}&#10;    instance: {&quot;pointer&quot;:&quot;/data&quot;}&#10;    domain: &quot;validation&quot;&#10;    keyword: &quot;required&quot;&#10;    required: [&quot;brand&quot;]&#10;    missing: [&quot;brand&quot;]&#10;&#10;  Actual: {&quot;data&quot;:{&quot;name&quot;:&quot;REALIZE CFI S.A.&quot;,&quot;companies&quot;:[{&quot;name&quot;:&quot;REALIZE CRÉDITO, FINANCIAMENTO E INVESTIMENTO S.A.&quot;,&quot;cnpjNumber&quot;:&quot;27351731&quot;,&quot;branches&quot;:[{&quot;identification&quot;:{&quot;type&quot;:&quot;AGENCIA&quot;,&quot;code&quot;:&quot;0001&quot;,&quot;checkDigit&quot;:&quot;0&quot;,&quot;name&quot;:&quot;REALIZE CRÉDITO, FINANCIAMENTO E INVESTIMENTO S.A.&quot;},&quot;postalAddress&quot;:{&quot;address&quot;:&quot;Avenida Dolores Alcaras Caldas, 90&quot;,&quot;additionalInfo&quot;:&quot;9º andar&quot;,&quot;districtName&quot;:&quot;Praia de Belas&quot;,&quot;townName&quot;:&quot;Porto Alegre&quot;,&quot;ibgeCode&quot;:&quot;4314902&quot;,&quot;countrySubDivision&quot;:&quot;RS&quot;,&quot;postCode&quot;:&quot;90110-180&quot;,&quot;country&quot;:&quot;Brasil&quot;,&quot;countryCode&quot;:&quot;BRA&quot;,&quot;geographicCoordinates&quot;:{&quot;longitude&quot;:&quot;-51.23049823738758&quot;,&quot;latitude&quot;:&quot;-30.046094845327126&quot;}},&quot;availability&quot;:{&quot;standards&quot;:[{&quot;weekday&quot;:&quot;SEGUNDA_FEIRA&quot;,&quot;openingTime&quot;:&quot;12:00:00Z&quot;,&quot;closingTime&quot;:&quot;19:00:00Z&quot;},{&quot;weekday&quot;:&quot;TERCA_FEIRA&quot;,&quot;openingTime&quot;:&quot;12:00:00Z&quot;,&quot;closingTime&quot;:&quot;19:00:00Z&quot;},{&quot;weekday&quot;:&quot;QUARTA_FEIRA&quot;,&quot;openingTime&quot;:&quot;12:00:00Z&quot;,&quot;closingTime&quot;:&quot;19:00:00Z&quot;},{&quot;weekday&quot;:&quot;QUINTA_FEIRA&quot;,&quot;openingTime&quot;:&quot;12:00:00Z&quot;,&quot;closingTime&quot;:&quot;19:00:00Z&quot;},{&quot;weekday&quot;:&quot;SEXTA_FEIRA&quot;,&quot;openingTime&quot;:&quot;12:00:00Z&quot;,&quot;closingTime&quot;:&quot;19:00:00Z&quot;}],&quot;exception&quot;:&quot;Exceto feriados municipais, estaduais e nacionais&quot;},&quot;phones&quot;:[{&quot;type&quot;:&quot;FIXO&quot;,&quot;countryCallingCode&quot;:&quot;55&quot;,&quot;areaCode&quot;:&quot;51&quot;,&quot;number&quot;:&quot;30045060&quot;},{&quot;type&quot;:&quot;FIXO&quot;,&quot;countryCallingCode&quot;:&quot;55&quot;,&quot;areaCode&quot;:&quot;51&quot;,&quot;number&quot;:&quot;08000736637&quot;}],&quot;services&quot;:[{&quot;name&quot;:&quot;INFORMACOES&quot;,&quot;code&quot;:&quot;INFORMACOES&quot;},{&quot;name&quot;:&quot;RECLAMACOES&quot;,&quot;code&quot;:&quot;RECLAMACOES&quot;}]}]}]},&quot;links&quot;:{&quot;self&quot;:&quot;http://10.120.192.16/open-banking/channels/v1/branches?page=1&amp;page-size=25&quot;,&quot;first&quot;:null,&quot;prev&quot;:null,&quot;next&quot;:null,&quot;last&quot;:null},&quot;meta&quot;:{&quot;totalRecords&quot;:1,&quot;totalPages&quot;:1}}&#10;" type="java.lang.AssertionError"><![CDATA[java.lang.AssertionError: 
1 expectation failed.
Response body doesn't match expectation.
Expected: The content to match the given JSON schema.
error: object has missing required properties (["brand"])
    level: "error"
    schema: {"loadingURI":"#","pointer":"/properties/data"}
    instance: {"pointer":"/data"}
    domain: "validation"
    keyword: "required"
    required: ["brand"]
    missing: ["brand"]

  Actual: {"data":{"name":"REALIZE CFI S.A.","companies":[{"name":"REALIZE CRÉDITO, FINANCIAMENTO E INVESTIMENTO S.A.","cnpjNumber":"27351731","branches":[{"identification":{"type":"AGENCIA","code":"0001","checkDigit":"0","name":"REALIZE CRÉDITO, FINANCIAMENTO E INVESTIMENTO S.A."},"postalAddress":{"address":"Avenida Dolores Alcaras Caldas, 90","additionalInfo":"9º andar","districtName":"Praia de Belas","townName":"Porto Alegre","ibgeCode":"4314902","countrySubDivision":"RS","postCode":"90110-180","country":"Brasil","countryCode":"BRA","geographicCoordinates":{"longitude":"-51.23049823738758","latitude":"-30.046094845327126"}},"availability":{"standards":[{"weekday":"SEGUNDA_FEIRA","openingTime":"12:00:00Z","closingTime":"19:00:00Z"},{"weekday":"TERCA_FEIRA","openingTime":"12:00:00Z","closingTime":"19:00:00Z"},{"weekday":"QUARTA_FEIRA","openingTime":"12:00:00Z","closingTime":"19:00:00Z"},{"weekday":"QUINTA_FEIRA","openingTime":"12:00:00Z","closingTime":"19:00:00Z"},{"weekday":"SEXTA_FEIRA","openingTime":"12:00:00Z","closingTime":"19:00:00Z"}],"exception":"Exceto feriados municipais, estaduais e nacionais"},"phones":[{"type":"FIXO","countryCallingCode":"55","areaCode":"51","number":"30045060"},{"type":"FIXO","countryCallingCode":"55","areaCode":"51","number":"08000736637"}],"services":[{"name":"INFORMACOES","code":"INFORMACOES"},{"name":"RECLAMACOES","code":"RECLAMACOES"}]}]}]},"links":{"self":"http://10.120.192.16/open-banking/channels/v1/branches?page=1&page-size=25","first":null,"prev":null,"next":null,"last":null},"meta":{"totalRecords":1,"totalPages":1}}

	at br.com.realize.tests.fase01.CanaisAtendimento.DependenciasProprias.tests.GetDependenciasPropriasTest.testGarantirContratosDependenciasProprias(GetDependenciasPropriasTest.java:54)
]]></failure>
    <system-out><![CDATA[Request method:	GET
Request URI:	http://10.120.192.16/open-banking/channels/v1/branches?page=1&page-size=25
Proxy:			<none>
Request params:	<none>
Query params:	page=1
				page-size=25
Form params:	<none>
Path params:	<none>
Headers:		Accept=*/*
				Content-Type=application/json; charset=UTF-8
Cookies:		<none>
Multiparts:		<none>
Body:			<none>

HTTP/1.1 200 OK
Date: Thu, 24 Jun 2021 01:51:35 GMT
Content-Type: application/json
Transfer-Encoding: chunked
Connection: keep-alive
Content-Encoding: gzip

{
    "data": {
        "name": "REALIZE CFI S.A.",
        "companies": [
            {
                "name": "REALIZE CRÉDITO, FINANCIAMENTO E INVESTIMENTO S.A.",
                "cnpjNumber": "27351731",
                "branches": [
                    {
                        "identification": {
                            "type": "AGENCIA",
                            "code": "0001",
                            "checkDigit": "0",
                            "name": "REALIZE CRÉDITO, FINANCIAMENTO E INVESTIMENTO S.A."
                        },
                        "postalAddress": {
                            "address": "Avenida Dolores Alcaras Caldas, 90",
                            "additionalInfo": "9º andar",
                            "districtName": "Praia de Belas",
                            "townName": "Porto Alegre",
                            "ibgeCode": "4314902",
                            "countrySubDivision": "RS",
                            "postCode": "90110-180",
                            "country": "Brasil",
                            "countryCode": "BRA",
                            "geographicCoordinates": {
                                "longitude": "-51.23049823738758",
                                "latitude": "-30.046094845327126"
                            }
                        },
                        "availability": {
                            "standards": [
                                {
                                    "weekday": "SEGUNDA_FEIRA",
                                    "openingTime": "12:00:00Z",
                                    "closingTime": "19:00:00Z"
                                },
                                {
                                    "weekday": "TERCA_FEIRA",
                                    "openingTime": "12:00:00Z",
                                    "closingTime": "19:00:00Z"
                                },
                                {
                                    "weekday": "QUARTA_FEIRA",
                                    "openingTime": "12:00:00Z",
                                    "closingTime": "19:00:00Z"
                                },
                                {
                                    "weekday": "QUINTA_FEIRA",
                                    "openingTime": "12:00:00Z",
                                    "closingTime": "19:00:00Z"
                                },
                                {
                                    "weekday": "SEXTA_FEIRA",
                                    "openingTime": "12:00:00Z",
                                    "closingTime": "19:00:00Z"
                                }
                            ],
                            "exception": "Exceto feriados municipais, estaduais e nacionais"
                        },
                        "phones": [
                            {
                                "type": "FIXO",
                                "countryCallingCode": "55",
                                "areaCode": "51",
                                "number": "30045060"
                            },
                            {
                                "type": "FIXO",
                                "countryCallingCode": "55",
                                "areaCode": "51",
                                "number": "08000736637"
                            }
                        ],
                        "services": [
                            {
                                "name": "INFORMACOES",
                                "code": "INFORMACOES"
                            },
                            {
                                "name": "RECLAMACOES",
                                "code": "RECLAMACOES"
                            }
                        ]
                    }
                ]
            }
        ]
    },
    "links": {
        "self": "http://10.120.192.16/open-banking/channels/v1/branches?page=1&page-size=25",
        "first": null,
        "prev": null,
        "next": null,
        "last": null
    },
    "meta": {
        "totalRecords": 1,
        "totalPages": 1
    }
}
]]></system-out>
  </testcase>
  <testcase name="testNumeroPaginaInvalido" classname="br.com.realize.tests.fase01.CanaisAtendimento.CorrespondentesBancarios.tests.GetCorrespondentesBancariosTest" time="0.091"/>
  <testcase name="testNavegarProximaPagina" classname="br.com.realize.tests.fase01.CanaisAtendimento.CorrespondentesBancarios.tests.GetCorrespondentesBancariosTest" time="0.26"/>
  <testcase name="testNavegarPaginaAnterior" classname="br.com.realize.tests.fase01.CanaisAtendimento.CorrespondentesBancarios.tests.GetCorrespondentesBancariosTest" time="0.247"/>
  <testcase name="testTamanhoPaginaSuperior" classname="br.com.realize.tests.fase01.CanaisAtendimento.CorrespondentesBancarios.tests.GetCorrespondentesBancariosTest" time="0.076"/>
  <testcase name="testNumeroPaginaZero" classname="br.com.realize.tests.fase01.CanaisAtendimento.CorrespondentesBancarios.tests.GetCorrespondentesBancariosTest" time="0.074"/>
  <testcase name="testNavegarPrimeiraPagina" classname="br.com.realize.tests.fase01.CanaisAtendimento.CorrespondentesBancarios.tests.GetCorrespondentesBancariosTest" time="0.247"/>
  <testcase name="testMetodoNaoSuportado" classname="br.com.realize.tests.fase01.CanaisAtendimento.CorrespondentesBancarios.tests.GetCorrespondentesBancariosTest" time="0.075"/>
  <testcase name="testPathInvalido" classname="br.com.realize.tests.fase01.CanaisAtendimento.CorrespondentesBancarios.tests.GetCorrespondentesBancariosTest" time="0.081"/>
  <testcase name="testTamanhoPaginaInvalido" classname="br.com.realize.tests.fase01.CanaisAtendimento.CorrespondentesBancarios.tests.GetCorrespondentesBancariosTest" time="0.114"/>
  <testcase name="testTamanhoPaginaZero" classname="br.com.realize.tests.fase01.CanaisAtendimento.CorrespondentesBancarios.tests.GetCorrespondentesBancariosTest" time="0.097"/>
  <testcase name="testGarantirContratosCorrespondentesBancarios" classname="br.com.realize.tests.fase01.CanaisAtendimento.CorrespondentesBancarios.tests.GetCorrespondentesBancariosTest" time="1.633">
    <failure message="1 expectation failed.&#10;Response body doesn&apos;t match expectation.&#10;Expected: The content to match the given JSON schema.&#10;error: object has missing required properties ([&quot;brand&quot;])&#10;    level: &quot;error&quot;&#10;    schema: {&quot;loadingURI&quot;:&quot;#&quot;,&quot;pointer&quot;:&quot;/properties/data&quot;}&#10;    instance: {&quot;pointer&quot;:&quot;/data&quot;}&#10;    domain: &quot;validation&quot;&#10;    keyword: &quot;required&quot;&#10;    required: [&quot;brand&quot;]&#10;    missing: [&quot;brand&quot;]&#10;&#10;  Actual: {&quot;data&quot;:{&quot;name&quot;:&quot;REALIZE CFI S.A.&quot;,&quot;companies&quot;:[{&quot;name&quot;:&quot;REALIZE CRÉDITO, FINANCIAMENTO E INVESTIMENTO S.A.&quot;,&quot;cnpjNumber&quot;:&quot;27351731&quot;,&quot;contractors&quot;:[{&quot;name&quot;:&quot;REALIZE CRÉDITO, FINANCIAMENTO E INVESTIMENTO S.A.&quot;,&quot;cnpjNumber&quot;:&quot;27351731000138&quot;,&quot;bankingAgents&quot;:[{&quot;identification&quot;:{&quot;corporationName&quot;:&quot;LOJAS RENNER S.A.-LOJA NATAL SHOPPING&quot;,&quot;groupName&quot;:&quot;LOJAS RENNER S.A.&quot;,&quot;cnpjNumber&quot;:&quot;92754738025904&quot;,&quot;isUnderestablishment&quot;:false},&quot;locations&quot;:[{&quot;postalAddress&quot;:{&quot;address&quot;:&quot;AVENIDA SENADOR SALGADO FILHO, 2234, (ESPAÇO COMERCIAL Nº 368)&quot;,&quot;districtName&quot;:&quot;NATAL SHOPPING&quot;,&quot;townName&quot;:&quot;NATAL&quot;,&quot;countrySubDivision&quot;:&quot;RN&quot;,&quot;postCode&quot;:&quot;59064900&quot;,&quot;country&quot;:&quot;Brasil&quot;,&quot;countryCode&quot;:&quot;BRA&quot;},&quot;phones&quot;:[{&quot;type&quot;:&quot;FIXO&quot;,&quot;countryCallingCode&quot;:&quot;55&quot;,&quot;areaCode&quot;:&quot;85&quot;,&quot;number&quot;:&quot;33043847&quot;}],&quot;availability&quot;:{&quot;standards&quot;:[{&quot;weekday&quot;:&quot;DOMINGO&quot;},{&quot;weekday&quot;:&quot;SEGUNDA_FEIRA&quot;},{&quot;weekday&quot;:&quot;TERCA_FEIRA&quot;},{&quot;weekday&quot;:&quot;QUARTA_FEIRA&quot;},{&quot;weekday&quot;:&quot;QUINTA_FEIRA&quot;},{&quot;weekday&quot;:&quot;SEXTA_FEIRA&quot;},{&quot;weekday&quot;:&quot;SABADO&quot;}],&quot;exception&quot;:&quot;Exceto em datas festivas de Ano Novo, Dia das Mães, Dia dos Pais e Natal&quot;}}],&quot;services&quot;:[{&quot;name&quot;:&quot;RECEBIMENTOS_PAGAMENTOS_QUALQUER_NATUREZA_OUTRAS_ATIVIDADES_DECORRENTES_EXECUCAO_CONTRATOS_CONVENIOS_PRESTACAO_SERVICOS&quot;,&quot;code&quot;:&quot;RECEBIMENTOS_PAGAMENTOS_QUALQUER_NATUREZA_EXECUCAO_CONTRATOS_CONVENIO&quot;},{&quot;name&quot;:&quot;EXECUCAO_ATIVA_PASSIVA_ORDENS_PAGAMENTO_CURSADAS_INTERMEDIO_INSTITUICAO_CONTRATANTE_SOLICITACAO_CLIENTES_USUARIOS&quot;,&quot;code&quot;:&quot;EXECUCAO_ATIVA_PASSIVA_ORDENS_PAGAMENTO&quot;},{&quot;name&quot;:&quot;RECEPCAO_ENCAMINHAMENTO_PROPOSTAS_FORNECIMENTO_CARTAO_CREDITO_RESPONSABILIDADE_INSTITUICAO_CONTRATANTE&quot;,&quot;code&quot;:&quot;RECEBE_ENCAMINHA_PROPOSTAS_FORNECIMENTO_CARTAO_CREDITO&quot;},{&quot;name&quot;:&quot;RECEPCAO_ENCAMINHAMENTO_PROPOSTAS_OPERACAO_CREDITO_ARRENDAMENTO_MERCANTIL_CONCESSAO_INSTITUICAO_CONTRATANTE&quot;,&quot;code&quot;:&quot;RECEBE_ENCAMINHA_PROPOSTAS_CREDITO_ARRENDAMENTO_MERCANTIL&quot;}]},{&quot;identification&quot;:{&quot;corporationName&quot;:&quot;LOJAS RENNER S.A.-LOJA SHOPPING MONTSERRAT&quot;,&quot;groupName&quot;:&quot;LOJAS RENNER S.A.&quot;,&quot;cnpjNumber&quot;:&quot;92754738027605&quot;,&quot;isUnderestablishment&quot;:false},&quot;locations&quot;:[{&quot;postalAddress&quot;:{&quot;address&quot;:&quot;AVENIDA ELDES SCHERRER SOUZA, Nº 2162, (SUC Nº 103M – PISO L-1)&quot;,&quot;districtName&quot;:&quot;PLANALTO DE CARAPINA&quot;,&quot;townName&quot;:&quot;SERRA&quot;,&quot;countrySubDivision&quot;:&quot;ES&quot;,&quot;postCode&quot;:&quot;29162741&quot;,&quot;country&quot;:&quot;Brasil&quot;,&quot;countryCode&quot;:&quot;BRA&quot;},&quot;phones&quot;:[{&quot;type&quot;:&quot;FIXO&quot;,&quot;countryCallingCode&quot;:&quot;55&quot;,&quot;areaCode&quot;:&quot;85&quot;,&quot;number&quot;:&quot;33043848&quot;}],&quot;availability&quot;:{&quot;standards&quot;:[{&quot;weekday&quot;:&quot;DOMINGO&quot;},{&quot;weekday&quot;:&quot;SEGUNDA_FEIRA&quot;},{&quot;weekday&quot;:&quot;TERCA_FEIRA&quot;},{&quot;weekday&quot;:&quot;QUARTA_FEIRA&quot;},{&quot;weekday&quot;:&quot;QUINTA_FEIRA&quot;},{&quot;weekday&quot;:&quot;SEXTA_FEIRA&quot;},{&quot;weekday&quot;:&quot;SABADO&quot;}],&quot;exception&quot;:&quot;Exceto em datas festivas de Ano Novo, Dia das Mães, Dia dos Pais e Natal&quot;}}],&quot;services&quot;:[{&quot;name&quot;:&quot;RECEBIMENTOS_PAGAMENTOS_QUALQUER_NATUREZA_OUTRAS_ATIVIDADES_DECORRENTES_EXECUCAO_CONTRATOS_CONVENIOS_PRESTACAO_SERVICOS&quot;,&quot;code&quot;:&quot;RECEBIMENTOS_PAGAMENTOS_QUALQUER_NATUREZA_EXECUCAO_CONTRATOS_CONVENIO&quot;},{&quot;name&quot;:&quot;EXECUCAO_ATIVA_PASSIVA_ORDENS_PAGAMENTO_CURSADAS_INTERMEDIO_INSTITUICAO_CONTRATANTE_SOLICITACAO_CLIENTES_USUARIOS&quot;,&quot;code&quot;:&quot;EXECUCAO_ATIVA_PASSIVA_ORDENS_PAGAMENTO&quot;},{&quot;name&quot;:&quot;RECEPCAO_ENCAMINHAMENTO_PROPOSTAS_FORNECIMENTO_CARTAO_CREDITO_RESPONSABILIDADE_INSTITUICAO_CONTRATANTE&quot;,&quot;code&quot;:&quot;RECEBE_ENCAMINHA_PROPOSTAS_FORNECIMENTO_CARTAO_CREDITO&quot;},{&quot;name&quot;:&quot;RECEPCAO_ENCAMINHAMENTO_PROPOSTAS_OPERACAO_CREDITO_ARRENDAMENTO_MERCANTIL_CONCESSAO_INSTITUICAO_CONTRATANTE&quot;,&quot;code&quot;:&quot;RECEBE_ENCAMINHA_PROPOSTAS_CREDITO_ARRENDAMENTO_MERCANTIL&quot;}]},{&quot;identification&quot;:{&quot;corporationName&quot;:&quot;LOJAS RENNER S.A.-LOJA SHOPPING VALE DO AÇO&quot;,&quot;groupName&quot;:&quot;LOJAS RENNER S.A.&quot;,&quot;cnpjNumber&quot;:&quot;92754738030070&quot;,&quot;isUnderestablishment&quot;:false},&quot;locations&quot;:[{&quot;postalAddress&quot;:{&quot;address&quot;:&quot;AVENIDA PEDRO LINHARES GOMES, Nº 3900, (LOJA Nº 153 NO 1º PISO E Nº 262 NO 2º PISO)&quot;,&quot;districtName&quot;:&quot;INDUSTRIAL&quot;,&quot;townName&quot;:&quot;IPATINGA&quot;,&quot;countrySubDivision&quot;:&quot;MG&quot;,&quot;postCode&quot;:&quot;35160290&quot;,&quot;country&quot;:&quot;Brasil&quot;,&quot;countryCode&quot;:&quot;BRA&quot;},&quot;phones&quot;:[{&quot;type&quot;:&quot;FIXO&quot;,&quot;countryCallingCode&quot;:&quot;55&quot;,&quot;areaCode&quot;:&quot;85&quot;,&quot;number&quot;:&quot;33043849&quot;}],&quot;availability&quot;:{&quot;standards&quot;:[{&quot;weekday&quot;:&quot;DOMINGO&quot;},{&quot;weekday&quot;:&quot;SEGUNDA_FEIRA&quot;},{&quot;weekday&quot;:&quot;TERCA_FEIRA&quot;},{&quot;weekday&quot;:&quot;QUARTA_FEIRA&quot;},{&quot;weekday&quot;:&quot;QUINTA_FEIRA&quot;},{&quot;weekday&quot;:&quot;SEXTA_FEIRA&quot;},{&quot;weekday&quot;:&quot;SABADO&quot;}],&quot;exception&quot;:&quot;Exceto em datas festivas de Ano Novo, Dia das Mães, Dia dos Pais e Natal&quot;}}],&quot;services&quot;:[{&quot;name&quot;:&quot;RECEBIMENTOS_PAGAMENTOS_QUALQUER_NATUREZA_OUTRAS_ATIVIDADES_DECORRENTES_EXECUCAO_CONTRATOS_CONVENIOS_PRESTACAO_SERVICOS&quot;,&quot;code&quot;:&quot;RECEBIMENTOS_PAGAMENTOS_QUALQUER_NATUREZA_EXECUCAO_CONTRATOS_CONVENIO&quot;},{&quot;name&quot;:&quot;EXECUCAO_ATIVA_PASSIVA_ORDENS_PAGAMENTO_CURSADAS_INTERMEDIO_INSTITUICAO_CONTRATANTE_SOLICITACAO_CLIENTES_USUARIOS&quot;,&quot;code&quot;:&quot;EXECUCAO_ATIVA_PASSIVA_ORDENS_PAGAMENTO&quot;},{&quot;name&quot;:&quot;RECEPCAO_ENCAMINHAMENTO_PROPOSTAS_FORNECIMENTO_CARTAO_CREDITO_RESPONSABILIDADE_INSTITUICAO_CONTRATANTE&quot;,&quot;code&quot;:&quot;RECEBE_ENCAMINHA_PROPOSTAS_FORNECIMENTO_CARTAO_CREDITO&quot;},{&quot;name&quot;:&quot;RECEPCAO_ENCAMINHAMENTO_PROPOSTAS_OPERACAO_CREDITO_ARRENDAMENTO_MERCANTIL_CONCESSAO_INSTITUICAO_CONTRATANTE&quot;,&quot;code&quot;:&quot;RECEBE_ENCAMINHA_PROPOSTAS_CREDITO_ARRENDAMENTO_MERCANTIL&quot;}]},{&quot;identification&quot;:{&quot;corporationName&quot;:&quot;LOJAS RENNER S.A.-LOJA SHOPPING PRAÇA NOVA ARAÇATUBA&quot;,&quot;groupName&quot;:&quot;LOJAS RENNER S.A.&quot;,&quot;cnpjNumber&quot;:&quot;92754738027796&quot;,&quot;isUnderestablishment&quot;:false},&quot;locations&quot;:[{&quot;postalAddress&quot;:{&quot;address&quot;:&quot;AVENIDA GOVERNADOR MARIO COVAS, Nº 6001, (EUC Nº51 - PISO TÉRREO)&quot;,&quot;districtName&quot;:&quot;SHOPPING PRAÇA NOVA ARAÇATUBA&quot;,&quot;townName&quot;:&quot;ARACATUBA&quot;,&quot;countrySubDivision&quot;:&quot;SP&quot;,&quot;postCode&quot;:&quot;16071245&quot;,&quot;country&quot;:&quot;Brasil&quot;,&quot;countryCode&quot;:&quot;BRA&quot;},&quot;phones&quot;:[{&quot;type&quot;:&quot;FIXO&quot;,&quot;countryCallingCode&quot;:&quot;55&quot;,&quot;areaCode&quot;:&quot;85&quot;,&quot;number&quot;:&quot;33043850&quot;}],&quot;availability&quot;:{&quot;standards&quot;:[{&quot;weekday&quot;:&quot;DOMINGO&quot;},{&quot;weekday&quot;:&quot;SEGUNDA_FEIRA&quot;},{&quot;weekday&quot;:&quot;TERCA_FEIRA&quot;},{&quot;weekday&quot;:&quot;QUARTA_FEIRA&quot;},{&quot;weekday&quot;:&quot;QUINTA_FEIRA&quot;},{&quot;weekday&quot;:&quot;SEXTA_FEIRA&quot;},{&quot;weekday&quot;:&quot;SABADO&quot;}],&quot;exception&quot;:&quot;Exceto em datas festivas de Ano Novo, Dia das Mães, Dia dos Pais e Natal&quot;}}],&quot;services&quot;:[{&quot;name&quot;:&quot;RECEBIMENTOS_PAGAMENTOS_QUALQUER_NATUREZA_OUTRAS_ATIVIDADES_DECORRENTES_EXECUCAO_CONTRATOS_CONVENIOS_PRESTACAO_SERVICOS&quot;,&quot;code&quot;:&quot;RECEBIMENTOS_PAGAMENTOS_QUALQUER_NATUREZA_EXECUCAO_CONTRATOS_CONVENIO&quot;},{&quot;name&quot;:&quot;EXECUCAO_ATIVA_PASSIVA_ORDENS_PAGAMENTO_CURSADAS_INTERMEDIO_INSTITUICAO_CONTRATANTE_SOLICITACAO_CLIENTES_USUARIOS&quot;,&quot;code&quot;:&quot;EXECUCAO_ATIVA_PASSIVA_ORDENS_PAGAMENTO&quot;},{&quot;name&quot;:&quot;RECEPCAO_ENCAMINHAMENTO_PROPOSTAS_FORNECIMENTO_CARTAO_CREDITO_RESPONSABILIDADE_INSTITUICAO_CONTRATANTE&quot;,&quot;code&quot;:&quot;RECEBE_ENCAMINHA_PROPOSTAS_FORNECIMENTO_CARTAO_CREDITO&quot;},{&quot;name&quot;:&quot;RECEPCAO_ENCAMINHAMENTO_PROPOSTAS_OPERACAO_CREDITO_ARRENDAMENTO_MERCANTIL_CONCESSAO_INSTITUICAO_CONTRATANTE&quot;,&quot;code&quot;:&quot;RECEBE_ENCAMINHA_PROPOSTAS_CREDITO_ARRENDAMENTO_MERCANTIL&quot;}]},{&quot;identification&quot;:{&quot;corporationName&quot;:&quot;LOJAS RENNER S.A.-LOJA BURITÍ SHOPPING RIO VERDE&quot;,&quot;groupName&quot;:&quot;LOJAS RENNER S.A.&quot;,&quot;cnpjNumber&quot;:&quot;92754738029306&quot;,&quot;isUnderestablishment&quot;:false},&quot;locations&quot;:[{&quot;postalAddress&quot;:{&quot;address&quot;:&quot;RUA O, S/N, QUADRA 14, LOTE 6, LUC&apos;S Nº 156/157/158/159&quot;,&quot;districtName&quot;:&quot;SETOR JARDIM CAMPESTRE&quot;,&quot;townName&quot;:&quot;RIO VERDE&quot;,&quot;countrySubDivision&quot;:&quot;GO&quot;,&quot;postCode&quot;:&quot;75907681&quot;,&quot;country&quot;:&quot;Brasil&quot;,&quot;countryCode&quot;:&quot;BRA&quot;},&quot;phones&quot;:[{&quot;type&quot;:&quot;FIXO&quot;,&quot;countryCallingCode&quot;:&quot;55&quot;,&quot;areaCode&quot;:&quot;85&quot;,&quot;number&quot;:&quot;33043851&quot;}],&quot;availability&quot;:{&quot;standards&quot;:[{&quot;weekday&quot;:&quot;DOMINGO&quot;},{&quot;weekday&quot;:&quot;SEGUNDA_FEIRA&quot;},{&quot;weekday&quot;:&quot;TERCA_FEIRA&quot;},{&quot;weekday&quot;:&quot;QUARTA_FEIRA&quot;},{&quot;weekday&quot;:&quot;QUINTA_FEIRA&quot;},{&quot;weekday&quot;:&quot;SEXTA_FEIRA&quot;},{&quot;weekday&quot;:&quot;SABADO&quot;}],&quot;exception&quot;:&quot;Exceto em datas festivas de Ano Novo, Dia das Mães, Dia dos Pais e Natal&quot;}}],&quot;services&quot;:[{&quot;name&quot;:&quot;RECEBIMENTOS_PAGAMENTOS_QUALQUER_NATUREZA_OUTRAS_ATIVIDADES_DECORRENTES_EXECUCAO_CONTRATOS_CONVENIOS_PRESTACAO_SERVICOS&quot;,&quot;code&quot;:&quot;RECEBIMENTOS_PAGAMENTOS_QUALQUER_NATUREZA_EXECUCAO_CONTRATOS_CONVENIO&quot;},{&quot;name&quot;:&quot;EXECUCAO_ATIVA_PASSIVA_ORDENS_PAGAMENTO_CURSADAS_INTERMEDIO_INSTITUICAO_CONTRATANTE_SOLICITACAO_CLIENTES_USUARIOS&quot;,&quot;code&quot;:&quot;EXECUCAO_ATIVA_PASSIVA_ORDENS_PAGAMENTO&quot;},{&quot;name&quot;:&quot;RECEPCAO_ENCAMINHAMENTO_PROPOSTAS_FORNECIMENTO_CARTAO_CREDITO_RESPONSABILIDADE_INSTITUICAO_CONTRATANTE&quot;,&quot;code&quot;:&quot;RECEBE_ENCAMINHA_PROPOSTAS_FORNECIMENTO_CARTAO_CREDITO&quot;},{&quot;name&quot;:&quot;RECEPCAO_ENCAMINHAMENTO_PROPOSTAS_OPERACAO_CREDITO_ARRENDAMENTO_MERCANTIL_CONCESSAO_INSTITUICAO_CONTRATANTE&quot;,&quot;code&quot;:&quot;RECEBE_ENCAMINHA_PROPOSTAS_CREDITO_ARRENDAMENTO_MERCANTIL&quot;}]},{&quot;identification&quot;:{&quot;corporationName&quot;:&quot;LOJAS RENNER S.A.-LOJA SÃO LUÍS SHOPPING&quot;,&quot;groupName&quot;:&quot;LOJAS RENNER S.A.&quot;,&quot;cnpjNumber&quot;:&quot;92754738028920&quot;,&quot;isUnderestablishment&quot;:false},&quot;locations&quot;:[{&quot;postalAddress&quot;:{&quot;address&quot;:&quot;AVENIDA PROFESSOR CARLOS CUNHA, Nº 1.000 (LUC 301 ÂNCORA - 1 - PISO L1)&quot;,&quot;districtName&quot;:&quot;JARACATY&quot;,&quot;townName&quot;:&quot;SAO LUIS&quot;,&quot;countrySubDivision&quot;:&quot;MA&quot;,&quot;postCode&quot;:&quot;65076820&quot;,&quot;country&quot;:&quot;Brasil&quot;,&quot;countryCode&quot;:&quot;BRA&quot;},&quot;phones&quot;:[{&quot;type&quot;:&quot;FIXO&quot;,&quot;countryCallingCode&quot;:&quot;55&quot;,&quot;areaCode&quot;:&quot;85&quot;,&quot;number&quot;:&quot;33043852&quot;}],&quot;availability&quot;:{&quot;standards&quot;:[{&quot;weekday&quot;:&quot;DOMINGO&quot;},{&quot;weekday&quot;:&quot;SEGUNDA_FEIRA&quot;},{&quot;weekday&quot;:&quot;TERCA_FEIRA&quot;},{&quot;weekday&quot;:&quot;QUARTA_FEIRA&quot;},{&quot;weekday&quot;:&quot;QUINTA_FEIRA&quot;},{&quot;weekday&quot;:&quot;SEXTA_FEIRA&quot;},{&quot;weekday&quot;:&quot;SABADO&quot;}],&quot;exception&quot;:&quot;Exceto em datas festivas de Ano Novo, Dia das Mães, Dia dos Pais e Natal&quot;}}],&quot;services&quot;:[{&quot;name&quot;:&quot;RECEBIMENTOS_PAGAMENTOS_QUALQUER_NATUREZA_OUTRAS_ATIVIDADES_DECORRENTES_EXECUCAO_CONTRATOS_CONVENIOS_PRESTACAO_SERVICOS&quot;,&quot;code&quot;:&quot;RECEBIMENTOS_PAGAMENTOS_QUALQUER_NATUREZA_EXECUCAO_CONTRATOS_CONVENIO&quot;},{&quot;name&quot;:&quot;EXECUCAO_ATIVA_PASSIVA_ORDENS_PAGAMENTO_CURSADAS_INTERMEDIO_INSTITUICAO_CONTRATANTE_SOLICITACAO_CLIENTES_USUARIOS&quot;,&quot;code&quot;:&quot;EXECUCAO_ATIVA_PASSIVA_ORDENS_PAGAMENTO&quot;},{&quot;name&quot;:&quot;RECEPCAO_ENCAMINHAMENTO_PROPOSTAS_FORNECIMENTO_CARTAO_CREDITO_RESPONSABILIDADE_INSTITUICAO_CONTRATANTE&quot;,&quot;code&quot;:&quot;RECEBE_ENCAMINHA_PROPOSTAS_FORNECIMENTO_CARTAO_CREDITO&quot;},{&quot;name&quot;:&quot;RECEPCAO_ENCAMINHAMENTO_PROPOSTAS_OPERACAO_CREDITO_ARRENDAMENTO_MERCANTIL_CONCESSAO_INSTITUICAO_CONTRATANTE&quot;,&quot;code&quot;:&quot;RECEBE_ENCAMINHA_PROPOSTAS_CREDITO_ARRENDAMENTO_MERCANTIL&quot;}]},{&quot;identification&quot;:{&quot;corporationName&quot;:&quot;LOJAS RENNER S.A.-LOJA MOXUARA SHOPPING&quot;,&quot;groupName&quot;:&quot;LOJAS RENNER S.A.&quot;,&quot;cnpjNumber&quot;:&quot;92754738025661&quot;,&quot;isUnderestablishment&quot;:false},&quot;locations&quot;:[{&quot;postalAddress&quot;:{&quot;address&quot;:&quot;AVENIDA MARIO GURGEL, N° 5353, LOJA 307JKLMQ, PISO L3&quot;,&quot;districtName&quot;:&quot;SÃO FRANCISCO&quot;,&quot;townName&quot;:&quot;CARIACICA&quot;,&quot;countrySubDivision&quot;:&quot;ES&quot;,&quot;postCode&quot;:&quot;29145910&quot;,&quot;country&quot;:&quot;Brasil&quot;,&quot;countryCode&quot;:&quot;BRA&quot;},&quot;phones&quot;:[{&quot;type&quot;:&quot;FIXO&quot;,&quot;countryCallingCode&quot;:&quot;55&quot;,&quot;areaCode&quot;:&quot;85&quot;,&quot;number&quot;:&quot;33043853&quot;}],&quot;availability&quot;:{&quot;standards&quot;:[{&quot;weekday&quot;:&quot;DOMINGO&quot;},{&quot;weekday&quot;:&quot;SEGUNDA_FEIRA&quot;},{&quot;weekday&quot;:&quot;TERCA_FEIRA&quot;},{&quot;weekday&quot;:&quot;QUARTA_FEIRA&quot;},{&quot;weekday&quot;:&quot;QUINTA_FEIRA&quot;},{&quot;weekday&quot;:&quot;SEXTA_FEIRA&quot;},{&quot;weekday&quot;:&quot;SABADO&quot;}],&quot;exception&quot;:&quot;Exceto em datas festivas de Ano Novo, Dia das Mães, Dia dos Pais e Natal&quot;}}],&quot;services&quot;:[{&quot;name&quot;:&quot;RECEBIMENTOS_PAGAMENTOS_QUALQUER_NATUREZA_OUTRAS_ATIVIDADES_DECORRENTES_EXECUCAO_CONTRATOS_CONVENIOS_PRESTACAO_SERVICOS&quot;,&quot;code&quot;:&quot;RECEBIMENTOS_PAGAMENTOS_QUALQUER_NATUREZA_EXECUCAO_CONTRATOS_CONVENIO&quot;},{&quot;name&quot;:&quot;EXECUCAO_ATIVA_PASSIVA_ORDENS_PAGAMENTO_CURSADAS_INTERMEDIO_INSTITUICAO_CONTRATANTE_SOLICITACAO_CLIENTES_USUARIOS&quot;,&quot;code&quot;:&quot;EXECUCAO_ATIVA_PASSIVA_ORDENS_PAGAMENTO&quot;},{&quot;name&quot;:&quot;RECEPCAO_ENCAMINHAMENTO_PROPOSTAS_FORNECIMENTO_CARTAO_CREDITO_RESPONSABILIDADE_INSTITUICAO_CONTRATANTE&quot;,&quot;code&quot;:&quot;RECEBE_ENCAMINHA_PROPOSTAS_FORNECIMENTO_CARTAO_CREDITO&quot;},{&quot;name&quot;:&quot;RECEPCAO_ENCAMINHAMENTO_PROPOSTAS_OPERACAO_CREDITO_ARRENDAMENTO_MERCANTIL_CONCESSAO_INSTITUICAO_CONTRATANTE&quot;,&quot;code&quot;:&quot;RECEBE_ENCAMINHA_PROPOSTAS_CREDITO_ARRENDAMENTO_MERCANTIL&quot;}]},{&quot;identification&quot;:{&quot;corporationName&quot;:&quot;LOJAS RENNER S.A.-LOJA MOSSORÓ WEST SHOPPING&quot;,&quot;groupName&quot;:&quot;LOJAS RENNER S.A.&quot;,&quot;cnpjNumber&quot;:&quot;92754738028504&quot;,&quot;isUnderestablishment&quot;:false},&quot;locations&quot;:[{&quot;postalAddress&quot;:{&quot;address&quot;:&quot;AVENIDA JOÃO DA ESCOSSIA, Nº 1515 (EUC N° 001C – ÂNCORA 02 – PISO TÉRREO)&quot;,&quot;districtName&quot;:&quot;NOVA BETÂNIA&quot;,&quot;townName&quot;:&quot;MOSSORO&quot;,&quot;countrySubDivision&quot;:&quot;RN&quot;,&quot;postCode&quot;:&quot;59607330&quot;,&quot;country&quot;:&quot;Brasil&quot;,&quot;countryCode&quot;:&quot;BRA&quot;},&quot;phones&quot;:[{&quot;type&quot;:&quot;FIXO&quot;,&quot;countryCallingCode&quot;:&quot;55&quot;,&quot;areaCode&quot;:&quot;85&quot;,&quot;number&quot;:&quot;33043854&quot;}],&quot;availability&quot;:{&quot;standards&quot;:[{&quot;weekday&quot;:&quot;DOMINGO&quot;},{&quot;weekday&quot;:&quot;SEGUNDA_FEIRA&quot;},{&quot;weekday&quot;:&quot;TERCA_FEIRA&quot;},{&quot;weekday&quot;:&quot;QUARTA_FEIRA&quot;},{&quot;weekday&quot;:&quot;QUINTA_FEIRA&quot;},{&quot;weekday&quot;:&quot;SEXTA_FEIRA&quot;},{&quot;weekday&quot;:&quot;SABADO&quot;}],&quot;exception&quot;:&quot;Exceto em datas festivas de Ano Novo, Dia das Mães, Dia dos Pais e Natal&quot;}}],&quot;services&quot;:[{&quot;name&quot;:&quot;RECEBIMENTOS_PAGAMENTOS_QUALQUER_NATUREZA_OUTRAS_ATIVIDADES_DECORRENTES_EXECUCAO_CONTRATOS_CONVENIOS_PRESTACAO_SERVICOS&quot;,&quot;code&quot;:&quot;RECEBIMENTOS_PAGAMENTOS_QUALQUER_NATUREZA_EXECUCAO_CONTRATOS_CONVENIO&quot;},{&quot;name&quot;:&quot;EXECUCAO_ATIVA_PASSIVA_ORDENS_PAGAMENTO_CURSADAS_INTERMEDIO_INSTITUICAO_CONTRATANTE_SOLICITACAO_CLIENTES_USUARIOS&quot;,&quot;code&quot;:&quot;EXECUCAO_ATIVA_PASSIVA_ORDENS_PAGAMENTO&quot;},{&quot;name&quot;:&quot;RECEPCAO_ENCAMINHAMENTO_PROPOSTAS_FORNECIMENTO_CARTAO_CREDITO_RESPONSABILIDADE_INSTITUICAO_CONTRATANTE&quot;,&quot;code&quot;:&quot;RECEBE_ENCAMINHA_PROPOSTAS_FORNECIMENTO_CARTAO_CREDITO&quot;},{&quot;name&quot;:&quot;RECEPCAO_ENCAMINHAMENTO_PROPOSTAS_OPERACAO_CREDITO_ARRENDAMENTO_MERCANTIL_CONCESSAO_INSTITUICAO_CONTRATANTE&quot;,&quot;code&quot;:&quot;RECEBE_ENCAMINHA_PROPOSTAS_CREDITO_ARRENDAMENTO_MERCANTIL&quot;}]},{&quot;identification&quot;:{&quot;corporationName&quot;:&quot;LOJAS RENNER S.A.-LOJA SHOPPING VILA VELHA&quot;,&quot;groupName&quot;:&quot;LOJAS RENNER S.A.&quot;,&quot;cnpjNumber&quot;:&quot;92754738029497&quot;,&quot;isUnderestablishment&quot;:false},&quot;locations&quot;:[{&quot;postalAddress&quot;:{&quot;address&quot;:&quot;RUA LUCIANO DAS NEVES, Nº 2418 (LUC 1001 - PISO L1)&quot;,&quot;districtName&quot;:&quot;DIVINO ESPÍRITO SANTO&quot;,&quot;townName&quot;:&quot;VILA VELHA&quot;,&quot;countrySubDivision&quot;:&quot;ES&quot;,&quot;postCode&quot;:&quot;29107900&quot;,&quot;country&quot;:&quot;Brasil&quot;,&quot;countryCode&quot;:&quot;BRA&quot;},&quot;phones&quot;:[{&quot;type&quot;:&quot;FIXO&quot;,&quot;countryCallingCode&quot;:&quot;55&quot;,&quot;areaCode&quot;:&quot;85&quot;,&quot;number&quot;:&quot;33043855&quot;}],&quot;availability&quot;:{&quot;standards&quot;:[{&quot;weekday&quot;:&quot;DOMINGO&quot;},{&quot;weekday&quot;:&quot;SEGUNDA_FEIRA&quot;},{&quot;weekday&quot;:&quot;TERCA_FEIRA&quot;},{&quot;weekday&quot;:&quot;QUARTA_FEIRA&quot;},{&quot;weekday&quot;:&quot;QUINTA_FEIRA&quot;},{&quot;weekday&quot;:&quot;SEXTA_FEIRA&quot;},{&quot;weekday&quot;:&quot;SABADO&quot;}],&quot;exception&quot;:&quot;Exceto em datas festivas de Ano Novo, Dia das Mães, Dia dos Pais e Natal&quot;}}],&quot;services&quot;:[{&quot;name&quot;:&quot;RECEBIMENTOS_PAGAMENTOS_QUALQUER_NATUREZA_OUTRAS_ATIVIDADES_DECORRENTES_EXECUCAO_CONTRATOS_CONVENIOS_PRESTACAO_SERVICOS&quot;,&quot;code&quot;:&quot;RECEBIMENTOS_PAGAMENTOS_QUALQUER_NATUREZA_EXECUCAO_CONTRATOS_CONVENIO&quot;},{&quot;name&quot;:&quot;EXECUCAO_ATIVA_PASSIVA_ORDENS_PAGAMENTO_CURSADAS_INTERMEDIO_INSTITUICAO_CONTRATANTE_SOLICITACAO_CLIENTES_USUARIOS&quot;,&quot;code&quot;:&quot;EXECUCAO_ATIVA_PASSIVA_ORDENS_PAGAMENTO&quot;},{&quot;name&quot;:&quot;RECEPCAO_ENCAMINHAMENTO_PROPOSTAS_FORNECIMENTO_CARTAO_CREDITO_RESPONSABILIDADE_INSTITUICAO_CONTRATANTE&quot;,&quot;code&quot;:&quot;RECEBE_ENCAMINHA_PROPOSTAS_FORNECIMENTO_CARTAO_CREDITO&quot;},{&quot;name&quot;:&quot;RECEPCAO_ENCAMINHAMENTO_PROPOSTAS_OPERACAO_CREDITO_ARRENDAMENTO_MERCANTIL_CONCESSAO_INSTITUICAO_CONTRATANTE&quot;,&quot;code&quot;:&quot;RECEBE_ENCAMINHA_PROPOSTAS_CREDITO_ARRENDAMENTO_MERCANTIL&quot;}]},{&quot;identification&quot;:{&quot;corporationName&quot;:&quot;LOJAS RENNER S.A.-LOJA PARQUE SHOPPING MAIA&quot;,&quot;groupName&quot;:&quot;LOJAS RENNER S.A.&quot;,&quot;cnpjNumber&quot;:&quot;92754738028334&quot;,&quot;isUnderestablishment&quot;:false},&quot;locations&quot;:[{&quot;postalAddress&quot;:{&quot;address&quot;:&quot;BARTHOLOMEU DE CARLOS, 0, (LUC 2033), SÍTIO TABATINGA&quot;,&quot;districtName&quot;:&quot;JARDIM FLOR DA MONTANHA&quot;,&quot;townName&quot;:&quot;GUARULHOS&quot;,&quot;countrySubDivision&quot;:&quot;SP&quot;,&quot;postCode&quot;:&quot;07097420&quot;,&quot;country&quot;:&quot;Brasil&quot;,&quot;countryCode&quot;:&quot;BRA&quot;},&quot;phones&quot;:[{&quot;type&quot;:&quot;FIXO&quot;,&quot;countryCallingCode&quot;:&quot;55&quot;,&quot;areaCode&quot;:&quot;85&quot;,&quot;number&quot;:&quot;33043856&quot;}],&quot;availability&quot;:{&quot;standards&quot;:[{&quot;weekday&quot;:&quot;DOMINGO&quot;},{&quot;weekday&quot;:&quot;SEGUNDA_FEIRA&quot;},{&quot;weekday&quot;:&quot;TERCA_FEIRA&quot;},{&quot;weekday&quot;:&quot;QUARTA_FEIRA&quot;},{&quot;weekday&quot;:&quot;QUINTA_FEIRA&quot;},{&quot;weekday&quot;:&quot;SEXTA_FEIRA&quot;},{&quot;weekday&quot;:&quot;SABADO&quot;}],&quot;exception&quot;:&quot;Exceto em datas festivas de Ano Novo, Dia das Mães, Dia dos Pais e Natal&quot;}}],&quot;services&quot;:[{&quot;name&quot;:&quot;RECEBIMENTOS_PAGAMENTOS_QUALQUER_NATUREZA_OUTRAS_ATIVIDADES_DECORRENTES_EXECUCAO_CONTRATOS_CONVENIOS_PRESTACAO_SERVICOS&quot;,&quot;code&quot;:&quot;RECEBIMENTOS_PAGAMENTOS_QUALQUER_NATUREZA_EXECUCAO_CONTRATOS_CONVENIO&quot;},{&quot;name&quot;:&quot;EXECUCAO_ATIVA_PASSIVA_ORDENS_PAGAMENTO_CURSADAS_INTERMEDIO_INSTITUICAO_CONTRATANTE_SOLICITACAO_CLIENTES_USUARIOS&quot;,&quot;code&quot;:&quot;EXECUCAO_ATIVA_PASSIVA_ORDENS_PAGAMENTO&quot;},{&quot;name&quot;:&quot;RECEPCAO_ENCAMINHAMENTO_PROPOSTAS_FORNECIMENTO_CARTAO_CREDITO_RESPONSABILIDADE_INSTITUICAO_CONTRATANTE&quot;,&quot;code&quot;:&quot;RECEBE_ENCAMINHA_PROPOSTAS_FORNECIMENTO_CARTAO_CREDITO&quot;},{&quot;name&quot;:&quot;RECEPCAO_ENCAMINHAMENTO_PROPOSTAS_OPERACAO_CREDITO_ARRENDAMENTO_MERCANTIL_CONCESSAO_INSTITUICAO_CONTRATANTE&quot;,&quot;code&quot;:&quot;RECEBE_ENCAMINHA_PROPOSTAS_CREDITO_ARRENDAMENTO_MERCANTIL&quot;}]},{&quot;identification&quot;:{&quot;corporationName&quot;:&quot;LOJAS RENNER S.A.-LOJA SHOPPING PÁTIO RORAIMA&quot;,&quot;groupName&quot;:&quot;LOJAS RENNER S.A.&quot;,&quot;cnpjNumber&quot;:&quot;92754738029225&quot;,&quot;isUnderestablishment&quot;:false},&quot;locations&quot;:[{&quot;postalAddress&quot;:{&quot;address&quot;:&quot;AVENIDA JOÃO ALENCAR, Nº 2181, ESPAÇO COMERCIAL Nº 201 - O&quot;,&quot;districtName&quot;:&quot;AEROPORTO&quot;,&quot;townName&quot;:&quot;BOA VISTA&quot;,&quot;countrySubDivision&quot;:&quot;RR&quot;,&quot;postCode&quot;:&quot;69310065&quot;,&quot;country&quot;:&quot;Brasil&quot;,&quot;countryCode&quot;:&quot;BRA&quot;},&quot;phones&quot;:[{&quot;type&quot;:&quot;FIXO&quot;,&quot;countryCallingCode&quot;:&quot;55&quot;,&quot;areaCode&quot;:&quot;85&quot;,&quot;number&quot;:&quot;33043857&quot;}],&quot;availability&quot;:{&quot;standards&quot;:[{&quot;weekday&quot;:&quot;DOMINGO&quot;},{&quot;weekday&quot;:&quot;SEGUNDA_FEIRA&quot;},{&quot;weekday&quot;:&quot;TERCA_FEIRA&quot;},{&quot;weekday&quot;:&quot;QUARTA_FEIRA&quot;},{&quot;weekday&quot;:&quot;QUINTA_FEIRA&quot;},{&quot;weekday&quot;:&quot;SEXTA_FEIRA&quot;},{&quot;weekday&quot;:&quot;SABADO&quot;}],&quot;exception&quot;:&quot;Exceto em datas festivas de Ano Novo, Dia das Mães, Dia dos Pais e Natal&quot;}}],&quot;services&quot;:[{&quot;name&quot;:&quot;RECEBIMENTOS_PAGAMENTOS_QUALQUER_NATUREZA_OUTRAS_ATIVIDADES_DECORRENTES_EXECUCAO_CONTRATOS_CONVENIOS_PRESTACAO_SERVICOS&quot;,&quot;code&quot;:&quot;RECEBIMENTOS_PAGAMENTOS_QUALQUER_NATUREZA_EXECUCAO_CONTRATOS_CONVENIO&quot;},{&quot;name&quot;:&quot;EXECUCAO_ATIVA_PASSIVA_ORDENS_PAGAMENTO_CURSADAS_INTERMEDIO_INSTITUICAO_CONTRATANTE_SOLICITACAO_CLIENTES_USUARIOS&quot;,&quot;code&quot;:&quot;EXECUCAO_ATIVA_PASSIVA_ORDENS_PAGAMENTO&quot;},{&quot;name&quot;:&quot;RECEPCAO_ENCAMINHAMENTO_PROPOSTAS_FORNECIMENTO_CARTAO_CREDITO_RESPONSABILIDADE_INSTITUICAO_CONTRATANTE&quot;,&quot;code&quot;:&quot;RECEBE_ENCAMINHA_PROPOSTAS_FORNECIMENTO_CARTAO_CREDITO&quot;},{&quot;name&quot;:&quot;RECEPCAO_ENCAMINHAMENTO_PROPOSTAS_OPERACAO_CREDITO_ARRENDAMENTO_MERCANTIL_CONCESSAO_INSTITUICAO_CONTRATANTE&quot;,&quot;code&quot;:&quot;RECEBE_ENCAMINHA_PROPOSTAS_CREDITO_ARRENDAMENTO_MERCANTIL&quot;}]},{&quot;identification&quot;:{&quot;corporationName&quot;:&quot;LOJAS RENNER S.A.-LOJA 7 DE SETEMBRO&quot;,&quot;groupName&quot;:&quot;LOJAS RENNER S.A.&quot;,&quot;cnpjNumber&quot;:&quot;92754738028091&quot;,&quot;isUnderestablishment&quot;:false},&quot;locations&quot;:[{&quot;postalAddress&quot;:{&quot;address&quot;:&quot;RUA SETE DE SETEMBRO, 111 (LOJA 111-A)&apos;&quot;,&quot;districtName&quot;:&quot;CENTRO&quot;,&quot;townName&quot;:&quot;RIO DE JANEIRO&quot;,&quot;countrySubDivision&quot;:&quot;RJ&quot;,&quot;postCode&quot;:&quot;20050006&quot;,&quot;country&quot;:&quot;Brasil&quot;,&quot;countryCode&quot;:&quot;BRA&quot;},&quot;phones&quot;:[{&quot;type&quot;:&quot;FIXO&quot;,&quot;countryCallingCode&quot;:&quot;55&quot;,&quot;areaCode&quot;:&quot;85&quot;,&quot;number&quot;:&quot;33043858&quot;}],&quot;availability&quot;:{&quot;standards&quot;:[{&quot;weekday&quot;:&quot;SEGUNDA_FEIRA&quot;},{&quot;weekday&quot;:&quot;TERCA_FEIRA&quot;},{&quot;weekday&quot;:&quot;QUARTA_FEIRA&quot;},{&quot;weekday&quot;:&quot;QUINTA_FEIRA&quot;},{&quot;weekday&quot;:&quot;SEXTA_FEIRA&quot;},{&quot;weekday&quot;:&quot;SABADO&quot;}],&quot;exception&quot;:&quot;Exceto feriados municipais, estaduais e nacionais&quot;}}],&quot;services&quot;:[{&quot;name&quot;:&quot;RECEBIMENTOS_PAGAMENTOS_QUALQUER_NATUREZA_OUTRAS_ATIVIDADES_DECORRENTES_EXECUCAO_CONTRATOS_CONVENIOS_PRESTACAO_SERVICOS&quot;,&quot;code&quot;:&quot;RECEBIMENTOS_PAGAMENTOS_QUALQUER_NATUREZA_EXECUCAO_CONTRATOS_CONVENIO&quot;},{&quot;name&quot;:&quot;EXECUCAO_ATIVA_PASSIVA_ORDENS_PAGAMENTO_CURSADAS_INTERMEDIO_INSTITUICAO_CONTRATANTE_SOLICITACAO_CLIENTES_USUARIOS&quot;,&quot;code&quot;:&quot;EXECUCAO_ATIVA_PASSIVA_ORDENS_PAGAMENTO&quot;},{&quot;name&quot;:&quot;RECEPCAO_ENCAMINHAMENTO_PROPOSTAS_FORNECIMENTO_CARTAO_CREDITO_RESPONSABILIDADE_INSTITUICAO_CONTRATANTE&quot;,&quot;code&quot;:&quot;RECEBE_ENCAMINHA_PROPOSTAS_FORNECIMENTO_CARTAO_CREDITO&quot;},{&quot;name&quot;:&quot;RECEPCAO_ENCAMINHAMENTO_PROPOSTAS_OPERACAO_CREDITO_ARRENDAMENTO_MERCANTIL_CONCESSAO_INSTITUICAO_CONTRATANTE&quot;,&quot;code&quot;:&quot;RECEBE_ENCAMINHA_PROPOSTAS_CREDITO_ARRENDAMENTO_MERCANTIL&quot;}]},{&quot;identification&quot;:{&quot;corporationName&quot;:&quot;LOJAS RENNER S.A.-LOJA SHOPPING JARAGUA ARARAQUARA&quot;,&quot;groupName&quot;:&quot;LOJAS RENNER S.A.&quot;,&quot;cnpjNumber&quot;:&quot;92754738031041&quot;,&quot;isUnderestablishment&quot;:false},&quot;locations&quot;:[{&quot;postalAddress&quot;:{&quot;address&quot;:&quot;AVENIDA ALBERTO BENASSI, Nº 2270, LOJA 100, PISO TÉRREO&quot;,&quot;districtName&quot;:&quot;JARDIM BANDEIRANTES&quot;,&quot;townName&quot;:&quot;ARARAQUARA&quot;,&quot;countrySubDivision&quot;:&quot;SP&quot;,&quot;postCode&quot;:&quot;14804300&quot;,&quot;country&quot;:&quot;Brasil&quot;,&quot;countryCode&quot;:&quot;BRA&quot;},&quot;phones&quot;:[{&quot;type&quot;:&quot;FIXO&quot;,&quot;countryCallingCode&quot;:&quot;55&quot;,&quot;areaCode&quot;:&quot;85&quot;,&quot;number&quot;:&quot;33043859&quot;}],&quot;availability&quot;:{&quot;standards&quot;:[{&quot;weekday&quot;:&quot;DOMINGO&quot;},{&quot;weekday&quot;:&quot;SEGUNDA_FEIRA&quot;},{&quot;weekday&quot;:&quot;TERCA_FEIRA&quot;},{&quot;weekday&quot;:&quot;QUARTA_FEIRA&quot;},{&quot;weekday&quot;:&quot;QUINTA_FEIRA&quot;},{&quot;weekday&quot;:&quot;SEXTA_FEIRA&quot;},{&quot;weekday&quot;:&quot;SABADO&quot;}],&quot;exception&quot;:&quot;Exceto em datas festivas de Ano Novo, Dia das Mães, Dia dos Pais e Natal&quot;}}],&quot;services&quot;:[{&quot;name&quot;:&quot;RECEBIMENTOS_PAGAMENTOS_QUALQUER_NATUREZA_OUTRAS_ATIVIDADES_DECORRENTES_EXECUCAO_CONTRATOS_CONVENIOS_PRESTACAO_SERVICOS&quot;,&quot;code&quot;:&quot;RECEBIMENTOS_PAGAMENTOS_QUALQUER_NATUREZA_EXECUCAO_CONTRATOS_CONVENIO&quot;},{&quot;name&quot;:&quot;EXECUCAO_ATIVA_PASSIVA_ORDENS_PAGAMENTO_CURSADAS_INTERMEDIO_INSTITUICAO_CONTRATANTE_SOLICITACAO_CLIENTES_USUARIOS&quot;,&quot;code&quot;:&quot;EXECUCAO_ATIVA_PASSIVA_ORDENS_PAGAMENTO&quot;},{&quot;name&quot;:&quot;RECEPCAO_ENCAMINHAMENTO_PROPOSTAS_FORNECIMENTO_CARTAO_CREDITO_RESPONSABILIDADE_INSTITUICAO_CONTRATANTE&quot;,&quot;code&quot;:&quot;RECEBE_ENCAMINHA_PROPOSTAS_FORNECIMENTO_CARTAO_CREDITO&quot;},{&quot;name&quot;:&quot;RECEPCAO_ENCAMINHAMENTO_PROPOSTAS_OPERACAO_CREDITO_ARRENDAMENTO_MERCANTIL_CONCESSAO_INSTITUICAO_CONTRATANTE&quot;,&quot;code&quot;:&quot;RECEBE_ENCAMINHA_PROPOSTAS_CREDITO_ARRENDAMENTO_MERCANTIL&quot;}]},{&quot;identification&quot;:{&quot;corporationName&quot;:&quot;LOJAS RENNER S.A.-LOJA SHOPPING RIO CLARO&quot;,&quot;groupName&quot;:&quot;LOJAS RENNER S.A.&quot;,&quot;cnpjNumber&quot;:&quot;92754738028849&quot;,&quot;isUnderestablishment&quot;:false},&quot;locations&quot;:[{&quot;postalAddress&quot;:{&quot;address&quot;:&quot;AVENIDA CONDE FRANCISCO MATARAZZO JUNIOR, Nº 205 (LUC NºS A, 90, 91 E 92)&quot;,&quot;districtName&quot;:&quot;VILA PAULISTA&quot;,&quot;townName&quot;:&quot;RIO CLARO&quot;,&quot;countrySubDivision&quot;:&quot;SP&quot;,&quot;postCode&quot;:&quot;13506845&quot;,&quot;country&quot;:&quot;Brasil&quot;,&quot;countryCode&quot;:&quot;BRA&quot;},&quot;phones&quot;:[{&quot;type&quot;:&quot;FIXO&quot;,&quot;countryCallingCode&quot;:&quot;55&quot;,&quot;areaCode&quot;:&quot;85&quot;,&quot;number&quot;:&quot;33043860&quot;}],&quot;availability&quot;:{&quot;standards&quot;:[{&quot;weekday&quot;:&quot;DOMINGO&quot;},{&quot;weekday&quot;:&quot;SEGUNDA_FEIRA&quot;},{&quot;weekday&quot;:&quot;TERCA_FEIRA&quot;},{&quot;weekday&quot;:&quot;QUARTA_FEIRA&quot;},{&quot;weekday&quot;:&quot;QUINTA_FEIRA&quot;},{&quot;weekday&quot;:&quot;SEXTA_FEIRA&quot;},{&quot;weekday&quot;:&quot;SABADO&quot;}],&quot;exception&quot;:&quot;Exceto em datas festivas de Ano Novo, Dia das Mães, Dia dos Pais e Natal&quot;}}],&quot;services&quot;:[{&quot;name&quot;:&quot;RECEBIMENTOS_PAGAMENTOS_QUALQUER_NATUREZA_OUTRAS_ATIVIDADES_DECORRENTES_EXECUCAO_CONTRATOS_CONVENIOS_PRESTACAO_SERVICOS&quot;,&quot;code&quot;:&quot;RECEBIMENTOS_PAGAMENTOS_QUALQUER_NATUREZA_EXECUCAO_CONTRATOS_CONVENIO&quot;},{&quot;name&quot;:&quot;EXECUCAO_ATIVA_PASSIVA_ORDENS_PAGAMENTO_CURSADAS_INTERMEDIO_INSTITUICAO_CONTRATANTE_SOLICITACAO_CLIENTES_USUARIOS&quot;,&quot;code&quot;:&quot;EXECUCAO_ATIVA_PASSIVA_ORDENS_PAGAMENTO&quot;},{&quot;name&quot;:&quot;RECEPCAO_ENCAMINHAMENTO_PROPOSTAS_FORNECIMENTO_CARTAO_CREDITO_RESPONSABILIDADE_INSTITUICAO_CONTRATANTE&quot;,&quot;code&quot;:&quot;RECEBE_ENCAMINHA_PROPOSTAS_FORNECIMENTO_CARTAO_CREDITO&quot;},{&quot;name&quot;:&quot;RECEPCAO_ENCAMINHAMENTO_PROPOSTAS_OPERACAO_CREDITO_ARRENDAMENTO_MERCANTIL_CONCESSAO_INSTITUICAO_CONTRATANTE&quot;,&quot;code&quot;:&quot;RECEBE_ENCAMINHA_PROPOSTAS_CREDITO_ARRENDAMENTO_MERCANTIL&quot;}]},{&quot;identification&quot;:{&quot;corporationName&quot;:&quot;LOJAS RENNER S.A.-LOJA SHOPPING MANAUS VIA NORTE&quot;,&quot;groupName&quot;:&quot;LOJAS RENNER S.A.&quot;,&quot;cnpjNumber&quot;:&quot;92754738029144&quot;,&quot;isUnderestablishment&quot;:false},&quot;locations&quot;:[{&quot;postalAddress&quot;:{&quot;address&quot;:&quot;AVENIDA ARQUITETO JOSÉ HENRIQUE BENTO RODRIGUES, Nº 3760, ESPAÇO COMERCIAL Nº 202J&quot;,&quot;districtName&quot;:&quot;MONTE DAS OLIVEIRAS&quot;,&quot;townName&quot;:&quot;MANAUS&quot;,&quot;countrySubDivision&quot;:&quot;AM&quot;,&quot;postCode&quot;:&quot;69093149&quot;,&quot;country&quot;:&quot;Brasil&quot;,&quot;countryCode&quot;:&quot;BRA&quot;},&quot;phones&quot;:[{&quot;type&quot;:&quot;FIXO&quot;,&quot;countryCallingCode&quot;:&quot;55&quot;,&quot;areaCode&quot;:&quot;85&quot;,&quot;number&quot;:&quot;33043861&quot;}],&quot;availability&quot;:{&quot;standards&quot;:[{&quot;weekday&quot;:&quot;DOMINGO&quot;},{&quot;weekday&quot;:&quot;SEGUNDA_FEIRA&quot;},{&quot;weekday&quot;:&quot;TERCA_FEIRA&quot;},{&quot;weekday&quot;:&quot;QUARTA_FEIRA&quot;},{&quot;weekday&quot;:&quot;QUINTA_FEIRA&quot;},{&quot;weekday&quot;:&quot;SEXTA_FEIRA&quot;},{&quot;weekday&quot;:&quot;SABADO&quot;}],&quot;exception&quot;:&quot;Exceto em datas festivas de Ano Novo, Dia das Mães, Dia dos Pais e Natal&quot;}}],&quot;services&quot;:[{&quot;name&quot;:&quot;RECEBIMENTOS_PAGAMENTOS_QUALQUER_NATUREZA_OUTRAS_ATIVIDADES_DECORRENTES_EXECUCAO_CONTRATOS_CONVENIOS_PRESTACAO_SERVICOS&quot;,&quot;code&quot;:&quot;RECEBIMENTOS_PAGAMENTOS_QUALQUER_NATUREZA_EXECUCAO_CONTRATOS_CONVENIO&quot;},{&quot;name&quot;:&quot;EXECUCAO_ATIVA_PASSIVA_ORDENS_PAGAMENTO_CURSADAS_INTERMEDIO_INSTITUICAO_CONTRATANTE_SOLICITACAO_CLIENTES_USUARIOS&quot;,&quot;code&quot;:&quot;EXECUCAO_ATIVA_PASSIVA_ORDENS_PAGAMENTO&quot;},{&quot;name&quot;:&quot;RECEPCAO_ENCAMINHAMENTO_PROPOSTAS_FORNECIMENTO_CARTAO_CREDITO_RESPONSABILIDADE_INSTITUICAO_CONTRATANTE&quot;,&quot;code&quot;:&quot;RECEBE_ENCAMINHA_PROPOSTAS_FORNECIMENTO_CARTAO_CREDITO&quot;},{&quot;name&quot;:&quot;RECEPCAO_ENCAMINHAMENTO_PROPOSTAS_OPERACAO_CREDITO_ARRENDAMENTO_MERCANTIL_CONCESSAO_INSTITUICAO_CONTRATANTE&quot;,&quot;code&quot;:&quot;RECEBE_ENCAMINHA_PROPOSTAS_CREDITO_ARRENDAMENTO_MERCANTIL&quot;}]},{&quot;identification&quot;:{&quot;corporationName&quot;:&quot;LOJAS RENNER S.A.-LOJA AV. IBIRAPUERA&quot;,&quot;groupName&quot;:&quot;LOJAS RENNER S.A.&quot;,&quot;cnpjNumber&quot;:&quot;92754738029578&quot;,&quot;isUnderestablishment&quot;:false},&quot;locations&quot;:[{&quot;postalAddress&quot;:{&quot;address&quot;:&quot;AVENIDA IBIRAPUERA, Nº 2.601&quot;,&quot;districtName&quot;:&quot;INDIANÓPOLIS&quot;,&quot;townName&quot;:&quot;SAO PAULO&quot;,&quot;countrySubDivision&quot;:&quot;SP&quot;,&quot;postCode&quot;:&quot;04029200&quot;,&quot;country&quot;:&quot;Brasil&quot;,&quot;countryCode&quot;:&quot;BRA&quot;},&quot;phones&quot;:[{&quot;type&quot;:&quot;FIXO&quot;,&quot;countryCallingCode&quot;:&quot;55&quot;,&quot;areaCode&quot;:&quot;85&quot;,&quot;number&quot;:&quot;33043862&quot;}],&quot;availability&quot;:{&quot;standards&quot;:[{&quot;weekday&quot;:&quot;SEGUNDA_FEIRA&quot;},{&quot;weekday&quot;:&quot;TERCA_FEIRA&quot;},{&quot;weekday&quot;:&quot;QUARTA_FEIRA&quot;},{&quot;weekday&quot;:&quot;QUINTA_FEIRA&quot;},{&quot;weekday&quot;:&quot;SEXTA_FEIRA&quot;},{&quot;weekday&quot;:&quot;SABADO&quot;}],&quot;exception&quot;:&quot;Exceto feriados municipais, estaduais e nacionais&quot;}}],&quot;services&quot;:[{&quot;name&quot;:&quot;RECEBIMENTOS_PAGAMENTOS_QUALQUER_NATUREZA_OUTRAS_ATIVIDADES_DECORRENTES_EXECUCAO_CONTRATOS_CONVENIOS_PRESTACAO_SERVICOS&quot;,&quot;code&quot;:&quot;RECEBIMENTOS_PAGAMENTOS_QUALQUER_NATUREZA_EXECUCAO_CONTRATOS_CONVENIO&quot;},{&quot;name&quot;:&quot;EXECUCAO_ATIVA_PASSIVA_ORDENS_PAGAMENTO_CURSADAS_INTERMEDIO_INSTITUICAO_CONTRATANTE_SOLICITACAO_CLIENTES_USUARIOS&quot;,&quot;code&quot;:&quot;EXECUCAO_ATIVA_PASSIVA_ORDENS_PAGAMENTO&quot;},{&quot;name&quot;:&quot;RECEPCAO_ENCAMINHAMENTO_PROPOSTAS_FORNECIMENTO_CARTAO_CREDITO_RESPONSABILIDADE_INSTITUICAO_CONTRATANTE&quot;,&quot;code&quot;:&quot;RECEBE_ENCAMINHA_PROPOSTAS_FORNECIMENTO_CARTAO_CREDITO&quot;},{&quot;name&quot;:&quot;RECEPCAO_ENCAMINHAMENTO_PROPOSTAS_OPERACAO_CREDITO_ARRENDAMENTO_MERCANTIL_CONCESSAO_INSTITUICAO_CONTRATANTE&quot;,&quot;code&quot;:&quot;RECEBE_ENCAMINHA_PROPOSTAS_CREDITO_ARRENDAMENTO_MERCANTIL&quot;}]},{&quot;identification&quot;:{&quot;corporationName&quot;:&quot;LOJAS RENNER S.A.-LOJA SHOPPING TERRAÇO&quot;,&quot;groupName&quot;:&quot;LOJAS RENNER S.A.&quot;,&quot;cnpjNumber&quot;:&quot;92754738029810&quot;,&quot;isUnderestablishment&quot;:false},&quot;locations&quot;:[{&quot;postalAddress&quot;:{&quot;address&quot;:&quot;SHC/AOS EA 02/08, LOTE 05, LOJAS 107, 108, 109, 110 E 111 TÉRREO&quot;,&quot;districtName&quot;:&quot;OCTOGONAL&quot;,&quot;townName&quot;:&quot;BRASILIA&quot;,&quot;countrySubDivision&quot;:&quot;DF&quot;,&quot;postCode&quot;:&quot;70660090&quot;,&quot;country&quot;:&quot;Brasil&quot;,&quot;countryCode&quot;:&quot;BRA&quot;},&quot;phones&quot;:[{&quot;type&quot;:&quot;FIXO&quot;,&quot;countryCallingCode&quot;:&quot;55&quot;,&quot;areaCode&quot;:&quot;85&quot;,&quot;number&quot;:&quot;33043864&quot;}],&quot;availability&quot;:{&quot;standards&quot;:[{&quot;weekday&quot;:&quot;DOMINGO&quot;},{&quot;weekday&quot;:&quot;SEGUNDA_FEIRA&quot;},{&quot;weekday&quot;:&quot;TERCA_FEIRA&quot;},{&quot;weekday&quot;:&quot;QUARTA_FEIRA&quot;},{&quot;weekday&quot;:&quot;QUINTA_FEIRA&quot;},{&quot;weekday&quot;:&quot;SEXTA_FEIRA&quot;},{&quot;weekday&quot;:&quot;SABADO&quot;}],&quot;exception&quot;:&quot;Exceto em datas festivas de Ano Novo, Dia das Mães, Dia dos Pais e Natal&quot;}}],&quot;services&quot;:[{&quot;name&quot;:&quot;RECEBIMENTOS_PAGAMENTOS_QUALQUER_NATUREZA_OUTRAS_ATIVIDADES_DECORRENTES_EXECUCAO_CONTRATOS_CONVENIOS_PRESTACAO_SERVICOS&quot;,&quot;code&quot;:&quot;RECEBIMENTOS_PAGAMENTOS_QUALQUER_NATUREZA_EXECUCAO_CONTRATOS_CONVENIO&quot;},{&quot;name&quot;:&quot;EXECUCAO_ATIVA_PASSIVA_ORDENS_PAGAMENTO_CURSADAS_INTERMEDIO_INSTITUICAO_CONTRATANTE_SOLICITACAO_CLIENTES_USUARIOS&quot;,&quot;code&quot;:&quot;EXECUCAO_ATIVA_PASSIVA_ORDENS_PAGAMENTO&quot;},{&quot;name&quot;:&quot;RECEPCAO_ENCAMINHAMENTO_PROPOSTAS_FORNECIMENTO_CARTAO_CREDITO_RESPONSABILIDADE_INSTITUICAO_CONTRATANTE&quot;,&quot;code&quot;:&quot;RECEBE_ENCAMINHA_PROPOSTAS_FORNECIMENTO_CARTAO_CREDITO&quot;},{&quot;name&quot;:&quot;RECEPCAO_ENCAMINHAMENTO_PROPOSTAS_OPERACAO_CREDITO_ARRENDAMENTO_MERCANTIL_CONCESSAO_INSTITUICAO_CONTRATANTE&quot;,&quot;code&quot;:&quot;RECEBE_ENCAMINHA_PROPOSTAS_CREDITO_ARRENDAMENTO_MERCANTIL&quot;}]},{&quot;identification&quot;:{&quot;corporationName&quot;:&quot;LOJAS RENNER S.A.-LOJA LARGO DO MACHADO&quot;,&quot;groupName&quot;:&quot;LOJAS RENNER S.A.&quot;,&quot;cnpjNumber&quot;:&quot;92754738030150&quot;,&quot;isUnderestablishment&quot;:false},&quot;locations&quot;:[{&quot;postalAddress&quot;:{&quot;address&quot;:&quot;RUA DO CATETE, Nº 359&quot;,&quot;districtName&quot;:&quot;CETETE&quot;,&quot;townName&quot;:&quot;RIO DE JANEIRO&quot;,&quot;countrySubDivision&quot;:&quot;RJ&quot;,&quot;postCode&quot;:&quot;22220001&quot;,&quot;country&quot;:&quot;Brasil&quot;,&quot;countryCode&quot;:&quot;BRA&quot;},&quot;phones&quot;:[{&quot;type&quot;:&quot;FIXO&quot;,&quot;countryCallingCode&quot;:&quot;55&quot;,&quot;areaCode&quot;:&quot;85&quot;,&quot;number&quot;:&quot;33043865&quot;}],&quot;availability&quot;:{&quot;standards&quot;:[{&quot;weekday&quot;:&quot;SEGUNDA_FEIRA&quot;},{&quot;weekday&quot;:&quot;TERCA_FEIRA&quot;},{&quot;weekday&quot;:&quot;QUARTA_FEIRA&quot;},{&quot;weekday&quot;:&quot;QUINTA_FEIRA&quot;},{&quot;weekday&quot;:&quot;SEXTA_FEIRA&quot;},{&quot;weekday&quot;:&quot;SABADO&quot;}],&quot;exception&quot;:&quot;Exceto feriados municipais, estaduais e nacionais&quot;}}],&quot;services&quot;:[{&quot;name&quot;:&quot;RECEBIMENTOS_PAGAMENTOS_QUALQUER_NATUREZA_OUTRAS_ATIVIDADES_DECORRENTES_EXECUCAO_CONTRATOS_CONVENIOS_PRESTACAO_SERVICOS&quot;,&quot;code&quot;:&quot;RECEBIMENTOS_PAGAMENTOS_QUALQUER_NATUREZA_EXECUCAO_CONTRATOS_CONVENIO&quot;},{&quot;name&quot;:&quot;EXECUCAO_ATIVA_PASSIVA_ORDENS_PAGAMENTO_CURSADAS_INTERMEDIO_INSTITUICAO_CONTRATANTE_SOLICITACAO_CLIENTES_USUARIOS&quot;,&quot;code&quot;:&quot;EXECUCAO_ATIVA_PASSIVA_ORDENS_PAGAMENTO&quot;},{&quot;name&quot;:&quot;RECEPCAO_ENCAMINHAMENTO_PROPOSTAS_FORNECIMENTO_CARTAO_CREDITO_RESPONSABILIDADE_INSTITUICAO_CONTRATANTE&quot;,&quot;code&quot;:&quot;RECEBE_ENCAMINHA_PROPOSTAS_FORNECIMENTO_CARTAO_CREDITO&quot;},{&quot;name&quot;:&quot;RECEPCAO_ENCAMINHAMENTO_PROPOSTAS_OPERACAO_CREDITO_ARRENDAMENTO_MERCANTIL_CONCESSAO_INSTITUICAO_CONTRATANTE&quot;,&quot;code&quot;:&quot;RECEBE_ENCAMINHA_PROPOSTAS_CREDITO_ARRENDAMENTO_MERCANTIL&quot;}]},{&quot;identification&quot;:{&quot;corporationName&quot;:&quot;LOJAS RENNER S.A.-LOJA BOSQUE GRÃO PARÁ&quot;,&quot;groupName&quot;:&quot;LOJAS RENNER S.A.&quot;,&quot;cnpjNumber&quot;:&quot;92754738032285&quot;,&quot;isUnderestablishment&quot;:false},&quot;locations&quot;:[{&quot;postalAddress&quot;:{&quot;address&quot;:&quot;RODOVIA DOS TRABALHADORES, S/N, LOJAS 0001A, 0008A, 0008B - PISO TÉRREO&quot;,&quot;districtName&quot;:&quot;PARQUE VERDE&quot;,&quot;townName&quot;:&quot;BELEM&quot;,&quot;countrySubDivision&quot;:&quot;PA&quot;,&quot;postCode&quot;:&quot;66635894&quot;,&quot;country&quot;:&quot;Brasil&quot;,&quot;countryCode&quot;:&quot;BRA&quot;},&quot;phones&quot;:[{&quot;type&quo
[...]
  <testcase name="testIdInvalidoSaldo" classname="br.com.realize.tests.fase02.Contas.Saldos.tests.GetSaldoTest" time="0.108"/>
  <testcase name="testObterSaldo" classname="br.com.realize.tests.fase02.Contas.Saldos.tests.GetSaldoTest" time="4.925"/>
  <testcase name="testGarantirContratosLimitesConta" classname="br.com.realize.tests.fase02.Contas.Limites.tests.GetLimiteTest" time="7.256">
    <failure message="1 expectation failed.&#10;Response body doesn&apos;t match expectation.&#10;Expected: The content to match the given JSON schema.&#10;error: instance type (array) does not match any allowed primitive type (allowed: [&quot;string&quot;])&#10;    level: &quot;error&quot;&#10;    schema: {&quot;loadingURI&quot;:&quot;#&quot;,&quot;pointer&quot;:&quot;/properties/meta/properties/requestDateTime&quot;}&#10;    instance: {&quot;pointer&quot;:&quot;/meta/requestDateTime&quot;}&#10;    domain: &quot;validation&quot;&#10;    keyword: &quot;type&quot;&#10;    found: &quot;array&quot;&#10;    expected: [&quot;string&quot;]&#10;&#10;  Actual: {&quot;data&quot;:{&quot;overdraftContractedLimit&quot;:0,&quot;overdraftContractedLimitCurrency&quot;:&quot;BRL&quot;,&quot;overdraftUsedLimit&quot;:0,&quot;overdraftUsedLimitCurrency&quot;:&quot;BRL&quot;,&quot;unarrangedOverdraftAmount&quot;:0,&quot;unarrangedOverdraftAmountCurrency&quot;:&quot;BRL&quot;},&quot;links&quot;:{&quot;self&quot;:&quot;http://10.120.192.16/open-banking/accounts/v1/accounts/e92c51df-b68c-4faa-9cbc-4cb1b232781f/overdraft-limits&quot;,&quot;first&quot;:null,&quot;prev&quot;:null,&quot;next&quot;:null,&quot;last&quot;:null},&quot;meta&quot;:{&quot;totalRecords&quot;:1,&quot;totalPages&quot;:1,&quot;requestDateTime&quot;:[2021,6,23,22,53,47,105080000]}}&#10;" type="java.lang.AssertionError">java.lang.AssertionError: 
1 expectation failed.
Response body doesn't match expectation.
Expected: The content to match the given JSON schema.
error: instance type (array) does not match any allowed primitive type (allowed: ["string"])
    level: "error"
    schema: {"loadingURI":"#","pointer":"/properties/meta/properties/requestDateTime"}
    instance: {"pointer":"/meta/requestDateTime"}
    domain: "validation"
    keyword: "type"
    found: "array"
    expected: ["string"]

  Actual: {"data":{"overdraftContractedLimit":0,"overdraftContractedLimitCurrency":"BRL","overdraftUsedLimit":0,"overdraftUsedLimitCurrency":"BRL","unarrangedOverdraftAmount":0,"unarrangedOverdraftAmountCurrency":"BRL"},"links":{"self":"http://10.120.192.16/open-banking/accounts/v1/accounts/e92c51df-b68c-4faa-9cbc-4cb1b232781f/overdraft-limits","first":null,"prev":null,"next":null,"last":null},"meta":{"totalRecords":1,"totalPages":1,"requestDateTime":[2021,6,23,22,53,47,105080000]}}

	at br.com.realize.tests.fase02.Contas.Limites.tests.GetLimiteTest.testGarantirContratosLimitesConta(GetLimiteTest.java:92)
</failure>
    <system-out><![CDATA[Request method:	GET
Request URI:	http://10.120.192.16/open-banking/accounts/v1/accounts/e92c51df-b68c-4faa-9cbc-4cb1b232781f/overdraft-limits
Proxy:			<none>
Request params:	<none>
Query params:	<none>
Form params:	<none>
Path params:	<none>
Headers:		Accept=*/*
				Content-Type=application/json; charset=UTF-8
Cookies:		<none>
Multiparts:		<none>
Body:			<none>

HTTP/1.1 200 OK
Date: Thu, 24 Jun 2021 01:53:47 GMT
Content-Type: application/json
Transfer-Encoding: chunked
Connection: keep-alive
Content-Encoding: gzip

{
    "data": {
        "overdraftContractedLimit": 0,
        "overdraftContractedLimitCurrency": "BRL",
        "overdraftUsedLimit": 0,
        "overdraftUsedLimitCurrency": "BRL",
        "unarrangedOverdraftAmount": 0,
        "unarrangedOverdraftAmountCurrency": "BRL"
    },
    "links": {
        "self": "http://10.120.192.16/open-banking/accounts/v1/accounts/e92c51df-b68c-4faa-9cbc-4cb1b232781f/overdraft-limits",
        "first": null,
        "prev": null,
        "next": null,
        "last": null
    },
    "meta": {
        "totalRecords": 1,
        "totalPages": 1,
        "requestDateTime": [
            2021,
            6,
            23,
            22,
            53,
            47,
            105080000
        ]
    }
}
]]></system-out>
  </testcase>
  <testcase name="testMetodoNaoSuportado" classname="br.com.realize.tests.fase02.Contas.Limites.tests.GetLimiteTest" time="4.512"/>
  <testcase name="testPathInvalido" classname="br.com.realize.tests.fase02.Contas.Limites.tests.GetLimiteTest" time="4.851"/>
  <testcase name="testIdInvalidoLimite" classname="br.com.realize.tests.fase02.Contas.Limites.tests.GetLimiteTest" time="0.084"/>
  <testcase name="testObterLimites" classname="br.com.realize.tests.fase02.Contas.Limites.tests.GetLimiteTest" time="15.825"/>
  <testcase name="testValidarIdentificacaoConta" classname="br.com.realize.tests.fase02.Contas.IdentificacaoConta.tests.GetIdentificacaoContaTest" time="3.392"/>
  <testcase name="testMetodoNaoSuportado" classname="br.com.realize.tests.fase02.Contas.IdentificacaoConta.tests.GetIdentificacaoContaTest" time="0.075"/>
  <testcase name="testIdInvalido" classname="br.com.realize.tests.fase02.Contas.IdentificacaoConta.tests.GetIdentificacaoContaTest" time="0.098"/>
  <testcase name="testPathInvalido" classname="br.com.realize.tests.fase02.Contas.IdentificacaoConta.tests.GetIdentificacaoContaTest" time="0.121"/>
  <testcase name="testGarantirContratosInformacoesConta" classname="br.com.realize.tests.fase02.Contas.IdentificacaoConta.tests.GetIdentificacaoContaTest" time="1.692">
    <failure message="1 expectation failed.&#10;Response body doesn&apos;t match expectation.&#10;Expected: The content to match the given JSON schema.&#10;error: instance type (array) does not match any allowed primitive type (allowed: [&quot;string&quot;])&#10;    level: &quot;error&quot;&#10;    schema: {&quot;loadingURI&quot;:&quot;#&quot;,&quot;pointer&quot;:&quot;/properties/meta/properties/requestDateTime&quot;}&#10;    instance: {&quot;pointer&quot;:&quot;/meta/requestDateTime&quot;}&#10;    domain: &quot;validation&quot;&#10;    keyword: &quot;type&quot;&#10;    found: &quot;array&quot;&#10;    expected: [&quot;string&quot;]&#10;&#10;  Actual: {&quot;data&quot;:{&quot;compeCode&quot;:&quot;374&quot;,&quot;branchCode&quot;:&quot;0001&quot;,&quot;number&quot;:&quot;681819020&quot;,&quot;checkDigit&quot;:&quot;6&quot;,&quot;type&quot;:&quot;CONTA_PAGAMENTO_PRE_PAGA&quot;,&quot;subtype&quot;:&quot;INDIVIDUAL&quot;,&quot;currency&quot;:&quot;BRL&quot;},&quot;links&quot;:{&quot;self&quot;:&quot;http://10.120.192.16/open-banking/accounts/v1/accounts/28ef66f8-8e67-4d66-9420-9ce873f78214&quot;,&quot;first&quot;:null,&quot;prev&quot;:null,&quot;next&quot;:null,&quot;last&quot;:null},&quot;meta&quot;:{&quot;totalRecords&quot;:1,&quot;totalPages&quot;:1,&quot;requestDateTime&quot;:[2021,6,23,22,54,39,279091000]}}&#10;" type="java.lang.AssertionError">java.lang.AssertionError: 
1 expectation failed.
Response body doesn't match expectation.
Expected: The content to match the given JSON schema.
error: instance type (array) does not match any allowed primitive type (allowed: ["string"])
    level: "error"
    schema: {"loadingURI":"#","pointer":"/properties/meta/properties/requestDateTime"}
    instance: {"pointer":"/meta/requestDateTime"}
    domain: "validation"
    keyword: "type"
    found: "array"
    expected: ["string"]

  Actual: {"data":{"compeCode":"374","branchCode":"0001","number":"681819020","checkDigit":"6","type":"CONTA_PAGAMENTO_PRE_PAGA","subtype":"INDIVIDUAL","currency":"BRL"},"links":{"self":"http://10.120.192.16/open-banking/accounts/v1/accounts/28ef66f8-8e67-4d66-9420-9ce873f78214","first":null,"prev":null,"next":null,"last":null},"meta":{"totalRecords":1,"totalPages":1,"requestDateTime":[2021,6,23,22,54,39,279091000]}}

	at br.com.realize.tests.fase02.Contas.IdentificacaoConta.tests.GetIdentificacaoContaTest.testGarantirContratosInformacoesConta(GetIdentificacaoContaTest.java:56)
</failure>
    <system-out><![CDATA[Request method:	GET
Request URI:	http://10.120.192.16/open-banking/accounts/v1/accounts/28ef66f8-8e67-4d66-9420-9ce873f78214
Proxy:			<none>
Request params:	<none>
Query params:	<none>
Form params:	<none>
Path params:	<none>
Headers:		Accept=*/*
				Content-Type=application/json; charset=UTF-8
Cookies:		<none>
Multiparts:		<none>
Body:			<none>

HTTP/1.1 200 OK
Date: Thu, 24 Jun 2021 01:54:39 GMT
Content-Type: application/json
Transfer-Encoding: chunked
Connection: keep-alive
Content-Encoding: gzip

{
    "data": {
        "compeCode": "374",
        "branchCode": "0001",
        "number": "681819020",
        "checkDigit": "6",
        "type": "CONTA_PAGAMENTO_PRE_PAGA",
        "subtype": "INDIVIDUAL",
        "currency": "BRL"
    },
    "links": {
        "self": "http://10.120.192.16/open-banking/accounts/v1/accounts/28ef66f8-8e67-4d66-9420-9ce873f78214",
        "first": null,
        "prev": null,
        "next": null,
        "last": null
    },
    "meta": {
        "totalRecords": 1,
        "totalPages": 1,
        "requestDateTime": [
            2021,
            6,
            23,
            22,
            54,
            39,
            279091000
        ]
    }
}
]]></system-out>
  </testcase>
  <testcase name="testCpfInvalido" classname="br.com.realize.tests.fase02.DadosCadastrais.IdentificacaoPessoaNatural.tests.GetIdentificacaoPessoaNaturalTest" time="0.065">
    <failure message="1 expectation failed.&#10;Expected status code &lt;400&gt; but was &lt;500&gt;.&#10;" type="java.lang.AssertionError"><![CDATA[java.lang.AssertionError: 
1 expectation failed.
Expected status code <400> but was <500>.

	at br.com.realize.tests.fase02.DadosCadastrais.IdentificacaoPessoaNatural.tests.GetIdentificacaoPessoaNaturalTest.testCpfInvalido(GetIdentificacaoPessoaNaturalTest.java:89)
]]></failure>
    <system-out><![CDATA[Request method:	GET
Request URI:	http://10.120.192.16/open-banking/customers/v1/personal/identifications?cpf=98765432101&page=1&page-size=25
Proxy:			<none>
Request params:	<none>
Query params:	cpf=98765432101
				page=1
				page-size=25
Form params:	<none>
Path params:	<none>
Headers:		Accept=*/*
				Content-Type=application/json; charset=UTF-8
Cookies:		<none>
Multiparts:		<none>
Body:			<none>

HTTP/1.1 500 Internal Server Error
Date: Thu, 24 Jun 2021 01:54:39 GMT
Content-Type: application/json
Transfer-Encoding: chunked
Connection: keep-alive
Content-Encoding: gzip

{
    "errors": [
        {
            "code": "500",
            "title": "O repositório buscado se encontra vazio.",
            "detail": "Nenhuma Identificação de Pessoa Natural encontrada."
        }
    ]
}
]]></system-out>
  </testcase>
  <testcase name="testGarantirContratosIdentificacaoPessoaNatural" classname="br.com.realize.tests.fase02.DadosCadastrais.IdentificacaoPessoaNatural.tests.GetIdentificacaoPessoaNaturalTest" time="0.074">
    <failure message="1 expectation failed.&#10;Expected status code &lt;200&gt; but was &lt;500&gt;.&#10;" type="java.lang.AssertionError"><![CDATA[java.lang.AssertionError: 
1 expectation failed.
Expected status code <200> but was <500>.

	at br.com.realize.tests.fase02.DadosCadastrais.IdentificacaoPessoaNatural.tests.GetIdentificacaoPessoaNaturalTest.testGarantirContratosIdentificacaoPessoaNatural(GetIdentificacaoPessoaNaturalTest.java:55)
]]></failure>
    <system-out><![CDATA[Request method:	GET
Request URI:	http://10.120.192.16/open-banking/customers/v1/personal/identifications?cpfCnpj=11162630094&page=1&page-size=25
Proxy:			<none>
Request params:	<none>
Query params:	cpfCnpj=11162630094
				page=1
				page-size=25
Form params:	<none>
Path params:	<none>
Headers:		Accept=*/*
				Content-Type=application/json; charset=UTF-8
Cookies:		<none>
Multiparts:		<none>
Body:			<none>

HTTP/1.1 500 Internal Server Error
Date: Thu, 24 Jun 2021 01:54:39 GMT
Content-Type: application/json
Transfer-Encoding: chunked
Connection: keep-alive
Content-Encoding: gzip

{
    "errors": [
        {
            "code": "500",
            "title": "O repositório buscado se encontra vazio.",
            "detail": "Nenhuma Identificação de Pessoa Natural encontrada."
        }
    ]
}
]]></system-out>
  </testcase>
  <testcase name="testMetodoNaoSuportado" classname="br.com.realize.tests.fase02.DadosCadastrais.IdentificacaoPessoaNatural.tests.GetIdentificacaoPessoaNaturalTest" time="0.066">
    <failure message="1 expectation failed.&#10;Expected status code &lt;405&gt; but was &lt;500&gt;.&#10;" type="java.lang.AssertionError"><![CDATA[java.lang.AssertionError: 
1 expectation failed.
Expected status code <405> but was <500>.

	at br.com.realize.tests.fase02.DadosCadastrais.IdentificacaoPessoaNatural.tests.GetIdentificacaoPessoaNaturalTest.testMetodoNaoSuportado(GetIdentificacaoPessoaNaturalTest.java:78)
]]></failure>
    <system-out><![CDATA[Request method:	POST
Request URI:	http://10.120.192.16/open-banking/customers/v1/personal/identifications?cpfCnpj=11162630094&page=1&page-size=25
Proxy:			<none>
Request params:	<none>
Query params:	cpfCnpj=11162630094
				page=1
				page-size=25
Form params:	<none>
Path params:	<none>
Headers:		Accept=*/*
				Content-Type=application/json; charset=UTF-8
Cookies:		<none>
Multiparts:		<none>
Body:			<none>

HTTP/1.1 500 Internal Server Error
Date: Thu, 24 Jun 2021 01:54:39 GMT
Content-Type: application/json
Transfer-Encoding: chunked
Connection: keep-alive
Content-Encoding: gzip

{
    "errors": [
        {
            "code": "500",
            "title": "Ocorreu um erro inesperado ao processar sua requisição.",
            "detail": "Request method 'POST' not supported"
        }
    ]
}
]]></system-out>
  </testcase>
  <testcase name="testPathInvalido" classname="br.com.realize.tests.fase02.DadosCadastrais.IdentificacaoPessoaNatural.tests.GetIdentificacaoPessoaNaturalTest" time="0.09"/>
  <testcase name="testValidarIdentificacaoPessoaNatural" classname="br.com.realize.tests.fase02.DadosCadastrais.IdentificacaoPessoaNatural.tests.GetIdentificacaoPessoaNaturalTest" time="0.083">
    <failure message="1 expectation failed.&#10;Expected status code &lt;200&gt; but was &lt;500&gt;.&#10;" type="java.lang.AssertionError"><![CDATA[java.lang.AssertionError: 
1 expectation failed.
Expected status code <200> but was <500>.

	at br.com.realize.tests.fase02.DadosCadastrais.IdentificacaoPessoaNatural.tests.GetIdentificacaoPessoaNaturalTest.testValidarIdentificacaoPessoaNatural(GetIdentificacaoPessoaNaturalTest.java:37)
]]></failure>
    <system-out><![CDATA[Request method:	GET
Request URI:	http://10.120.192.16/open-banking/customers/v1/personal/identifications?cpfCnpj=15218532827&page=1&page-size=25
Proxy:			<none>
Request params:	<none>
Query params:	cpfCnpj=15218532827
				page=1
				page-size=25
Form params:	<none>
Path params:	<none>
Headers:		Accept=*/*
				Content-Type=application/json; charset=UTF-8
Cookies:		<none>
Multiparts:		<none>
Body:			<none>

HTTP/1.1 500 Internal Server Error
Date: Thu, 24 Jun 2021 01:54:39 GMT
Content-Type: application/json
Transfer-Encoding: chunked
Connection: keep-alive
Content-Encoding: gzip

{
    "errors": [
        {
            "code": "500",
            "title": "O repositório buscado se encontra vazio.",
            "detail": "Nenhuma Identificação de Pessoa Natural encontrada."
        }
    ]
}
]]></system-out>
  </testcase>
  <testcase name="testGarantirContratosIdentificacaoPessoaNatural" classname="br.com.realize.tests.fase02.DadosCadastrais.QualificacaoPessoaNatural.tests.GetQualificacaoPessoaNaturalTest" time="0.076">
    <failure message="1 expectation failed.&#10;Expected status code &lt;200&gt; but was &lt;500&gt;.&#10;" type="java.lang.AssertionError"><![CDATA[java.lang.AssertionError: 
1 expectation failed.
Expected status code <200> but was <500>.

	at br.com.realize.tests.fase02.DadosCadastrais.QualificacaoPessoaNatural.tests.GetQualificacaoPessoaNaturalTest.testGarantirContratosIdentificacaoPessoaNatural(GetQualificacaoPessoaNaturalTest.java:56)
]]></failure>
    <system-out><![CDATA[Request method:	GET
Request URI:	http://10.120.192.16/open-banking/customers/v1/personal/qualifications?cpfCnpj=11162630094&page=1&page-size=25
Proxy:			<none>
Request params:	<none>
Query params:	cpfCnpj=11162630094
				page=1
				page-size=25
Form params:	<none>
Path params:	<none>
Headers:		Accept=*/*
				Content-Type=application/json; charset=UTF-8
Cookies:		<none>
Multiparts:		<none>
Body:			<none>

HTTP/1.1 500 Internal Server Error
Date: Thu, 24 Jun 2021 01:54:39 GMT
Content-Type: application/json
Transfer-Encoding: chunked
Connection: keep-alive
Content-Encoding: gzip

{
    "errors": [
        {
            "code": "500",
            "title": "O repositório buscado se encontra vazio.",
            "detail": "Nenhuma Qualificação de Pessoa Natural encontrada."
        }
    ]
}
]]></system-out>
  </testcase>
  <testcase name="testMetodoNaoSuportado" classname="br.com.realize.tests.fase02.DadosCadastrais.QualificacaoPessoaNatural.tests.GetQualificacaoPessoaNaturalTest" time="0.071">
    <failure message="1 expectation failed.&#10;Expected status code &lt;405&gt; but was &lt;500&gt;.&#10;" type="java.lang.AssertionError"><![CDATA[java.lang.AssertionError: 
1 expectation failed.
Expected status code <405> but was <500>.

	at br.com.realize.tests.fase02.DadosCadastrais.QualificacaoPessoaNatural.tests.GetQualificacaoPessoaNaturalTest.testMetodoNaoSuportado(GetQualificacaoPessoaNaturalTest.java:79)
]]></failure>
    <system-out><![CDATA[Request method:	POST
Request URI:	http://10.120.192.16/open-banking/customers/v1/personal/qualifications?cpfCnpj=75629018051&page=1&page-size=25
Proxy:			<none>
Request params:	<none>
Query params:	cpfCnpj=75629018051
				page=1
				page-size=25
Form params:	<none>
Path params:	<none>
Headers:		Accept=*/*
				Content-Type=application/json; charset=UTF-8
Cookies:		<none>
Multiparts:		<none>
Body:			<none>

HTTP/1.1 500 Internal Server Error
Date: Thu, 24 Jun 2021 01:54:39 GMT
Content-Type: application/json
Transfer-Encoding: chunked
Connection: keep-alive
Content-Encoding: gzip

{
    "errors": [
        {
            "code": "500",
            "title": "Ocorreu um erro inesperado ao processar sua requisição.",
            "detail": "Request method 'POST' not supported"
        }
    ]
}
]]></system-out>
  </testcase>
  <testcase name="testPathInvalido" classname="br.com.realize.tests.fase02.DadosCadastrais.QualificacaoPessoaNatural.tests.GetQualificacaoPessoaNaturalTest" time="0.066"/>
  <testcase name="testValidarIdentificacaoPessoaNatural" classname="br.com.realize.tests.fase02.DadosCadastrais.QualificacaoPessoaNatural.tests.GetQualificacaoPessoaNaturalTest" time="0.083">
    <failure message="1 expectation failed.&#10;Expected status code &lt;200&gt; but was &lt;500&gt;.&#10;" type="java.lang.AssertionError"><![CDATA[java.lang.AssertionError: 
1 expectation failed.
Expected status code <200> but was <500>.

	at br.com.realize.tests.fase02.DadosCadastrais.QualificacaoPessoaNatural.tests.GetQualificacaoPessoaNaturalTest.testValidarIdentificacaoPessoaNatural(GetQualificacaoPessoaNaturalTest.java:38)
]]></failure>
    <system-out><![CDATA[Request method:	GET
Request URI:	http://10.120.192.16/open-banking/customers/v1/personal/qualifications?cpfCnpj=75629018051&page=1&page-size=25
Proxy:			<none>
Request params:	<none>
Query params:	cpfCnpj=75629018051
				page=1
				page-size=25
Form params:	<none>
Path params:	<none>
Headers:		Accept=*/*
				Content-Type=application/json; charset=UTF-8
Cookies:		<none>
Multiparts:		<none>
Body:			<none>

HTTP/1.1 500 Internal Server Error
Date: Thu, 24 Jun 2021 01:54:39 GMT
Content-Type: application/json
Transfer-Encoding: chunked
Connection: keep-alive
Content-Encoding: gzip

{
    "errors": [
        {
            "code": "500",
            "title": "O repositório buscado se encontra vazio.",
            "detail": "Nenhuma Qualificação de Pessoa Natural encontrada."
        }
    ]
}
]]></system-out>
  </testcase>
</testsuite>