<?xml version="1.0" encoding="UTF-8"?>
<testsuite xmlns:xsi="http://www.w3.org/2001/XMLSchema-instance" xsi:noNamespaceSchemaLocation="https://maven.apache.org/surefire/maven-surefire-plugin/xsd/surefire-test-report.xsd" name="br.com.realize.tests.fase01.ProdutosServicos.EmprestimoPessoaJuridica.tests.GetEmprestimoPessoaJuridicaTest" time="1.694" tests="10" errors="0" skipped="0" failures="1">
  <properties>
[...]
</properties>
  <testcase name="testNumeroPaginaInvalido" classname="br.com.realize.tests.fase01.ProdutosServicos.EmprestimoPessoaJuridica.tests.GetEmprestimoPessoaJuridicaTest" time="0"/>
  <testcase name="testTamanhoPaginaSuperior" classname="br.com.realize.tests.fase01.ProdutosServicos.EmprestimoPessoaJuridica.tests.GetEmprestimoPessoaJuridicaTest" time="0"/>
  <testcase name="testNumeroPaginaZero" classname="br.com.realize.tests.fase01.ProdutosServicos.EmprestimoPessoaJuridica.tests.GetEmprestimoPessoaJuridicaTest" time="0"/>
  <testcase name="testEmprestimoMicrocreditoPessoaJuridica" classname="br.com.realize.tests.fase01.ProdutosServicos.EmprestimoPessoaJuridica.tests.GetEmprestimoPessoaJuridicaTest" time="0"/>
  <testcase name="testMetodoNaoSuportado" classname="br.com.realize.tests.fase01.ProdutosServicos.EmprestimoPessoaJuridica.tests.GetEmprestimoPessoaJuridicaTest" time="0"/>
  <testcase name="testPathInvalido" classname="br.com.realize.tests.fase01.ProdutosServicos.EmprestimoPessoaJuridica.tests.GetEmprestimoPessoaJuridicaTest" time="0"/>
  <testcase name="testTamanhoPaginaInvalido" classname="br.com.realize.tests.fase01.ProdutosServicos.EmprestimoPessoaJuridica.tests.GetEmprestimoPessoaJuridicaTest" time="0"/>
  <testcase name="testTamanhoPaginaZero" classname="br.com.realize.tests.fase01.ProdutosServicos.EmprestimoPessoaJuridica.tests.GetEmprestimoPessoaJuridicaTest" time="0"/>
  <testcase name="testNumeroPaginaNaoLocalizado" classname="br.com.realize.tests.fase01.ProdutosServicos.EmprestimoPessoaJuridica.tests.GetEmprestimoPessoaJuridicaTest" time="0"/>
  <testcase name="testGarantirEmprestimoPessoaJuridica" classname="br.com.realize.tests.fase01.ProdutosServicos.EmprestimoPessoaJuridica.tests.GetEmprestimoPessoaJuridicaTest" time="1.689">
    <failure message="1 expectation failed.&#10;Response body doesn&apos;t match expectation.&#10;Expected: The content to match the given JSON schema.&#10;error: object has missing required properties ([&quot;brand&quot;])&#10;    level: &quot;error&quot;&#10;    schema: {&quot;loadingURI&quot;:&quot;#&quot;,&quot;pointer&quot;:&quot;/properties/data&quot;}&#10;    instance: {&quot;pointer&quot;:&quot;/data&quot;}&#10;    domain: &quot;validation&quot;&#10;    keyword: &quot;required&quot;&#10;    required: [&quot;brand&quot;]&#10;    missing: [&quot;brand&quot;]&#10;&#10;  Actual: {&quot;data&quot;:{&quot;name&quot;:&quot;REALIZE CFI S.A.&quot;,&quot;companies&quot;:[{&quot;name&quot;:&quot;REALIZE CRÉDITO, FINANCIAMENTO E INVESTIMENTO S.A.&quot;,&quot;cnpjNumber&quot;:&quot;27351731&quot;,&quot;businessLoans&quot;:[{&quot;type&quot;:&quot;EMPRESTIMO_MICROCREDITO_PRODUTIVO_ORIENTADO&quot;,&quot;fees&quot;:{&quot;services&quot;:[{&quot;name&quot;:&quot;Taxa de Abertura de Crédito - Microcrédito Produtivo Orientado&quot;,&quot;code&quot;:&quot;NA&quot;,&quot;chargingTriggerInfo&quot;:&quot;3% do valor do contrato&quot;,&quot;prices&quot;:[{&quot;interval&quot;:&quot;1_FAIXA&quot;,&quot;value&quot;:&quot;2000.00&quot;,&quot;currency&quot;:&quot;BRL&quot;,&quot;customers&quot;:{&quot;rate&quot;:&quot;0.1500&quot;}},{&quot;interval&quot;:&quot;2_FAIXA&quot;,&quot;value&quot;:&quot;3200.00&quot;,&quot;currency&quot;:&quot;BRL&quot;,&quot;customers&quot;:{&quot;rate&quot;:&quot;0.3500&quot;}},{&quot;interval&quot;:&quot;3_FAIXA&quot;,&quot;value&quot;:&quot;5072.00&quot;,&quot;currency&quot;:&quot;BRL&quot;,&quot;customers&quot;:{&quot;rate&quot;:&quot;0.2000&quot;}},{&quot;interval&quot;:&quot;4_FAIXA&quot;,&quot;value&quot;:&quot;7006.00&quot;,&quot;currency&quot;:&quot;BRL&quot;,&quot;customers&quot;:{&quot;rate&quot;:&quot;0.3000&quot;}}],&quot;minimum&quot;:{&quot;value&quot;:&quot;1350.00&quot;,&quot;currency&quot;:&quot;BRL&quot;},&quot;maximum&quot;:{&quot;value&quot;:&quot;8800.00&quot;,&quot;currency&quot;:&quot;BRL&quot;}}]},&quot;interestRates&quot;:[{&quot;referentialRateIndexer&quot;:&quot;POS_FIXADO_TR_TBF&quot;,&quot;rate&quot;:&quot;0.15&quot;,&quot;applications&quot;:[{&quot;interval&quot;:&quot;1_FAIXA&quot;,&quot;indexer&quot;:{&quot;rate&quot;:&quot;0.0987&quot;},&quot;customers&quot;:{&quot;rate&quot;:&quot;0.1500&quot;}},{&quot;interval&quot;:&quot;2_FAIXA&quot;,&quot;indexer&quot;:{&quot;rate&quot;:&quot;0.1600&quot;},&quot;customers&quot;:{&quot;rate&quot;:&quot;0.3500&quot;}},{&quot;interval&quot;:&quot;3_FAIXA&quot;,&quot;indexer&quot;:{&quot;rate&quot;:&quot;0.3600&quot;},&quot;customers&quot;:{&quot;rate&quot;:&quot;0.2000&quot;}},{&quot;interval&quot;:&quot;4_FAIXA&quot;,&quot;indexer&quot;:{&quot;rate&quot;:&quot;0.5890&quot;},&quot;customers&quot;:{&quot;rate&quot;:&quot;0.3000&quot;}}],&quot;minimumRate&quot;:&quot;0.0889&quot;,&quot;maximumRate&quot;:&quot;0.6865&quot;}],&quot;requiredWarranties&quot;:[&quot;OUTRAS_GARANTIAS_NAO_FIDEJUSSORIAS&quot;],&quot;termsConditions&quot;:&quot;https://empresaa1.com/personal_loans&quot;},{&quot;type&quot;:&quot;EMPRESTIMO_CHEQUE_ESPECIAL&quot;,&quot;fees&quot;:{&quot;services&quot;:[{&quot;name&quot;:&quot;Cheque Especial&quot;,&quot;code&quot;:&quot;NA&quot;,&quot;chargingTriggerInfo&quot;:&quot;0,25% sobre o excente do limite acima de R$500,00&quot;,&quot;prices&quot;:[{&quot;interval&quot;:&quot;1_FAIXA&quot;,&quot;value&quot;:&quot;2000.00&quot;,&quot;currency&quot;:&quot;BRL&quot;,&quot;customers&quot;:{&quot;rate&quot;:&quot;0.1500&quot;}},{&quot;interval&quot;:&quot;2_FAIXA&quot;,&quot;value&quot;:&quot;3200.00&quot;,&quot;currency&quot;:&quot;BRL&quot;,&quot;customers&quot;:{&quot;rate&quot;:&quot;0.3500&quot;}},{&quot;interval&quot;:&quot;3_FAIXA&quot;,&quot;value&quot;:&quot;5072.00&quot;,&quot;currency&quot;:&quot;BRL&quot;,&quot;customers&quot;:{&quot;rate&quot;:&quot;0.2000&quot;}},{&quot;interval&quot;:&quot;4_FAIXA&quot;,&quot;value&quot;:&quot;6006.00&quot;,&quot;currency&quot;:&quot;BRL&quot;,&quot;customers&quot;:{&quot;rate&quot;:&quot;0.3000&quot;}}],&quot;minimum&quot;:{&quot;value&quot;:&quot;1300.00&quot;,&quot;currency&quot;:&quot;BRL&quot;},&quot;maximum&quot;:{&quot;value&quot;:&quot;6800.00&quot;,&quot;currency&quot;:&quot;BRL&quot;}}]},&quot;interestRates&quot;:[{&quot;referentialRateIndexer&quot;:&quot;POS_FIXADO_TR_TBF&quot;,&quot;rate&quot;:&quot;0.10&quot;,&quot;applications&quot;:[{&quot;interval&quot;:&quot;1_FAIXA&quot;,&quot;indexer&quot;:{&quot;rate&quot;:&quot;0.0987&quot;},&quot;customers&quot;:{&quot;rate&quot;:&quot;0.1500&quot;}},{&quot;interval&quot;:&quot;2_FAIXA&quot;,&quot;indexer&quot;:{&quot;rate&quot;:&quot;0.1600&quot;},&quot;customers&quot;:{&quot;rate&quot;:&quot;0.3500&quot;}},{&quot;interval&quot;:&quot;3_FAIXA&quot;,&quot;indexer&quot;:{&quot;rate&quot;:&quot;0.3600&quot;},&quot;customers&quot;:{&quot;rate&quot;:&quot;0.2000&quot;}},{&quot;interval&quot;:&quot;4_FAIXA&quot;,&quot;indexer&quot;:{&quot;rate&quot;:&quot;0.7680&quot;},&quot;customers&quot;:{&quot;rate&quot;:&quot;0.3000&quot;}}],&quot;minimumRate&quot;:&quot;0.0889&quot;,&quot;maximumRate&quot;:&quot;0.6865&quot;}],&quot;requiredWarranties&quot;:[&quot;GARANTIA_FIDEJUSSORIA&quot;],&quot;termsConditions&quot;:&quot;https://empresaa1.com/personal_loans&quot;},{&quot;type&quot;:&quot;EMPRESTIMO_CONTA_GARANTIDA&quot;,&quot;fees&quot;:{&quot;services&quot;:[{&quot;name&quot;:&quot;Descoberto em C/C, Conta garantida&quot;,&quot;code&quot;:&quot;NA&quot;,&quot;chargingTriggerInfo&quot;:&quot;Tarifa R$63,00&quot;,&quot;prices&quot;:[{&quot;interval&quot;:&quot;1_FAIXA&quot;,&quot;value&quot;:&quot;1500.00&quot;,&quot;currency&quot;:&quot;BRL&quot;,&quot;customers&quot;:{&quot;rate&quot;:&quot;0.1500&quot;}},{&quot;interval&quot;:&quot;2_FAIXA&quot;,&quot;value&quot;:&quot;3800.00&quot;,&quot;currency&quot;:&quot;BRL&quot;,&quot;customers&quot;:{&quot;rate&quot;:&quot;0.3500&quot;}},{&quot;interval&quot;:&quot;3_FAIXA&quot;,&quot;value&quot;:&quot;4090.00&quot;,&quot;currency&quot;:&quot;BRL&quot;,&quot;customers&quot;:{&quot;rate&quot;:&quot;0.2000&quot;}},{&quot;interval&quot;:&quot;4_FAIXA&quot;,&quot;value&quot;:&quot;7786.00&quot;,&quot;currency&quot;:&quot;BRL&quot;,&quot;customers&quot;:{&quot;rate&quot;:&quot;0.3000&quot;}}],&quot;minimum&quot;:{&quot;value&quot;:&quot;830.00&quot;,&quot;currency&quot;:&quot;BRL&quot;},&quot;maximum&quot;:{&quot;value&quot;:&quot;8800.00&quot;,&quot;currency&quot;:&quot;BRL&quot;}}]},&quot;interestRates&quot;:[{&quot;referentialRateIndexer&quot;:&quot;POS_FIXADO_TR_TBF&quot;,&quot;rate&quot;:&quot;0.10&quot;,&quot;applications&quot;:[{&quot;interval&quot;:&quot;1_FAIXA&quot;,&quot;indexer&quot;:{&quot;rate&quot;:&quot;0.0987&quot;},&quot;customers&quot;:{&quot;rate&quot;:&quot;0.1500&quot;}},{&quot;interval&quot;:&quot;2_FAIXA&quot;,&quot;indexer&quot;:{&quot;rate&quot;:&quot;0.3600&quot;},&quot;customers&quot;:{&quot;rate&quot;:&quot;0.3500&quot;}},{&quot;interval&quot;:&quot;3_FAIXA&quot;,&quot;indexer&quot;:{&quot;rate&quot;:&quot;0.3600&quot;},&quot;customers&quot;:{&quot;rate&quot;:&quot;0.2000&quot;}},{&quot;interval&quot;:&quot;4_FAIXA&quot;,&quot;indexer&quot;:{&quot;rate&quot;:&quot;0.7680&quot;},&quot;customers&quot;:{&quot;rate&quot;:&quot;0.3000&quot;}}],&quot;minimumRate&quot;:&quot;0.0889&quot;,&quot;maximumRate&quot;:&quot;0.6865&quot;}],&quot;requiredWarranties&quot;:[&quot;GARANTIA_FIDEJUSSORIA&quot;],&quot;termsConditions&quot;:&quot;https://empresaa1.com/personal_loans&quot;},{&quot;type&quot;:&quot;EMPRESTIMO_CAPITAL_GIRO_PRAZO_VENCIMENTO_ATE_365_DIAS&quot;,&quot;fees&quot;:{&quot;services&quot;:[{&quot;name&quot;:&quot;Contratação&quot;,&quot;code&quot;:&quot;NA&quot;,&quot;chargingTriggerInfo&quot;:&quot;(mín. R$ 100,00 máx. R$ 3.000), tarifa 3% do Contrato&quot;,&quot;prices&quot;:[{&quot;interval&quot;:&quot;1_FAIXA&quot;,&quot;value&quot;:&quot;1700.00&quot;,&quot;currency&quot;:&quot;BRL&quot;,&quot;customers&quot;:{&quot;rate&quot;:&quot;0.1500&quot;}},{&quot;interval&quot;:&quot;2_FAIXA&quot;,&quot;value&quot;:&quot;2200.00&quot;,&quot;currency&quot;:&quot;BRL&quot;,&quot;customers&quot;:{&quot;rate&quot;:&quot;0.3500&quot;}},{&quot;interval&quot;:&quot;3_FAIXA&quot;,&quot;value&quot;:&quot;4030.00&quot;,&quot;currency&quot;:&quot;BRL&quot;,&quot;customers&quot;:{&quot;rate&quot;:&quot;0.2000&quot;}},{&quot;interval&quot;:&quot;4_FAIXA&quot;,&quot;value&quot;:&quot;5030.00&quot;,&quot;currency&quot;:&quot;BRL&quot;,&quot;customers&quot;:{&quot;rate&quot;:&quot;0.3000&quot;}}],&quot;minimum&quot;:{&quot;value&quot;:&quot;770.00&quot;,&quot;currency&quot;:&quot;BRL&quot;},&quot;maximum&quot;:{&quot;value&quot;:&quot;5800.00&quot;,&quot;currency&quot;:&quot;BRL&quot;}},{&quot;name&quot;:&quot;Alteração Contratual&quot;,&quot;code&quot;:&quot;NA&quot;,&quot;chargingTriggerInfo&quot;:&quot;(mín. R$ 100,00 máx. R$ 3.000), tarifa 3% do Contrato&quot;,&quot;prices&quot;:[{&quot;interval&quot;:&quot;1_FAIXA&quot;,&quot;value&quot;:&quot;55.40&quot;,&quot;currency&quot;:&quot;BRL&quot;,&quot;customers&quot;:{&quot;rate&quot;:&quot;0.1500&quot;}},{&quot;interval&quot;:&quot;2_FAIXA&quot;,&quot;value&quot;:&quot;62.00&quot;,&quot;currency&quot;:&quot;BRL&quot;,&quot;customers&quot;:{&quot;rate&quot;:&quot;0.3500&quot;}},{&quot;interval&quot;:&quot;3_FAIXA&quot;,&quot;value&quot;:&quot;75.00&quot;,&quot;currency&quot;:&quot;BRL&quot;,&quot;customers&quot;:{&quot;rate&quot;:&quot;0.2000&quot;}},{&quot;interval&quot;:&quot;4_FAIXA&quot;,&quot;value&quot;:&quot;86.00&quot;,&quot;currency&quot;:&quot;BRL&quot;,&quot;customers&quot;:{&quot;rate&quot;:&quot;0.3000&quot;}}],&quot;minimum&quot;:{&quot;value&quot;:&quot;49.00&quot;,&quot;currency&quot;:&quot;BRL&quot;},&quot;maximum&quot;:{&quot;value&quot;:&quot;90.00&quot;,&quot;currency&quot;:&quot;BRL&quot;}}]},&quot;interestRates&quot;:[{&quot;referentialRateIndexer&quot;:&quot;OUTRAS_TAXAS_POS_FIXADAS&quot;,&quot;rate&quot;:&quot;0.15&quot;,&quot;applications&quot;:[{&quot;interval&quot;:&quot;1_FAIXA&quot;,&quot;indexer&quot;:{&quot;rate&quot;:&quot;0.0150&quot;},&quot;customers&quot;:{&quot;rate&quot;:&quot;0.1500&quot;}},{&quot;interval&quot;:&quot;2_FAIXA&quot;,&quot;indexer&quot;:{&quot;rate&quot;:&quot;0.2240&quot;},&quot;customers&quot;:{&quot;rate&quot;:&quot;0.3500&quot;}},{&quot;interval&quot;:&quot;3_FAIXA&quot;,&quot;indexer&quot;:{&quot;rate&quot;:&quot;0.3090&quot;},&quot;customers&quot;:{&quot;rate&quot;:&quot;0.2000&quot;}},{&quot;interval&quot;:&quot;4_FAIXA&quot;,&quot;indexer&quot;:{&quot;rate&quot;:&quot;0.6223&quot;},&quot;customers&quot;:{&quot;rate&quot;:&quot;0.3000&quot;}}],&quot;minimumRate&quot;:&quot;0.0100&quot;,&quot;maximumRate&quot;:&quot;0.7100&quot;}],&quot;requiredWarranties&quot;:[&quot;NAO_APLICAVEL&quot;],&quot;termsConditions&quot;:&quot;https://empresaa1.com/personal_loans&quot;},{&quot;type&quot;:&quot;EMPRESTIMO_CAPITAL_GIRO_PRAZO_VENCIMENTO_SUPERIOR_365_DIAS&quot;,&quot;fees&quot;:{&quot;services&quot;:null},&quot;interestRates&quot;:[{&quot;referentialRateIndexer&quot;:&quot;OUTRAS_TAXAS_POS_FIXADAS&quot;,&quot;rate&quot;:&quot;0.09&quot;,&quot;applications&quot;:[{&quot;interval&quot;:&quot;1_FAIXA&quot;,&quot;indexer&quot;:{&quot;rate&quot;:&quot;0.0987&quot;},&quot;customers&quot;:{&quot;rate&quot;:&quot;0.1500&quot;}},{&quot;interval&quot;:&quot;2_FAIXA&quot;,&quot;indexer&quot;:{&quot;rate&quot;:&quot;0.1600&quot;},&quot;customers&quot;:{&quot;rate&quot;:&quot;0.3500&quot;}},{&quot;interval&quot;:&quot;3_FAIXA&quot;,&quot;indexer&quot;:{&quot;rate&quot;:&quot;0.3600&quot;},&quot;customers&quot;:{&quot;rate&quot;:&quot;0.2000&quot;}},{&quot;interval&quot;:&quot;4_FAIXA&quot;,&quot;indexer&quot;:{&quot;rate&quot;:&quot;0.5890&quot;},&quot;customers&quot;:{&quot;rate&quot;:&quot;0.3000&quot;}}],&quot;minimumRate&quot;:&quot;0.0889&quot;,&quot;maximumRate&quot;:&quot;0.6865&quot;}],&quot;requiredWarranties&quot;:[&quot;NAO_APLICAVEL&quot;],&quot;termsConditions&quot;:&quot;https://empresaa1.com/personal_loans&quot;},{&quot;type&quot;:&quot;EMPRESTIMO_CAPITAL_GIRO_ROTATIVO&quot;,&quot;fees&quot;:{&quot;services&quot;:[{&quot;name&quot;:&quot;Renovação&quot;,&quot;code&quot;:&quot;NA&quot;,&quot;chargingTriggerInfo&quot;:&quot;(mín. R$ 100 máx. R$ 1.100,00), tarifa 3% do Contrato&quot;,&quot;prices&quot;:[{&quot;interval&quot;:&quot;1_FAIXA&quot;,&quot;value&quot;:&quot;1000.00&quot;,&quot;currency&quot;:&quot;BRL&quot;,&quot;customers&quot;:{&quot;rate&quot;:&quot;0.1500&quot;}},{&quot;interval&quot;:&quot;2_FAIXA&quot;,&quot;value&quot;:&quot;3800.00&quot;,&quot;currency&quot;:&quot;BRL&quot;,&quot;customers&quot;:{&quot;rate&quot;:&quot;0.3500&quot;}},{&quot;interval&quot;:&quot;3_FAIXA&quot;,&quot;value&quot;:&quot;5072.00&quot;,&quot;currency&quot;:&quot;BRL&quot;,&quot;customers&quot;:{&quot;rate&quot;:&quot;0.2000&quot;}},{&quot;interval&quot;:&quot;4_FAIXA&quot;,&quot;value&quot;:&quot;7826.00&quot;,&quot;currency&quot;:&quot;BRL&quot;,&quot;customers&quot;:{&quot;rate&quot;:&quot;0.3000&quot;}}],&quot;minimum&quot;:{&quot;value&quot;:&quot;610.00&quot;,&quot;currency&quot;:&quot;BRL&quot;},&quot;maximum&quot;:{&quot;value&quot;:&quot;8580.00&quot;,&quot;currency&quot;:&quot;BRL&quot;}}]},&quot;interestRates&quot;:[{&quot;referentialRateIndexer&quot;:&quot;OUTRAS_TAXAS_POS_FIXADAS&quot;,&quot;rate&quot;:&quot;0.18&quot;,&quot;applications&quot;:[{&quot;interval&quot;:&quot;1_FAIXA&quot;,&quot;indexer&quot;:{&quot;rate&quot;:&quot;0.0987&quot;},&quot;customers&quot;:{&quot;rate&quot;:&quot;0.1500&quot;}},{&quot;interval&quot;:&quot;2_FAIXA&quot;,&quot;indexer&quot;:{&quot;rate&quot;:&quot;0.1600&quot;},&quot;customers&quot;:{&quot;rate&quot;:&quot;0.3500&quot;}},{&quot;interval&quot;:&quot;3_FAIXA&quot;,&quot;indexer&quot;:{&quot;rate&quot;:&quot;0.3600&quot;},&quot;customers&quot;:{&quot;rate&quot;:&quot;0.2000&quot;}},{&quot;interval&quot;:&quot;4_FAIXA&quot;,&quot;indexer&quot;:{&quot;rate&quot;:&quot;0.7680&quot;},&quot;customers&quot;:{&quot;rate&quot;:&quot;0.3000&quot;}}],&quot;minimumRate&quot;:&quot;0.0456&quot;,&quot;maximumRate&quot;:&quot;0.8100&quot;}],&quot;requiredWarranties&quot;:[&quot;NAO_APLICAVEL&quot;],&quot;termsConditions&quot;:&quot;https://empresaa1.com/personal_loans&quot;}]}]},&quot;links&quot;:{&quot;self&quot;:&quot;http://10.120.192.16/open-banking/products-services/v1/business-loans?page=1&amp;page-size=25&quot;,&quot;first&quot;:null,&quot;prev&quot;:null,&quot;next&quot;:null,&quot;last&quot;:null},&quot;meta&quot;:{&quot;totalRecords&quot;:6,&quot;totalPages&quot;:1}}&#10;" type="java.lang.AssertionError"><![CDATA[java.lang.AssertionError: 
1 expectation failed.
Response body doesn't match expectation.
Expected: The content to match the given JSON schema.
error: object has missing required properties (["brand"])
    level: "error"
    schema: {"loadingURI":"#","pointer":"/properties/data"}
    instance: {"pointer":"/data"}
    domain: "validation"
    keyword: "required"
    required: ["brand"]
    missing: ["brand"]

  Actual: {"data":{"name":"REALIZE CFI S.A.","companies":[{"name":"REALIZE CRÉDITO, FINANCIAMENTO E INVESTIMENTO S.A.","cnpjNumber":"27351731","businessLoans":[{"type":"EMPRESTIMO_MICROCREDITO_PRODUTIVO_ORIENTADO","fees":{"services":[{"name":"Taxa de Abertura de Crédito - Microcrédito Produtivo Orientado","code":"NA","chargingTriggerInfo":"3% do valor do contrato","prices":[{"interval":"1_FAIXA","value":"2000.00","currency":"BRL","customers":{"rate":"0.1500"}},{"interval":"2_FAIXA","value":"3200.00","currency":"BRL","customers":{"rate":"0.3500"}},{"interval":"3_FAIXA","value":"5072.00","currency":"BRL","customers":{"rate":"0.2000"}},{"interval":"4_FAIXA","value":"7006.00","currency":"BRL","customers":{"rate":"0.3000"}}],"minimum":{"value":"1350.00","currency":"BRL"},"maximum":{"value":"8800.00","currency":"BRL"}}]},"interestRates":[{"referentialRateIndexer":"POS_FIXADO_TR_TBF","rate":"0.15","applications":[{"interval":"1_FAIXA","indexer":{"rate":"0.0987"},"customers":{"rate":"0.1500"}},{"interval":"2_FAIXA","indexer":{"rate":"0.1600"},"customers":{"rate":"0.3500"}},{"interval":"3_FAIXA","indexer":{"rate":"0.3600"},"customers":{"rate":"0.2000"}},{"interval":"4_FAIXA","indexer":{"rate":"0.5890"},"customers":{"rate":"0.3000"}}],"minimumRate":"0.0889","maximumRate":"0.6865"}],"requiredWarranties":["OUTRAS_GARANTIAS_NAO_FIDEJUSSORIAS"],"termsConditions":"https://empresaa1.com/personal_loans"},{"type":"EMPRESTIMO_CHEQUE_ESPECIAL","fees":{"services":[{"name":"Cheque Especial","code":"NA","chargingTriggerInfo":"0,25% sobre o excente do limite acima de R$500,00","prices":[{"interval":"1_FAIXA","value":"2000.00","currency":"BRL","customers":{"rate":"0.1500"}},{"interval":"2_FAIXA","value":"3200.00","currency":"BRL","customers":{"rate":"0.3500"}},{"interval":"3_FAIXA","value":"5072.00","currency":"BRL","customers":{"rate":"0.2000"}},{"interval":"4_FAIXA","value":"6006.00","currency":"BRL","customers":{"rate":"0.3000"}}],"minimum":{"value":"1300.00","currency":"BRL"},"maximum":{"value":"6800.00","currency":"BRL"}}]},"interestRates":[{"referentialRateIndexer":"POS_FIXADO_TR_TBF","rate":"0.10","applications":[{"interval":"1_FAIXA","indexer":{"rate":"0.0987"},"customers":{"rate":"0.1500"}},{"interval":"2_FAIXA","indexer":{"rate":"0.1600"},"customers":{"rate":"0.3500"}},{"interval":"3_FAIXA","indexer":{"rate":"0.3600"},"customers":{"rate":"0.2000"}},{"interval":"4_FAIXA","indexer":{"rate":"0.7680"},"customers":{"rate":"0.3000"}}],"minimumRate":"0.0889","maximumRate":"0.6865"}],"requiredWarranties":["GARANTIA_FIDEJUSSORIA"],"termsConditions":"https://empresaa1.com/personal_loans"},{"type":"EMPRESTIMO_CONTA_GARANTIDA","fees":{"services":[{"name":"Descoberto em C/C, Conta garantida","code":"NA","chargingTriggerInfo":"Tarifa R$63,00","prices":[{"interval":"1_FAIXA","value":"1500.00","currency":"BRL","customers":{"rate":"0.1500"}},{"interval":"2_FAIXA","value":"3800.00","currency":"BRL","customers":{"rate":"0.3500"}},{"interval":"3_FAIXA","value":"4090.00","currency":"BRL","customers":{"rate":"0.2000"}},{"interval":"4_FAIXA","value":"7786.00","currency":"BRL","customers":{"rate":"0.3000"}}],"minimum":{"value":"830.00","currency":"BRL"},"maximum":{"value":"8800.00","currency":"BRL"}}]},"interestRates":[{"referentialRateIndexer":"POS_FIXADO_TR_TBF","rate":"0.10","applications":[{"interval":"1_FAIXA","indexer":{"rate":"0.0987"},"customers":{"rate":"0.1500"}},{"interval":"2_FAIXA","indexer":{"rate":"0.3600"},"customers":{"rate":"0.3500"}},{"interval":"3_FAIXA","indexer":{"rate":"0.3600"},"customers":{"rate":"0.2000"}},{"interval":"4_FAIXA","indexer":{"rate":"0.7680"},"customers":{"rate":"0.3000"}}],"minimumRate":"0.0889","maximumRate":"0.6865"}],"requiredWarranties":["GARANTIA_FIDEJUSSORIA"],"termsConditions":"https://empresaa1.com/personal_loans"},{"type":"EMPRESTIMO_CAPITAL_GIRO_PRAZO_VENCIMENTO_ATE_365_DIAS","fees":{"services":[{"name":"Contratação","code":"NA","chargingTriggerInfo":"(mín. R$ 100,00 máx. R$ 3.000), tarifa 3% do Contrato","prices":[{"interval":"1_FAIXA","value":"1700.00","currency":"BRL","customers":{"rate":"0.1500"}},{"interval":"2_FAIXA","value":"2200.00","currency":"BRL","customers":{"rate":"0.3500"}},{"interval":"3_FAIXA","value":"4030.00","currency":"BRL","customers":{"rate":"0.2000"}},{"interval":"4_FAIXA","value":"5030.00","currency":"BRL","customers":{"rate":"0.3000"}}],"minimum":{"value":"770.00","currency":"BRL"},"maximum":{"value":"5800.00","currency":"BRL"}},{"name":"Alteração Contratual","code":"NA","chargingTriggerInfo":"(mín. R$ 100,00 máx. R$ 3.000), tarifa 3% do Contrato","prices":[{"interval":"1_FAIXA","value":"55.40","currency":"BRL","customers":{"rate":"0.1500"}},{"interval":"2_FAIXA","value":"62.00","currency":"BRL","customers":{"rate":"0.3500"}},{"interval":"3_FAIXA","value":"75.00","currency":"BRL","customers":{"rate":"0.2000"}},{"interval":"4_FAIXA","value":"86.00","currency":"BRL","customers":{"rate":"0.3000"}}],"minimum":{"value":"49.00","currency":"BRL"},"maximum":{"value":"90.00","currency":"BRL"}}]},"interestRates":[{"referentialRateIndexer":"OUTRAS_TAXAS_POS_FIXADAS","rate":"0.15","applications":[{"interval":"1_FAIXA","indexer":{"rate":"0.0150"},"customers":{"rate":"0.1500"}},{"interval":"2_FAIXA","indexer":{"rate":"0.2240"},"customers":{"rate":"0.3500"}},{"interval":"3_FAIXA","indexer":{"rate":"0.3090"},"customers":{"rate":"0.2000"}},{"interval":"4_FAIXA","indexer":{"rate":"0.6223"},"customers":{"rate":"0.3000"}}],"minimumRate":"0.0100","maximumRate":"0.7100"}],"requiredWarranties":["NAO_APLICAVEL"],"termsConditions":"https://empresaa1.com/personal_loans"},{"type":"EMPRESTIMO_CAPITAL_GIRO_PRAZO_VENCIMENTO_SUPERIOR_365_DIAS","fees":{"services":null},"interestRates":[{"referentialRateIndexer":"OUTRAS_TAXAS_POS_FIXADAS","rate":"0.09","applications":[{"interval":"1_FAIXA","indexer":{"rate":"0.0987"},"customers":{"rate":"0.1500"}},{"interval":"2_FAIXA","indexer":{"rate":"0.1600"},"customers":{"rate":"0.3500"}},{"interval":"3_FAIXA","indexer":{"rate":"0.3600"},"customers":{"rate":"0.2000"}},{"interval":"4_FAIXA","indexer":{"rate":"0.5890"},"customers":{"rate":"0.3000"}}],"minimumRate":"0.0889","maximumRate":"0.6865"}],"requiredWarranties":["NAO_APLICAVEL"],"termsConditions":"https://empresaa1.com/personal_loans"},{"type":"EMPRESTIMO_CAPITAL_GIRO_ROTATIVO","fees":{"services":[{"name":"Renovação","code":"NA","chargingTriggerInfo":"(mín. R$ 100 máx. R$ 1.100,00), tarifa 3% do Contrato","prices":[{"interval":"1_FAIXA","value":"1000.00","currency":"BRL","customers":{"rate":"0.1500"}},{"interval":"2_FAIXA","value":"3800.00","currency":"BRL","customers":{"rate":"0.3500"}},{"interval":"3_FAIXA","value":"5072.00","currency":"BRL","customers":{"rate":"0.2000"}},{"interval":"4_FAIXA","value":"7826.00","currency":"BRL","customers":{"rate":"0.3000"}}],"minimum":{"value":"610.00","currency":"BRL"},"maximum":{"value":"8580.00","currency":"BRL"}}]},"interestRates":[{"referentialRateIndexer":"OUTRAS_TAXAS_POS_FIXADAS","rate":"0.18","applications":[{"interval":"1_FAIXA","indexer":{"rate":"0.0987"},"customers":{"rate":"0.1500"}},{"interval":"2_FAIXA","indexer":{"rate":"0.1600"},"customers":{"rate":"0.3500"}},{"interval":"3_FAIXA","indexer":{"rate":"0.3600"},"customers":{"rate":"0.2000"}},{"interval":"4_FAIXA","indexer":{"rate":"0.7680"},"customers":{"rate":"0.3000"}}],"minimumRate":"0.0456","maximumRate":"0.8100"}],"requiredWarranties":["NAO_APLICAVEL"],"termsConditions":"https://empresaa1.com/personal_loans"}]}]},"links":{"self":"http://10.120.192.16/open-banking/products-services/v1/business-loans?page=1&page-size=25","first":null,"prev":null,"next":null,"last":null},"meta":{"totalRecords":6,"totalPages":1}}

	at br.com.realize.tests.fase01.ProdutosServicos.EmprestimoPessoaJuridica.tests.GetEmprestimoPessoaJuridicaTest.testGarantirEmprestimoPessoaJuridica(GetEmprestimoPessoaJuridicaTest.java:63)
]]></failure>
    <system-out><![CDATA[Request method:	GET
Request URI:	http://10.120.192.16/open-banking/products-services/v1/business-loans?page=1&page-size=25
Proxy:			<none>
Request params:	<none>
Query params:	page=1
				page-size=25
Form params:	<none>
Path params:	<none>
Headers:		Accept=*/*
				Content-Type=application/json; charset=UTF-8
Cookies:		<none>
Multiparts:		<none>
Body:			<none>

HTTP/1.1 200 OK
Date: Sat, 19 Jun 2021 02:39:40 GMT
Content-Type: application/json
Transfer-Encoding: chunked
Connection: keep-alive
Content-Encoding: gzip

{
    "data": {
        "name": "REALIZE CFI S.A.",
        "companies": [
            {
                "name": "REALIZE CRÉDITO, FINANCIAMENTO E INVESTIMENTO S.A.",
                "cnpjNumber": "27351731",
                "businessLoans": [
                    {
                        "type": "EMPRESTIMO_MICROCREDITO_PRODUTIVO_ORIENTADO",
                        "fees": {
                            "services": [
                                {
                                    "name": "Taxa de Abertura de Crédito - Microcrédito Produtivo Orientado",
                                    "code": "NA",
                                    "chargingTriggerInfo": "3% do valor do contrato",
                                    "prices": [
                                        {
                                            "interval": "1_FAIXA",
                                            "value": "2000.00",
                                            "currency": "BRL",
                                            "customers": {
                                                "rate": "0.1500"
                                            }
                                        },
                                        {
                                            "interval": "2_FAIXA",
                                            "value": "3200.00",
                                            "currency": "BRL",
                                            "customers": {
                                                "rate": "0.3500"
                                            }
                                        },
                                        {
                                            "interval": "3_FAIXA",
                                            "value": "5072.00",
                                            "currency": "BRL",
                                            "customers": {
                                                "rate": "0.2000"
                                            }
                                        },
                                        {
                                            "interval": "4_FAIXA",
                                            "value": "7006.00",
                                            "currency": "BRL",
                                            "customers": {
                                                "rate": "0.3000"
                                            }
                                        }
                                    ],
                                    "minimum": {
                                        "value": "1350.00",
                                        "currency": "BRL"
                                    },
                                    "maximum": {
                                        "value": "8800.00",
                                        "currency": "BRL"
                                    }
                                }
                            ]
                        },
                        "interestRates": [
                            {
                                "referentialRateIndexer": "POS_FIXADO_TR_TBF",
                                "rate": "0.15",
                                "applications": [
                                    {
                                        "interval": "1_FAIXA",
                                        "indexer": {
                                            "rate": "0.0987"
                                        },
                                        "customers": {
                                            "rate": "0.1500"
                                        }
                                    },
                                    {
                                        "interval": "2_FAIXA",
                                        "indexer": {
                                            "rate": "0.1600"
                                        },
                                        "customers": {
                                            "rate": "0.3500"
                                        }
                                    },
                                    {
                                        "interval": "3_FAIXA",
                                        "indexer": {
                                            "rate": "0.3600"
                                        },
                                        "customers": {
                                            "rate": "0.2000"
                                        }
                                    },
                                    {
                                        "interval": "4_FAIXA",
                                        "indexer": {
                                            "rate": "0.5890"
                                        },
                                        "customers": {
                                            "rate": "0.3000"
                                        }
                                    }
                                ],
                                "minimumRate": "0.0889",
                                "maximumRate": "0.6865"
                            }
                        ],
                        "requiredWarranties": [
                            "OUTRAS_GARANTIAS_NAO_FIDEJUSSORIAS"
                        ],
                        "termsConditions": "https://empresaa1.com/personal_loans"
                    },
                    {
                        "type": "EMPRESTIMO_CHEQUE_ESPECIAL",
                        "fees": {
                            "services": [
                                {
                                    "name": "Cheque Especial",
                                    "code": "NA",
                                    "chargingTriggerInfo": "0,25% sobre o excente do limite acima de R$500,00",
                                    "prices": [
                                        {
                                            "interval": "1_FAIXA",
                                            "value": "2000.00",
                                            "currency": "BRL",
                                            "customers": {
                                                "rate": "0.1500"
                                            }
                                        },
                                        {
                                            "interval": "2_FAIXA",
                                            "value": "3200.00",
                                            "currency": "BRL",
                                            "customers": {
                                                "rate": "0.3500"
                                            }
                                        },
                                        {
                                            "interval": "3_FAIXA",
                                            "value": "5072.00",
                                            "currency": "BRL",
                                            "customers": {
                                                "rate": "0.2000"
                                            }
                                        },
                                        {
                                            "interval": "4_FAIXA",
                                            "value": "6006.00",
                                            "currency": "BRL",
                                            "customers": {
                                                "rate": "0.3000"
                                            }
                                        }
                                    ],
                                    "minimum": {
                                        "value": "1300.00",
                                        "currency": "BRL"
                                    },
                                    "maximum": {
                                        "value": "6800.00",
                                        "currency": "BRL"
                                    }
                                }
                            ]
                        },
                        "interestRates": [
                            {
                                "referentialRateIndexer": "POS_FIXADO_TR_TBF",
                                "rate": "0.10",
                                "applications": [
                                    {
                                        "interval": "1_FAIXA",
                                        "indexer": {
                                            "rate": "0.0987"
                                        },
                                        "customers": {
                                            "rate": "0.1500"
                                        }
                                    },
                                    {
                                        "interval": "2_FAIXA",
                                        "indexer": {
                                            "rate": "0.1600"
                                        },
                                        "customers": {
                                            "rate": "0.3500"
                                        }
                                    },
                                    {
                                        "interval": "3_FAIXA",
                                        "indexer": {
                                            "rate": "0.3600"
                                        },
                                        "customers": {
                                            "rate": "0.2000"
                                        }
                                    },
                                    {
                                        "interval": "4_FAIXA",
                                        "indexer": {
                                            "rate": "0.7680"
                                        },
                                        "customers": {
                                            "rate": "0.3000"
                                        }
                                    }
                                ],
                                "minimumRate": "0.0889",
                                "maximumRate": "0.6865"
                            }
                        ],
                        "requiredWarranties": [
                            "GARANTIA_FIDEJUSSORIA"
                        ],
                        "termsConditions": "https://empresaa1.com/personal_loans"
                    },
                    {
                        "type": "EMPRESTIMO_CONTA_GARANTIDA",
                        "fees": {
                            "services": [
                                {
                                    "name": "Descoberto em C/C, Conta garantida",
                                    "code": "NA",
                                    "chargingTriggerInfo": "Tarifa R$63,00",
                                    "prices": [
                                        {
                                            "interval": "1_FAIXA",
                                            "value": "1500.00",
                                            "currency": "BRL",
                                            "customers": {
                                                "rate": "0.1500"
                                            }
                                        },
                                        {
                                            "interval": "2_FAIXA",
                                            "value": "3800.00",
                                            "currency": "BRL",
                                            "customers": {
                                                "rate": "0.3500"
                                            }
                                        },
                                        {
                                            "interval": "3_FAIXA",
                                            "value": "4090.00",
                                            "currency": "BRL",
                                            "customers": {
                                                "rate": "0.2000"
                                            }
                                        },
                                        {
                                            "interval": "4_FAIXA",
                                            "value": "7786.00",
                                            "currency": "BRL",
                                            "customers": {
                                                "rate": "0.3000"
                                            }
                                        }
                                    ],
                                    "minimum": {
                                        "value": "830.00",
                                        "currency": "BRL"
                                    },
                                    "maximum": {
                                        "value": "8800.00",
                                        "currency": "BRL"
                                    }
                                }
                            ]
                        },
                        "interestRates": [
                            {
                                "referentialRateIndexer": "POS_FIXADO_TR_TBF",
                                "rate": "0.10",
                                "applications": [
                                    {
                                        "interval": "1_FAIXA",
                                        "indexer": {
                                            "rate": "0.0987"
                                        },
                                        "customers": {
                                            "rate": "0.1500"
                                        }
                                    },
                                    {
                                        "interval": "2_FAIXA",
                                        "indexer": {
                                            "rate": "0.3600"
                                        },
                                        "customers": {
                                            "rate": "0.3500"
                                        }
                                    },
                                    {
                                        "interval": "3_FAIXA",
                                        "indexer": {
                                            "rate": "0.3600"
                                        },
                                        "customers": {
                                            "rate": "0.2000"
                                        }
                                    },
                                    {
                                        "interval": "4_FAIXA",
                                        "indexer": {
                                            "rate": "0.7680"
                                        },
                                        "customers": {
                                            "rate": "0.3000"
                                        }
                                    }
                                ],
                                "minimumRate": "0.0889",
                                "maximumRate": "0.6865"
                            }
                        ],
                        "requiredWarranties": [
                            "GARANTIA_FIDEJUSSORIA"
                        ],
                        "termsConditions": "https://empresaa1.com/personal_loans"
                    },
                    {
                        "type": "EMPRESTIMO_CAPITAL_GIRO_PRAZO_VENCIMENTO_ATE_365_DIAS",
                        "fees": {
                            "services": [
                                {
                                    "name": "Contratação",
                                    "code": "NA",
                                    "chargingTriggerInfo": "(mín. R$ 100,00 máx. R$ 3.000), tarifa 3% do Contrato",
                                    "prices": [
                                        {
                                            "interval": "1_FAIXA",
                                            "value": "1700.00",
                                            "currency": "BRL",
                                            "customers": {
                                                "rate": "0.1500"
                                            }
                                        },
                                        {
                                            "interval": "2_FAIXA",
                                            "value": "2200.00",
                                            "currency": "BRL",
                                            "customers": {
                                                "rate": "0.3500"
                                            }
                                        },
                                        {
                                            "interval": "3_FAIXA",
                                            "value": "4030.00",
                                            "currency": "BRL",
                                            "customers": {
                                                "rate": "0.2000"
                                            }
                                        },
                                        {
                                            "interval": "4_FAIXA",
                                            "value": "5030.00",
                                            "currency": "BRL",
                                            "customers": {
                                                "rate": "0.3000"
                                            }
                                        }
                                    ],
                                    "minimum": {
                                        "value": "770.00",
                                        "currency": "BRL"
                                    },
                                    "maximum": {
                                        "value": "5800.00",
                                        "currency": "BRL"
                                    }
                                },
                                {
                                    "name": "Alteração Contratual",
                                    "code": "NA",
                                    "chargingTriggerInfo": "(mín. R$ 100,00 máx. R$ 3.000), tarifa 3% do Contrato",
                                    "prices": [
                                        {
                                            "interval": "1_FAIXA",
                                            "value": "55.40",
                                            "currency": "BRL",
                                            "customers": {
                                                "rate": "0.1500"
                                            }
                                        },
                                        {
                                            "interval": "2_FAIXA",
                                            "value": "62.00",
                                            "currency": "BRL",
                                            "customers": {
                                                "rate": "0.3500"
                                            }
                                        },
                                        {
                                            "interval": "3_FAIXA",
                                            "value": "75.00",
                                            "currency": "BRL",
                                            "customers": {
                                                "rate": "0.2000"
                                            }
                                        },
                                        {
                                            "interval": "4_FAIXA",
                                            "value": "86.00",
                                            "currency": "BRL",
                                            "customers": {
                                                "rate": "0.3000"
                                            }
                                        }
                                    ],
                                    "minimum": {
                                        "value": "49.00",
                                        "currency": "BRL"
                                    },
                                    "maximum": {
                                        "value": "90.00",
                                        "currency": "BRL"
                                    }
                                }
                            ]
                        },
                        "interestRates": [
                            {
                                "referentialRateIndexer": "OUTRAS_TAXAS_POS_FIXADAS",
                                "rate": "0.15",
                                "applications": [
                                    {
                                        "interval": "1_FAIXA",
                                        "indexer": {
                                            "rate": "0.0150"
                                        },
                                        "customers": {
                                            "rate": "0.1500"
                                        }
                                    },
                                    {
                                        "interval": "2_FAIXA",
                                        "indexer": {
                                            "rate": "0.2240"
                                        },
                                        "customers": {
                                            "rate": "0.3500"
                                        }
                                    },
                                    {
                                        "interval": "3_FAIXA",
                                        "indexer": {
                                            "rate": "0.3090"
                                        },
                                        "customers": {
                                            "rate": "0.2000"
                                        }
                                    },
                                    {
                                        "interval": "4_FAIXA",
                                        "indexer": {
                                            "rate": "0.6223"
                                        },
                                        "customers": {
                                            "rate": "0.3000"
                                        }
                                    }
                                ],
                                "minimumRate": "0.0100",
                                "maximumRate": "0.7100"
                            }
                        ],
                        "requiredWarranties": [
                            "NAO_APLICAVEL"
                        ],
                        "termsConditions": "https://empresaa1.com/personal_loans"
                    },
                    {
                        "type": "EMPRESTIMO_CAPITAL_GIRO_PRAZO_VENCIMENTO_SUPERIOR_365_DIAS",
                        "fees": {
                            "services": null
                        },
                        "interestRates": [
                            {
                                "referentialRateIndexer": "OUTRAS_TAXAS_POS_FIXADAS",
                                "rate": "0.09",
                                "applications": [
                                    {
                                        "interval": "1_FAIXA",
                                        "indexer": {
                                            "rate": "0.0987"
                                        },
                                        "customers": {
                                            "rate": "0.1500"
                                        }
                                    },
                                    {
                                        "interval": "2_FAIXA",
                                        "indexer": {
                                            "rate": "0.1600"
                                        },
                                        "customers": {
                                            "rate": "0.3500"
                                        }
                                    },
                                    {
                                        "interval": "3_FAIXA",
                                        "indexer": {
                                            "rate": "0.3600"
                                        },
                                        "customers": {
                                            "rate": "0.2000"
                                        }
                                    },
                                    {
                                        "interval": "4_FAIXA",
                                        "indexer": {
                                            "rate": "0.5890"
                                        },
                                        "customers": {
                                            "rate": "0.3000"
                                        }
                                    }
                                ],
                                "minimumRate": "0.0889",
                                "maximumRate": "0.6865"
                            }
                        ],
                        "requiredWarranties": [
                            "NAO_APLICAVEL"
                        ],
                        "termsConditions": "https://empresaa1.com/personal_loans"
                    },
                    {
                        "type": "EMPRESTIMO_CAPITAL_GIRO_ROTATIVO",
                        "fees": {
                            "services": [
                                {
                                    "name": "Renovação",
                                    "code": "NA",
                                    "chargingTriggerInfo": "(mín. R$ 100 máx. R$ 1.100,00), tarifa 3% do Contrato",
                                    "prices": [
                                        {
                                            "interval": "1_FAIXA",
                                            "value": "1000.00",
                                            "currency": "BRL",
                                            "customers": {
                                                "rate": "0.1500"
                                            }
                                        },
                                        {
                                            "interval": "2_FAIXA",
                                            "value": "3800.00",
                                            "currency": "BRL",
                                            "customers": {
                                                "rate": "0.3500"
                                            }
                                        },
                                        {
                                            "interval": "3_FAIXA",
                                            "value": "5072.00",
                                            "currency": "BRL",
                                            "customers": {
                                                "rate": "0.2000"
                                            }
                                        },
                                        {
                                            "interval": "4_FAIXA",
                                            "value": "7826.00",
                                            "currency": "BRL",
                                            "customers": {
                                                "rate": "0.3000"
                                            }
                                        }
                                    ],
                                    "minimum": {
                                        "value": "610.00",
                                        "currency": "BRL"
                                    },
                                    "maximum": {
                                        "value": "8580.00",
                                        "currency": "BRL"
                                    }
                                }
                            ]
                        },
                        "interestRates": [
                            {
                                "referentialRateIndexer": "OUTRAS_TAXAS_POS_FIXADAS",
                                "rate": "0.18",
                                "applications": [
                                    {
                                        "interval": "1_FAIXA",
                                        "indexer": {
                                            "rate": "0.0987"
                                        },
                                        "customers": {
                                            "rate": "0.1500"
                                        }
                                    },
                                    {
                                        "interval": "2_FAIXA",
                                        "indexer": {
                                            "rate": "0.1600"
                                        },
                                        "customers": {
                                            "rate": "0.3500"
                                        }
                                    },
                                    {
                                        "interval": "3_FAIXA",
                                        "indexer": {
                                            "rate": "0.3600"
                                        },
                                        "customers": {
                                            "rate": "0.2000"
                                        }
                                    },
                                    {
                                        "interval": "4_FAIXA",
                                        "indexer": {
                                            "rate": "0.7680"
                                        },
                                        "customers": {
                                            "rate": "0.3000"
                                        }
                                    }
                                ],
                                "minimumRate": "0.0456",
                                "maximumRate": "0.8100"
                            }
                        ],
                        "requiredWarranties": [
                            "NAO_APLICAVEL"
                        ],
                        "termsConditions": "https://empresaa1.com/personal_loans"
                    }
                ]
            }
        ]
    },
    "links": {
        "self": "http://10.120.192.16/open-banking/products-services/v1/business-loans?page=1&page-size=25",
        "first": null,
        "prev": null,
        "next": null,
        "last": null
    },
    "meta": {
        "totalRecords": 6,
        "totalPages": 1
    }
}
]]></system-out>
  </testcase>
</testsuite>